0.04279666683111094
0.16174810180349095
0.534690739310818
0.9999921875763161
0.9914785168397195
0.6827793682838612
0.25990235313355686
0.9885346202525268
0.3305350032809182
0.12042593079728045
0.010480128918567078
0.9885382651932318
0.988544130272011
0.2520920757943529
0.019811604966943272
0.020968159441246442
0.05635829380482004
0.020965767000208767
0.15658582024921655
0.020678035404660126
0.03189368919851198
0.04114077391615036
0.9104283786273648
0.19635587125968895
0.03268183396244242
0.13131558454513265
0.005936806319935238
0.003345858357225303
0.054094215189057625
0.04887418187015946
0.42003652566514993
0.10645305569216945
0.013759574797502635
0.011344411141816715
0.0522937942132382
0.02668889302208089
0.11104001023864263
0.08535163223664173
0.13792959900813365
0.9104661240766457
0.2492726006099114
0.08983062781876784
0.416886483011171
0.5411018722261245
0.9730974874592969
0.9943579891208995
0.011098075059748127
0.09445463575383999
0.9762632468655862
0.02533288652441476
0.8374723402455859
0.016348646159459485
0.11278116175657611
0.11337344109095242
0.06130765787989581
0.09495337867756148
0.0392532248257117
0.2659456507347363
0.030893937881179404
0.052908771331248175
0.04882296693444462
0.056740345485114654
0.30842371843862776
0.14700634529623638
0.09110757817580863
0.024117529899780353
0.06917873900141559
0.045972925280950795
0.004996026940615761
0.025580425697921714
0.037108536722007264
0.022787782658020967
0.10974772661020184
0.07009156049486553
0.06182322672665637
0.0030526452364535643
0.34564948980595367
0.10442490757958507
0.16042529653836343
0.06158492475869089
0.4463210465032308
0.3878753595097959
0.08217834982793895
0.04274638289374033
0.15054843492242953
0.05180764688284912
0.10547838292411853
0.05527238706674422
0.9885686397647694
0.4002136548900845
0.8758334950332021
0.010128179384277914
0.009230532840083093
0.4764275819133183
0.1316377276621978
0.01163262884004771
0.006321120790257654
0.35230621437058146
0.25134267080692346
0.09748628181486885
0.023123915027097774
0.45263081496283253
0.6834481680997965
0.020292659485899443
0.4706524901114349
0.04931408084358171
0.017467722614057563
0.032477826961811555
0.00612978422700734
0.07576306043896312
0.018882513902512048
0.5392231725458393
0.20800566786070285
0.003923452664723974
0.20709535628903464
0.06608429327284272
0.3806781711003093
0.37242594907340515
0.019749406783241
0.01940147607976238
0.040294619506395624
0.9028661785102348
0.2348650475103424
0.060844029240517
0.17795749389405183
0.052023651971458494
0.004849565297584069
0.003985845009166136
0.06865169561221524
0.3927498044071293
0.01396061590988337
0.0631851153504756
0.12699986043567316
0.09971487041278812
0.06033660386387442
0.05073152145729134
0.4824371484454413
0.008675715293560581
0.005060869558387439
0.029931217731315077
0.014486124826067592
0.023190299385260116
0.18058207520100122
0.013168441993378306
0.0636704739957656
0.4862013137267505
0.035084423233656556
0.032960918327627466
0.051685858403219084
0.8187289091982065
0.03628877030148343
0.7690317227434844
0.027206950463912374
0.00772846173394289
0.04814905187675474
0.8722627281194308
0.004954370258512455
0.9446847774120809
0.13937441948618468
0.01708847569777075
0.03564340101854706
0.06932485649938176
0.01093461223542141
0.013467898523134904
0.022389511801889923
0.1794119489520857
0.04464537252527539
0.247798827096746
0.0612830066492306
0.02396929222494071
0.03115494880433668
0.019393822178360096
0.716229560724572
0.10526824377653647
0.01950645418463677
0.07258472643502199
0.05523801709003571
0.8642268668562473
0.004769462893418276
0.1512747561555893
0.004013270772008444
0.035753859347388575
0.988143038711188
0.19298477241389014
0.013552796159782013
0.9885449612967209
0.9841273384017238
0.026418063341504823
0.07849465510508173
0.08579809830172645
0.057242205397658855
0.10505626154643415
0.17768357409406133
0.5147196981062142
0.06092475967192472
0.994471121044093
0.06608134243492196
0.048634783478278376
0.016982367900229566
0.011160393605209639
0.044761556859802994
0.04873367899476744
0.02826553170310161
0.03162526871474874
0.05928089089028694
0.060131857737952016
0.24014301845028366
0.011051357092168921
0.0056951362982236055
0.6677973699393591
0.07569288373339417
0.9885325249996235
0.9885702018194068
0.04682585398530923
0.009362055607872715
0.02900485405771473
0.5834758520020101
0.20604752778479407
0.0023456317261801776
0.004659984364459252
0.030385424986670243
0.015752310964751888
0.1044075553937374
0.2709102006222598
0.0410329060626995
0.08713766404199659
0.43576343883352314
0.024094041058300264
0.9323450178664496
0.010955401181058323
0.04157922265081051
0.04557155927343305
0.06664673307468652
0.04223613803201928
0.271436382092249
0.8536513352533945
0.02406548284526148
0.022116189086784744
0.055557903756758384
0.026689383494275368
0.029776241958956746
0.15187334913587894
0.15127643793141124
0.14412110119378804
0.6162387053996892
0.11051398427428165
0.2541538263459351
0.009870395471350482
0.02147739657883079
0.014916049189292397
0.5146829841388959
0.612879341933755
0.10202363461475294
0.10482168467307862
0.021900567172334413
0.31270613828279187
0.10163076128369572
0.053731672068692546
0.5509657792478914
0.1808040769707454
0.7018808372857082
0.11360394212140014
0.013536166126897262
0.010931630921126853
0.01580589916684816
0.08209368272425997
0.04551199334092909
0.07542799788365488
0.00785382451298048
0.12824414622704997
0.020652998931185794
0.020931309371018107
0.03790525203992625
0.0020927207014521288
0.35009861067271597
0.02090861508621125
0.12909610111912448
0.04901762407770856
0.23817555983254154
0.8738668085128776
0.5200898812930156
0.7099814907290668
0.06424785624097146
0.6382446020240096
0.0027346188132376112
0.10146418190012231
0.6970976208969485
0.8969413769423112
0.20190717037118702
0.10536354589019446
0.6390938740979772
0.1317278854886712
0.0997950720475677
0.005225992332107896
0.17397416370008997
0.031227260456999667
0.10267287147690987
0.27962992531872627
0.8356781107267062
0.9826750467980099
0.9507170105918494
0.022211711570335427
0.30034438388506507
0.3760856074631336
0.02882513857385182
0.3422319803987801
0.025967144239656858
0.048518783671443536
0.11790326400142608
0.35144105273913306
0.4603508927431465
0.67292332857204
0.023869982538687707
0.8255764359592942
0.08491037968011854
0.1965673058329553
0.9560757580024243
0.06998302446090136
0.003974451100109486
0.09847590759587235
0.0463535596349488
0.465992848508472
0.10081522000521773
0.11114223606821555
0.6981258621122157
0.2898364717956179
0.27096239275675515
0.15657708463243475
0.7995719087271682
0.08853129191363307
0.11263811100955852
0.05458277086442825
0.5438213969091289
0.022922477403011076
0.03654725116998743
0.10041452691868148
0.04311131342789305
0.06343572402167766
0.015575011109410257
0.02978141827134379
0.07405217015303804
0.012423683499131338
0.005050478974907536
0.019155655795943735
0.1201801484192378
0.00623020027483306
0.21926936450048368
0.0778716675644523
0.18325089046778556
0.20821463365372045
0.18563411150960907
0.04062954513378243
0.016287420957447257
0.06445659167800116
0.3026958781513417
0.05395416846381103
0.06684902004165012
0.06823478352030181
0.000703791978573928
0.15236692322845136
0.009286991114611754
0.33378351534175127
0.02410917988379656
0.042580994663585024
0.004007762601622928
0.009882683022179421
0.005251258201772799
0.09675021974349894
0.08995876766965884
0.7344528947650052
0.02558990130725004
0.018185643644906616
0.04353938383679996
0.011523656471425503
0.04507762125499736
0.023370832926981368
0.20171570835891764
0.17872509781808515
0.0748633320259539
0.012967259358391837
0.02478307395082075
0.24919918494569127
0.07570538305165168
0.1486812004054379
0.003920217460779644
0.043564798689745214
0.01544807082156601
0.045700251966736334
0.6095262536267363
0.035315466499108376
0.02373755315978374
0.07570663038527053
0.27355781346233954
0.06673112279655019
0.07884851978354405
0.03883448698948369
0.038529601641075224
0.12441606092701296
0.3524857811482294
0.003944446866060816
