0.06674324786895482
0.20116010235748114
0.24712178883683553
0.9999999999991677
0.9999999999999699
0.5059506237694481
0.09525438443240579
0.251680448528007
0.9833638161386519
0.1585017076438881
0.09666293029644948
0.9999999999530963
0.9999999999609415
0.26874043417981913
0.09487501480397646
0.11064456200285494
0.05368966965783218
0.16383180255796997
0.16828419108855622
0.1210078824725343
0.04375770654599261
0.060215525305515924
0.2654676929542423
0.19250051100663731
0.039212483820060096
0.15125436191740235
0.14664986854330747
0.11792448400555051
0.1376314006583236
0.14266925618023146
0.38701187781108143
0.12979265000987125
0.14180839176360943
0.09286040336282975
0.11768448730981876
0.1455359624827491
0.17495818358190127
0.21849497339954407
0.1055635513399434
0.9999994944993826
0.19106538825158204
0.14983275402601767
0.285587948086091
0.1947186819586891
0.40568592352262206
0.48162013547896354
0.097054230772233
0.22016121757095697
0.9471102243296944
0.11990372905945032
0.33005006924927716
0.12635815953829335
0.09531341858289237
0.14744605116508397
0.15192048791013252
0.19063562143614268
0.14144664464050305
0.21665522583880137
0.1702067244556352
0.1398295033842675
0.19999980691504013
0.0794670105222703
0.34321293340197534
0.1708009891666963
0.21657304818998938
0.12658362384975014
0.18126219475512004
0.15007939119588817
0.14066610133750035
0.09765042707891787
0.10754741312797284
0.1335599101624194
0.24102379486534015
0.09401587781134654
0.1593206537012367
0.13345727432839732
0.2884200277288186
0.19636838364060666
0.1452607299074788
0.18452115091178795
0.32299498534520105
0.09731296602614367
0.20211814227451552
0.15849155600564133
0.20742017237217839
0.19657644672817468
0.18798738475298674
0.10588066203178081
0.304611170772908
0.878137246016659
0.1617271957743534
0.0738485835806563
0.13137054000969223
0.1971909763409643
0.18097973383507826
0.10938395715668806
0.0740104777792178
0.195563780792236
0.1809389207106672
0.2914340866596578
0.12742104661227915
0.3138331170194811
0.43220245108460587
0.1260882898352902
0.1681415115015294
0.1452745080165351
0.12744192358543863
0.03338294293351505
0.10615121265098468
0.19247501603299072
0.12430293782876808
0.09158264797578684
0.22423185838682705
0.11682732925397657
0.14453071534567338
0.15641182089239342
0.2784499722338254
0.2371214285566692
0.14281463037984007
0.1712394405813307
0.09861839868563252
0.45056002339498763
0.2200700093838037
0.12878996267752782
0.10882264074649185
0.13406330608090866
0.12023622614105592
0.12230110623564125
0.09633181970302122
0.8838118956356051
0.11270197838134682
0.18369728967058818
0.17099704298931406
0.11034876397207216
0.14286486646761953
0.14571998701729055
0.2453552048121239
0.10877964899870482
0.12561336978050247
0.23138679093602144
0.13073993414060683
0.14647019433524266
0.1942366134279192
0.11205229239387271
0.2694144337180926
0.1530822087877064
0.15960286453265563
0.13143718442237198
0.1888930377085985
0.32010994879944465
0.13785338775868267
0.466231902839265
0.1308530143379397
0.25602290316537984
0.14745089226112018
0.9588492106314984
0.2714917853056477
0.9688520862132873
0.11302102894767097
0.1364925696766705
0.13854804712959493
0.08654464283718086
0.1245901004061325
0.15533037565702956
0.12310795247870643
0.12442043084224813
0.19379885311287698
0.15141629449047114
0.09390192306757611
0.054209614837352225
0.14137170255867648
0.16257358044117534
0.252897327485556
0.12185600049727323
0.12104171989367798
0.18832452696384733
0.12777564233352087
0.26638488364544116
0.1166707610180393
0.21720058826707056
0.12438757713065235
0.12996935830080725
0.9999999999999699
0.13423902317333217
0.10388500698856044
0.27632649110143964
0.9999999999999699
0.19695414210515383
0.10892160023649078
0.12199462534682289
0.16506590178485916
0.18904015001225788
0.1731716097288626
0.3665455429795156
0.20728950206006505
0.9999999999999699
0.17850260734955964
0.15244758552270124
0.12164135175918292
0.11627303452468087
0.15265561041311754
0.1541795913550188
0.051827668548353904
0.18729033715013563
0.20439412050795847
0.1819890243666864
0.1988797640550785
0.15987195375883514
0.0734119317729543
0.4411275541282167
0.18613527950537245
0.2163926174814421
0.2830465733947979
0.2089254302866922
0.1410192931475752
0.21231630368958887
0.49024518477343193
0.31666873135591067
0.11897717066685158
0.09769416292745249
0.17563562343305059
0.1632239509353052
0.10536164771569126
0.29788075847443213
0.15665721051029008
0.19295389078169073
0.17348615703216688
0.11785881675711432
0.44785830512339575
0.1260381473576326
0.14468499182729075
0.12884168782971137
0.1650881453326787
0.1022882971286312
0.301474761508033
0.26463987947657
0.1371443287824646
0.148121996675322
0.1881899304637917
0.14890993192727098
0.18641118886122324
0.16096230521189858
0.13460939404467595
0.18989755680791806
0.12207951594386184
0.19205134237472385
0.1666504474114593
0.1565386069661415
0.1302645480157899
0.12164459463674776
0.1863955768011697
0.2657207426751255
0.0905304656153701
0.07791247164093017
0.1688157090405214
0.4067700370980315
0.20319577444093728
0.15059381481633008
0.2937003096897098
0.26658963517936424
0.1883001664162379
0.29622766700273007
0.14271395293410122
0.10177281171722204
0.07695300137873427
0.22728211204287638
0.17049113205778127
0.1879790958580291
0.15138142694886628
0.18335231465970145
0.12004441363282624
0.14573155737185645
0.10297372839074509
0.1260358938031383
0.43686546344855104
0.16111683445101202
0.2446865238012721
0.14564297978878413
0.3228472248322954
0.2818971065662113
0.2973525507263134
0.48732797988201493
0.12510635558348887
0.6882390131605446
0.13085538624925527
0.25260478488729493
0.20453595352465903
0.9999999409481376
0.22993775591441176
0.3540252239782598
0.22935116638007969
0.1254600013447955
0.06601983864204376
0.10202958695809972
0.11422175926129295
0.17456573174899825
0.17398708151590397
0.28774990205123835
0.25124713593266834
0.9252696378953934
0.5874009251473211
0.18858225408608353
0.1784710307742685
0.6498819701516004
0.2679348107791574
0.5912174472302532
0.14537005972092243
0.14209120377117715
0.14280446929568144
0.24690317755476243
0.4719138068940027
0.3121120099729663
0.09413111629872406
0.20583007119321647
0.15971242045539896
0.16261971819783858
0.48869894220243704
0.07471000343336638
0.11808692171104455
0.1718501186061732
0.14097125204702565
0.24420638151855475
0.18458915986294916
0.15377235051519508
0.2504040528449764
0.18596118551153193
0.11485041300942515
0.1611657522156799
0.8359681957598372
0.17800271366030093
0.1442782054956964
0.13284446872701575
0.27955321497616137
0.15388877702727957
0.17466710528218948
0.1641134756264183
0.08813369438189997
0.17252966580795454
0.17791957953473855
0.15345527078927657
0.19462494613291276
0.1369130293390837
0.12681577407705272
0.1063467641020335
0.21561442716915505
0.13204790004027042
0.14287725570212803
0.12778099444744143
0.12370418200439944
0.08631928834081018
0.19439253642459361
0.10712371625173113
0.1530437134832509
0.10609896794060643
0.17391278586008244
0.10553693816945174
0.13254787386656414
0.12079381314228653
0.07569691592860017
0.21805823100298757
0.092287982533368
0.18480992669144863
0.15421343673579715
0.14522373530227872
0.13232560555034342
0.13587552172437944
0.11633646521686924
0.18937141376128816
0.0910547193250346
0.2417434770047303
0.161264904315663
0.14155833642842247
0.16480343148919444
0.13267668541637828
0.0953506199251559
0.14181525126005867
0.18537935611825962
0.20034392099509277
0.2646896645303078
0.12862441147151582
0.1381371837615245
0.10658289838052719
0.13549872138612312
0.28821837998104755
0.12712881179761235
0.22300083626376027
0.17946567954627118
0.22156389674020155
0.7593243370032268
0.1139852964185397
0.13919524701103414
0.1966884612678543
0.19139847861349318
0.1913882155491656
0.17589803574772014
0.1568843999358947
0.0608663170735432
0.1861432722639938
0.17722758650147158
0.1270080170772392
