0.17920197396607115
0.2043236767533546
0.20308233660384375
0.9966810468154803
0.9999999999999699
0.30947293825618855
0.20466550516343776
0.32346264701729927
0.5336476400032589
0.21377539010326232
0.19447250865124166
0.9923932856339807
0.9881111328507185
0.20511473735519134
0.20556431675128622
0.21103724909234922
0.20381778636986542
0.2048903990937447
0.20341267049673784
0.20038809862729623
0.18939821157658204
0.17977211151080252
0.3030274083929264
0.20558233940156886
0.2020286602429515
0.20398997260969817
0.19691503554209608
0.2043162898337737
0.2066820555905582
0.20290419237909307
0.20459260495948703
0.20354445148706155
0.20322136846038216
0.20198783939859669
0.2030473034768161
0.20332226017774982
0.20484975852667642
0.20421721881750893
0.20320901791537305
0.8342051782663811
0.20344198252382092
0.20662036659212618
0.20411436578051556
0.20327163566876433
0.2523376095185914
0.25679731705521114
0.2029476828982516
0.2042806136592751
0.21024926267861085
0.2027985033748266
0.2294118915576813
0.2041673265725488
0.20366107400448674
0.20385728108864068
0.20314160958148628
0.20423224956977545
0.20333077056773707
0.20458165335515843
0.19880117072194892
0.19380882962993695
0.2078334586011872
0.18515279989389682
0.2080443625672079
0.20489586039309443
0.2096641716153171
0.18959976448855728
0.20336998761286942
0.20184210165415922
0.20447267373022332
0.19526159546468078
0.20246499157330228
0.19867819197659195
0.21080191693930067
0.20394698700794534
0.2061109578911662
0.20372283447255699
0.20367904898662975
0.20368923109390968
0.20520179110468106
0.2082152910430085
0.22422993821578796
0.2152588963822085
0.2034758063233906
0.20365199935737274
0.20365904781639896
0.2037494136848
0.20416858094706639
0.2018348555751324
0.2650483326816945
0.456047649133565
0.20392586487144593
0.1853571448578831
0.18722553801327077
0.2060115560113264
0.21514560033339375
0.20549854930423908
0.19164500455427827
0.2046835769322514
0.20632336974564708
0.21533136107973938
0.20237836550048038
0.2105418824146255
0.21184812186797983
0.20302361810779984
0.20216029341962408
0.20362475168796956
0.20309873334637354
0.20352125092910914
0.20111792743298834
0.20271080691252832
0.2030658087789801
0.20408774300645766
0.20576142707525452
0.18692212616555912
0.20489932554479834
0.202364937362897
0.25692608154378965
0.20480840222634192
0.20122692591777
0.197839520211822
0.20324041108981336
0.2082923812693268
0.20318490782905482
0.18457409260555174
0.20351617798503085
0.20342596223950865
0.19830128462857732
0.20013870817499246
0.2018585500922324
0.435096696925096
0.2017949559810943
0.20596126644793475
0.2039761598317252
0.20403462916187873
0.2036841025928984
0.20371386012411408
0.20399427443561327
0.20358992172223883
0.202619489500988
0.227166455461557
0.1895332747859187
0.1984319932624716
0.20114000870474052
0.20466853705170848
0.20794245802524744
0.21201355581955816
0.2049465713673791
0.2037757043163353
0.20344662710900657
0.20463561514484108
0.20585031935810374
0.21690427756762892
0.192111774108071
0.21502227118332531
0.20610399737987686
0.5470445456883021
0.20092644791353043
0.5322986023746602
0.19491932551391578
0.2034173231159147
0.19788791025417202
0.19002483162513073
0.20359774454152685
0.20179061219094027
0.18549893531518732
0.20274298921800432
0.2033228412543407
0.20122437741730786
0.19979462195606382
0.20283609238051012
0.20149244967236535
0.2040972653796196
0.20892756344545643
0.2038673908588646
0.20175855588636712
0.20672989881113335
0.15791153848924414
0.2053618311175139
0.2035159646074828
0.21998297677624531
0.20053335972015543
0.20610250442936576
0.9999999999999699
0.20444663284421874
0.20121727176849105
0.23643707929661728
0.9999999999999699
0.21192368734775674
0.20504782897619475
0.20398243685479736
0.20234440339042875
0.20427537784432975
0.20302573274656516
0.21543477058371177
0.22015518721944558
0.9999999929044799
0.20904140966421425
0.20347199482212075
0.20145044203055362
0.19754711337908723
0.20232746679049582
0.20035820590287853
0.18068952938859822
0.20556814920873467
0.2043292069344174
0.20358324684218776
0.20554372470798665
0.20033009870617982
0.21002051417038559
0.2115387233233222
0.20870898437217525
0.20921572192056784
0.22246502844689642
0.20563232275894502
0.20500822481206227
0.20715353387474675
0.2403949797223865
0.20832848061741424
0.18541447879299644
0.1859265155207358
0.20206375474218444
0.20279743489690452
0.20350030247587367
0.20758758560372034
0.20462696595226332
0.20982723178149534
0.20799352354352293
0.20306251699659092
0.20754813887883397
0.20393765726419022
0.20485750644029718
0.20339281326402892
0.20354857365467047
0.203504659928144
0.21588971037628152
0.2038538561570582
0.20341055737947183
0.2047153021720962
0.20378552360442448
0.20396466385753617
0.20421311920567622
0.20690950988761148
0.2039565150342017
0.2043436679119652
0.20670599029478795
0.20382540214718087
0.20486497415707747
0.20264951037763565
0.20390714986318495
0.20487199827332508
0.2017771432435346
0.20432614179074443
0.20363628009662818
0.20368286120884213
0.2028724572287988
0.21223421916841786
0.20374384605268822
0.2038282068825485
0.20905865063734752
0.22019446780679877
0.32844222513660803
0.20345245247729624
0.2031323472300155
0.20493683696229545
0.19493745957405503
0.20378996302289112
0.20348444054376913
0.20101374903095054
0.2073393655975897
0.20042815322297355
0.20395524388611525
0.20328595342273292
0.20399888899629753
0.2006175270017124
0.23651849596070082
0.20394434441740492
0.21263218544091053
0.20482304041286062
0.20368737493047537
0.20843337908700163
0.21152728243645275
0.2066411159020803
0.2034682484010581
0.24600604245772248
0.2028164273104684
0.20504804356473497
0.2043728635249228
0.93226084025008
0.20995978542693872
0.21490374793368305
0.21449545607270876
0.20388669038514057
0.20382550554709694
0.19316363093019748
0.20146254190439966
0.20755295322367698
0.2034544534859585
0.21007051233903615
0.2042385308498259
0.26289317124524436
0.20385290252087748
0.20924995825631393
0.2039765378727072
0.21993370864851802
0.20027675164172928
0.2330801086251081
0.20601473262535544
0.20149243106229411
0.20519295506619095
0.20371349622608165
0.2731457448300904
0.2123069339389572
0.16870559087034365
0.20508819177044638
0.20426313794769765
0.20304873633879256
0.21096956635310668
0.2035511865729978
0.20370977283068015
0.20279064413220424
0.20093421944943501
0.20439702246385041
0.20382493313815844
0.2029125304065379
0.21541786480019745
0.20476498325130701
0.20304446499511578
0.2042219333377868
0.20984984871464107
0.2045783317932286
0.20450011807186017
0.2037666145033913
0.21673565265795106
0.2043125189153645
0.2036042725056439
0.20373151320843685
0.2035077907856272
0.20369477831650917
0.2021408413380393
0.20180407940370348
0.20320275394648513
0.2032939328523455
0.20295367237533277
0.20347369181479275
0.20479469070032913
0.20325276588954852
0.19740593376009874
0.20384943893473553
0.2085770508464401
0.20975995809916248
0.20296602150274665
0.2035908718075608
0.20415190046146808
0.20297837353643394
0.20385766049171608
0.20226375681748077
0.20273451083846092
0.20333107174053913
0.20275561176822007
0.20811423918821587
0.20286737145006697
0.20354570328687646
0.202421352633404
0.20070466960702613
0.20356082325827762
0.1983972756928652
0.20162540421394784
0.20612863261206815
0.2037878237666082
0.20482173541922338
0.20440283429053033
0.20006425484526727
0.2033201799423743
0.20256535277970603
0.20066229423342877
0.20410702879342987
0.20701410478051763
0.29260281030831153
0.20487824995957507
0.20358527873199786
0.20344475286960148
0.20222814878831008
0.2040172521733389
0.20875707008673755
0.20377890761240836
0.20592954673347882
0.20216196451321544
0.20358282088680532
0.4512411970879712
0.2029429577301234
0.20533729683394467
0.20380715001948557
0.20101910535212214
0.2037972441692425
0.20625517274513133
0.2039914524597225
0.2012593887550077
0.2059711769175476
0.20631534362767062
0.20080437214762695
