0.20466485765385048
0.23009584714628417
0.22987717798095528
0.9341523561811356
0.9999999999754066
0.2824423697357259
0.23040853936657546
0.2490476528641904
0.44359123305659637
0.23270656980587284
0.22328815033522434
0.9020431524716858
0.877659858442738
0.23065719700535095
0.23085280283978785
0.22983239390508578
0.2297459831509639
0.23097430802329244
0.2296574230490805
0.22721297202320606
0.21760628949884506
0.20634059553168785
0.24117153734756136
0.23106382586434923
0.22935480632549693
0.22973828785865488
0.22734953941381705
0.22982270619181863
0.2317823909255291
0.22953974404003896
0.23005465058135205
0.22963408257282866
0.22961275385359806
0.22817272942340844
0.22982062242445297
0.22944875211788784
0.23056830557971222
0.23000738292732548
0.2296757306197586
0.6066053256857226
0.22962581373416105
0.23078829089557865
0.23001244351773026
0.2299983957604104
0.23998538839806108
0.24534753370104423
0.22970171104690115
0.23009188200830596
0.23370326698027913
0.22943680542222183
0.2412083044068768
0.22998509311945578
0.22964287688428925
0.23004998878900082
0.22969018272945554
0.22999463508725662
0.22975109000978755
0.23038594148433414
0.23017886664578904
0.2223430076790108
0.23231570212380936
0.21086188050352278
0.23282528891114593
0.23079422145804526
0.23396064092261534
0.2271852935810057
0.22966025849985752
0.22987203024857406
0.23036471458814378
0.2219514630973655
0.22787659638353294
0.22888032243066908
0.2348232659501656
0.2297136429562398
0.2302298145153768
0.22984451656640567
0.22966313080472028
0.22966830054163806
0.22894186530957794
0.23314909174706733
0.24383024585401714
0.23534030777907053
0.23008123704977856
0.22963884721928068
0.22968001440096913
0.22971313325183737
0.22999805629598294
0.22863505589178862
0.2612671747020849
0.36670005795963806
0.23007185313463704
0.21337279760365507
0.2270261258594111
0.22917631765442212
0.23692096841621466
0.22708867072955535
0.21669260334790838
0.23027358238364473
0.22980073267264955
0.23807695350340957
0.22836674755058362
0.23408249680534626
0.2315349282845267
0.229599900928296
0.22945786880205157
0.22978830285283697
0.22965622728509918
0.22962482412473156
0.22903767511519607
0.2292307158411664
0.22960799099513693
0.23000289159582968
0.23115551415181915
0.2267721101553411
0.2300794473844656
0.22976789814377577
0.2372455335363631
0.23052458606483855
0.22865003955462412
0.2283977792154763
0.2300741464489655
0.2337957271147893
0.22946377654722358
0.2258012232451176
0.22964669332874663
0.22955435780187985
0.22825034210346085
0.2291970382926781
0.22908224085821766
0.3563628884073809
0.22885903995336457
0.22609664620161588
0.22972018260483165
0.23002846209107758
0.2297457952152476
0.22987813783014013
0.23028014404209385
0.2297182847718381
0.22958833464908715
0.24850279182793228
0.22771678272265958
0.22849502282263925
0.22862820757637697
0.23034951505766244
0.2322777521486558
0.23474116292123948
0.23104291589044973
0.22967994512131634
0.22990767945424198
0.23023259536645635
0.2312253551824791
0.23447012388783073
0.22812283885493662
0.2334071032767049
0.23223065458818987
0.4059316903213683
0.22792558466428608
0.40300329408985497
0.22786571140309225
0.22969792875302655
0.2289968025854474
0.22674195931797178
0.2299791792603874
0.2308792610870818
0.22684416180367162
0.22928425627757493
0.23035155256047088
0.2289258429132896
0.22889654438443147
0.22941678870842525
0.22766880663247532
0.23039719614966683
0.2342681999868029
0.22981973407050724
0.2293640789683279
0.23152829142291578
0.22392571643406967
0.2304789462963669
0.22963916852603397
0.2391685179689262
0.22849024926859918
0.2312226011060322
0.9999999999559669
0.2303501848308281
0.22898396066675852
0.2478380371902881
0.9999999986997903
0.23477101724985605
0.230384908143704
0.2300681407637876
0.22940264154352397
0.2300362739665854
0.22998548116659623
0.23674921338476823
0.23961141310814232
0.9930860085422373
0.23130746510152522
0.22917630172699108
0.2290401602155487
0.2281992328944311
0.22930018577395506
0.22808766371557995
0.20828265594139886
0.23079591582982698
0.23018578479925692
0.22975377682401465
0.23072189274845212
0.2296306545513084
0.23313260948430062
0.235101188682801
0.2328485300655724
0.23068813372125305
0.24025249767668982
0.23097862003245223
0.230859688390156
0.23095001572663093
0.249496070587075
0.2328335444665897
0.2255431926449248
0.22615586144327068
0.22919753617728927
0.22968290874798708
0.2294518856694124
0.23185185893828997
0.23035736876441526
0.23332162545655344
0.23215666922663356
0.229867996651378
0.23197255671971126
0.23037635552602517
0.2305541092261228
0.22947710510568758
0.2295783594204239
0.22962633760328632
0.23871379885386523
0.23018086853856093
0.2294419816965943
0.23049917900202985
0.22979366862602135
0.2298971065086665
0.23015592211776625
0.2316449605297992
0.22980906319795738
0.230063042316353
0.2299577516895099
0.22879705619432777
0.2299424374679229
0.2294744059706673
0.2298179253271857
0.23077638600145003
0.22967445974658643
0.2301085997313841
0.22963721827381306
0.229663103289312
0.22946842066786735
0.2357613508553875
0.2296958189165674
0.2297458489729107
0.23295584612297052
0.2398118703571306
0.23047662525768683
0.22956539615167862
0.2277812358177665
0.23056199500569385
0.2225068091940603
0.22973393898072103
0.22982482177235894
0.22766423590402263
0.23125625716465018
0.22774124994700984
0.2298731304410807
0.22947062991103642
0.22987731048189627
0.23028504507925343
0.24903989039808136
0.2298670983604078
0.23516554355013014
0.23048699189490984
0.22996555115107736
0.23269564502456833
0.23439236542675185
0.23158200814186164
0.22965330359522942
0.25594871020983323
0.22954784931779798
0.2306809578655726
0.22962904496136038
0.7244408362684017
0.22963096914241843
0.2362749977440008
0.23129958009356535
0.23002067447008245
0.22977272140974897
0.2276317824913263
0.22924707311505815
0.2320504321084046
0.22951983234475803
0.23233826254812814
0.2302125217651383
0.2641559145683008
0.23005342276972207
0.2328543721882832
0.22997371659524699
0.23938882532642744
0.22811950752983337
0.25267622811009577
0.2314332364272478
0.2284812886557417
0.23053266750743137
0.22968255682544556
0.26924569727374814
0.23510440412586942
0.22259947293657503
0.23117801327621448
0.2285076801019111
0.22927783278573408
0.23418923693657936
0.22974738856409108
0.22997780811689256
0.22962917966139146
0.22979175310688277
0.23017937552405626
0.22987871013768665
0.22933964830243198
0.23520854317005108
0.2302022055131347
0.22975699939375732
0.23017210737319105
0.2342506065961044
0.2299445995706698
0.23021830947466299
0.2299850167060129
0.23801293299656917
0.2299972466563928
0.22963433294466323
0.22970162902829921
0.22952482325286336
0.22969657946312447
0.22951290622870457
0.22902041030452588
0.22948911968063027
0.22958717397184683
0.2292558898931497
0.22960898867477952
0.23047904566574612
0.22954763100207448
0.22590202150565494
0.22979352740430223
0.2330234692910168
0.2328501645012231
0.22980551192025578
0.2295838589240917
0.2300797765287446
0.22936741854332154
0.2297237279182992
0.22896720640176074
0.22941823017502833
0.22946561453140182
0.22951231259159402
0.23300580784429586
0.2295184171983131
0.22985953205309156
0.22922799554091886
0.22679395168106814
0.22968240469286552
0.2280103108307159
0.22952142168493708
0.23123483917154924
0.22970551753316865
0.2304674151364096
0.23091441321870856
0.22921659881148476
0.22935533946681302
0.22989571112228274
0.229116803969997
0.2309383949865772
0.23174059453496187
0.28024177249880333
0.23044760675803938
0.22960429063121932
0.2303529028085932
0.22917572600763528
0.22999969759092168
0.2327605836226614
0.22976078259467284
0.23130543724527203
0.22893496960366252
0.22972035717467137
0.39085417315884335
0.22922957220817486
0.23108817159723324
0.22975083682478714
0.2276627543648265
0.22975892854683935
0.23075761598729388
0.23004331630828836
0.22955665923630417
0.23098745956152167
0.2314902898444062
0.22911420705224805
