0.9413335159657225
0.02130792702434276
0.025196826723597524
0.014125265325792636
0.0200802128797827
0.0833692450221766
0.012255842846553728
0.10938034064668883
0.0649831559529959
0.4576337346751599
0.96597675615411
0.010561445052008928
0.011053827165207001
0.42630344148176214
0.9041135765284689
0.05174661601440315
0.11385061558585335
0.015469348556786618
0.09280019828249456
0.9815382787988249
0.957881394078612
0.9769031351804252
0.007427419734016344
0.6127791693721104
0.519691518742222
0.0533239113127711
0.019754336484730448
0.02864741808587668
0.025664380716898836
0.062009705453166204
0.8877646093961944
0.015452783340953503
0.014454474909561001
0.018625626538273984
0.16015848265526667
0.043588223251765756
0.06709356897620519
0.04287226328177106
0.006942118054773517
0.14067920966656197
0.06705849000239293
0.0737902177823917
0.03544994676717702
0.05398449855312123
0.054656291263520375
0.1849338177364622
0.01166313390990823
0.4852257910949572
0.17700087851662696
0.013866368520441716
0.4934767244965969
0.4595746707324789
0.013204576921991893
0.03027683338185332
0.025649507007622387
0.0704632136817704
0.018288849703921136
0.05629184465313134
0.9628786581100551
0.9999998333189161
0.20291643647312152
0.9900175998408313
0.5812596949004029
0.01889686145584758
0.015808591426168313
0.011526390968994011
0.04960008029950752
0.013979344954992475
0.02229208889391808
0.9679210979411933
0.15596622912502367
0.007434101778066939
0.029488308816737772
0.09571495980209824
0.030309524347865494
0.06108345884928904
0.03418768625035766
0.08859535166520975
0.0044968497060367055
0.41535589511671583
0.5539424456495554
0.8251387953584493
0.009778845229744471
0.04940400974229881
0.08874026462250559
0.056213636188010146
0.08719854303948471
0.010351637622436571
0.02152556581959758
0.023315696277155948
0.03053515278021251
0.9999950202892
0.0046230255673674284
0.9916581061772363
0.47750414209846265
0.9946655400840901
0.9999962376034798
0.05930057911774576
0.11794436405088189
0.3846350107438022
0.2995747218716
0.20312870297841862
0.24150422667506985
0.006698036091150249
0.007502648723582075
0.016207426546050684
0.02758040174786176
0.033541157087348034
0.01143744003476933
0.015783764050854104
0.005324430924541752
0.00628817303935984
0.06108080910125763
0.02074625244278604
0.056733271891115176
0.21961604787391772
0.03761699218544139
0.05577650391592382
0.00834988099508773
0.015668930245823224
0.015067250410765941
0.40384569893961764
0.07765869606159721
0.013295640411065289
0.016339537690458816
0.03729700033120833
0.008274323711326512
0.061679777136669243
0.01151670065601894
0.08374708449783197
0.00654355686254452
0.03801559178820121
0.008186479764211744
0.011856835781592629
0.06591120908118198
0.011428775316977637
0.01582456231281636
0.04618414558650466
0.043068267722866475
0.8562814996675507
0.019583091546643148
0.020314225944448386
0.9909253338445132
0.6218336293252144
0.06193769965612935
0.024725799358514378
0.027570317343464455
0.03397637318665228
0.04219377056677716
0.08674666290275351
0.09397458729203433
0.27289630957466093
0.04071716528775709
0.16189171182978992
0.005299360336430585
0.03982032737329375
0.14589522229061277
0.06700776110764912
0.0376280666679752
0.5
0.006496957424435332
0.05926126113488976
0.020124518630561774
0.07773904062925906
0.013183840473353131
0.00826513930317782
0.017977855348080347
0.006975851884396782
0.10592962250304873
0.014880770657203467
0.00871028491999545
0.9326133320581752
0.0273199750572401
0.06013785807856717
0.011623706620105574
0.02071934069578281
0.06050934197136617
0.06810337274762912
0.03385279030029227
0.5488424238387138
0.015299307156209278
0.01438565519413459
0.023393817349269593
0.006556775667175277
0.0053680872550931884
0.009447298621777634
0.02135224148460409
0.13119709026267024
0.12907602939611085
0.024835516457223976
0.057615807300631094
0.054957146734838175
0.022632723797177432
0.02179070843760157
0.04474209497220511
0.008047018775392883
0.9251617862704457
0.5456242379920642
0.007506177547977264
0.004496387106684657
0.020895278626016426
0.019404011716201423
0.8284875051707349
0.7581421672835519
0.20032112423497672
0.03254868313542466
0.06849121321904374
0.017927055513278885
0.8284664285827598
0.428512515716015
0.05568417450677038
0.31518895676323383
0.338136681851344
0.08839261203807543
0.9163220703290025
0.3632157821120027
0.9236825977374022
0.579204947191339
0.01136087057040451
0.03214875122514021
0.015519324682487156
0.02122557618488379
0.08889657917591601
0.05383834695252842
0.034984996255355075
0.04558161035924334
0.020101653859589046
0.016915305138101973
0.10243666905996765
0.056321600541596316
0.1175492981689516
0.061510422875377536
0.04200227461286047
0.16013344621037498
0.07016045862479006
0.05818819823660637
0.06308987778192836
0.048106224358525934
0.09980204990074124
0.09933014061393004
0.3143460301436317
0.07401157207540039
0.010398458167722124
0.062176824439083
0.39661468554276036
0.08302449423564225
0.046757604900909015
0.024914051383775646
0.026569491561732043
0.06261307732675539
0.05313753673120928
0.11365965911520738
0.08855991669917188
0.08935049817847486
0.1069096357629175
0.23535086246769862
0.08374644423933432
0.056965112795619735
0.18504625787221807
0.597580001803934
0.020350701737913725
0.01905355838083122
0.03518250083218831
0.2018101562287227
0.5580108114836283
0.06449454177410564
0.03706929306397047
0.42002880993379244
0.10418853760114208
0.2513630866086232
0.09897733183156081
0.11505726849828486
0.20602843626994213
0.009675068858706712
0.061530709414436294
0.8899747476255135
0.29735913756546956
0.015080250167216964
0.05342558045491124
0.8487604954134021
0.15411291468509028
0.04790855789391552
0.04634922077803295
0.047224739488910934
0.1349261565262336
0.10767057092875867
0.4646169093007618
0.02116037566682716
0.2388973165768252
0.08923168525966992
0.07265680268968935
0.46219030939580935
0.0878850458091594
0.008665419412677063
0.013056937541848392
0.022711086889471942
0.08895318566340121
0.06620179097532589
0.03424164127413767
0.061140079660501154
0.02778325550543313
0.01553981527342612
0.12656637626682057
0.2774340017471172
0.24440321899221085
0.7158196650924349
0.03589355383242237
0.03130042354280604
0.05981778100480879
0.10146006384985777
0.06823806320543926
0.02505010594156836
0.03841219163321342
0.040331036138199314
0.06990275286191672
0.04291028395517896
0.38135695879409753
0.0037298561462296423
0.09149753900421963
0.12940162863688423
0.08271944485724915
0.06135287810227974
0.10197527480286912
0.04263815107296766
0.43969034046812877
0.4287353448801004
0.004259349484724847
0.025275672364082007
0.0970067231390613
0.04592071671072852
0.06771904856311291
0.25522979428306236
0.12900952505873944
0.007059941464984945
0.23686838120516487
0.08805000693898662
0.14749377579616235
0.052422520013157205
0.018134862000488552
0.04343359808847557
0.044805145436703775
0.028883911968820314
0.05189475976883263
0.038991060078385736
0.03114853689733448
0.040915612852246444
0.9329888148104023
0.2605277591935991
0.012020802107970322
0.11854681521399425
0.05661261148469656
0.12318895120170485
0.0811703997908761
0.07984202816226013
0.011628855801804373
0.026524074141723992
0.035083919742520724
0.06640157655820325
0.02060038850901532
0.2090919101154732
0.1022729163053185
0.01816682279520706
0.006634858951836901
0.027384200952228762
0.29441951087183266
0.08039616783299473
0.009332322661409492
0.2411707074177695
0.08093522520574026
0.00851629120750696
0.047952070995881176
0.03464361057876526
0.06118835979273223
0.014179283191425794
0.00748491905585471
0.018293302169202223
0.012142352641517471
0.6484615331521846
0.11441517096606452
0.026951556168622968
0.8967792992020343
0.005236032466126169
0.1811826296230857
0.1530208281997098
0.0803258468150237
0.05591954385616159
0.07410022858651502
0.0242795948786314
0.34239129712934613
0.6665119535268733
0.2704762606711067
0.5831677754291026
0.21036314498051642
0.11786784429851055
0.018598530499099496
0.01921611293963544
0.033103120485733536
0.06680786297565175
0.010597642862863552
0.051292683909668804
