0.9999999999999699
0.12470129861571239
0.12305855803230586
0.10856859240795409
0.07637863314698293
0.14982039996658486
0.1284560597141257
0.09925842537062185
0.12633325824974267
0.15269458973727612
0.976132957001786
0.11123505704733722
0.10998270159011407
0.14726006878119893
0.13319089392862027
0.1874366933710447
0.12477179392128065
0.12545509792938817
0.1251236808934056
0.7035210724817825
0.9999989946209443
0.9999999999999699
0.11330891823761073
0.17859729510761152
0.12254360048932378
0.12487929282150416
0.11230303720164538
0.13002858148045107
0.13531238128103168
0.13475634258259744
0.2784380373431656
0.1308435904122216
0.12547252452593508
0.127043657879852
0.26172356444824973
0.12493949712653714
0.12581952585352657
0.13058907040781653
0.12507611401314636
0.321683826308009
0.12672237993327642
0.1356651362922377
0.1277502811863958
0.12490955655242066
0.1348598043714004
0.13645913074382315
0.14231900957868723
0.12506159003708053
0.12421333665624806
0.12841549465120933
0.4241073098869378
0.1272038200113334
0.12435207934260357
0.1304161949597116
0.12796747840792247
0.12431685340402837
0.1310914260940273
0.12744778627629016
0.7684079023445288
0.9885257326037229
0.1409500646266553
0.9999999999825882
0.1495615045597196
0.15011262400073627
0.15744238226756352
0.11581336872102112
0.13351353982917827
0.13571654486131038
0.134648135916755
0.9967412366050381
0.11867698372037445
0.11765235234542215
0.1260619657787393
0.12716514099545742
0.13491356586882772
0.12452971975900014
0.12430566573640536
0.12430807239460974
0.12008757528693376
0.13268791237449262
0.13668653793946178
0.7104856510011069
0.12342457385441231
0.12438211328218439
0.1271114183944912
0.12436928787661124
0.1243382416573364
0.11593275665275028
0.13429890870402272
0.2087421474141588
0.1262565062532437
0.9999999992741712
0.10993182064838629
0.9306219429582445
0.144095461062057
0.6047587397737225
0.9999999258213121
0.12471149299871638
0.18728632554552058
0.25984720054175614
0.5373335208218565
0.19178696388008584
0.1413907882526675
0.12702811570686204
0.12423130633146647
0.1293082201442257
0.1406989281552837
0.12553135916672853
0.1213378797746617
0.12710127455521902
0.1291560696915777
0.12450003615252586
0.12630491643198372
0.11503743082666784
0.13443415190345495
0.21769746092575076
0.11766111965811282
0.1288610895961558
0.11116884775583798
0.11718264017077297
0.13802297451928772
0.15365215523932038
0.12290028315993001
0.10981220588586132
0.12772550065947263
0.12828939027220446
0.12128021499028882
0.21406783647336755
0.12311148291558242
0.1356857867776471
0.12298736223135029
0.11037888307598952
0.12278452275213744
0.1369890170806762
0.13910473714342314
0.12629760485062205
0.12403702081266757
0.13197623053623297
0.12662628592676967
0.11971805794430376
0.1139578365363859
0.11718799409656881
0.29145600687878076
0.13206260129295502
0.12549704854283106
0.13123705999868213
0.130182359633792
0.12430438705895382
0.12846574185260537
0.1278955996350988
0.12735412942903607
0.1310918131747116
0.11509202016678484
0.21497376078397173
0.11992927378683822
0.1778638420415351
0.38033630703605353
0.17654640400510724
0.11775641167140964
0.13948328482521552
0.11830791212301435
0.10924274049810521
0.13433793006864153
0.12194452006009138
0.11145129416663814
0.12315459006282861
0.1468862190843798
0.12100687329548121
0.12333688426049808
0.12359466842594911
0.11165370914238786
0.1500969982750889
0.1300599339953413
0.12774911435628547
0.13534302419164948
0.12470212712744243
0.08982231176114924
0.12631466130061997
0.12598306681715915
0.13355411519401011
0.11614886505502665
0.12446922135399097
0.08167513061878764
0.1308427988477695
0.11986587112511579
0.13912571256560516
0.08380765090084746
0.12801017908394718
0.1259859501859661
0.1285158517930863
0.1224694602797847
0.12471015646017276
0.1509698789155669
0.12565697761469863
0.13085845097515267
0.10005634743188234
0.22120363881168217
0.2620300111588653
0.12420883390414902
0.12006431428642278
0.13986693164407582
0.1202077755596893
0.9999999999996075
0.13505183847098806
0.20760277403333335
0.12596592676203008
0.13539076486252874
0.12188820962565682
0.2099465304910807
0.12439106283426199
0.12471752145096118
0.1793924524866271
0.13717998187802882
0.12925897585367052
0.14199633529264957
0.1616969550905575
0.16186274241879645
0.1324021427385964
0.1021330482145386
0.10687649335343846
0.11773857425271489
0.1277433581700772
0.12383252224765814
0.13394071685201522
0.13048546836046632
0.1323694142122187
0.12692758685874092
0.16876543098415592
0.12621677291384717
0.14090558069087175
0.1284132717452222
0.12382407756650107
0.13102305216416069
0.12294648208706767
0.13839572166705727
0.12295064947583902
0.16273805691901636
0.130150867834728
0.1251465309708349
0.12418981787296246
0.12895311302436074
0.1273578629403903
0.12437983905009088
0.12582050737727346
0.2081237452953321
0.12179661533124105
0.12532708738948314
0.12524194111344789
0.13573888678942211
0.12710826812072276
0.12208319221686732
0.12491563844869616
0.12528139273712482
0.12434908732976892
0.12586963295697007
0.13843255982663927
0.12432936941225368
0.12572659739498943
0.15617712805478884
0.20392461442520096
0.12224237866688513
0.12663238313139935
0.11575489164046707
0.13083437173402207
0.9790712855314211
0.12424511095702291
0.12622535844370059
0.46155074924160827
0.15155177902785866
0.45327410688257663
0.12543103375125517
0.1747660896109886
0.12483542466580971
0.12006650772124917
0.1297815946277647
0.12666415091251784
0.1430570012606997
0.12425880154525207
0.1275360175732474
0.16517849434588505
0.13892684985517034
0.127252943701557
0.1263044452168623
0.1256306137745034
0.13470161813151726
0.12395986775954322
0.1768078462192031
0.11876231998585042
0.13471549436928706
0.1246973501966265
0.17458007319605948
0.20687285924978288
0.12496417900142447
0.10721398724771286
0.13958699285537432
0.12749408443637403
0.1367972931519564
0.12955245547085842
0.1250545442219584
0.12636507170149835
0.12457154136025968
0.12522467854737424
0.1258585987549904
0.12375754010306027
0.31032927166056035
0.11113262547312316
0.14718618810231998
0.14689872779580374
0.12774532293701857
0.12432201157546945
0.12497708509606965
0.124202189336328
0.0884714619601911
0.15021999998868382
0.1096088097142492
0.16232669358098825
0.16973087883814134
0.12502913140376415
0.1417477959620515
0.25359218774869413
0.2500329105353637
0.12668144873525308
0.13414884177538938
0.1365735971260794
0.1260071752292649
0.12512341567443677
0.1358206535518381
0.12517730264420243
0.12811058559427807
0.12679595787926315
0.12493613728784031
0.15761541221816477
0.1372304268093312
0.12332029067102594
0.12513722992704024
0.12440169476867546
0.12280342095726085
0.12470470753072206
0.12230862205399193
0.12066989794025085
0.12357611033087726
0.12433781453844372
0.14624816926975526
0.12707183134809874
0.1304319376068187
0.1241318712073837
0.5510272128886375
0.12676661990254454
0.12761610244133728
0.13016981574293582
0.1360669451440127
0.12319013408385587
0.13627697297500851
0.12256277357342672
0.125378774001555
0.22083091692864146
0.15712119352615142
0.12358867302568156
0.12410861512148179
0.12378587788677563
0.12408105657270274
0.12659137059146397
0.12322902395492044
0.1177613907484473
0.12513852742293277
0.1304487420468934
0.14126293783085822
0.12999174840049377
0.12528035837755805
0.12463700819626072
0.12799678696095845
0.13893525706507337
0.12335571621554395
0.12431469633245218
0.12333436443760509
0.12339902548552069
0.1391218687051804
0.12795344686802682
0.12563053845816846
0.12468668358235732
0.1723943904885548
0.12298540123718367
0.12672050114893552
0.12645544856212695
0.1281588277570415
0.12365065228382584
0.11775786740510436
0.1242862909766373
0.15276372005885017
0.19121111623156797
0.13498568640797481
0.12479364596358031
0.4530588908327632
0.1245495080540123
0.12482909895559025
0.12558589668918066
0.2340982306333236
0.12517900336500043
0.1265764638369012
0.12636555019136375
