0.9999997113546748
0.11991196276728118
0.10619435884616765
0.1023183168607972
0.13968231663848335
0.26808208582189486
0.12984019601769156
0.2440107708272655
0.30975830189687176
0.22299354375958966
0.9999999999189094
0.1070654719744674
0.09584745584693158
0.18313915646570458
0.1411913126992451
0.29446139546217487
0.12029679546445238
0.11615732375166672
0.11978198273906854
0.995875376714789
0.9999999999999699
0.9999999905340613
0.24071979916819888
0.30108124006909803
0.10566899865967351
0.11975597771579276
0.1308364007884938
0.13243296797949042
0.15236195667008048
0.145169601892615
0.6666389039675843
0.1350096180791539
0.12005031585951138
0.2118247474955017
0.6073586925324306
0.11852951036552839
0.12223674394390927
0.131711768138848
0.11839464050780671
0.6409750713683643
0.12360866522770554
0.15493746768998368
0.12910908721050837
0.11550742267306971
0.13245940796011269
0.13876920025162062
0.17282872454389464
0.11976164118148591
0.11811340966950853
0.12524356904141537
0.8984595699999512
0.1276017347805387
0.11933474423665018
0.1352466794975009
0.1251150858714885
0.11898950929280964
0.13527468704854653
0.12393813260105174
0.9658946885855731
0.9999999999713349
0.1692477334443505
0.9999999999960772
0.17967667668809267
0.18790882162004094
0.22312673949843792
0.08776226136967911
0.14549378827924778
0.1387234109098685
0.14406849683005105
0.9999999999998567
0.22995147333946322
0.08185394017078648
0.11366273476006923
0.1258025672893245
0.14039473123825696
0.11776111448322761
0.1194259048764921
0.11944066060172526
0.20404308796363824
0.13975992854101638
0.18774728190555234
0.8065214970712997
0.10686799920846474
0.11699811750209077
0.12936268955300498
0.11922062565461401
0.11838737645250214
0.11040349787430664
0.13355474356919408
0.3476677692525836
0.12211949081547452
0.9999999999999325
0.0921942205979623
0.9999999907401109
0.17939616966246644
0.9887011802762032
0.9999999999999699
0.12031056978787831
0.2922118735104205
0.5783122185195834
0.9714690445657097
0.3669542766997485
0.17126545059393397
0.11986187212052163
0.1119922667977657
0.13039279909739132
0.15975001612853246
0.12169764863699047
0.10128424904941359
0.11949019613539096
0.1280292630274535
0.1186420226546384
0.12390429956325873
0.07907580349580724
0.1428006297769994
0.5209661563775367
0.10725800026077031
0.1299636591586894
0.13713801134680023
0.08704697750432401
0.15602011298879784
0.2333730465600414
0.11384060704573672
0.07900566085037548
0.1258434101207083
0.12808108697319262
0.09816756810346484
0.4635551841319627
0.11287164977229874
0.13481492620494168
0.1049943427336457
0.43674920313971677
0.11375826684149495
0.14766929364922537
0.15934362883691572
0.12140755998583319
0.11495117937737671
0.1388789186091676
0.11913075051211834
0.0947088454779602
0.0778392349551607
0.08560863325974385
0.8439363844085433
0.1369598851857449
0.11978909328980479
0.13564187548020873
0.1301174328793051
0.11928990795269838
0.1262799128006721
0.12864705573658794
0.12355805989202344
0.1442297836783235
0.08148509503580068
0.6000869416050163
0.09420341866967112
0.3466469238875958
0.9091139366066116
0.3598011423076582
0.20593172235252846
0.1627518979437892
0.08330829316331684
0.06094407474890729
0.1414381277861055
0.0961645582577811
0.08114853363756942
0.11161870837383893
0.16756640601120854
0.10211856452387887
0.09952151667291843
0.11425234859113727
0.15906948427365036
0.19463556276538743
0.11364266291561306
0.126618430755607
0.14231356911552284
0.12163038532764502
0.5254588907519303
0.12322038014896017
0.12165683478144151
0.1470484648510175
0.14957718872177805
0.11508565505701805
0.18579541157514093
0.13496089388965912
0.09523809084113874
0.147860996000403
0.124097309704649
0.13002111373943454
0.12372057867102844
0.1264185396389082
0.10931118961821264
0.12005629393839905
0.20427062972739118
0.12025916425730135
0.13376990539422692
0.12188128261077547
0.611219222760867
0.593564144900708
0.11735587935394172
0.09051826343166018
0.15365771582406368
0.10584971996348697
0.9999999999035367
0.14622345208200146
0.39124028871277844
0.12168380429456839
0.15922152487737506
0.0977778958609895
0.4130501952138313
0.11616650960092133
0.11846972393852367
0.3987196146826328
0.15136692095113816
0.13249195472113068
0.16555022849785264
0.23353755214057126
0.25154035685542747
0.13846887667046912
0.11618235099009669
0.09223164827385759
0.10122781647425845
0.12669321145355764
0.11999858885763831
0.14003062781400866
0.13401568223319066
0.1389908784056126
0.12264316659318049
0.2677554692343239
0.1243028167625779
0.1533527153377293
0.12825378556943837
0.11568657275611938
0.13544638832898018
0.11072252115277668
0.1473570422229986
0.10878557207845754
0.22501006973913026
0.12949686328854368
0.12103148071837432
0.1164588705820956
0.12832313878705134
0.12637783859566815
0.11877534669291001
0.12321382955604217
0.5375465008764094
0.1334632050494423
0.11976940842643628
0.11702810762633561
0.1483585211400019
0.12128495152080496
0.10342360027733445
0.12128735543685298
0.1215905017178827
0.11953476332827363
0.11725719068175239
0.16947096012195975
0.11944140773369441
0.12256691198658709
0.191214257473734
0.5660871662751505
0.5
0.12297983392450178
0.20860936627979873
0.13329796208538808
0.9999999999398169
0.11907013895033086
0.12038852922510888
0.9345385968974127
0.18552776188071424
0.9314592656693276
0.12168650655500865
0.2633602879256069
0.12050201545413047
0.09049412148884425
0.13005647451659585
0.127080008553467
0.1957386457047379
0.11750006618553105
0.12490114814207982
0.242537003165186
0.15509388948570643
0.12702744945013822
0.12214552921332457
0.1316680969393059
0.14518067962278347
0.11670487238099345
0.39006319423053043
0.09214344742619573
0.13744206362715403
0.11931870575395506
0.2502948794410869
0.5
0.12048742035578267
0.10005284793172108
0.1485564082909986
0.12785241627338306
0.15070758106182996
0.1277042995642751
0.12040340931933691
0.11749282935339872
0.11672396105889679
0.12087486339155884
0.12240733833158762
0.11713254276457243
0.8700935777776156
0.08117781392676605
0.18509262328424286
0.1792496427208828
0.1268276229769083
0.11945735372805118
0.11766776503461869
0.1160512218825823
0.34982752449953797
0.20096744868578384
0.24961416501415337
0.22376637307482272
0.3371237207934989
0.11931322769740227
0.16878933875643315
0.5620511669484796
0.6206995595246834
0.12415223566527296
0.14597487695661643
0.14819239242299195
0.1121873242794508
0.12086064025237675
0.1520726676655749
0.11744834224775563
0.13746845386913684
0.12269327141163915
0.11965529921005964
0.22678075972287276
0.16035738270684538
0.11216404710821691
0.12104972374434823
0.11936337042326975
0.20860241280982136
0.119866166615679
0.09678119508170148
0.16237330508655998
0.11509297309469642
0.1405753913432497
0.1745783503780124
0.12492015948045544
0.134451910537882
0.11627470450233525
0.9271301865177266
0.12504193094549892
0.12204259429808695
0.13641591268319458
0.1461633062551398
0.11238459416207275
0.1469541265272244
0.109053027420019
0.12187639966805897
0.4290654868390958
0.20266754502739068
0.11627680966892202
0.1153157241164056
0.10986922497875526
0.11344699874066166
0.12391718811527391
0.11374162374722899
0.20026356588519267
0.11976179837264081
0.13045306105639973
0.16337975226186252
0.13292707422274563
0.12156285339343985
0.11876887226301065
0.12191165385128881
0.13931631898305705
0.11585796351812051
0.10823537308211054
0.10082143832439154
0.11485438443908662
0.15573146058290896
0.12953407992130908
0.1227680086882685
0.1181862500125547
0.29832004973904785
0.10818621565921366
0.12425597861263589
0.12680500744097725
0.12759561670636446
0.11441531007768829
0.11059577798166204
0.11815137319823564
0.3417328792430777
0.33305193086560436
0.14796265837927958
0.12015293109076146
0.9291038671159433
0.11970528458180747
0.11732785425255002
0.1191361271188023
0.5419906427434199
0.12163279092346486
0.12222379273128893
0.11037099646719692
