0.9999999999270683
0.09368297180221413
0.07550996937352518
0.0725081267473856
0.037058714785147384
0.10231502887220816
0.05479088418745574
0.17341524770192815
0.07048462834812998
0.13408627872116524
0.996461360931248
0.0647583802301517
0.07136891972734596
0.18184574353014296
0.5749629560501646
0.09953819992171245
0.09935191768642582
0.07298768365397286
0.10518845726017305
0.7329275306082926
0.9999999999999699
0.9999999999999699
0.1056993419103359
0.3144270505754155
0.14846769435374754
0.08903590188015752
0.08132155631968044
0.09397468065426828
0.0892329850567234
0.08847828245583116
0.26274473319277963
0.08702040030172814
0.08552454223269625
0.07285575669377754
0.1449138215365673
0.09696053261977358
0.10266129918488648
0.10245080206640131
0.07316649157185116
0.2253682770642851
0.08313190347130535
0.09236109108236697
0.10562378539188483
0.0797612101239455
0.10216728299712792
0.09425501719000215
0.17583161721694593
0.19100504432381127
0.08891248487095399
0.06998327398512619
0.2843279036630011
0.1148565996203456
0.05812698548456108
0.09317714737651159
0.07569214977334664
0.10903517878897306
0.07804112301175248
0.09966385230616266
0.5134395794435944
0.9551509575483158
0.10172927055804305
0.9999998001651884
0.20336512322964292
0.0978098995515004
0.10189799608933826
0.07346912132687898
0.09210890665454888
0.0888902589095695
0.08678987837021836
0.9709871459415427
0.2849677648319703
0.06812792510191824
0.09920242206319112
0.08579824731308729
0.09333945672923333
0.08584391990671211
0.08565378224323583
0.10175317171320254
0.0777182816530322
0.12911439322830356
0.1428379778065699
0.39974300514504624
0.08857093300823023
0.09114378607240582
0.1049863931441164
0.09506739473424138
0.09936776221740384
0.07980945925366756
0.09036042584416944
0.124273302939544
0.0940141142501775
0.9999992704162972
0.06503503719050853
0.8073905862776882
0.24624538427829296
0.9463591162367482
0.9999988928295064
0.10969475937833256
0.13362265450172234
0.2922541552663799
0.42740337792791533
0.14846441609934793
0.1479008013140384
0.07143429614743718
0.08838330727075677
0.07934370575014399
0.09008237937573524
0.06579723030292355
0.06275781513486554
0.09728527779925679
0.07368796057341387
0.06055969984381225
0.09577919343391769
0.07603806406800165
0.09901945904710248
0.13637410197943017
0.10643257725368487
0.0794526122105896
0.07010409632610295
0.07635110799228946
0.08751874317443013
0.10948696513000643
0.0701153720026871
0.08122227260452748
0.06779637576049709
0.06819708671909515
0.07307583473533699
0.11603242176269048
0.09080396047652209
0.11156794432877341
0.0588728892067646
0.09138658684304594
0.06536483907862665
0.07381248787005994
0.10401003310792988
0.07723083701000139
0.07734223374263074
0.07118836603219429
0.07302486479552975
0.35846916461409795
0.08501525241087796
0.0891654006887022
0.38506928573189086
0.24751205961822498
0.09349180997010739
0.07636154183738436
0.09092456319481922
0.06159646459232808
0.08039725193417784
0.10091628940369399
0.10051656402489377
0.12171478755815102
0.07517337875776242
0.08903274681871176
0.06829951920434456
0.09925190099756487
0.09073298995373714
0.1086669987485037
0.07642557154820125
0.12252735710324668
0.07316239368882128
0.03642420694032045
0.07869561050598452
0.07324101384319126
0.09412735987471277
0.07103800257818582
0.09703902243858221
0.06509525273814755
0.06930607354719816
0.0485408213199082
0.07042219239075412
0.5087300005742219
0.08776715971012633
0.11272995605401116
0.06717842458215272
0.0767667085988247
0.0815904656579846
0.09799148884104557
0.05887384676820244
0.08147369980309008
0.07399575874536549
0.07971211582712066
0.043013030684592654
0.057441445198239814
0.05988746452334828
0.08261345865921745
0.04218793980228574
0.1203797730767799
0.17055571885369067
0.07384728039963193
0.07565676972226362
0.09271745570831821
0.08228212391413302
0.08936990194335767
0.09834735359384586
0.06634919646974512
0.17815862471728008
0.18862791917311153
0.07176775896666249
0.06095561997736968
0.08436075614412347
0.09195437010392103
0.9999999999940522
0.20252594354690495
0.1333956250804
0.0978494130788222
0.11683989247354398
0.08277636449471105
0.8916562367502774
0.11478624043692383
0.046201732437019145
0.0956941994630208
0.13546518654448678
0.08502738852720361
0.37206990883332514
0.19760794102296536
0.2649796099383759
0.14424561847484954
0.07268935847244097
0.09280295898933853
0.08558475336395792
0.0868812613413581
0.08678526791354654
0.14567377229631748
0.07875799672708618
0.09258665208996396
0.08656012283567917
0.07985470579317164
0.1059498950822021
0.09503305026843246
0.09687466133115695
0.08115167825768826
0.08653663515282374
0.09044719643457126
0.12150250612176747
0.09878660784654504
0.09352350010877886
0.07870473824751066
0.0870641487943766
0.11843571786879267
0.16931496503827023
0.0726289652823516
0.07032745835273287
0.10058317923939909
0.14474820457060383
0.08632108997919521
0.08576461366747438
0.08637389534177296
0.10080867483106326
0.10295427347078792
0.07659775502546298
0.11029238343341186
0.08963490767254853
0.09011841657882143
0.09461348690556423
0.35582901474506645
0.10536786792753042
0.11512844099664706
0.1664357602213928
0.23661998316313376
0.10605018901622139
0.09602542985117159
0.0924614533080208
0.0907490374403226
0.8127653220652737
0.08770404655785632
0.08740212234153832
0.36179763721522085
0.12308941032120231
0.26471701677994913
0.07734502723003404
0.11329639323312857
0.08646105083429698
0.06830341484180455
0.093208677426169
0.36646016182949365
0.1394481618433807
0.07545112882926558
0.10919285257646386
0.14055182014490575
0.12451500929472063
0.1043174778214703
0.06612321029447916
0.10090265411809322
0.08456926382310066
0.1177819604151315
0.1054042879513702
0.07547257476786931
0.12727798364050116
0.0779888727410149
0.13111051255905784
0.17961210748914203
0.17693277058602816
0.07772408595976081
0.08779564896586997
0.08221667319127986
0.09743674568306053
0.12244574994438306
0.09280324014038817
0.10136097725071941
0.08376239403611309
0.08174198748100721
0.10958388008403112
0.14975252619896987
0.10280460645843956
0.16876042288654275
0.08832355889523916
0.09227901023539989
0.09112819865294602
0.09600104628595767
0.10654341327908254
0.09242943866148498
0.07087132682092445
0.10377374349601744
0.07909274721565697
0.10903806149534456
0.116640324317714
0.056933468319453326
0.09111654265641453
0.1478338380024336
0.1543480017810969
0.10558105447950228
0.14435933785364738
0.1001476693509687
0.11014529459897994
0.15358143458356577
0.06538696771841485
0.09602342243020774
0.2016744739957766
0.12223300802843012
0.07261458060010563
0.1676787762346575
0.13462248419623635
0.08274266907860421
0.16715546075787463
0.09593815557713384
0.09562848847605067
0.086204745241867
0.08060394187582248
0.09302484823688226
0.08228294780976853
0.09389728860977259
0.08424035329269902
0.06133186163585231
0.10078889238742575
0.07807600010848889
0.3137100764624078
0.5623538684666535
0.07817368564013244
0.12765516069798216
0.1028425991043312
0.1603246387110634
0.11048441790215612
0.08116031168755275
0.08046984062421544
0.1188662744557687
0.09139978504016205
0.08464840977456067
0.052018818826672815
0.11280008049568638
0.07537234101450874
0.10155675418759873
0.07865280608472411
0.07591584091393003
0.08133561715327124
0.07388301868803177
0.07740099144717144
0.12563027306559094
0.07535787254590454
0.07610972971080804
0.07657451356831321
0.0887131886574787
0.09796873350452336
0.08256771648690979
0.05190687326088023
0.07844803397705892
0.0868719577352977
0.1385907790404898
0.1315842420789442
0.08140496596876601
0.391995506807048
0.06940250879424284
0.13931803014844707
0.1064498326658834
0.09101008125490868
0.09287281994390299
0.1009159945704508
0.09135958546254147
0.31926546542723727
0.607611509925123
0.2237965451699258
0.8931205180202586
0.36112503408174046
0.10218823214486177
0.09034181507003729
0.08174896477688766
0.08708143365120843
0.10898261669981295
0.06746766369017666
0.07467375309117315
