0.04937822547604833
0.08516957771141179
0.2131111719855406
0.0492234251136692
0.021546796668162595
0.058600176019253866
0.7194045334971726
0.008888135139123201
0.11918120414413161
0.045409915690712385
0.06165437664900416
0.04030971991152187
0.10340424918590077
0.10903208887918286
0.0398113590374078
0.0849045738489202
0.00019524569691164174
0.700789500919339
0.17077514125960133
0.07621546639562078
0.04670763766003412
0.03188568873123728
0.03085890470776936
0.09243982575601145
0.0022037657244656783
0.206161288688839
0.9730837899904343
0.39407112473965994
0.1554195085694684
0.6393104023679596
0.06329966929317668
0.2763973488243055
0.14844824274939103
0.6125958827782506
0.1302853675694355
0.22611642185448014
0.12415167506958347
0.25347109512506166
0.7422824886984064
0.0018634080641474079
0.02669014567310484
0.11384415659343557
0.04308023535068369
0.06702674616884433
0.01855055563083256
0.019766813878171578
0.14576649622496252
0.10652356621538693
0.05125262861405018
0.8387183844341051
0.05815317018047826
0.09556567125196919
0.7251253354782262
0.2487526092943058
0.37582680012922337
0.11106914855140991
0.6420227399568932
0.1613925742715592
0.09827947740626032
0.030727357343571945
0.15773591480465735
0.05556110107860481
0.08913490200300773
0.2563261726861929
0.2039486788565821
0.7888224843311659
0.30698420414933586
0.4749846706822987
0.4815579989030685
0.09143616779258042
0.6576492896359051
0.9466313723202073
0.23482027908168726
0.05979730030443825
0.20219228444416473
0.5521031453339978
0.08754711924708664
0.12361653333775229
0.7234640895770121
0.18953321525064318
0.05172843584569287
0.007234386480314758
0.1728168223540093
0.27940569309725205
0.125984852754638
0.08682116463735177
0.12446114625499535
0.8619868757050417
0.12434308631921781
0.3780660146349452
0.03879090718627647
0.05427312040901943
0.9872731249966563
0.05946432163817957
0.08374705663967837
0.03159096222110912
0.050858132196612935
0.016420195830823315
0.1358731509958827
0.10124857503996666
0.16255790964595668
0.09053275477395775
0.07199355847933388
0.7339793385105611
0.33350332360819646
0.5819915589773302
0.8572370204793965
0.1487225140601161
0.8061348203493494
0.45077877722495335
0.3019718784560337
0.7236212927896845
0.16754773311676005
0.8396246505053668
0.09642302578660834
0.08322489164237162
0.054890473886584815
0.11308804012804129
0.7100898202833479
0.7042289700865388
0.5209865119215843
0.09676150520751774
0.1388585420697537
0.8949521594917798
0.836889573181908
0.5305237054129474
0.8113315142449358
0.585986683691496
0.9609983688370337
0.12749763102704406
0.6997072883619042
0.8015022151763836
0.3639042192470087
0.7948037151853409
0.5
0.4081835788236954
0.230885946254338
0.3976204968365049
0.9554066786545449
0.06498226316555816
0.9155684367626852
0.8078855569738514
0.021407994485458385
0.11311786904323774
0.16020978181857254
0.21609247384024752
0.41839294313260605
0.385628629024658
0.27195876928979973
0.09944201043619999
0.1642139264567598
0.07098467396182313
0.885397305714461
0.011315547767489687
0.9475918052752957
0.08630776210615193
0.016154246396320595
0.061980997210930415
0.9907222715653752
0.1030989922165467
0.9056803721221147
0.9999999963576984
0.6550342710110357
0.9999979648073626
0.9470456854835753
0.687673850815288
0.4260405957301397
0.966359881706025
0.98505767158628
0.9765682465536207
0.9139117397804127
0.05885219306802019
0.21266454744410032
0.1898278254299169
0.9122011692211309
0.4230254092502716
0.9999992483135592
0.03139424424237556
0.9743326745538022
0.07238724652135924
0.9816785030977441
0.6191379650403381
0.01964295414834364
0.08560216668299495
0.7838208536448804
0.28404551307964493
0.019153402062801538
0.09528264221023529
0.0823143070195922
0.5830096273845623
0.27590316278573324
0.13675954435312837
0.4335007154132894
0.12229424275544393
0.1705407518372108
0.033666474603547665
0.038876556919039386
0.051423505440467
0.9438226456263793
0.9565398242104963
0.328770248906725
0.43400308412050986
0.039275912473784286
0.15881714433232316
0.46428789622875455
0.18915185207541255
0.08128281781304576
0.3496639217601467
0.022451297079308617
0.07468492192248959
0.025804126707037345
0.07688378920766863
0.0498770003444119
0.19386296256529217
0.08800729972643491
0.06085452522332359
0.03240207798853444
0.13692431976556205
0.9999929318049982
0.9999976410795159
0.8993227379073283
0.40813604884072946
0.016541963425706383
0.0944192835812317
0.12118292268661299
0.22249131485169307
0.2658810961574421
0.5157022647364036
0.07893108502190523
0.23225897877875967
0.2970991441871132
0.24902055007770038
0.347045750216469
0.6976192103790665
0.10674476217031419
0.2851387452160987
0.5285278126864873
0.6297115215406627
0.2093372436248936
0.14926150141523858
0.10589431680009571
0.8452396950003754
0.5896363455342749
0.15026428064570901
0.021184455984358214
0.24962280727175734
0.08128345934022249
0.2994045508825476
0.25725111867601014
0.3546560340368225
0.621317346777322
0.09621093565350548
0.025327801080341585
0.018251015630379022
0.4318017526382048
0.09983395535310541
0.1771843198518117
0.09053442778558063
0.11625957943015316
0.03360403844792999
0.01843007660276154
0.17315282846230146
0.42862669715877794
0.7824242875960868
0.6227907347163012
0.2046616605901324
0.49066109639451355
0.44304498979646995
0.14212592791098475
0.15953768784080946
0.12800982621737556
0.13461912484513688
0.7093751314087928
0.9315655153913148
0.202285851676412
0.05029584021092071
0.04370726638711396
0.12122314622923422
0.21418231552186112
0.0653131714368428
0.1109442271144791
0.1608415048186545
0.31998516492421375
0.11861944257455775
0.7506698529985631
0.06971604809017053
0.08354483677949119
0.15513631132532044
0.10857764069124667
0.008609023771809195
0.08792091442730701
0.05313402843624694
0.01417728151271929
0.8610920474241798
0.6681164616815567
0.3831804789026251
0.14409745987167932
0.08197783381513452
0.06744685836069055
0.10270681569082131
0.08400884995597732
0.7096273127147761
0.16512282492653904
0.07764334010055986
0.007896716885273136
0.03223824006088141
0.7400788542241438
0.29938008700353497
0.1398776430253567
0.07195559997642227
0.07002826673783148
0.1018066705617959
0.9999999762974626
0.2033166502032544
0.9408885043732649
0.2002976411642482
0.019222652178951166
0.8188381642132379
0.5710646512491372
0.13272775976874238
0.23325395769873364
0.3688084392600047
0.35533213397961944
0.47971483006470667
0.11746160750609339
0.04916225042605436
0.3067391866005806
0.1025827712045375
0.053045695573729
0.1397738250144631
0.32986570317189096
0.04313705676704662
0.04939178433600173
0.15875635080545994
0.06840038417530875
0.943299628182487
0.9566567609334715
0.5234284082116133
0.30588347366045854
0.7040863822487998
0.5592939677355273
0.4678345995972818
0.7925913541530945
0.7502447457534125
0.24520898384219264
0.4714706354933883
0.04013820866780526
0.04096443778599015
0.7787152813364684
0.017329829482024835
0.17784092333383433
0.06738357441993681
0.23114388781773992
0.163968548294225
0.13506979183140125
0.6127599575198431
0.47944103647132125
0.15576889397446536
0.3279801335608827
0.2537196190658182
0.7888874021863127
0.10848690016710673
0.5415604645034855
0.711100743692406
0.9462924296424496
0.9999999195175191
0.8659030033246131
0.10704193137303541
0.040197800486086
0.0731838538217864
0.228529532963357
0.2969217436655879
0.23900023775610674
0.5221062378205271
0.9999961066854396
0.7611638078302425
0.18683683186056946
0.0016158943363974042
0.09528547927198823
0.6080028316036906
0.05370519470214746
0.7330611494384037
0.08941858504494435
0.3000789068545878
0.3639793253542931
0.21322721993269475
0.25184403171503006
0.11811943469692984
0.033937738583861725
0.031487174277172215
0.06319443654171479
0.0034465462647297715
0.4586940266647151
0.11727165836687596
0.05938299111373941
0.5
0.95247516694048
0.14050150526673666
0.8383784208557332
0.9081520075555992
