0.1846377950266037
0.11575983445350921
0.35480037745801035
0.07508392695726064
0.14526788268886115
0.02590602989386715
0.13843896232456743
0.07834149796324438
0.19597474830431705
0.06088914097660019
0.12718896533294263
0.0640768582958021
0.09787734354842086
0.13110866543401156
0.13980290096351083
0.06386233337328547
0.10407205316634775
0.29063300951478027
0.14164932847311057
0.10548852085014532
0.11782372424487263
0.1633507148732675
0.05756351679743116
0.11795385557151215
0.40695001203716397
0.11743645232287314
0.9999954428239353
0.1556774956019809
0.1424929639968579
0.18996986560436693
0.11244263588396082
0.1583301790955949
0.15683601451625234
0.9251080841781928
0.1326549098812407
0.21882248108078178
0.13728071294405927
0.21524878925643717
0.18061511369088462
0.05588626630822632
0.13766261805607735
0.17995761791937148
0.11683546290635616
0.2751481699818991
0.025354453856241136
0.02485874876147339
0.15379986992476696
0.11867644751007636
0.11244591961655058
0.242391476870955
0.06364447632919505
0.11045232557497185
0.11695712564371578
0.1567401294878661
0.16930164818564317
0.11001415971296595
0.3054761483076051
0.14447303465075323
0.4294747371230456
0.10576243739113536
0.15583045654894936
0.12722519984290317
0.11151773993062349
0.1724655588994388
0.24040662491599218
0.9596926924319821
0.1492286733754298
0.5
0.21097784664165234
0.10800421578318464
0.9397495862984568
0.9680340283673413
0.5161684854538583
0.10202306519931963
0.13668817230971636
0.1679713142260274
0.10725465594916862
0.10714036161135532
0.8888888729323948
0.20776114113451485
0.08113468203229911
0.25644770577011966
0.356053073708574
0.17895764398050518
0.10644626160051193
0.11471162467192078
0.13061175435297917
0.9470468087325696
0.0568141904235996
0.20195222226070447
0.16434781791501904
0.13366401518947107
0.9999980077971155
0.08888731716256905
0.09335064391209465
0.0595084297981069
0.11033924075177545
0.11228614218667132
0.14989522508369763
0.09977953330937325
0.19911559965425135
0.10210057352302526
0.032003937959394914
0.386240765346882
0.2714722602638049
0.15146747270858182
0.2132392294121295
0.12006581310464262
0.6702315468108221
0.41216792398107205
0.2404509694581218
0.12866457507174434
0.16429346516476415
0.9902927788913019
0.11917466280413007
0.14567611056563154
0.02086610929546537
0.1393737662597676
0.9915326517830761
0.9866665223990153
0.2801371455545321
0.22666528895459426
0.1935530122302836
0.9947484155012428
0.14361656603806844
0.13075078324925574
0.9328741512669525
0.7321000768086369
0.7418444043948768
0.1287721861937319
0.6945909986273878
0.7872324319423869
0.2644164721155168
0.31836163988450344
0.16124227647963776
0.19601334483503238
0.1637011962491855
0.13355441732931927
0.34973026779573274
0.10805162049936283
0.9999982164380855
0.9923047682329448
0.10001345063671398
0.12287847302151367
0.1331240491078002
0.1219732256336402
0.1989879833539666
0.11548357800259369
0.2501095363518506
0.10436405530640183
0.16945028853035488
0.0419644659430349
0.9999951718984245
0.052321524745314436
0.9282255958088882
0.051644634510497806
0.1290438046037031
0.047917281367080795
0.868625518973332
0.13270434583696472
0.991415867695276
0.9999997946698185
0.3475663063147769
0.9377181612813995
0.9999995055332208
0.5297541747964718
0.44374344322649106
0.6067552835904432
0.7441065651457315
0.26199762094579826
0.9892318098986699
0.13748224791293512
0.466876093776849
0.11496672566021929
0.45760598796498264
0.12037053260572066
0.3751891244414069
0.1042366736129357
0.1518751781840399
0.10632046029121422
0.9940784505665672
0.25416011044699927
0.16812711477110695
0.1364773593354796
0.7560970397658068
0.12461039348398796
0.1360320718171681
0.11446101430773625
0.10238356896640063
0.1667501253764294
0.3342541693269297
0.1138608243458079
0.23501147945180464
0.14516833677511998
0.11460560034725971
0.12603984528238799
0.0606824121906729
0.1026175124615213
0.9123066613328771
0.985393236228614
0.24887072400306662
0.9860227599664773
0.14773498306777133
0.10312445143720625
0.16703240207679196
0.1300419817980411
0.09858300323210717
0.8669838680317742
0.10858835518910352
0.11778957793748736
0.12215936955227018
0.07466103888024664
0.09116489036965969
0.11561910662951223
0.19162086057899616
0.08830226921799703
0.08841907397065113
0.13592321879575409
0.9999998716692458
0.9999994242922763
0.9625788028741938
0.17344311796858952
0.16385246976570678
0.10956819115556268
0.13109966795552666
0.12223268108116889
0.14319881254544267
0.14804534668448957
0.11553514798607792
0.26205499513605124
0.12878547445381222
0.18125848711351492
0.11849766306904137
0.4171572630084516
0.12040103733445988
0.2822173267574097
0.13559376002464582
0.1499643392891321
0.11878142034622786
0.1708983420530792
0.1652374574964704
0.11357260693238654
0.12019421077633598
0.11742832390615422
0.18272514707267665
0.5277226543064987
0.11114638969181254
0.2667714197688169
0.21031273201991388
0.26130919003990666
0.7969775138412232
0.10665619987509148
0.11290807198789904
0.10710281971016326
0.2630087962575991
0.09900390323824294
0.10741294464281224
0.11358836922472301
0.23352591029785588
0.08561290111846173
0.2490190767882319
0.2721508810401912
0.7575608607771435
0.14931064405501746
0.11954382316644256
0.11822252982583703
0.2316650043355019
0.11502569581228038
0.17610531376223884
0.21512772113215528
0.11570507230333714
0.12236756883135733
0.11026654811681172
0.8896150323615457
0.12610562074770018
0.10495371432242687
0.10855318574046223
0.12972130304291893
0.17695805948581864
0.14460983463082264
0.12630943495832578
0.11657120676988583
0.15006872277776298
0.09006461577693123
0.16756499775414477
0.11066859134748078
0.09989842657456009
0.05249589199125938
0.05477502080238949
0.10409680830118823
0.06069609392755096
0.11553203556963221
0.10777357462362878
0.9999994668347271
0.41649077403645834
0.15351363805573334
0.11344648753008651
0.11646866163040913
0.12817201624843738
0.13381631606420233
0.1826651351630662
0.12163969315939428
0.12463746093037485
0.10556055145763779
0.10750916387190192
0.09986098912669861
0.16028189528287143
0.2042919231420794
0.12946882784531694
0.10729941811282852
0.09153121439257803
0.12442677834268918
0.5555116001901635
0.20489191348657848
0.9640191965291535
0.15097927527083663
0.0814995806688293
0.1593742487776524
0.14683516497006394
0.22276278207247585
0.3226314369366908
0.1303400150464654
0.11226103265002343
0.21819156265377723
0.14327712613325969
0.10754690801115105
0.15695223505842648
0.1865742990631235
0.0998768083586722
0.11467403547543228
0.1333285681917584
0.12470357417290404
0.1032395827895383
0.28487691054216274
0.11775007235828616
0.11143243493095766
0.6445243601974162
0.1303483867826161
0.4727678033765364
0.918175944870536
0.17323283383250745
0.5095135335659686
0.26321015061481856
0.14102463269975607
0.13725424377534265
0.16330816554998834
0.18142202195740426
0.10822648422724057
0.25850217776526974
0.10660152119681447
0.2017406665132248
0.12512591095026135
0.182363242827228
0.4181279062224766
0.15038574982838684
0.2107814852853628
0.21312558268442772
0.25853465308622237
0.20074338044955395
0.30618738089666037
0.2612046954106407
0.17034037533847496
0.4465897796543618
0.9909433003515451
0.13854743412084625
0.9937553516528592
0.3648967992874336
0.13693215523023483
0.10828341403186759
0.13826889532429257
0.30511583902405426
0.4359298460267526
0.3423430763063203
0.3932281931209409
0.8102957815146858
0.2188695961008489
0.13461667170419536
0.08212361718398827
0.11005325195820252
0.15258539665794238
0.12775612590802382
0.4406964131755326
0.1503699458999245
0.1517283321268529
0.16236126387290023
0.25035994695842356
0.7855263534135124
0.12867965818713537
0.11246769525527774
0.11332280139931059
0.15447619598485143
0.11674355702849744
0.10732394099017493
0.11182082510260707
0.13013473573732043
0.22711174375030246
0.3842559905274836
0.10711898586294086
0.1778225245231146
0.6254572601370881
