0.09860513069801809
0.06659640175706237
0.2530932986480639
0.041999202331041006
0.10232060594875031
0.0030624878284589226
0.08071243500400205
0.04027436679067561
0.09802060540763724
0.015751470017146423
0.1748463362964539
0.0337668815849546
0.04604178584206917
0.0747470210017767
0.04087166160851538
0.02540562551956022
0.06042138870540369
0.10684781370304153
0.08132181939284394
0.13365606206732414
0.049634355827773605
0.09413386998708917
0.035015289013830414
0.08723243704281351
0.12468921589384149
0.06955805288453774
0.9692602207019496
0.08103477795231898
0.07574139297481301
0.10704481010773485
0.08474758650418475
0.09710810218760607
0.10196937585371153
0.06427794594306545
0.09690465281143076
0.06673721028772235
0.09792833880839574
0.08866005130004517
0.10451551078081796
0.027302915951593416
0.07564834328452548
0.12077574501561446
0.06434721848686205
0.11428307276091605
0.0028889498982420905
0.0025739027939338573
0.0955222249907305
0.0704083782427776
0.06092655405464666
0.10227932748097532
0.04874684308869384
0.06540123891007257
0.06797222162199194
0.08826581366067994
0.09468230019020249
0.0648352837729384
0.22285727357144341
0.09576828277542715
0.05749525507936725
0.0788728429428278
0.0859271068643014
0.06651102600699262
0.05450559148835541
0.13089442977596324
0.11640993979938542
0.9414059837651785
0.06252931278465784
0.4043962025108793
0.17199389535438367
0.06176595183948735
0.08393875157984933
0.9849389652026483
0.3484858217999584
0.061027415341699864
0.09002390486253779
0.10226224648143853
0.06266375542500642
0.06258239620695392
0.048878219835183104
0.09197321470578465
0.03415477907430711
0.09622087540309443
0.21884403494372057
0.10011576794225298
0.060458911548853335
0.06488878191794525
0.07740820578028916
0.840483110257582
0.01709474642522956
0.1699141902832461
0.07429643095401443
0.06121423098468615
0.8466136677431757
0.11871908211651398
0.049132232455123534
0.02536201373583523
0.041598180295599675
0.06143397889968153
0.1083207199905398
0.0825564012857266
0.18057883145389012
0.028029980102029475
0.00634317312823001
0.1471430261282632
0.23225551631471267
0.08517604919488013
0.12485903927380207
0.0783808818173357
0.2456842811464655
0.21198249686328685
0.1306177702645085
0.08003632249096139
0.09238272890712199
0.9905708075765888
0.0828433380824718
0.12496586227059214
0.002899973627607616
0.08679718588883253
0.25980597230488445
0.974571097386007
0.26477954511832336
0.14226388313725868
0.10327649934790704
0.994541935133871
0.07867038620047245
0.07777379320409843
0.9866592510618779
0.3854701189662422
0.8206605550546195
0.05015876834032797
0.5237262441100299
0.13321596097865543
0.06614893501477624
0.1775587852277979
0.07849590661966066
0.1178337267357955
0.11772890322098671
0.07394434349498652
0.4167386214986165
0.05157007112210178
0.9829278268483084
0.9999869663398887
0.030162914789426308
0.062444884409745535
0.060384618821184934
0.0762279240243098
0.1085407403826055
0.0644015996396244
0.13927641503245156
0.057135635997965104
0.09194034503548373
0.013110445325247685
0.8870689818366319
0.010567500322251426
0.9999840593859024
0.005790163483134006
0.04426127264736164
0.007834071686320642
0.7211921235277369
0.07957649463579011
0.6566853889457307
0.9972425513834419
0.33323596684725115
0.5097591148988689
0.9999997796858993
0.16829835190141895
0.5054315184692676
0.1565028381268041
0.8322754139813278
0.18767342802338766
0.24802316291697674
0.05703741305374033
0.31165958466750254
0.057970133847950994
0.2829093237048087
0.039158383366797354
0.8404837110442039
0.06128341563946542
0.07773438697168283
0.048123588797917526
0.9861763871721115
0.15301941420644966
0.10232060558209297
0.09182861203298379
0.7780972687365844
0.08546807606718106
0.10232054203788953
0.05658377114189736
0.05637758167739696
0.0992765576302233
0.12083717757515734
0.0661772721555361
0.33535638927221056
0.06786147087611362
0.0627623006260678
0.09373837274058841
0.014621907506639201
0.08049816092992938
0.8403334935853094
0.9821434625621897
0.1166041435137964
0.8331461913708784
0.08352846024962707
0.021623776444722437
0.1568850280516502
0.07857738060603886
0.027709808202326117
0.5063254653678344
0.0724504624750789
0.06299574119981144
0.06689714567952393
0.019509517819734062
0.04614069304288689
0.06890205810163587
0.1030934442469566
0.04876278156527369
0.033758978994286336
0.08021545663064565
0.8405908391843738
0.9204561757335772
0.8406523432118337
0.09273459946876372
0.08712895325365703
0.05844297380308429
0.08543273523782961
0.06407430953224255
0.08753884742526934
0.11056030958754182
0.06944952505355617
0.22488005850632625
0.0728837749239358
0.07508248847249875
0.06747168643794736
0.10548306523282752
0.05426892110797748
0.16459662168989486
0.08715078580658363
0.10171347680035299
0.06770409209565656
0.06889221502458893
0.07204660068884712
0.06205323587029555
0.06607011652471409
0.05949545765990991
0.04593079091635745
0.2461577671121149
0.059493637253232645
0.1314848105418607
0.12700713868939417
0.11276119096146202
0.14791419059629418
0.06164293653782711
0.0630977475655436
0.06255097439459895
0.09520479441056383
0.05591316705551011
0.06275596032607884
0.06187906577554173
0.10718540199144058
0.02765779871542247
0.09995681193967752
0.09872217217702282
0.04289842070060211
0.08592752984277993
0.14904300462447911
0.06681670528455537
0.08611376379032429
0.16779835436617957
0.16920234407865142
0.2745524016729352
0.06641574343907203
0.10059552288523488
0.06468282939271199
0.6117404190476412
0.06677197133950669
0.06051151346130365
0.0480310759585287
0.08362613463625501
0.09499464309486867
0.07606276226507526
0.07429909255989631
0.06499129904145386
0.08028005242315445
0.04100651894013425
0.11857300210209192
0.06862978859121838
0.0334134482238532
0.014814124735379434
0.017532398976114676
0.061893217046507
0.01876428204546668
0.045669966219587355
0.06110818377418324
0.9880239060153853
0.16021569398301436
0.08124602157584158
0.07089025531826733
0.056588625480135164
0.08473929684165539
0.059103937866293366
0.08077076749722865
0.07006254980205366
0.07262772582503098
0.10206035714486532
0.0341740360224482
0.03617129820681913
0.06415892306995762
0.2407175012081377
0.06719864400387764
0.06266341578065057
0.0444329345583081
0.07814613274709926
0.21741650662658704
0.16050067508495577
0.8330250259176304
0.11453726125900779
0.027955989587899424
0.07718125209443397
0.09600394955019531
0.2614440394959018
0.20902967148739363
0.08120822635626664
0.07124973872238884
0.21468991001407123
0.05348606848057954
0.06116703800012183
0.10382643694003603
0.13180709023652623
0.05642895943696599
0.06213280747270059
0.07616713085298087
0.06897443652688758
0.041303755513544406
0.11610844066199016
0.06758187602604017
0.06378084044340851
0.965313855923498
0.07516934743342774
0.5
0.9894657793919664
0.11207229027961227
0.9330662188852971
0.3155017124773544
0.07663172794905572
0.08594601054069216
0.0821523984976799
0.07011297241823705
0.06998803476951711
0.14299390733207773
0.054052850804047564
0.12823052003431107
0.11419103164512287
0.12110195306752695
0.2228812390268679
0.049949732471987
0.21087716803419784
0.13627207888992435
0.27299554661975073
0.0956106266926651
0.10570102478076036
0.10803617347545517
0.0980034762380834
0.34136089137393916
0.05968816268954389
0.07412022276698
0.893604733142089
0.3198994311428038
0.052373417683645
0.06313404953173338
0.10030874836296073
0.11438525582935259
0.47860596530288124
0.12470381159210864
0.355393605030319
0.5
0.2477236236599353
0.08548354044804589
0.03526143510256082
0.06344977226595483
0.08952571768676176
0.07798356054883988
0.18344023537177126
0.06783668017371078
0.09041813716202056
0.07475256159639956
0.11782352926767493
0.5700261656934069
0.0729189774526692
0.0691540275566965
0.08722941242437378
0.07824600842357361
0.0645538875265321
0.1526085228518507
0.06528045386611107
0.06523495820192848
0.11035942506739302
0.2672869209207625
0.060130431154460005
0.11262872133753656
0.2808585760252589
