0.1309741625350349
0.0966107087321981
0.2598049469207024
0.10695233958554645
0.10542596278943513
0.1006241476087561
0.07748943066768978
0.030735495241979386
0.1192700966342062
0.048195817741949844
0.09711889713541276
0.11165940123874708
0.1398503291654409
0.1300292378621382
0.048475288558566754
0.07742354596941256
0.022079675911308296
0.19517524841438938
0.12443924522027307
0.11824542862745452
0.12162521935333048
0.1298880122584558
0.06691823624770366
0.07244676107594403
0.04814434760428741
0.11039485992453911
0.9845284820034272
0.14820978082215233
0.12068593840216854
0.15357362254620838
0.07971401383029811
0.11590918354311583
0.08791208284445287
0.13700310520840503
0.07776332481364352
0.08800890049133965
0.10642883852604114
0.13018147324919635
0.117888382353081
0.04477793461105773
0.01424744190059012
0.06718931326261639
0.03881164269434951
0.03271436957933603
0.04299549944167101
0.040922164620872496
0.03983066553527034
0.11505399459077706
0.07445877870702869
0.9065566045604562
0.09303900019157459
0.06041869763373972
0.054182946842366825
0.11452792962223156
0.1557195312841308
0.12815883559769084
0.07943185741597932
0.10561638463126326
0.07873973797676607
0.06121417808834144
0.08775370580680203
0.12420385387079176
0.08536090009517654
0.11963089287378578
0.10022119791255713
0.4226043521590356
0.13481117998946915
0.17016250627293933
0.12201959656269018
0.1150713966286778
0.2509845011051265
0.9540946356462124
0.17518073583835833
0.05899071709237594
0.13766870993293434
0.16182879853145118
0.11031392667403618
0.10770638613876564
0.5
0.12282160766680314
0.09357777140719717
0.019313023775562668
0.19809921954099657
0.1744733617949405
0.11344581285049224
0.09631534202456905
0.14907033352647195
0.5185762981389251
0.10052895320338488
0.43796391239333626
0.10412621916999737
0.07893822040565339
0.991287389908147
0.07987429702193331
0.09621338606953787
0.05645827628990754
0.08292773976897613
0.009710682658841164
0.12047288687640312
0.1120486680434697
0.14217538086858375
0.08412226098349641
0.07827549258204965
0.25828717433212706
0.11781509052871869
0.29479862671310014
0.4720668229114846
0.05061298141062974
0.24773411390462594
0.2087712283179245
0.08551112626138967
0.07292369890329517
0.09662054924129351
0.5126337429267385
0.07766814724626327
0.08247020549575718
0.06112098660904107
0.08140102595473526
0.5109652887297688
0.5360487063725782
0.15040126744145077
0.09150377103195097
0.13042481784109564
0.8107907326578316
0.23352918648636162
0.12055096023047311
0.4638280375691142
0.2555475029803953
0.5985181561330449
0.1192670999110374
0.2044164819857227
0.4906122330973515
0.10185364201152378
0.15150805356484318
0.2156900324416399
0.2386025958439943
0.1925216448015264
0.03780753991030626
0.4212812376839236
0.09618514440694756
0.8894733660570642
0.7646747434412682
0.03595838799622748
0.05660454892007012
0.10155700138826683
0.11222478074632161
0.16515576436455956
0.0830987875298475
0.113124289761152
0.09452039175610495
0.11086294122097766
0.06397992689731728
0.8227339426236358
0.019142406271382167
0.9631254185111155
0.14994076588394714
0.022918904431486083
0.0970967776931154
0.9698798130027719
0.03665163886121735
0.9582796695485312
0.9999999999999699
0.3178596225902645
0.9858576535491185
0.9428225818064163
0.17294413460036548
0.1292030230434984
0.9870233797712271
0.9392602213201268
0.12082811437986328
0.9666653902065385
0.07234724119554517
0.31366424247894
0.11121748783834613
0.7773021065982804
0.13974423452430929
0.9999999984649021
0.04784698997874277
0.7308716786544318
0.03688181637076764
0.9835261379246981
0.28825539390855176
0.09651840305549794
0.054868083538869135
0.2777281872210191
0.10667304302282453
0.10066855725296532
0.07019670846099597
0.0494650979878682
0.11954812772010386
0.12003000270669896
0.12248246268479603
0.09432942680179454
0.11788654658164148
0.10076820022277674
0.11082268352230228
0.030547524239711663
0.04172908143411038
0.9759873474237581
0.9765090514234912
0.13653731905742816
0.3304850278402155
0.10397761236998784
0.11528684785625831
0.15021892118921373
0.12890721042713738
0.09844039981058013
0.2445246977056608
0.05971686369494209
0.07643976815851722
0.010431204338759046
0.10725161650962771
0.06521062069786315
0.10453413783124291
0.06574852201209058
0.042806066877532814
0.05009632537988066
0.09674833912426761
0.9968627294443098
0.9999818411264805
0.863983584133196
0.12398164588969311
0.007027168804601824
0.07537990544978551
0.07257032556961214
0.10777971490662482
0.25731138588687974
0.1344248530197801
0.08687896926171153
0.09435527835749315
0.10784372078918691
0.22587781521477476
0.12339977338861421
0.16942891220061365
0.11618731030287817
0.11320004933123304
0.1427605364910508
0.16406371144550477
0.12464975067246972
0.11799143370185058
0.06499289211250239
0.1615494969929142
0.14385175079212276
0.10213288326480516
0.06618565143329386
0.1859670380636391
0.05824945350518355
0.12317136236440923
0.10683880710980588
0.10923604241399283
0.2915023077440796
0.11223652655018124
0.02573917590203438
0.01936887013002472
0.133644853320325
0.11932177571131888
0.12911384555644134
0.08696916388479654
0.09640641586473338
0.047188357208951266
0.05437265435986989
0.10173183226348935
0.15532375870583534
0.1120617891120562
0.40727341008446494
0.12195939754245715
0.26651016372996594
0.31976682445884863
0.10478998779551751
0.13874159976284012
0.08242967998286929
0.11280762537486909
0.08122276819653827
0.8076732731010455
0.12228280320127814
0.06561309430142592
0.060467839904727434
0.02066586226792855
0.1443220791297161
0.06530756313163424
0.09782969364786656
0.07096256849867424
0.04760670898444392
0.112160324893668
0.14886220409097342
0.04911558679033297
0.06193675816530614
0.2717232483561619
0.12443062660447635
0.01265235686862474
0.09473272028672276
0.08157993798726573
0.020545174844860525
0.8359432920992412
0.20456728814679934
0.18173457488480876
0.05038517839878553
0.09010971358613586
0.07962355349917741
0.12643719946983667
0.04790391723631048
0.6541047363898361
0.11482274785181495
0.09091609163515264
0.013217257385894412
0.044709338107110565
0.24116281389216515
0.08724452861029586
0.10735144375680768
0.09475782728619582
0.11018971148261053
0.12538572555288205
0.9999999988611881
0.13152117169767394
0.7798270524621619
0.1125805375713336
0.04166855443408694
0.09263443138455456
0.11512335697009869
0.10908642002996496
0.10017794341835211
0.15354540176803283
0.18756104042620694
0.21839057025227918
0.08289242028342082
0.06662730017720363
0.07571393314875027
0.10602396774408777
0.08388244974752793
0.1046965371268283
0.2586162596706918
0.04837971615023433
0.07450732048541077
0.13277313675909497
0.10968233541523852
0.2687825795262921
0.14416198661247268
0.1918866001722908
0.16051160207755855
0.36584969791735483
0.17507671499194533
0.16557484991578836
0.1309559288911084
0.12080008036360795
0.10640909950182403
0.10489963974652206
0.044760112955213885
0.09040705844811141
0.1683016895652488
0.07300335842856037
0.1702674842262239
0.0942380624197179
0.11761086010085427
0.09564948532996595
0.05793585295022648
0.2939659808863613
0.20426126326813468
0.1274449734150828
0.05223310721960342
0.12578699869901278
0.18662612687015662
0.0676277570542663
0.17497387362447983
0.3469386940157607
0.26113431013059335
0.9967110799555416
0.3974944967177409
0.11727868336296166
0.04546731660326905
0.025569144011394155
0.12406815971848643
0.15328897719620516
0.1223250880496696
0.5438774896406182
0.9999938578752735
0.6087916161970527
0.07257579169174173
0.034635232212329704
0.08843384427257896
0.43084442370036974
0.03602553691748536
0.1238814542522778
0.06613587771595951
0.08729198137369162
0.15097036445710257
0.137667208231994
0.1158134782667067
0.09602726696163813
0.08540749293508308
0.050527306831753944
0.06034856257646934
0.00924419121175113
0.38314354124960465
0.10345371878541594
0.07416517426897862
0.22453945698648325
0.10956339650237128
0.13201546428648692
0.9456676942547448
0.2912873023486745
