0.9828446805723979
0.04152620680840203
0.053150984464495024
0.053162800411073824
0.04295810316166789
0.043152820425982806
0.05305784714037966
0.05313773347015282
0.05311563228009786
0.04103849146818106
0.053062619761359495
0.9543209566361833
0.9478672005629069
0.9478432816349296
0.0530917623065791
0.981504902401242
0.053045056729981964
0.030774543976635205
0.04902195070554266
0.02345933798293726
0.03806864774239484
0.05310140545079915
0.968439851289786
0.30792338330014507
0.9477895872604709
0.9680968354900084
0.9577677307739529
0.9478209632647256
0.20297392873114162
0.9478050435299626
0.05311539100794205
0.02919150679161879
0.11740802029500373
0.04858137700280054
0.05310207154123332
0.05116670607810216
0.9478720730268969
0.9478046220721709
0.17988914981407406
0.08302052112175573
0.020667148293378974
0.03272210821507804
0.06041277284311984
0.05314282823007107
0.03865233908716732
0.04419619510161987
0.05315133325419349
0.07376199950311058
0.0378965519772005
0.046389782074741974
0.0530440126157475
0.019600056541397255
0.05316867569079049
0.046315584265720376
0.053132802813962814
0.05313028217408459
0.030923033247051663
0.14639260714243169
0.053114436684899874
0.05230077366924456
0.0531110786863936
0.031176740652509905
0.028366801552299464
0.05309613137724845
0.05316370776922162
0.053156932932296334
0.05306329493781363
0.03105825822023386
0.04690142523773876
0.021179943210028047
0.02672955943996391
0.04895109600115863
0.08954379859304161
0.053121323560403146
0.02927342719317965
0.007365043452548208
0.03895573276118755
0.05314786934616466
0.04185311373805212
0.05311290322889466
0.05311107269817831
0.04503405227979302
0.06715101606868265
0.05315773103286086
0.037632188922966985
0.033826939714214375
0.022786083657861198
0.0801195742241018
0.053056051459898446
0.05308908429194059
0.0193090603253694
0.060453781501993896
0.026125295620138666
0.05315457200029207
0.0455719333169513
0.032923095789057784
0.9478553675588636
0.43008935957161043
0.026941118343042112
0.043155955567660095
0.9629031098388551
0.9680301268872538
0.031087996628309005
0.0464137772457067
0.05314329816663232
0.2896104867836256
0.9478223548350827
0.9327593047160655
0.01897918907171138
0.9840317036871769
0.053081365559229994
0.03565125183343152
0.05312307524407686
0.05313973129247451
0.05313494585521481
0.10227154855704228
0.030632181536351808
0.07908128491857287
0.02563908071815551
0.021137308649420573
0.034327139734092564
0.027510490902782132
0.023733163197178667
0.01960353227155789
0.0531134987284856
0.0328705712703554
0.033759401245502724
0.07516523298801732
0.017427529711696
0.05309925791889403
0.01588229792313533
0.05307400367478524
0.05311325401898163
0.03304245855731421
0.0530367662054867
0.05155709157361687
0.03104715645585811
0.05312494957169306
0.053113784232762494
0.04925202303770759
0.7390205592448009
0.05314188213293245
0.05304408868914545
0.05312824999269124
0.05308733064343042
0.05313524015547029
0.044503833704268
0.08582430891927648
0.053120556088950416
0.05304516239243982
0.05309659520835441
0.05488629500905242
0.05229686156873269
0.053117495918792654
0.04165978218519236
0.014565545275828835
0.053116739775021724
0.05317990623836177
0.05308691948725635
0.053127915327194096
0.05312231044176438
0.05312065430578328
0.04686894686175348
0.07308294234078674
0.05316217668162982
0.06571223220079889
0.03968217389959073
0.053141273373784735
0.05313135668691572
0.03225064464223087
0.04149761490905838
0.05316473632149648
0.03387244161457261
0.026771257614209683
0.07475274972099813
0.05310118207741897
0.025741216652874255
0.14143572045760838
0.9434412419192829
0.05308122342318234
0.05312423602053991
0.036848267569180526
0.0531165053684746
0.0882613373950989
0.05308524813501975
0.014903296697635357
0.053135982594208785
0.014722583954388295
0.05315758252275482
0.03458843792665759
0.024540167770747055
0.03727825242712891
0.0229249422177365
0.049867771612482854
0.03806238101401948
0.05910981886936675
0.030963124529863936
0.03253338420770218
0.03340254617695186
0.04042109717401458
0.053107134891956766
0.018237479543719688
0.06104385313825663
0.05948250441962896
0.053121811759819684
0.053116223546485916
0.05311032406810295
0.04160856371905046
0.053091488280995386
0.05309096103628564
0.03193195588263541
0.05630040932369671
0.05311969502388118
0.02548638740909623
0.0531042606477749
0.05316848013248797
0.040809782629664865
0.034202248301194366
0.037913657103272796
0.05312952569449565
0.053074276768220324
0.053102988586911905
0.05315764941017775
0.053052669024814016
0.02753350769945564
0.053132687302494014
0.047792536720676945
0.053147479862771414
0.02991503346756498
0.05309562353565675
0.05312893929868407
0.0512375094573484
0.01984964397305586
0.03403587411786854
0.01647154539864856
0.03733977223660234
0.05311478175373984
0.05306466187956511
0.05316880109288718
0.046842056836249535
0.05311595824628891
0.053096933398189355
0.05473737877934287
0.03431732311027596
0.15804947685709
0.01633463139968975
0.03976260537315143
0.05306090652473134
0.01455382059284366
0.04110200230650571
0.05316847507724082
0.11054132453229897
0.03654317637138519
0.03394391157281277
0.053053975143545186
0.053098469255814504
0.03624069133475896
0.5147190586473607
0.036367040695470115
0.028332181479483135
0.03965941293693555
0.053169334969883825
0.036374451347391444
0.044884340814701315
0.05311907209372875
0.044578998143106924
0.05308972393815189
0.04212118648650808
0.053088733105831516
0.021306987898363133
0.05174010710294613
0.015245463886479897
0.02294735237060393
0.08419634300483556
0.05314231371602663
0.04407289813587701
0.05305366630500123
0.039095172043641706
0.05306028326946646
0.053117070487022834
0.053146325964863926
0.029114154441465746
0.053053365672008926
0.04135500274920831
0.026241123995403615
0.05308748869876287
0.05309684892024627
0.04600961565610048
0.06828024798442928
0.0453216218423298
0.03924315457356496
0.07992128281962474
0.05312142729840787
0.05017139379918697
0.04723041839654033
0.04131466435642626
0.05317270410709134
0.053131145687459184
0.05309560947187627
0.038739683441707404
0.053144729921855045
0.05307886644200825
0.053099764323702336
0.05311715131283253
0.05314883457600043
0.053159267654531744
0.07076260054180107
0.05314620425838537
0.07465131868524746
0.022680906465238942
0.04016749426406165
0.05308377515908538
0.0531038113799848
0.05315263527821968
0.04197806130708857
0.05313801752764569
0.022812476992693665
0.0696297226620913
0.05318629171188906
0.05312968263530349
0.05306082125330445
0.03447195708371081
0.01480077432379167
0.06129431834343233
0.05314224850858093
0.044958685960540416
0.05630863898427431
0.1609816000631185
0.017629290227134223
0.3184595431442633
0.1384063902718845
0.09648187290786675
0.041368394202458206
0.032243676249821135
0.011072356148380626
0.12108803267765318
0.08390703545486121
0.033555929603590565
0.07095285932026486
0.12107142073077887
0.15142488767215417
0.03228445536756022
0.07401308253276268
0.1882467056368228
0.06899447309164913
0.11419858112345103
0.0308061226521476
0.06610677806752589
0.05647593157773836
0.03522054570273384
0.13158933835417944
0.03449735071608231
0.05346956017954462
0.022377826793061124
0.04198603479138266
0.059271092637119695
0.041486826131077195
0.13682634336492952
0.09287599283378696
0.05518096139914176
0.04864912230308496
0.06331759466595924
0.03463390536011486
0.05860896066634095
0.05560667015035371
0.00967538624227485
0.03725559262155756
0.025542934680183694
0.04844801008916826
0.06533864319343805
0.07705701849444395
0.01869756623581668
0.05156545112480802
0.10885377799422144
0.0313934280390429
0.03341954585888087
0.09355518535796778
0.06745618354297633
0.13023273282329176
0.03663943419908587
0.10227903369585409
0.24784464067065679
0.037851607689584274
0.07760270396109588
0.046166735798575435
0.017699659540903696
0.047118121535246776
0.06709336753575817
0.02968043965003307
0.05707294115570301
0.025882511979299635
0.033261826516956874
0.03444054075796665
0.0367229343543415
0.061035880302737384
0.03278648564454695
0.022903624347192276
0.29380659175944246
0.02739682237528631
0.056999681360538394
0.04164519213832501
0.14252964845468732
0.0447087748586006
0.04158341592983856
0.21749359612386912
0.02307450180858102
0.059517414791604134
0.015414763021637808
0.05082143292556201
0.026640765246749146
0.02817913237713793
0.054600024451400934
0.033279673236990166
0.12898309283839524
0.031177885331295334
0.03938633300005478
0.05570152598853899
0.02865593713954563
0.1474264960361444
0.07914209933388092
0.048996433113749537
0.04666694409558773
0.0536930808954428
0.018189025770444185
0.022851948222075265
0.01396625592537932
0.01855861239073979
0.08636483389014624
0.09118109143166332
0.0898990703095516
0.10584222212997911
0.7191227572190388
0.10937164489189036
0.11177476129571295
0.7337137099183584
0.10552235315091939
0.7915383705147638
0.05879867034527234
0.03480116547327834
0.08606428094837759
0.046147005355340553
0.14982346029373914
0.06863494292778623
0.2855363074186763
0.5932668674599911
0.050013572054091536
0.03556649323616412
0.04488254773355932
0.15059799041301186
0.06578961755093984
0.0597616816821344
0.04362476927963746
0.14685541742921257
0.04311933518877042
0.048859518915187944
0.033258247865172376
0.04305738786659138
0.03230305397674643
0.04225944968549341
0.07823655063198402
0.0826052690951212
0.07290960582763348
0.08694451077242134
0.026448995634167964
0.06819149773407439
0.638792551641567
0.07581948050609835
0.09204333225355703
0.04225373102585848
0.04429877976563954
0.08588163857240282
0.04131043486710646
0.2619517179839706
0.09469006743493445
0.05092030257276419
0.04564650185458766
0.2733997631141061
0.02113760169608888
0.060787248113776234
0.061988182407022425
0.045659440505052155
0.020380674108440272
0.02014244366358081
0.08414183978956535
0.04695560138919656
0.15246629342622153
0.04294274310593183
0.07361374154642567
0.05638764599835827
0.06069142416226152
0.06376357990782756
0.09558975131176516
0.04082155589719118
0.04194517194701588
0.06456762770797214
0.0858105703858536
0.09848567908039611
0.02198282770301938
0.05261656317884977
0.13757862979969637
0.16906086928282954
0.06927626884471316
0.05670549207916544
0.07862779646736287
0.05494391181822416
0.025848680709198647
0.03349071386033251
0.0375867536815354
0.051794017089209686
0.103542981286309
0.04634703388954499
0.20912789108222196
0.029417632824990974
0.07215543764115234
0.09353505874159417
0.0977980382390482
0.02901099269645424
0.07031109816915333
0.02105803267456872
0.049801211939766304
0.06146376529547655
0.03344469313121315
0.02812005009461043
0.16866145618964382
0.14363542227706075
0.05404861470697568
0.034715824092516126
0.1017967158360401
0.022902829845110034
0.19123600833972987
0.03674406711139232
0.05951351288175462
0.026735758238988636
0.03872058888294894
0.016711241235709755
0.1564122347431192
0.34996206838424815
0.11059562230031131
0.027348347445876473
0.050252995380355936
0.02779916934735933
0.025109548478430933
0.029802231675782945
0.0637522742713288
0.029373765673743817
0.038737714398048954
0.028367977193872036
0.047372699663344
0.03512390112863786
0.027648490046935616
0.039239403378418136
0.024837568232254886
0.0380290782502228
0.13533198201569463
0.05260778733335064
0.10478571170877336
0.03368052603496158
0.14369544511670934
0.019758705008904517
0.012921611677030672
0.06885880480924297
0.01729228283631691
0.02502240530498537
0.06271669828159838
0.06409481435057572
0.2142531036907425
0.05045423885091723
0.03143523230440932
0.13585773243723395
0.021802814987834637
0.04867501145741671
0.03647559826119174
0.15920343840762957
0.06465931667990728
0.05456707815629791
0.03543156712596337
0.041249054784151834
0.04323780426830778
0.03489830835101945
0.054496668139485664
0.07749006844967195
0.06769895005461736
0.0543847507110662
0.05811141190026595
0.03029405222818437
0.06497472603151479
0.022820998573943544
0.061264499467858446
0.03354725026369946
0.03761416807835435
0.04416705346458366
0.3212730676216726
0.042396614790317595
0.037755186533956174
0.0320489814009018
0.02477664770985033
0.07356060244064543
0.08379346361399373
0.037086775878554454
0.22025542478629448
0.08439454892637334
0.09669178473228557
0.056032405857529874
0.05516366709942473
0.028845005815404147
0.015470530943770797
0.031096405283317956
0.03555177363945148
0.05743754133054007
0.03755645000840462
0.017435720535590022
0.04724668933182394
0.04472444748628938
0.12076107996226304
0.046232746588717774
0.1436165622770143
0.0385916217637405
0.06052373641223754
0.02166772980551923
0.04354473691506685
0.09227599797471024
0.023788795734274414
0.033445168912761135
0.057135236768780476
0.36968779634416804
0.046205521410742696
0.027966395131182997
0.08784587697502119
0.12678105812223475
0.387533805904598
0.07379138488502694
0.0661028347036971
0.014719141761049334
0.7358656576900753
0.023576529635472025
0.025417572109185854
0.02481478411513288
0.11818051980875069
0.04756464149138994
0.03924515173582216
0.3169909948860531
0.18389191147876008
0.9412457497149627
0.012388400940038473
0.0635549900711588
0.10215676131690471
0.13851304936045133
0.029250340129510673
0.04756046309233278
0.1298199232265029
0.049246104380714015
0.045433437617518654
0.060672080423735196
0.06160299774494461
0.11219646976376733
0.034723073073008266
0.035366401361538756
0.019128946954407824
0.05108764939680038
0.0718990825913857
0.61718371190875
0.03144248420892371
0.029269367127853992
0.022942738219855024
0.08075309441132775
0.06075421904662428
0.1350603412230403
0.08612922749641687
0.04838538385175497
0.05153636314082337
0.02072712075403248
0.11165216757549207
0.041911595573991815
0.06363526425029603
0.025957444565891396
0.030236359254944035
0.06179838657832024
0.009995663089517742
0.10824206527015558
0.08628849548452033
0.02494790305734244
0.031025218378913158
0.03249915078901263
0.21425207099507582
0.1892760269312822
0.0817173947564913
0.01821990139097558
0.130971598374997
0.06859538059663858
0.06839994448996155
0.12044165168121775
0.040953794978620874
0.12109633575545783
0.07204245602170761
0.048409445416186976
0.08990305298282336
0.04260937343791462
0.07112798491359076
0.04267803914235683
0.05415631096220862
0.0252408580658638
0.036729987943737955
0.06763196105502113
0.04440526399993936
0.03533940355756164
0.1418318530072624
0.026916689245745126
0.3433910095628913
0.08795242807187077
0.07953732670896412
0.2870378786556469
0.05386761765107834
0.02175359418512751
0.060319607817969946
0.08183636536048389
0.12631531802290175
0.06458935823333176
0.026077054401007792
0.03478095130668635
0.01969811515226912
0.9478254447937304
0.06297162845360549
0.040519591168532945
0.02120853098696801
0.07028372925943414
0.058281532093507386
0.9478144062080511
0.05238174554771819
0.017305644366597206
0.04908425016140744
0.17295893593175526
0.031037907016937562
0.0306052801408332
0.03979586400100769
0.0360226143301746
0.02969343509285436
0.026377487004922515
0.059267490795223594
0.029709930812977865
0.021699323841253757
0.12640812000836726
0.04393678411603216
0.05583518062421769
0.05429763277219113
0.0440823831690761
0.04481365200290211
0.038260769235364665
0.9478032410783946
0.040808904639202996
0.08104926535789028
0.9636375716271881
0.9477991322295464
0.9478581550696454
0.9478330881419449
0.9478262574799645
0.029593766035703167
0.05290427945220589
0.047600490389926385
0.05427431764683173
0.0485532328142911
0.029344390100821394
0.046964875336006615
0.01149584728920234
0.02982116871432939
0.04064531968078787
0.022245893920886557
0.021265035776868252
0.043584375795448736
0.03205611918724919
0.04892336248005124
0.05454389872819189
0.037956359131373435
0.02919973746740601
0.18782380927308132
0.016347103435252697
0.019452628039733112
0.026870749578205188
0.06438472481346091
0.009933225650449512
0.022743828196465282
0.09767755925426173
0.1437648575624902
0.15157208341132775
0.05253620516322179
0.03779933968251598
0.024289127936838063
0.03955479181183904
0.056426188855987526
0.04668915951785613
0.036798012538275734
0.16250304034857704
0.05702457552228392
0.09144155072186244
0.04661707153013647
0.035403366234449674
0.09491999325114767
0.050718904002390285
0.07869336756669844
0.04980348516448224
0.03633914672676432
0.1202559458856068
0.02060781354660388
0.03150090865152179
0.03522922879553118
0.10604647960625199
0.11681624042199529
0.04576864519998632
0.1277961124897507
0.07757097167728393
0.0275437363058367
0.14308685699683532
0.19749573901529696
0.030209926761236676
0.00848920061763269
0.045739196132610876
0.036638383249725036
0.05310520666923822
0.02959740661412894
0.0644658471326223
0.06825482089054542
0.06396051161558278
0.16684039668081077
0.027542858894153827
0.03271019809184536
0.03311818193839191
0.028265907419726333
0.1341674362011158
0.033544607001050476
0.23372209781322142
0.018442116098192914
0.0835683154420804
0.07901101036330493
0.10400108457477282
0.029515287469062297
0.03001656777648466
0.060292642536585124
0.0753771539172543
0.08350129055171858
0.27134891393441957
0.9900541186184172
0.9591344250156394
0.21577225416307572
0.05794288944475064
0.947783404333935
0.9478355331063588
0.09664617921640348
0.024924006184115517
0.9478650400895461
0.9478827613498975
0.07738144815454469
0.018241610810368705
0.04775708751161314
0.09734259995155342
0.06151835996515058
0.06750723299347812
0.01246007317631861
0.0636460029370466
0.08267680291344225
0.6560108711967026
0.15971010503388053
0.059473899963116326
0.09725193964246681
0.05262892503446615
0.028287601224502672
0.05678541379814188
0.02442622126021336
0.11327340036760203
0.05332940814828221
0.04658388729777055
0.04945654533280694
0.035165911364909694
0.04696818480453878
0.03359689128736716
0.05443746709888213
0.05071539462384594
0.9477714777390311
0.11206941999733029
0.07811071081210275
0.27886384862907526
0.361197804587829
0.6339555542346823
0.8536205249459197
0.015027969621484965
0.016099104236262016
0.846119435178311
0.04040720485911122
0.06969142536041405
0.03584663322355903
0.09177816840227677
0.05698164309869308
0.05358290765135406
0.027609389932162488
0.04714980207190056
0.06602036767196917
0.07086066980352855
0.01365053633332317
0.0277843184765301
0.05074021950589234
0.10521928990245243
0.03294358592741295
0.03953346306186772
0.03066273700327454
0.043069181337207024
0.034690359643221785
0.024863259680968194
0.020941569359672098
0.05170536473990916
0.05088161725984166
0.05200832092952758
0.0918330215733223
0.044864496172547466
0.013035873922304353
0.14909003030408974
0.1430315537019406
0.08141659107605913
0.032472651993268355
0.09002011934187762
0.05874789103846172
0.08800515605155955
0.06690424739041011
0.09048266620425048
0.11231092477347346
0.14274814429731994
0.05200045520674042
0.26786655651463614
0.10243959918716859
0.09919672186567118
0.027097640796188288
0.050555034400032506
0.09461836016473042
0.02255915593752073
0.013975987873884524
0.019212448412924164
0.17062907365294339
0.06339165046036363
0.019061640478028483
0.018653094559665663
0.06586593167943337
0.25633431059548956
0.04121166126793079
0.059733641916269474
0.0354344505372719
0.03560351931224403
0.11106491275070157
0.02254928552022822
0.04179932689946869
0.030702265937868144
0.1287752624922448
0.04404294109484959
0.022059144149734013
0.06934481045094978
0.03182099100627366
0.3029948685663874
0.09273225224583587
0.037569067343105965
0.058818927802054666
0.07141063348149133
0.18772243370038522
0.17862192895832218
0.04549065364772671
0.07630275183692123
0.06838727339960697
0.02546011750144376
0.030763606700659252
0.049108665290219136
0.08257599771602894
0.03552495133675963
0.07220371596790996
0.03428123563935052
0.05912406327805731
0.04134761854186095
0.0713787250262472
0.2272568448205808
0.0492082298420683
0.015247024584391925
0.028409926834591804
0.06134479207058052
0.038518478894504146
0.045592956050133734
0.017547135864314067
0.06158158947430727
0.08328629902127237
0.03446963181395639
0.07168427940658974
0.061651254000557584
0.2114742254156854
0.06021891392772087
0.1927556584600378
0.05292404646498847
0.050709659807085444
0.04417822647383487
0.2742275569186773
0.034648863853659034
0.3658333633872788
0.12209381088900645
0.03177488498642836
0.04255468250790491
0.06199920572420793
0.01966489368761716
0.07394879005848291
0.04112596838057022
0.03595218586639842
0.0685243359706963
0.09933769792712394
0.06305127215215973
0.06567425278262756
0.07055571575228739
0.03594156875051065
0.27966381592331063
0.0564556588208971
0.03514190560117178
0.05794388439008785
0.10775053835797196
0.054981359182956935
0.023163250685896128
0.17744220864465243
0.042490284290884965
0.037989315678700716
0.9478282721830097
0.07259260055434696
0.0423204294263017
0.22035716234690403
0.9477705503642446
0.04371312131565231
0.12462106565679408
0.04894397934099598
0.10417630724511553
0.08586180849642923
0.08302435880657769
0.1266162704653448
0.027021465140627744
0.985965812650251
0.028781283417385572
0.03986919206747976
0.03650486756672016
0.06731108028228099
0.055198132680949294
0.042660580243507586
0.06466042887570321
0.014575225293455398
0.037913213904949505
0.027904144209103674
0.07605328023638282
0.023081480319838792
0.02295347992003026
0.055888956709260126
0.08899649872998998
0.16334060418778512
0.9478125237726347
0.045400387394183846
0.01701833400105789
0.03429058711253596
0.11104949480244831
0.042972132934539824
0.03153379116293672
0.02620678003119074
0.05523772690449941
0.03251514275301963
0.14362327233768576
0.0706534891707711
0.06750307730825712
0.05578799221850953
0.09086165674446833
0.03989135343974932
0.14506473082300314
0.03068959323240888
0.04185252833691905
0.11019029391990166
0.062077167368276835
0.10083092414949947
0.1278011791800661
0.3306718930058237
0.04353744845036187
0.03343074584980054
0.06300195560574182
0.03381161677126316
0.030630285251691453
0.10664296563952576
0.0679718834118042
0.10971341560467518
0.12883681258343674
0.13549061629000822
0.058361943760944245
0.030318867049954283
0.04101102727448321
0.02347037935761891
0.23024244229167246
0.11573281133933754
0.14279887210274178
0.14376571693890136
0.05039960666801077
0.1967404005472195
0.1277908157359122
0.0395904739873983
0.12962155053317864
0.08184892403446728
0.49145762047466707
0.0729455084422088
0.03495181133999714
0.04427196152885334
0.02458204199276851
0.11163034480974215
0.06496681729125861
0.021148345594136097
0.018664643695342317
0.05081734902253804
0.04782008655556144
0.029877944966330915
0.06358335471916034
0.05484838057745825
0.07571366686116819
0.034823950843125534
0.030238944259422387
0.04676332643309544
0.03216858932401919
0.23772303338675357
0.10920489153790533
0.17409990240128312
0.061074069877544684
0.16991144921346432
0.024997209290646458
0.1333723106546632
0.14455456976029074
0.7278707714444327
0.0605108583911304
0.10069756306364709
0.12435985045275388
0.025844075922426223
0.1403956707203099
0.03535638149795124
0.033620528827493536
0.0546061272030816
0.14197156455379314
0.11339744086531807
0.15238619727832903
0.8645162309748956
0.6158498225053279
0.08430950171060647
0.1905009192835528
0.0600653148976789
0.1580277614687737
0.19455748145543597
0.017560093920462885
0.05426544288537172
0.04823147894577495
0.15002016781150193
0.10674061925055556
0.09631947076882263
0.08996273592041686
0.09937831882103265
0.12100898730580051
0.042631363119365495
0.1685454819150124
0.07059924246022466
0.01728866587343353
0.08184252809786352
0.041814998822757736
0.21142041072683251
0.12251536566213268
0.032682797550441345
0.163125742696773
0.045889032382650685
0.10992585340857622
0.07238738681550529
0.6536120672652436
0.04790833285169378
0.07137504095701835
0.04159085462760286
0.05399112821631251
0.03324269565443188
0.04442767528536494
0.14052917461370082
0.08419237466142875
0.08247896706495152
0.05051907347782649
0.03810314389510485
0.10396575383557598
0.04368086265596979
0.03212671594572413
0.07916524488747186
0.09278571549687259
0.027948821443866567
0.012932422542275541
0.07321158288315395
0.06442186675740592
0.1532698077480727
0.03548372389868318
0.0890050422748947
0.017849700301732694
0.08632620161699381
0.17775736298867137
0.021655993032996056
0.03290534392510092
0.1122353945018192
0.03617155015379122
0.052869455201791406
0.034026680085018225
0.17223100947517872
0.03842287900273916
0.0598053815952367
0.028646397364031934
0.06341967625603906
0.04014669441571891
0.04030127348089761
0.14086844181276018
0.4741855563641931
0.03236374625863228
0.024448831254943234
0.09297977162725465
0.02659540049155911
0.05866253193813228
0.05792677508600892
0.11478154144886614
0.1844148567132162
0.05249654151142449
0.043770770526371204
0.054818528652640745
0.061365456096060714
0.02456134838917628
0.07219653453518855
0.02634985356476263
0.027016577039937536
0.03144739422476734
0.014153252220301482
0.2764328787615379
0.0611706114992654
0.013371187030303175
0.1157070677790799
0.030820560161034044
0.05153391318315162
0.06121721720426479
0.03522972200357337
0.051642207860311935
0.08109866139376719
0.0854010673455134
0.015098706806511014
0.04567919629175199
0.0704200900898878
0.03647470185491302
0.016619769765670915
0.05354435018190803
0.08674756229875491
0.10000534295369597
0.018612500721937937
0.0830049388845323
0.09293068323255681
0.101270878327474
0.035213847281062555
0.4372400764397785
0.03975544355022553
0.04439936044731407
0.02058687863510101
0.04763416307973814
0.024658460385931127
0.018351128110065628
0.09260443867981236
0.03744468492915421
0.13646620130787435
0.03300117651395725
0.016758221228771027
0.01709595163744081
0.03099549641565452
0.029114904105883216
0.046447822899399624
0.11365122142305273
0.022865444737771863
0.04072577466660536
0.041430423532531895
0.08556270892713715
0.03390224279724704
0.07706185191919251
0.1253050754265496
0.0742181405956014
0.06170634871746559
0.019864668098034603
0.03647475571168107
0.04835270512541143
0.5824080613681087
0.06454740496699332
0.20378915309736464
0.1534437323998133
0.2802013851179073
0.03944928965055752
0.11463787218053775
0.06763471526313644
0.076645630376047
0.09413761816787214
0.0334631533342233
0.03156164774177389
0.10534812316210977
0.07445969428660865
0.10410769038847965
0.07069233797281063
0.04017740884502795
0.08052578336475691
0.10243651697874238
0.9573170234140641
0.19676474109101433
0.9301761859408767
0.2096458196708214
0.8488002897719392
0.06817736134636217
0.903995247162991
0.9814755803653825
0.04373160199486035
0.0303750785069526
0.047619507905748606
0.06390713583873427
0.08970247084119674
0.18605472772872558
0.7491251906593587
0.10347925803962015
0.03746517045651506
0.03275966833367861
0.03532800311684134
0.0951365730381349
0.047024639411278574
0.10393208411523076
0.055514178624062945
0.033626067673761785
0.03196832033843486
0.03326871871245261
0.15710570340440985
0.06112248258327924
0.10218757600722131
0.2649699738168159
0.3183127581845149
0.9704911078799625
0.9728429261714968
0.9775356708683911
0.06629536070073846
0.1371889907635199
0.014822797589613811
0.22505629468510102
0.043691907259568154
0.08082929281799306
0.2430359071194172
0.10631976987407621
0.9647256804745565
0.18229743590042627
0.9562468910714038
0.09690283342952272
0.12121027293028395
0.017426872463066113
0.03672971219022906
0.028498166674167293
0.01525011280276014
0.041098147984948055
0.05816614545713745
0.06525024763208116
0.03244318734957594
0.036017825482599256
0.024304417235486084
0.021084778140674956
0.6780549518171797
0.055701010971171354
0.09862009687857372
0.4169167291983287
0.04032174704213641
0.02941805629453284
0.06759551386017859
0.041942144510933324
0.06449653195859736
0.030986315090637467
0.05241582860072603
0.056146476413380386
0.06868247279386497
0.05753253107611273
0.061911547177629866
0.027181905924971297
0.08151698795231681
0.025389425915319473
0.09559800524193665
0.08463226896417055
0.038325785959982754
0.046973552557369964
0.04874131145600599
0.021378367999082753
0.03718539910117267
0.04628878975214515
0.5662086160743017
0.05246191169163216
0.033477851252918314
0.03576906152521448
0.017753146042373085
0.03980230151434555
0.01754233218839652
0.05869125745888363
0.06887924094506304
0.04967652156436404
0.44699744604788844
0.02005168706562039
0.02160188724145934
0.08900254752970425
0.084147884632247
0.0253739144817539
0.030770796055981004
0.07895324978803822
0.041776307064416845
0.04463751200339143
0.029503220374223118
0.03203357448613916
0.08334635393640749
0.045979017906283164
0.0828073141288173
0.015226605996571479
0.06158897603393669
0.055181678705694244
0.2895778576724757
0.26837182270916965
0.015273748096487355
0.10524448781748354
0.02635485206499084
0.9569009515533441
0.03460914696380025
0.021558815585120347
0.9865371427968311
0.1133777537074034
0.02457592890238781
0.036871550526662425
0.03268707869081089
0.06735676764021997
0.06899234700740012
0.0769571161780978
0.025930475733548643
0.02199370956972895
0.11497577431539581
0.06853241888110051
0.051507660670177
0.16670379116130715
0.03301289185211829
0.09689630908589986
0.07401264418256345
0.9626742821822275
0.2566517394121678
0.02603634778499035
0.03351003240613523
0.05854078162124289
0.019213061508932927
0.07309425262616898
0.15207334690458596
0.4469625090823625
0.3958530388239042
0.0621528582236625
0.06328080230480235
0.08753694581214531
0.04608633942962859
0.021776111446030217
0.05353397359222551
0.13491012241724432
0.09819642523101074
0.0812241910169207
0.961834234802421
0.36821584102946
0.3084297461682064
0.0423160686103433
0.015390550719938872
0.34394145075393845
0.22454761374293036
0.9760414097874939
0.03106158116371388
0.012232975855929631
0.04938649676092991
0.015308960369992852
0.06220759912789165
0.0245990426808972
0.11646322683486579
0.06058488815154994
0.011752577389269415
0.045003876465691206
0.10032148721349143
0.032464532925825275
0.06174270721743367
0.1113397679460335
0.15517363638599618
0.06119319992663248
0.05185439216234978
0.040692714129504204
0.12167320329588381
0.11708332879370018
0.13748510568826658
0.040339832728592505
0.045529240573640245
0.01780931421529004
0.04952694239998578
0.03015084725745946
0.03220620117199564
0.072880032586386
0.050367584575439064
0.025503682713625474
0.1397129773109329
0.05299797637652177
0.14901237378237972
0.06965900429138815
0.31498894011000717
0.14741103480749362
0.024678783952704345
0.02223968584586369
0.027383165481839045
0.05887423067436553
0.059772742234879724
0.6421463666311691
0.03305684460848154
0.05464580870447639
0.06744355225529124
0.0517807645368797
0.14956291065992774
0.061003601242049184
0.08043161357159348
0.07483235274348575
0.026987304659025862
0.02485080484896192
0.07402354763914289
0.06783295102787851
0.1116201576547749
0.1299957039757654
0.14339558074248746
0.07016337107008795
0.03833795546966649
0.05536758901107028
0.052142743065143715
0.02482362103714075
0.04793287825946615
0.07232572392778963
0.029946609453501808
0.02394764309479513
0.021947433064431802
0.07340326406625997
0.05270313210787585
0.12132413467173615
0.0432778195802723
0.02382107645763307
0.09856208546967243
0.05014603074426185
0.06413254725402276
0.03495795793169332
0.08674716730959192
0.08986673374006374
0.08507155207843974
0.12690213170649253
0.11354272817843855
0.0640058708724007
0.12669986091799965
0.3446794075370966
0.34035418964191994
0.28663023510898783
0.07276435537075389
0.03181243700683345
0.04565429167710909
0.1188309591213103
0.08981415712523477
0.040519608924031836
0.021036012775628724
0.06696227684659582
0.018600166254651447
0.10662110342455713
0.11273315788383244
0.04595240095402106
0.008719598079918234
0.05592598609642699
0.04962740196237532
0.015307373838672601
0.056736244639838646
0.02801995840575788
0.020982029652150493
0.10510574103921813
0.048133444827988106
0.08573186375652396
0.06570769584103045
0.10276723939558798
0.04487289757001337
0.04262700836934665
0.16884226076867428
0.09300016686543187
0.0690312957816887
0.06203146766232574
0.05764242160771652
0.08951126728183362
0.07489467019203735
0.0332769763471917
0.03543565527287897
0.05506359808552734
0.07680193372722448
0.1228194431032512
0.08358754770727324
0.05685461614253373
0.18540933381290373
0.06764808335047483
0.0177859886637279
0.06734286755902646
0.13435145070379786
0.0468990128681315
0.06901263574368564
0.18938592103283988
0.022016416385453676
0.0363790728124451
0.03903807892123825
0.35304391389028145
0.06378813238808541
0.08745874658075238
0.036869075900823486
0.08316834275180454
0.3738159829937824
0.042611185184552466
0.027982498832937474
0.0332035454387586
0.03010840325620624
0.052870286880888
0.15442199020490288
0.01391689365881682
0.05282196067396695
0.04719357186590462
0.7834340332702898
0.14569906505546487
0.027127051046201743
0.039878257414300185
0.014587634370883926
0.07602520721301811
0.050575863495950155
0.03746388277845728
0.053155120157767986
0.03771841607333282
0.018357739564606134
0.9546926943655258
0.050080143893333026
0.02148802053272301
0.028520295345952653
0.03206121579942527
0.04659617684588689
0.1690636606517474
0.02000453086240056
0.7912522452872307
0.07272773401940949
0.03160489641701678
0.13481916688390322
0.2193767670332428
0.02310055773573217
0.05036100990813733
0.1382742220287208
0.03644529458472368
0.027073508801584482
0.03182590733968369
0.017159189878401367
0.041858194637024906
0.12030891795339829
0.06202194936704249
0.10704620329748755
0.04099029465067738
0.02748430596373145
0.029211433734852958
0.12254387207149767
0.08179270164344982
0.0185994908856338
0.05187601652364063
0.0641497274350887
0.09523363029895994
0.18779542758760337
0.03336826136018771
0.018350077670416194
0.9656051784892739
0.02705105860878499
0.03452011281328915
0.10899245606204305
0.030457836542636084
0.037613256249013516
0.07307667148659584
0.02593387296192617
0.10580112176409524
0.024775316254491926
0.21071903418319918
0.02496100119607172
0.03708655130172318
0.1706502437644394
0.12321575218712798
0.13889854209847083
0.12242986554062918
0.054446564723890596
0.11019106704957608
0.04328349929667515
0.12948692787996344
0.020942642186489183
0.032879784222272154
0.03792517195081767
0.0492224018899008
0.06366807728239013
0.14211834499681722
0.03167158326482474
0.034888911815586544
0.01603475501255824
0.12231781611924117
0.026927267950359875
0.1947701698369154
0.15136345224701434
0.02550334918175098
0.031569438897723956
0.047108831062336806
0.013403615149324926
0.08724169355261091
0.023230534503397245
0.05452236105842722
0.03339660906541578
0.11754432176420018
0.03994074354502721
0.02260470938908469
0.05382898104079348
0.053185660049518996
0.0465357017042946
0.01714542203778589
0.02443266558970076
0.10866450489891981
0.061216503769332464
0.4948416847061542
0.1292857315667737
0.13473922102000777
0.010560027050309761
0.0641033306513754
0.08931677442177897
0.060100983083861935
0.054001207658504274
0.049484049094732224
0.06055456504780767
0.059746521254897766
0.061090384437190955
0.058242908990012436
0.06661637612255869
0.051981761092837586
0.13295983588043706
0.058696386790183186
0.061964000913502564
0.033045833869553086
0.052139824027086175
0.13274032224768467
0.011358069850010442
0.11503965452017793
0.05787825512453335
0.08502393439976855
0.04451996107966839
0.2738091087561412
0.03226325294501468
0.03945614280198114
0.054154513601836
0.05793984537642006
0.07674269667328146
0.13592157108288333
0.040954275854606335
0.0348792362567984
0.05634164984123039
0.03758318449172362
0.12443375057417858
0.058043994612061
0.0846482698949518
0.05936046433124022
0.04402173177339693
0.2231227168827197
0.05098730663524106
0.0312211417049972
0.05984388410439739
0.03886822358594203
0.07167306079711709
0.04292264477982296
0.016532773871208273
0.0177247178593742
0.02855567343693652
0.33218588230952556
0.01788430079294055
0.031856474966621036
0.06161369892983174
0.05771655505734866
0.09411569541505627
0.02007492406935336
0.1005855461550156
0.0580307906016545
0.1691208715709041
0.10780834878183648
0.5382025082336784
0.0627673631050308
0.5410536843909522
0.09841454151970391
0.03421193834666021
0.39915432671176276
0.23744076570460498
0.21520617719286864
0.1831107821413373
0.031201836015010007
0.14081929762808626
0.2219954361594117
0.05834058713406539
0.04179761679776663
0.02588376771160166
0.03017890845295363
0.040238713512375866
0.061232506756054225
0.0389363233078182
0.031849523099689386
0.03185097880359701
0.030261104745014537
0.026879006595513483
0.012600699465694695
0.02796110764270332
0.03959663242787856
0.019450718804412244
0.20627647564932175
0.017996548552794242
0.03872686962977982
0.021151538681997883
0.017482845255832043
0.03202422492497538
0.11463000286076787
0.04461546280695837
0.8321745063063045
0.27221748688049996
0.016408068017869537
0.7752120476550646
0.18559165720148676
0.0789751322487918
0.07508366563913321
0.02958401338018975
0.1849217247985214
0.11766279044152533
0.018352144364178598
0.2903095156218962
0.05370000879927906
0.06259379990018146
0.04102835472446345
0.015723938354611007
0.13194324773147406
0.037561593634803735
0.6274087795968585
0.07335978749707245
0.07289924237680667
0.05538501843410412
0.044959761085195525
0.07316916534986517
0.06154703804768328
0.038359665570655295
0.03027284941583603
0.13289623965755767
0.014535279989718944
0.05172022448483987
0.044773131545270684
0.07129610882490854
0.026344376788915883
0.08608404572362964
0.017186061956990583
0.14196433658710522
0.021999704116380466
0.061813245764734806
0.022320416433763424
0.056790083752659794
0.06191964450333869
0.04699754016557807
0.06103087069108367
0.0707674653967001
0.030683212831455402
0.06918580633948587
0.06837386256219073
0.05529429521397385
0.06664066204648207
0.04240581986541099
0.07297591054210283
0.06822477366645383
0.28069484715141163
0.02753241861609015
0.07292568353299785
0.03626596109933971
0.08375901313212508
0.04236754255944675
0.04956389760323546
0.05609908084213946
0.06487296679735947
0.050436945974303114
0.025875553353844925
0.027845240064558522
0.07715189327633497
0.036774384181175346
0.08697061451592585
0.05316527756232455
0.04959924092948914
0.03797574423611089
0.04089239995615857
0.1001070147901585
0.08775841215630938
0.14369190418376368
0.041657702948276226
0.06148830925016585
0.0378945315976214
0.11641422773324496
0.07435265577531823
0.0263178262398133
0.03199614012967815
0.027511643397608084
0.01942088096556601
0.03472341101398926
0.060965916996330374
0.02661275368782589
0.12676747339037928
0.12320473878234478
0.06484985040331757
0.05609694308994501
0.04346869872176387
0.0783032395108308
0.028235684283930855
0.020094643133829183
0.06437899762959931
0.013480331209828363
0.0347323730896498
0.014233169661813191
0.04033112696427068
0.061335692944759504
0.053972989364201675
0.03467475735244559
0.03217068858061491
0.056012098987269755
0.07082179021525734
0.023331066484882274
0.020621987787244528
0.012525177496410678
0.036294249710901276
0.06744089288420152
0.025351190942967988
0.01651324966672545
0.08931826502975115
0.016961160662280476
0.1413312015770626
0.025525903711827266
0.08754328752495016
0.1198861738261991
0.18691635615510516
0.8312488218243891
0.03637628949919646
0.03371447394863288
0.059418174163206945
0.018777320792593883
0.05413514946757637
0.12214214715087572
0.059258285592952466
0.1385707399429365
0.10562010328309465
0.05769504095800903
0.014691110644678944
0.05470228845119912
0.11400211871364915
0.024239582111787325
0.042671827570472796
0.043088443212955525
0.557692453045958
0.09879744314021288
0.6633337134946975
0.23582774008093432
0.11705022754569928
0.03552668745874171
0.06017252672539535
0.09201332367010215
0.08043031081103276
0.1523016203144047
0.07751772442675135
0.6313141851766143
0.8208172451887531
0.06017719228113066
0.3936813446669811
0.06518925289909856
0.16009171723425103
0.10368793420513556
0.5410892036958762
0.346314108268611
0.06915852240480785
0.026633329342683816
0.04092429124129524
0.03890036510873923
0.01827019790499753
0.03297178517468539
0.05315414680438088
0.13867845080347493
0.13840488214530788
0.11354684695049444
0.10839061783507437
0.1304923130519743
0.09437360465219054
0.08045125906709845
0.02671422451932295
0.061439047293191024
0.08899035234018021
0.072827206661398
0.08477570733506119
0.0792003241437063
0.03708667997885294
0.7909840188546777
0.11707815010327254
0.026401465218577943
0.363079761060041
0.1535621680010345
0.18400296828412163
0.12423714974346295
0.02348476878287145
0.21238069887408204
0.1713835566542833
0.029965979834641155
0.1038395108718117
0.014073106264988238
0.05255362597227417
0.06864240067390354
0.0902128715062433
0.0640822231426159
0.07978576723819833
0.1334422639011406
0.15993600773952582
0.022037397896473184
0.06653465700283047
0.020701084029111687
0.03869010611575304
0.08208552415798416
0.04366837169447287
0.12739576911309775
0.0676216845772345
0.044711022436159764
0.10347387802614265
0.06150741094149338
0.08099769022870625
0.04572610109630358
0.029944916027141003
0.029134949966294392
0.028983252884953632
0.06468604186790022
0.021244827928355522
0.02370433914035214
0.06006335021923189
0.1069692149308711
0.11669426010290009
0.05445785704228996
0.0929868281253026
0.04583660772705613
0.10742426463088955
0.04274896621504797
0.07530441918465763
0.06911463479116282
0.047083811642737616
0.06101825064220877
0.038913117480296126
0.07979940741490625
0.09653373957971723
0.08128576727254823
0.01835164263516169
0.4107298943083673
0.12327850352899773
0.45574055573701266
0.04073965082483511
0.02490334547894689
0.03651671841480796
0.022730658509133264
0.04163884731407054
0.008043661791496768
0.03390462948986525
0.013669559828640158
0.05571665361037641
0.026660615483763122
0.037763511207494944
0.14375895531344066
0.04115226623544548
0.06033502448170018
0.021825979132275745
0.04242053899659421
0.08914420724213122
0.029353560578158994
0.21022841200369835
0.10176564630209294
0.21558758034382447
0.06588607073838704
0.054445311997938776
0.11107884806652547
0.06356441572232371
0.0915153673317222
0.06770670828544871
0.04855697010695417
0.06522527624732134
0.025171560463045587
0.049197877819448635
0.03518552041696109
0.05960102428218774
0.041974779305443105
0.026664513506082285
0.09069987014760722
0.031059984062762475
0.07097431480253584
0.026491971678990055
0.07260944334410445
0.09350614277162046
0.015824839520003086
0.1429030808692772
0.05765653912430848
0.050403900010418924
0.06273768188793226
0.03143838518619132
0.2639523465638956
0.022875977283520733
0.05680107707688718
0.36817351540473825
0.10423934566552949
0.02130238398256753
0.20144828485345695
0.11028171775767552
0.025957110204443315
0.4593598841842602
0.03271038700976695
0.03980841561228385
0.050458519365208045
0.1312446857164514
0.03421239280625364
0.10824855437283079
0.21828760288013643
0.03327369013979715
0.33770232862767496
0.0917449581899704
0.049159302671855865
0.046245957395594665
0.0464265738024097
0.060180438936851384
0.04910416931605744
0.04679611774601865
0.04436113404538442
0.043861120140545676
0.11736019264496766
0.04421545926607323
0.03580048834043619
0.027198658204240497
0.03306029367681315
0.03754332027862208
0.16095796551093478
0.07230574549353523
0.0834477412616753
0.13457295720129056
0.09556133427428075
0.06170973723114056
0.03348553688033486
0.06756888869687325
0.07378435479952228
0.025025082757407335
0.03407467369451202
0.06037490052637412
0.08283901566229168
0.10787248520542947
0.110691041982906
0.018537059794675695
0.07714387429602038
0.05940780976426607
0.05388603468739921
0.05534928142329764
0.052382716192257824
0.07323240421034766
0.9267245978521458
0.042222593982470545
0.07456650871485157
0.11686361074379585
0.08815740050146491
0.03244076652633944
0.8895683518997396
0.061814592642945976
0.03131888717158182
0.11862868736843991
0.39797359634172513
0.12101322208186074
0.03703674985780608
0.1489318219702451
0.030709775048210017
0.03137839543360767
0.06016351897043115
0.03169802396358972
0.0949622916407075
0.6099120405435277
0.030673922837252773
0.04556420128626691
0.03694277519351744
0.06862807582815976
0.04809313497245319
0.14647714931191605
0.04808186625392893
0.022934202635964206
0.05812063366548683
0.042657989647974924
0.04640197613150389
0.08306578655441718
0.025786829287584426
0.0878538624250669
0.03939784312768577
0.03984347942846817
0.13134557709657732
0.08933372763091559
0.04360098960701941
0.036684002730904816
0.04520192678055652
0.11040687709311665
0.016081679372864748
0.1065515163303307
0.10371987976041411
0.5334621345212579
0.18853926643452373
0.140931935723747
0.03760024684126152
0.03616430915656223
0.060678277880081524
0.04934758266944699
0.06632014008122694
0.03055339426484722
0.03263397338019071
0.13193460990455538
0.21332043098148543
0.46201129307882904
0.030485819203738454
0.024323392776188772
0.5705406443021528
0.04026870456216352
0.0691474757653315
0.022109194143039034
0.05147144417992159
0.12220451319984921
0.07738727054545974
0.017804779626378928
0.050592929298644
0.06020552235111073
0.061416955729654436
0.0850276316175552
0.09580671180231234
0.03757866471273926
0.06867820077822916
0.06177828181813316
0.1436312733162861
0.08436653420659225
0.09046651823613508
0.06160408379756941
0.03648534234770188
0.0257023882744941
0.22118108304727366
0.251730331067037
0.057327353773058407
0.08437440761552022
0.05486608831982791
0.05774332726071787
0.284863285585007
0.9616444218143293
0.08909000974535829
0.061268383369455795
0.12221206810053689
0.08193886635853495
0.08385191908042645
0.09743529170562318
0.04920518295437387
0.09212868423212085
0.015288568832336553
0.06587900813206024
0.1492032354737683
0.03715033587442485
0.04712433856795114
0.09483044875989603
0.03396117546559614
0.061290775648847814
0.045884785228425866
0.06771366115770118
0.06732958849114994
0.06613200174017107
0.06200648286623562
0.06480753680502954
0.08348618297291747
0.04277334223509041
0.03557321807134291
0.01652878599124086
0.04563882882075254
0.020682959806027273
0.022686531596821324
0.04655511381864568
0.02792454581393968
0.03364581136233077
0.11069070499443977
0.11360783207080494
0.055923898468314893
0.044643204705405067
0.11218062400037614
0.05705831863832993
0.09084266660824677
0.054993217065781544
0.023604697842061408
0.059979977864674704
0.03262256219647657
0.20386695058332854
0.05283844094407379
0.05221736680874288
0.024513569982912483
0.21511989809972187
0.06986745387781064
0.06710870094855828
0.04032535193996552
0.05706538776496025
0.20058612009392995
0.01909607486694608
0.052713966334990585
0.047699077794003675
0.0596968784929914
0.08073387996900688
0.09149596001291693
0.06290898593060393
0.0742080027281924
0.10336580211096374
0.029936989997781493
0.029096638874774906
0.1089280376311895
0.0935248366744488
0.11195923908239815
0.07251276972519409
0.02341384004998269
0.02165392876280256
0.05631217313614596
0.08657155430282057
0.07196998329728763
0.13896167673538293
0.057451872800245295
0.09270369028693348
0.029356986682858677
0.059167608607413685
0.1587041270221547
0.04999689790993208
0.12272614011133579
0.06521868974663222
0.03305245959773073
0.21031432755126545
0.04452544416333647
0.07990342878508261
0.03182761257535931
0.03322351668128312
0.04662386705241282
0.08334795707797042
0.05471759388405124
0.08073487385909064
0.03848980728863447
0.08447682903282334
0.14218235204134574
0.09139752325359968
0.14256018540718007
0.08503054818225596
0.02629347689318302
0.15619791446095524
0.12402282468703345
0.05699307657984618
0.06786870281138391
0.02451378730411933
0.01916215938184179
0.09470822750597446
0.04226641862907115
0.08089162256045411
0.08197282578447397
0.08296786515539048
0.04035101884396654
0.061175915282973954
0.10789996061975166
0.03787953244739872
0.0373939628708244
0.018612231831473442
0.11487753643000545
0.10320841478339196
0.03930938244334599
0.05691905178928331
0.030370851369905007
0.047466527665021054
0.060230867073029604
0.11730730821966652
0.07527103880793785
0.10764996199637071
0.03705633132525482
0.012170385303842195
0.10414912713431869
0.0834802551004139
0.05949586696201649
0.03743623477919251
0.05225261694264977
0.059250747332162616
0.05251894552790927
0.03136864405190609
0.0142289174853679
0.05360636001074991
0.03971413572171895
0.049499141595618266
0.015791277672527856
0.09675824193630551
0.022610903518719496
0.057167351026391235
0.7787056232697552
0.03993981061247872
0.05303574316455158
0.017030930996546956
0.07728120449253853
0.0381383195163974
0.06847364244344442
0.0313031090659335
0.02149160930935036
0.095200835581111
0.06437864157465249
0.03464302789043882
0.13949481572002195
0.03164428421643657
0.019586183752670683
0.019514726101946663
0.039466543907109596
0.033061762219629975
0.08319406438716646
0.04007550892152755
0.048582679617472195
0.06982103266837304
0.04663795083103615
0.04196239534704418
0.04854384263563794
0.02781502843710756
0.11364967116348193
0.09457146856718852
0.13325254798603037
0.0467564811614932
0.02349707230583626
0.03934426720789477
0.14357638551191013
0.14376546729301615
0.05517947989979821
0.14369537971733917
0.12028565115008708
0.1437675937041363
0.06433311626908068
0.025402066508691833
0.04307144875736005
0.08045101719403064
0.1357997480081652
0.03582756311403239
0.03046264643233253
0.03010580013580576
0.06271907774304686
0.029363463085496328
0.04060021360868135
0.04477783678139319
0.03811467947840354
0.04722229446944675
0.10085215341988384
0.07464208936635926
0.07716052927946888
0.0498404062946675
0.14124066039789088
0.12391680048827577
0.064709739452165
0.02557688203016826
0.06415382857879179
0.05564214328375347
0.034919527388353154
0.10301429929916021
0.20093307264821025
0.05510623441096224
0.020271042009574938
0.04477140634565197
0.07041239217833876
0.03334734670422513
0.027631650074178244
0.04104620448786449
0.025919211246447305
0.09403794490197896
0.1434260357041284
0.039737632947882094
0.11971744894674027
0.0754689885785144
0.029584041688683067
0.043057634695250896
0.13018991596806578
0.06165742433044774
0.08791997189239892
0.0640772935268598
0.10331270821662795
0.03446141466828953
0.04903376557474728
0.09828967753796082
0.07504350261462968
0.05108526768895548
0.8245520980102952
0.018055342088613306
0.06598276349793938
0.011574235508158915
0.12101190002539129
0.1392519527039555
0.019033739338957436
0.013487472688379722
0.03158796993940709
0.05913342981375624
0.05150994273592455
0.04323286287617441
0.03614307099366186
0.061270046211366086
0.05969491514525006
0.02422599806658586
0.03509104042941898
0.020891334717658087
0.026885636155087912
0.04854908190653732
0.052452741663902944
0.03986757032388628
0.022183815616189356
0.02839473901652791
0.037525444507129795
0.040718034080217756
0.030540522234409083
0.05810325283073174
0.04529252045312339
0.023114535366273323
0.09096197352697882
0.023994406803297726
0.025842580947614754
0.08633711463138544
0.03993339176583623
0.08126856291153824
0.058172704999067605
0.0805877819695473
0.06535102136920716
0.030032278832319806
0.10273919240580268
0.12756957057358334
0.028699954317382658
0.2674549064071347
0.06134946371522404
0.02341498991130491
0.02473960183518982
0.1100590850711404
0.06462549719438015
0.424438464456183
0.021711390158699426
0.02730811651630005
0.08125210895838142
0.09741087611291403
0.13610442945235543
0.05530997346727905
0.04660152253418698
0.03500735413523713
0.03191022622708729
0.042216094981011365
0.07686424236015527
0.08390394732872965
0.04286971923364289
0.03652502626234715
0.06834105847463263
0.030379371503810673
0.10169310270358725
0.0218496366887585
0.03740808952517318
0.08870656377665868
0.045165700192513064
0.033297160995231015
0.07365783196107901
0.05925929689464809
0.06231015733114168
0.032271084951278235
0.05691948202584481
0.681792553269918
0.30429000638355835
0.03091954770197673
0.08285395793973205
0.1452856255255254
0.13832745969151986
0.7341688646965605
0.029816764853594514
0.056534883330113896
0.06200639773256528
0.06707329458894232
0.121973604604304
0.10183748279765727
0.04480469240715659
0.02217098871028563
0.10981909271290546
0.3196999211799422
0.15888720689632907
0.04485800986411285
0.020274851836383674
0.015431650297194423
0.04296781157614186
0.07330831426880086
0.031021935678349738
0.08332151261527972
0.0358946099201726
0.05318947935673239
0.01637054781979345
0.03198531703082667
0.08639975134587143
0.02256868912717527
0.5724209139177334
0.04820721890157308
0.03592108469971215
0.06952342150519704
0.012114371198545101
0.05581473328771989
0.07036359737228243
0.039937840021784014
0.05956982310812717
0.06271630834192939
0.13947497537079365
0.09446001441661635
0.02996166205708174
0.03996940668187728
0.03296158669137546
0.0799858262873854
0.03991774327697827
0.10851587191212793
0.4319108679064641
0.04943825612230512
0.1887962316508004
0.043010790420750435
0.1062976985386734
0.11804963582275388
0.014610965853823902
0.05792221718445248
0.06678254964950225
0.022956262337103215
0.03342198891898959
0.03680591657624858
0.09556201063209883
0.09329734862890439
0.027776668856959924
0.030249375487371808
0.020820665302124508
0.021200541531822662
0.027841749254378337
0.09094173177735315
0.05983783493818254
0.08281364695253571
0.01881395853934768
0.045326606713384336
0.036325954959155894
0.032879900260296885
0.06320720180929928
0.05588701640240777
0.010251087024508871
0.02804448823995131
0.051460930350359736
0.03435167106831803
0.07898568595637988
0.03621287602906431
0.039870119675615046
0.06076836910998206
0.07421074325184257
0.20752637392109227
0.07801757865023881
0.04530350998624624
0.04345212112763281
0.06544606486780487
0.0478647294735133
0.03749216389616645
0.0757930044192409
0.05587955678207706
0.04611034122518347
0.06331238819279038
0.03799617540301266
0.01577011741644587
0.06792714829006283
0.06686364829772418
0.07978948879539542
0.015881122608207756
0.06318039343490724
0.029857995976982975
0.05180262620609678
0.060761023981453784
0.03373886704434327
0.025527356836485056
0.02004455706679085
0.05965037877879387
0.030680614541536273
0.030165093140665077
0.03658602235516142
0.03358486052839766
0.03480903893649733
0.09450651730775672
0.059507519311203495
0.06079247678494335
0.4530467684915757
0.04399874655685711
0.03166671906028029
0.1145961245201013
0.03680587060880291
0.047801774377862455
0.04649981976669652
0.07293820016320911
0.12440149297924566
0.16822150121899807
0.061209981372751465
0.05456141513388459
0.0534045372980202
0.019858060283793208
0.11697055090301078
0.04436381019807252
0.16675084698113973
0.027254166507200094
0.0616835411655547
0.05993902169164273
0.02598055598206903
0.14865711212132338
0.054501800643396076
0.029721028354890527
0.05786555257856574
0.07184104142383323
0.22796417235313937
0.11388748247763657
0.06509363048940958
0.028193152546384888
0.017637129654091595
0.02653286083541279
0.0830336920429341
0.12702271239823026
0.062164830222684424
0.04949447270495907
0.022587645906287517
0.08467984491142204
0.04342545048971074
0.02762093688323273
0.040725920055800495
0.07765841380640681
0.07157240819139374
0.1086395082529832
0.042400117237946365
0.03797496690671647
0.0500995570288319
0.02969581713963058
0.07962743246928644
0.03928616320147276
0.02094000475165502
0.05882155234739694
0.032928042056452986
0.0700194680410621
0.06519518722269128
0.02155547994870077
0.029339225719168725
0.03921616107986997
0.053310727159571684
0.019879086505465667
0.03210594651889214
0.06033830429652448
0.033900712500976315
0.11625191789593033
0.032985425015117094
0.04831764318469105
0.02914854026863835
0.03217987309767111
0.04861177825437953
0.09256131009114464
0.10421524349947911
0.06699030719623171
0.06526792188166962
0.07364473740030834
0.06417027204008344
0.0601215347413793
0.07656573861245322
0.06164729067376634
0.07124893753761889
0.10878646993001453
0.11266462605350847
0.1189364354224166
0.07940252746161573
0.042801417893579684
0.030825929003873098
0.054872081819548446
0.09353886773671558
0.07928520979468967
0.08582255330272195
0.048199552289355005
0.10532291296636685
0.052254649839659294
0.06896265936909943
0.06089835335409275
0.035915197409953484
0.06399457817300862
0.07629938142860054
0.062003087519246346
0.03167370150907925
0.10085064941138265
0.1729012561902991
0.03003931247276798
0.04482736472188581
0.03679109797392329
0.06783278003320868
0.07490651250032263
0.8337887813762637
0.06159876617201183
0.5349331729816015
0.15766120731876093
0.28172315993620506
0.0653882567653669
0.0321778738230188
0.03989527280137257
0.07064277776674233
0.016751109178854393
0.5717555046517142
0.031297769234765536
0.039110705200206396
0.028765022582363728
0.041936456051969884
0.052770145952341946
0.01973410199577451
0.03209841901631103
0.0365549297442837
0.03890476896743375
0.06320203922819155
0.027129039183019742
0.06179328434219486
0.024322292017378542
0.18241883822532523
0.06921804228623586
0.04061767938048773
0.3325385433517858
0.07917671844238672
0.03854467060798335
0.09633211349281698
0.1430712755464905
0.04114424728941989
0.08286336986620249
0.03481351828724475
0.015014905828505253
0.01486839981090219
0.045708000389544264
0.03947231929375522
0.04763691881540265
0.027066447632709306
0.02227875701829006
0.031578475654898686
0.06449724357647577
0.040461806216546985
0.024543915134364113
0.03525948483314422
0.05953497853187679
0.038433088211008694
0.055662746859816786
0.021387911509227097
0.03224042303194029
0.027187275138849085
0.03537992782925684
0.02348936816466844
0.04615229144948608
0.07026040836338306
0.0206624941502134
0.04145790623252772
0.06228428938060072
0.045298966570135143
0.009598357746093222
0.04875909345454088
0.07491670518972648
0.09071508786129892
0.037240791537100436
0.03737531867343635
0.05709025702230651
0.07453961045022761
0.04528970894011014
0.05312354956794297
0.04643187881418064
0.06468752535866923
0.12379032976781622
0.045031328655309164
0.13138082844485682
0.059401485335383065
0.06073628500929854
0.06034400104185732
0.01604765013557116
0.07450902161600133
0.05994666880437167
0.14334685303309386
0.12376796732036299
0.011956375459954047
0.02310825839675322
0.05052208954729083
0.025008109104599108
0.029957608649317836
0.03769684851028136
0.04652250416366036
0.02098143215845495
0.04514920922099832
0.11174449461736029
0.06713205385854756
0.06261260074048612
0.10627242477711564
0.07001578801886306
0.08593378845370074
0.02847750625162447
0.1482430624575811
0.128262276990813
0.0617486541901715
0.05824775260865108
0.16065538022789655
0.13083819566873386
0.11699827274928948
0.07993230872554302
0.05851080336509352
0.05244122328848015
0.05022245473768068
0.13088196445916048
0.38915734124376894
0.024758505629595955
0.02795970284617469
0.17358607499191514
0.028149186154238292
0.05030079548581134
0.06372748075372806
0.1243042877523995
0.12995153843284324
0.01767058563778784
0.026333354831360904
0.060542251845573374
0.036792686324184164
0.028292895006519523
0.0137838273121258
0.02017294054872326
0.04560433229902495
0.10683845108529456
0.09748439992824669
0.11907430041523152
0.06501169295900032
0.10967139942304432
0.14191651625865073
0.09844811693394355
0.057349946745035976
0.05693012248998939
0.06912534154356417
0.03813587132151236
0.015484252151982819
0.30542950649125244
0.04507558520012667
0.04256094033498655
0.13094714240869562
0.0547270653069242
0.08402047865564777
0.0688541168639693
0.030028741361479983
0.271866465189824
0.4290347689172466
0.05814263318405404
0.06094330873505135
0.1725383128290777
0.08594677667760037
0.051840684137620156
0.028131018744515724
0.04926040009761177
0.03857545184167672
0.08808438312959792
0.0831156188195326
