0.1398374672177695
0.13594191084858495
0.13749551137651245
0.15250045894217704
0.1254076958865937
0.14392686373873143
0.12554889861576413
0.1263129050637615
0.11760664481943754
0.1558172399181071
0.12996636527272412
0.13445198001486217
0.1269549822191475
0.13250275630058272
0.13724766942141567
0.1411546213589146
0.11983318952885952
0.1374401351265623
0.18776950471054787
0.12365061224648048
0.12343371694801196
0.14506579832954933
0.1406153277825346
0.13901179525359192
0.13733846765488855
0.1444214943862299
0.14281793512359206
0.20493727246155355
0.1287547311430417
0.12819535869531948
0.13260719995759374
0.1288607666547063
0.13627211202758768
0.12943110996616922
0.13140947771276743
0.14257559251473625
0.12376206448304333
0.17301071614689165
0.14056075138736251
0.12962604265123043
0.13425681577384022
0.13407888467293028
0.18045986423960447
0.1376470545742678
0.14685537349799233
0.14209099666315322
0.17340119978970733
0.12471812261307957
0.159676846371625
0.15333875848051196
0.13963989712937974
0.1396987998374858
0.13304187585202013
0.1344788169744784
0.11917765471453608
0.1247256548012543
0.18588235977157183
0.14092895591282284
0.13588616337902903
0.1349656560986054
0.13974189052215008
0.13496704182215155
0.1319112658067295
0.14661997999539414
0.1367809977575131
0.13740348618059448
0.13120444075524323
0.1351708912923899
0.14064683381751103
0.14077458580977348
0.13489289910715024
0.1375972496113606
0.11790718914648125
0.13449940657375553
0.18816224217378066
0.14076109892548383
0.1463732724591716
0.20078413612553056
0.12930215023632005
0.1322979900004913
0.1693199257256853
0.11834417754811916
0.14366903895896319
0.13506372730996652
0.14532636095378293
0.15413513491177372
0.1462849806270296
0.13881904620355506
0.12968375025051485
0.14315142651522
0.1168720279960159
0.13099244152391326
0.13842960123640502
0.12532164189984754
0.1515904399725074
0.14344480027442963
0.14662798813696853
0.14385125078186772
0.16244889728756912
0.13800522387234898
0.13377647734571063
0.13505375225984761
0.1273566337031325
0.11723960747453296
0.1299610171017626
0.13109121587628378
0.13644901896881428
0.11784532784112234
0.13141278976512438
0.12262193697160356
0.1412138386648988
0.13052058988642068
0.12924320086002591
0.13285030918069568
0.12790119635717703
0.12786052778526844
0.16151532224512682
0.1316994471396764
0.12811678515110844
0.15026566824321236
0.1259294516860594
0.143219600168181
0.14937348464915248
0.1319657394191622
0.14304650133364763
0.12218487759574437
0.141041526734916
0.1244379255360219
0.14443779537630702
0.13478167332421218
0.13062722515083824
0.1330693692131714
0.12478521523041915
0.12344820251812105
0.13415749934804314
0.15312116731026731
0.1475460663288261
0.13195360508581355
0.1333542433230342
0.13797553295591072
0.13770595090344787
0.12148215761116586
0.13371815340761342
0.12192134370513419
0.11661151224267696
0.1236913563759313
0.12703544836997008
0.13475533343362653
0.13288361175564622
0.1388427519454681
0.144139454211931
0.12343696097426377
0.1416373345987093
0.1447189156218241
0.15360882693901004
0.1693895558744093
0.1686759684196931
0.1259051386256005
0.17982003691844603
0.12652361557103736
0.12948228094002304
0.14647168548123649
0.13595797575376817
0.14168678113532676
0.1359627366775185
0.22539189105198246
0.15838122093060222
0.12698522228849343
0.15864985707488533
0.1445228291257868
0.1357805999977937
0.14019506839395743
0.1267087719575616
0.14438137829514247
0.12754902806229587
0.13321913303179045
0.14072612492683784
0.1330057203152503
0.12328534740542714
0.12357652023832455
0.14873825776802282
0.14164106205367047
0.11325138448616934
0.14562208747373748
0.1385049747393574
0.16999531145975172
0.14237399056263664
0.17969634708943377
0.1296750747532164
0.13742319495009195
0.13255612287792493
0.1572811119984121
0.12463276899925349
0.12196569230977419
0.13777571646774253
0.137422961582657
0.1373640051846042
0.12016785460781847
0.13428428942741308
0.13829564699291727
0.1328656719484521
0.14132070646228936
0.13116272767712392
0.13561898586869717
0.14362161147909666
0.1394060357832494
0.16351434444383367
0.1312567232917573
0.10446157069287876
0.13083448656701896
0.13145801314881939
0.15897152205151624
0.15468221586631237
0.14058466586946045
0.14669667045511917
0.1801912225285868
0.13299148741712707
0.13653208158098115
0.14128354582015146
0.14688559593350922
0.13672214226976293
0.14387720883256994
0.1381105129108317
0.14088916240991325
0.12977872485299663
0.1460607402497133
0.1289802746572562
0.12622163006535686
0.12997081539181932
0.16304552699182137
0.12708959910630338
0.12814889940257382
0.17722662553437135
0.1429889584226437
0.12989267997124612
0.13434686398236684
0.1359062739756881
0.1696434116403028
0.1336424954548841
0.13841022056654104
0.12560089616601777
0.15081264559268004
0.12945967122812954
0.12755230284787133
0.13294591675784556
0.14932719924779833
0.13103216089965006
0.1528422598691933
0.1382574101508693
0.13759910728631436
0.12747439391748375
0.14031793797817804
0.1206697806780934
0.12836106128376876
0.12868343439565544
0.1240603135421496
0.128892632184539
0.13822012538443335
0.14560892346070495
0.14078448024261458
0.1465151726776105
0.14545794629940184
0.13617054491306843
0.14848866858962514
0.12102454673869563
0.1355553719795479
0.1320645853994284
0.13746020056210048
0.11885256525153078
0.1467706014237435
0.13486970275700677
0.13081228192378894
0.13532315738414094
0.1437997473844289
0.14407171311856298
0.1313384276348239
0.12412346274251655
0.14495364416729295
0.14195877288210007
0.14813252592814607
0.13921477494006515
0.14398454170224406
0.14662321661414585
0.13468040684410887
0.131010016407722
0.11180747456338982
0.13136335870114668
0.13266976557637236
0.11769381561147285
0.14550225276798023
0.11964681567326035
0.12913682459749606
0.1501599803047963
0.14380340107608278
0.11839495482221192
0.13888543971296355
0.13201698952267973
0.12980166846135582
0.19131734488065366
0.1373500992615363
0.13867611211741554
0.13678652842235647
0.1409725896870202
0.16091432799169272
0.14009245278635513
0.14397112658400532
0.14453401125821536
0.12646231024448978
0.12736780389828573
0.13347864965727435
0.13856756093685504
0.13306578087151713
0.1439946765984446
0.1380991608552572
0.13841631070890342
0.13816764345703794
0.14674047372474316
0.13323668922703344
0.13946565777207628
0.14037291705929264
0.13461820523239834
0.1302515138158805
0.13670694820577367
0.15054565029585507
0.11602416808894365
0.14028755818376185
0.1358758576405864
0.13678180232364587
0.144945263352987
0.14291022235334247
0.11470582558035686
0.14483094199971852
0.13658969890804887
0.11178652749972676
0.14965300251896896
0.1215089752322956
0.14040736502295054
0.13943809961222414
0.12414445625874836
0.12622790986982615
0.12414445625874836
0.11872491682769021
0.1341676459691312
0.13429765005351493
0.13338487683790645
0.12530039271842794
0.11884158071485125
0.13636593827734558
0.12517298485197229
0.12991592289426943
0.12414445625874836
0.12410983527814415
0.12721151341921924
0.12098766257308816
0.11962078181421433
0.12419633298514403
0.12874565637194846
0.13339567355776988
0.12594851723654427
0.13811659447483285
0.12888318349360806
0.14250596171192217
0.12690719155574257
0.1260561112728263
0.12909528819723484
0.12303138792226746
0.1372298151705479
0.12851806476786218
0.13050597641125836
0.13947263650441505
0.13005794946842095
0.1409439826363826
0.13315825016388244
0.1288811696767083
0.15042466992256245
0.14894073274465852
0.13159558373442523
0.13989469141913566
0.13178071449907613
0.13793758056555316
0.1306564177032297
0.12231694854914098
0.1339363541061914
0.14076087394297154
0.1328001540595595
0.12801727008143338
0.13345304180848977
0.12828729005263387
0.1210595657936917
0.13065007242941543
0.12962928046632904
0.1272091628635028
0.11767909350305351
0.1356953339678295
0.13118569362117355
0.1480460693723791
0.13406103777280193
0.12591215686447219
0.1277478190720918
0.13353409318024395
