0.9962740470641177
0.03889907385308028
0.030037685450333133
0.04575399886742857
0.04575895867832033
0.04332174048959784
0.02362463017127088
0.043948983712707064
0.010055964924976532
0.03485930068671058
0.045743472842472765
0.9999999999875836
0.95496884715363
0.9549258357160276
0.04575255536576166
0.9549739409014165
0.03421972233762336
0.041523651819300816
0.039004688376776404
0.005604753826029124
0.04349875687778929
0.004998871307042486
0.9969233081656028
0.07421592132114228
0.9549641475209448
0.9999999380899095
0.9999999999999699
0.16443448049581583
0.04641558754246904
0.9999999999999699
0.045762299709584495
0.030700647884463802
0.030681727010017014
0.02933686391045732
0.04574373917651467
0.03706380653456665
0.954888979356897
0.9999999999802117
0.4722550500977985
0.01990779384910137
0.04440781441534729
0.029155205360275285
0.036153607794738925
0.03137153876711579
0.045645645391122744
0.027362969157224942
0.04574386013621529
0.11430687040435625
0.03189829489780306
0.00293068924331861
0.03582878709636602
0.0007555740745712578
0.045679279518101815
0.02144914856758754
0.017835562711187174
0.033164855215528304
0.02168690681710268
0.10272602085284638
0.04442584829107243
0.03588086117863019
0.0029822289718403716
0.03138070718846161
0.027238209885492675
0.04576193096546456
0.03861076790156891
0.045735956845887875
0.01448290911355929
0.04242298640995751
0.008421713409470368
0.002562532043781624
0.0026581243633577037
0.011286263835459859
0.4020278590224608
0.015777186697148116
0.021175716216086684
0.024445119590569234
0.005487751092820852
0.04575836934822331
0.013074144133675351
0.030802502579638076
0.04575044576928221
0.04566526450726135
0.09594133749686827
0.04576258710959549
0.023828846693460883
0.03669445616720306
0.04575378586654591
0.024838838732416102
0.012273107004622733
0.023207490216262096
0.005841451393804041
0.03461465651546589
0.02490980563006667
0.045723578108077
0.03239037957447462
0.04575757062215125
0.9549562900848355
0.08705818581621692
0.015350445588511983
0.051238219347482294
0.9999999999998975
0.9999999987062962
0.028177076087707992
0.033853325257781036
0.030431968598623543
0.05283051097854792
0.9549099423346245
0.9282568897069109
0.02523621915747295
0.9969686009921815
0.03911094631461347
0.04347050842641409
0.02423685191104756
0.025666039934930978
0.03257479559527025
0.013876097377275257
0.0023615368477357466
0.004421847968065051
0.024167841750127764
0.044899761258649876
0.045684318576892924
0.0017145490574224619
0.028471342731510998
0.04448917399584437
0.042220552029367454
0.007080455686500325
0.045675875392924496
0.06708344630995634
0.027037021846438535
0.045758425812284245
0.026405572237082765
0.04565626743820109
0.04337350634454657
0.002506089433491468
0.04573476486087396
0.058161940843992156
0.012676464382749702
0.04574723120753956
0.04572873217368494
0.034442177517589864
0.9549445859446783
0.039655372099054266
0.04568323092172085
0.04574370836483623
0.01953506743616814
0.0027339703941802757
0.01061620569373149
0.05397265324925587
0.03403009863451582
0.004622801457833172
0.020698616761346926
0.02159982223834345
0.015737093892282162
0.02807151014368513
0.020681213332148708
0.0015805668012872193
0.045707225591183655
0.045676536429294375
0.04568034104545466
0.04571059138339379
0.04572748484147805
0.003714580304259962
0.04576069285519288
0.03306821933794113
0.045711350850465036
0.040435628557291194
0.04569619083660808
0.021949964777894206
0.03621487752374487
0.01195255714108614
0.0440136649893346
0.04566990396992146
0.15738909426873818
0.04565590886389368
0.03612312681886856
0.04575911045484693
0.043162425506096225
0.02398835023117391
0.4660473532768001
0.013034061377907186
0.045712560324093446
0.04573233810683669
0.04572542436223004
0.014424928628169947
0.0457277326843994
0.017197649630087006
0.004222476691550695
0.013865377373346468
0.0220458675524389
0.014002417899061887
0.04574927340621933
0.00984493181823472
0.027281382846393802
0.024045070221628117
0.045683822972772084
0.07369290332242794
0.010462960007598618
0.009247680338690728
0.04567136466370346
0.0067489656010821
0.0034099492347281395
0.004374965649941303
0.05155735767441744
0.018178669507185285
0.0039013672693491257
0.033839888824942835
0.04568281469140447
0.015936891670732447
0.04568761416482999
0.033214027879040514
0.04965160988481183
0.2600520299738258
0.018178179985974402
0.013114181046335814
0.04576052514848066
0.04574181413247329
0.027526120597637514
0.027191483000024122
0.04576023684865567
0.0457279412575666
0.027422448357468165
0.004953812797018799
0.04575477764957505
0.02217760131645473
0.045729004471596085
0.022536768817678018
0.04246323434202576
0.004444626853468707
0.018706454975547123
0.06161482859036552
0.04567170431323549
0.03872960143628078
0.03371340411940846
0.010681444438613118
0.045676253949418454
0.04027020572518853
0.04569460210739501
0.04570588188907684
0.044855343743063915
0.016827504282123405
0.012669838251349999
0.026583802747044336
0.009950486455190907
0.03469973148003316
0.08896468787487612
0.03446626196388549
0.0026341841737873187
0.045748191776754606
0.022875853356319455
0.03786435160930203
0.04571927026216499
0.08998011773842264
0.0268308289382829
0.04574941560318745
0.004079418152058586
0.04575937200154289
0.045742496287992325
0.39369679448839867
0.045736792658099906
0.004938710198321428
0.005008106700761692
0.045759567856618576
0.27674803297384953
0.034070112839508775
0.04576884913716427
0.005685613741398113
0.009056166930783573
0.004202754661190338
0.03964609514320436
0.028409916685174747
0.04574581731448238
0.02123325809673443
0.03210364171337289
0.045821418798579726
0.02067495913109019
0.01344182957512782
0.04567575395251666
0.09427133468971809
0.04573982001896243
0.045750093257264736
0.020381506127993648
0.042715380214762025
0.008491688784651725
0.009450530245305426
0.01491302457221409
0.00411675624908602
0.04570288384003657
0.02368094463703112
0.02312570056386731
0.03519991371907305
0.042941568343897625
0.07560565337619882
0.04574442275609997
0.030239023288825394
0.02524963827979555
0.03555868495567845
0.04571260748293345
0.04574192567663876
0.0457533218500969
0.04566160099107079
0.016865227757801388
0.04349742586911652
0.04568510623376778
0.01233924252736648
0.008172041533001198
0.0031260188963918955
0.01625785962760004
0.04570618712999796
0.06236252562484437
0.006212678947749726
0.010538307534092295
0.037635718232621865
0.011233185140551489
0.028715916694029665
0.0009932852224273704
0.04575643386242534
0.002121157020925823
0.13707525805473725
0.0019262690555389697
0.010823191967572317
0.010074094082567929
0.030505595874984377
0.04575759741576748
0.04036757419185472
0.04575194803823045
0.02920391182175942
0.019899596628086692
0.10765779651119976
0.029036745246723762
0.08099694144096607
0.012288873498604783
0.03629006535756144
0.020340290915459955
0.1888575697989828
0.04464411222082342
0.017268814032646438
0.13888980073259918
0.08425835289039595
0.03789479520315078
0.0025297597129045105
0.08467338317813149
0.03532425554857319
0.03762156442510561
0.10890002955771985
0.09307002920100622
0.5
0.09116339004609533
0.009374467161045936
0.013224349243272947
0.02767552403122712
0.038896916727101036
0.01835415951509605
0.04643061484507928
0.026548478024653457
0.016657242067259517
0.036756602576497585
0.01795332353738895
0.04410114055927843
0.07354246537992105
0.03327599117180476
0.018460083011830664
0.03446967357995827
0.022807738778079543
0.018491705748784656
0.04231424772999879
0.03428693045287093
0.013962835836581925
0.012137345665945107
0.003267381511119934
0.0073174984334212715
0.027123056540196717
0.0284859087302559
0.030427064770215763
0.13519611414104962
0.06145850400510358
0.001261730846685589
0.04251076781396103
0.0044384810218823295
0.03934480900585076
0.03785041364144499
0.02241487200496294
0.10239138356213331
0.060683782819335806
0.13201564611844818
0.008886641862199111
0.01732268826718033
0.0013587095010591252
0.08894694416807
0.031404580857897144
0.02037850688593639
0.011320596593860864
0.031509741265716464
0.11974448515162876
0.04164457821190775
0.023111261320729756
0.007374757936728431
0.022535810579358512
0.06769198123274357
0.017112390869860782
0.061576548434783065
0.0016233558189602867
0.03612773716546947
0.06082413001431093
0.006836760891072372
0.8867417516869374
0.06058877212898149
0.0028826052688044022
0.03090772129968858
0.206269280463307
0.03651835900591232
0.009195516144221282
0.05520456967578522
0.31748748149545025
0.002546881035533078
0.029107255186390756
0.03299117957408713
0.005348516392684134
0.04698790226950113
0.3525687317188604
0.09085685411792485
0.03845029736698068
0.0049098879096742066
0.03493800687215332
0.011104010282008145
0.01612214217106449
0.0076441559381307716
0.010109574980474519
0.011380514034353782
0.013082410347700328
0.2473826408448279
0.032987600800877794
0.3712175387585518
0.014722687036753484
0.025854376604235837
0.2949141153739787
0.11452249460469865
0.12617348960602298
0.0022914314602615216
0.02118188021432092
0.0070424692655853705
0.0070609079954495925
0.07101093733484039
0.030247972333886635
0.023167710213651112
0.9122586709707328
0.021625501599484433
0.05319267210921779
0.04051511698895101
0.08357620698136349
0.03479801260971026
0.35738087816526537
0.08985178016816436
0.02174447920357603
0.002647525964637271
0.007098247430210615
0.12173782142537033
0.01907892362396511
0.00711461432345459
0.05966043659856316
0.011997724442686437
0.030227261451268146
0.050484478071951784
0.020138725950253466
0.017048534211441438
0.08198538509826182
0.06642086981484104
0.010092994908272299
0.04252015631220522
0.03518623856110565
0.026925459793509996
0.0118145708236724
0.06001835255377231
0.13976422852491754
0.034720508724997004
0.06550364171778061
0.02095398031806192
0.17898590883931603
0.024547195028539342
0.05206389401093365
0.24249338280176172
0.03550297725444517
0.026463547226746452
0.04656146431780411
0.03284346283481873
0.01119134253333533
0.008513988994166409
0.032090692086971004
0.05939276477047554
0.03880371674115419
0.0239651204421404
0.01630066106839656
0.03334117938889574
0.04066590747429528
0.005660562830804072
0.016062393907544482
0.08812249983373831
0.128471370458941
0.01816690224188834
0.06098067569529123
0.028686941044593968
0.3082990557693506
0.0779158532890865
0.012140549672882455
0.03324233630756939
0.006853471979288278
0.01463867338667111
0.023939337291375457
0.024938013887909814
0.039543095403271056
0.1497265339185892
0.025101148141294077
0.026898055533996133
0.002018985941682928
0.021047735215465078
0.012474210716754692
0.033114415468691746
0.011560157278134704
0.07628067318168007
0.0027786502233253393
0.04940511527572578
0.020254327493950328
0.02020052226507389
0.0026327932529595565
0.016146885742874935
0.010248134935050128
0.315135514534243
0.007630492195091448
0.11237179161206967
0.01782236391690818
0.10425193798939983
0.013008038909555932
0.024150400935975237
0.015449158227436716
0.002285353242377871
0.009949439080146808
0.03160151034359897
0.047403997214270466
0.008391670364513855
0.005621143759348891
0.03787491719562369
0.09821283719143382
0.035177311145475475
0.007500835228793904
0.00914337076655625
0.020103236524148638
0.019992332323118357
0.004167242134683535
0.08079682663315049
0.008074150234212174
0.016197340164387765
0.049763119769178486
0.03212650332270374
0.00805245829538709
0.030831760754597537
0.029397492659858353
0.20956996951328982
0.10035902357773664
0.1403081164250124
0.07068206536492859
0.017844716703131237
0.158638034097869
0.007148329639868609
0.004203907521904503
0.020093832201358665
0.008246345042042809
0.045550835029377436
0.05387187841142153
0.036808812682853104
0.008304905509242922
0.03854298347049751
0.020376711618963927
0.01205671853527183
0.0888131655920023
0.053022831334407425
0.1390633575439179
0.007679581303224043
0.059218024998455514
0.027338788159298563
0.0006688826434733557
0.021960418832229902
0.1962094803250552
0.010533971476946229
0.05524469574600765
0.006757759277688762
0.017314988155827993
0.051547382745013
0.03245778572582805
0.03638065875222516
0.0491047944274134
0.013060118204442714
0.033256661313319474
0.14220857435186246
0.008961518778832491
0.031310853292964166
0.03761444514327778
0.035668318847021895
0.0592424226689341
0.1274822628897498
0.057434298326006654
0.0180953230480008
0.04538749460052385
0.019879639150666883
0.034764521463604925
0.035204506115901785
0.03668662214734222
0.011862129440360912
0.005635491379216494
0.006626502712586931
0.03114414119285589
0.05023443593150498
0.17576901884977025
0.031713521157908646
0.039522391679158636
0.018360778936562107
0.16307874279477189
0.0443825788335203
0.04007558454096402
0.13892971857387262
0.032802579584944334
0.019905086281598348
0.009053053979142304
0.03167506931053556
0.03866098892269169
0.16839249309911772
0.045079319478476224
0.0058762071747976135
0.05632304286241744
0.022455594075995195
0.017209662857746298
0.15200225551194602
0.003363019721413751
0.08806276243531058
0.023142283083618313
0.748347389364972
0.011546965480039913
0.07188565328879534
0.03401033648497701
0.038386296171627636
0.005329795606975946
0.016310121287493446
0.04772938505475591
0.7018634113333987
0.9549259218411017
0.023276225798171086
0.02282487164978194
0.008222211960909429
0.0027200779108663645
0.012475246604228324
0.028636706801257378
0.03825388760194564
0.026097901077078125
0.023085205059242976
0.09345548636594506
0.13221984025343828
0.0016620942905815276
0.015967243626388856
0.0010370377181614392
0.23506171510287277
0.01924313343586012
0.02210218823911691
0.41493145210860033
0.02630538935892034
0.07630273670799145
0.025826452331547345
0.009288692437449198
0.04649209528924046
0.050067711573384986
0.1289603439083278
0.017250899727987698
0.0238261938632188
0.02264142139150639
0.023588737430735356
0.01853934520848508
0.0029794542703697837
0.030880162963433575
0.0036067930473860413
0.016499729177732993
0.04833203165883793
0.02158307440162644
0.7995111332261949
0.033464715787581326
0.008805581839291797
0.08462281088544593
0.05727287597391765
0.11314269709778492
0.05512503264939044
0.02407530447509267
0.0299206326585294
0.051052578187392415
0.08207317385408439
0.07572290191191028
0.05111148197136147
0.02537140461526986
0.026111958321354295
0.057619845352876314
0.03013419291371026
0.017949409465479512
0.07717893992512619
0.014317635171925155
0.008102340593844928
0.08530710758245705
0.059724026461424065
0.051775706687754906
0.05576727697428904
0.0330496736234468
0.0016721560169138166
0.034895540958264006
0.249304652568245
0.027796554253945234
0.031347675062097645
0.3184724523456269
0.06589568117846056
0.00735501620636563
0.038223645710357
0.7162791284321303
0.28945800039901937
0.017491347417432745
0.1330662443198273
0.012642408284463497
0.02389515178590145
0.9549038083027553
0.01605786098288759
0.021546234907610706
0.03299446016378195
0.0026346135668649066
0.04094823679458483
0.9549552186018193
0.015570787571063527
0.06139214432919881
0.03157026863594078
0.06075755438263541
0.03671030441638161
0.0011587995818798044
0.03157549723996134
0.0027278202002306087
0.008502889114213883
0.03061996719470532
0.03341848132907638
0.0044622164223702705
0.010789340483269946
0.00243340456189219
0.04242737751271709
0.008091005871420512
0.027131113156094497
0.0024191802549772797
0.1356620760492884
0.685707453075717
0.9549620279256321
0.008151124226127663
0.06952114845688473
0.9905653361333051
0.9999999979233688
0.9548845367123929
0.9549655634063055
0.9903726653457506
0.02363301363652274
0.012022322752045818
0.06829296621647726
0.03529754511853178
0.0029218097490498565
0.002767093513489903
0.1202831157207821
0.0145075884301389
0.01868987317434077
0.03702251676908523
0.36204827997143035
0.01417965237593952
0.027156807133311613
0.0060623651664814485
0.00676229752077241
0.03754366669728826
0.05491879284369509
0.02696532545855626
0.07338542811609622
0.014866343413146662
0.04176859927892169
0.009647863550485714
0.003110632892592129
0.02691982700201467
0.0034717396057970407
0.03014432408385018
0.010405493127007155
0.06159050653951412
0.04274935729637995
0.02912266111175599
0.07104345135832839
0.028987793517081323
0.02614392520700208
0.008118793786984439
0.059408782568960455
0.015213449123513521
0.05270519800175785
0.1030973165251234
0.5
0.006924369692672153
0.06480082986628945
0.06058854605702824
0.011754771021041421
0.42715214680633634
0.038198790128621464
0.008249552526521178
0.03891016744496602
0.011163796764134941
0.03462402791356822
0.007697140916644058
0.0501522764705729
0.002058151254361809
0.04254567907574959
0.032297177662439586
0.03207860423141412
0.23349341816334157
0.20366645092594124
0.023645095997141374
0.027906889225531646
0.0066043698477871796
0.032028564934794626
0.0731235508876514
0.026937221557368145
0.045981603818102575
0.016274151487625135
0.003139263449473552
0.2117548697057227
0.040573104675676534
0.08888309021921362
0.06507146877005958
0.46216239734027914
0.3426477860654696
0.02545484058038532
0.21031819430535184
0.025755022418429047
0.13681613424839922
0.009458762733160412
0.05882587805295844
0.015567870308461386
0.002157936448822911
0.003264907804088928
0.03818176909686854
0.04254124307240375
0.10387932054923779
0.888849582576851
0.999999999999352
0.18148485882103926
0.0030739116550612166
0.9548989567072003
0.967915520567102
0.028117016095199145
0.03144548032751208
0.9565454886156878
0.9549705177522999
0.11435919150400742
0.0025683713956410593
0.013122156730814268
0.0007720481936997098
0.05977596271052982
0.034260145641522195
0.025488656087925964
0.011770169432619704
0.031890581055445275
0.09582205294313274
0.015225746377732333
0.0046819372683599
0.0332402012841149
0.10915163734247783
0.003917565854505899
0.005509729886604767
0.027784073797997723
0.09954249282409655
0.33819456853212987
0.03353744111700708
0.026802695231559943
0.028344551247080293
0.015179609536468576
0.03431762167104072
0.0040452231561317374
0.02402533349764449
0.9549293098890732
0.5138119399976415
0.007515790524563499
0.05982385952332619
0.5644398393684682
0.06139426792179998
0.047949840609912496
0.008796076648468109
0.0022727843640426497
0.5051431547459595
0.028864732325364316
0.18570472981633931
0.0021288414102419544
0.03079804016237516
0.04029320261837142
0.003290388882393531
0.039958984443710245
0.03431579429842313
0.061684335440806946
0.03562012988475567
0.040938505938997526
0.041810552745415806
0.04381666234573803
0.07586068397825126
0.041751309877732276
0.007444524448916867
0.0316575514516042
0.045939131771788336
0.017233682652005266
0.03596836058364383
0.058729731890589214
0.011283571234400288
0.0384993250760274
0.09587401198792932
0.008010544293456762
0.0057544656547838975
0.006995186850291261
0.06008746456066284
0.07910843760481664
0.051459237470373294
0.03174125978145579
0.09280295777390835
0.02894318521314419
0.09595527659098949
0.04038719919349398
0.10209020795740316
0.012419669779241803
0.06164344093315422
0.006491578118880386
0.07110630683478328
0.06047314239272524
0.1971308763525516
0.025799771485335427
0.015888718017848656
0.04418632851300037
0.027902559275044595
0.024864670864203676
0.02585680099324637
0.051739287833570076
0.09603684310483214
0.04950525307580115
0.5850091147955035
0.14221653454184688
0.15029323071536635
0.09606575646179229
0.04532647545903088
0.007042333858731807
0.03239926896480799
0.0027343902385764817
0.0671083388824295
0.04064235121386756
0.03570189516033641
0.07037820918628315
0.05047499955285673
0.004644112087601438
0.03254053499296533
0.0018139714098936866
0.07042078083493077
0.03667913243731927
0.022479341675289113
0.06297248883259043
0.042705227066436466
0.1150992171541595
0.21065411827388755
0.061582956450554595
0.009798738068439545
0.017743505797840137
0.033754954794682684
0.03129194437756949
0.09591112226636048
0.09670847456823645
0.0025500933450051163
0.04612714573114365
0.036530319972950996
0.022393404088931305
0.008082229470494438
0.05362389258095956
0.056380068052437934
0.024926119909343552
0.29480469644517354
0.014225419559404597
0.010195544150863146
0.007769520426683524
0.13066632428926314
0.02087662770566065
0.04234291241785492
0.023701101780991114
0.03064014312978261
0.03582344867374958
0.01650039545597795
0.015799527690180802
0.31779767741333975
0.005618689286285591
0.03502039841418955
0.052229610683960544
0.01388091047738311
0.13905146840791224
0.05619755642335159
0.1979510755317297
0.021750618163395793
0.004884101363907777
0.038173276238306325
0.016498398926068532
0.016618051348225263
0.05494709658915273
0.030611914902932472
0.003771309832761138
0.009695602977661083
0.004316333515367582
0.011194861129276699
0.01881615303369814
0.041994947865641584
0.025081028433310865
0.34905053189670476
0.15107002837317232
0.009501710173514834
0.15862513638715764
0.0064102945843536804
0.011909753792319056
0.010072650813910178
0.013967486466703097
0.0044508454509700045
0.003378965343231703
0.9999999999999699
0.033150287335988855
0.0032441684915357916
0.9548650216847314
0.9999999997395682
0.03156633890689047
0.0014313944693149054
0.02270736864853647
0.02466105035035103
0.004404493377698271
0.08129178592121554
0.16662483477138443
0.0033046458060773886
0.991109291599951
0.030587593912959746
0.0077502873111134725
0.027177780448918443
0.04073614323217822
0.03492320476083476
0.049486648046968694
0.016115829471025408
0.00962451808970484
0.06699011797073072
0.07838180536828808
0.05998025754966615
0.03523257103692938
0.013707825242903765
0.02937483235109712
0.02398701750864196
0.04235866963186349
0.954893251363513
0.00942649259711829
0.013267825854875695
0.0444086909708071
0.11497823846769675
0.07524400671570843
0.0372636190559618
0.022522115927786187
0.04201450777718902
0.08363468326304067
0.16682151208232485
0.03662749199013
0.03310920506614273
0.10257998277799583
0.10181810228223942
0.06069938006312873
0.21078606423546695
0.016147440682643687
0.03890372799332266
0.016909322205934742
0.030367256138160572
0.011694164336534462
0.05768327436667012
0.2509518330553721
0.10364224585724897
0.03256501220849574
0.03145193078536991
0.35801291949939906
0.37991213064094703
0.05466577357919631
0.031640257953332064
0.03908406573347104
0.0778218635451608
0.7968396946840401
0.06184521107911133
0.07745892885671982
0.036729993395440586
0.5
0.08890086158598433
0.0061113891110243165
0.08805746314498117
0.027852653251177886
0.003609873809783147
0.08469003762270977
0.028977672714967984
0.04435880682957674
0.11514639256892951
0.02679596843556824
0.05660921231657072
0.06116571904385689
0.01228066466207506
0.002051841448360962
0.026324884110951102
0.14198725195645456
0.04893343554686236
0.02628447972259319
0.022523657108962477
0.008198698761887046
0.08646141655034315
0.045915597107253
0.019931101928038614
0.07986837916675067
0.0668474844125192
0.3343474417593595
0.11505498850239895
0.034622560710884376
0.1874239819420869
0.0399619763658174
0.08537800764014081
0.05987637675082354
0.0229551455247999
0.006411475992097593
0.1724529785452216
0.10277697135036142
0.08173944186186242
0.3281196373097852
0.05875236683722383
0.017973821597661647
0.0037909795074075043
0.020192091221140872
0.009745021088853851
0.06119665639891747
0.03498817373914556
0.033826868369810956
0.014802069348632284
0.0023985297905604174
0.02857504589322132
0.7666384336162001
0.32158598573298847
0.0056043394318146585
0.038041557423064705
0.17383365719525237
0.06027285794627131
0.28368589982869624
0.020246096689866384
0.0342353968905799
0.47624265857102804
0.03901729287709683
0.06432550106962595
0.0649471073399894
0.043812368320327845
0.055962091523125014
0.1029993952260781
0.14604110489652414
0.560955896801932
0.02416916986302918
0.005780371440950402
0.026087373622630985
0.007249818176301156
0.02333471278523114
0.028256725892580974
0.0064761463936269395
0.06024193711436934
0.041030370342469556
0.018233050712302672
0.23435839409332063
0.860954239593196
0.04265787390827417
0.006115973800898065
0.016919387798544745
0.0947421065564751
0.06588574031035624
0.02526391599699915
0.0985685307482992
0.021612253297023015
0.20662079443423806
0.17919569753316886
0.047389819373196675
0.17634177279560603
0.056529485186208095
0.020656185727096432
0.0308027702841023
0.03927394670223734
0.0033920583322017118
0.030841857055203696
0.00805069898879853
0.041503375099712594
0.02214773126986067
0.033134916572854015
0.02744351051546522
0.006238495548565456
0.0287293559901591
0.06530411813345652
0.021013773192158136
0.11086232284194042
0.03707569835985148
0.8439701351338988
0.2991571638591525
0.018330705756431163
0.047835040985479714
0.12501354075436427
0.04420362099214123
0.021202550611301895
0.01070065710660487
0.013547785691957128
0.0526568560737005
0.06109173121747295
0.14755253114892858
0.0025956801340661236
0.004367119861492301
0.04862692842268855
0.025611990252577644
0.022626693431688612
0.01975531014249532
0.05167219391393595
0.02624693599590476
0.05323284802187393
0.034624820981517555
0.0181485457770841
0.046724928594040385
0.006380620292982961
0.03704865475012445
0.0471799425829972
0.04588087818167542
0.03739869748879828
0.08179316387638551
0.3069794937811211
0.017107813654937944
0.027211222062362723
0.12001662015319799
0.01994688541442816
0.007756669957748605
0.02681637209059834
0.035253884435132075
0.0039027672857325168
0.041382752328463474
0.15799555662345077
0.01945252126574102
0.017009648617559416
0.058990579230866244
0.052758665641841763
0.024589872633571618
0.027429567666391166
0.005709113420793245
0.009109175069788276
0.022559435342649217
0.7291173914541079
0.06658703503556547
0.050363634500638736
0.05758725337355409
0.14356387770488013
0.06006016253283967
0.018214953548664665
0.027345825530281517
0.0016065832835401512
0.031084023503623836
0.04351364854868412
0.10048140166272272
0.027508924390161102
0.024490856893573137
0.0323947861520527
0.028089624940404092
0.021785779425470803
0.03827706117663693
0.007203079356905907
0.0589188246242288
0.051089347741055786
0.002957536386731295
0.014078790496057965
0.04073965411194263
0.0650121571563335
0.11331570416181927
0.04109623796954339
0.04076414699509988
0.04932596784321142
0.006257682710541921
0.02134145043275988
0.018772682394086627
0.01785492175281794
0.5400386958470748
0.05481604629754322
0.06937504966564041
0.04199726804889309
0.1260989574100485
0.04319754849577382
0.056687914538738574
0.029803048002717873
0.025422461935153896
0.034017274321787874
0.03999630256909718
0.045994455568611016
0.03285449843093141
0.03998231470225778
0.043288769889911205
0.050292734798010455
0.03576846105103373
0.05669255894891285
0.04023532382199702
0.9999999999995781
0.1111914173623653
0.9999999999080683
0.0930442144743918
0.6884543354670483
0.05967978348854274
0.9593161600564836
0.9968460218170452
0.054738030826097885
0.03850315258532832
0.013722737493413163
0.06015779826603436
0.025912353277592535
0.24101959913359422
0.8182573953171749
0.07625666175318314
0.0887188208978892
0.027164681977693002
0.0905637663422648
0.0014991567483580615
0.031034726856613983
0.052066162591070705
0.03360989039521227
0.0034758728945991227
0.024560337553478966
0.6719436238121326
0.3126575991461612
0.021104894362202455
0.16742640716371313
0.3764473372719297
0.7141493032406627
0.9939792372167583
0.9966106392935256
0.9969618214432722
0.538288230712866
0.05194428352242003
0.018907017812583273
0.07451388950888611
0.028185950119994273
0.036438314251674986
0.16138503343745875
0.04270857220664488
0.9999994276639903
0.06064012743530673
0.9999999999996754
0.10302235031290086
0.10001381195137538
0.040766607383810764
0.040685067876011116
0.016563262060703573
0.044727630494611974
0.026615254648690034
0.019636987518271434
0.054255107558147955
0.03966024318496772
0.03772717545797926
0.020464018859645647
0.02227541686728521
0.7464889690822961
0.056911555634195185
0.05134145987275224
0.03561530934128974
0.04228473201844461
0.021492482070973627
0.027121982025513525
0.03563174830272472
0.14513288645484546
0.047037241753920954
0.029786553641659923
0.012636473360395022
0.13146146915021736
0.017681691011816863
0.05417941026958022
0.029177467485311206
0.04622939068328397
0.0010316354494757918
0.030838982673330188
0.02807349957756501
0.009801980878267183
0.01454109712797066
0.036582681516459645
0.02948248739221372
0.0017983473666127563
0.0030648383917739348
0.13044086072007718
0.019448692161547414
0.018318643843171126
0.02541639723195553
0.03469487393716915
0.0660493498699577
0.029570822618172624
0.009376719332022942
0.398216943834837
0.035203563270894744
0.1190557122137171
0.005203931281434864
0.007010227767194736
0.020798506128168522
0.07877367863925107
0.02634333162693871
0.030904516550324532
0.03578116847856228
0.0037836499136571717
0.012272397191642347
0.026425367220583668
0.03697855262357963
0.001014383419233469
0.004073416229691914
0.06845639184137568
0.05066642078114696
0.12195068510751146
0.03738094084917494
0.08833460943742515
0.1548315167697628
0.04522545280807902
0.041051814153061875
0.1726848721267645
0.9520556360311034
0.060490610357251354
0.02463709136037645
0.9971170088082829
0.048620540582919376
0.0022166293064601033
0.019240680418719083
0.04654482679807382
0.007123331801073771
0.013914345756751777
0.021224109055686315
0.06434304522308895
0.07041998019393386
0.03618857607480788
0.009073102087522196
0.007569298076100933
0.1665371163282371
0.022949256204857316
0.011268918326811305
0.034781283371341475
0.9999999999999699
0.0566719828949089
0.0317722583644479
0.15448432398138381
0.06185405570982357
0.0021973072933486335
0.7948003286633325
0.10676459910781347
0.08159164215598698
0.19285989516048382
0.0013794323665011203
0.055339430663777674
0.04728520783695306
0.12662471941947373
0.10786808865929466
0.035478063679769425
0.017045371442447055
0.09044926452372246
0.32843190734257904
0.9999999427767242
0.22399170297541168
0.028433249101533886
0.03831364792282235
0.010649859654086378
0.07136500608915979
0.01921904095614966
0.9999967511938326
0.021599317774890475
0.007850660858375784
0.03975669018781279
0.04197799061692204
0.010619710727394302
0.00754071270109211
0.007188088450114129
0.03953889831359482
0.022821779565118296
0.0026283567792543617
0.0267972965135191
0.03847403332164002
0.03652712546848242
0.03248390796158556
0.06386107433818031
0.0011956260560962153
0.030668118050902686
0.05267680009702857
0.035073350653360584
0.15595234588408835
0.13114358019077604
0.04514043774882925
0.03186494695583884
0.030964568240176373
0.044090174760136734
0.028962027761763494
0.023502398623473465
0.03718152432809256
0.025575443104258713
0.03416266524958036
0.06065446126871714
0.3582865245742472
0.16891899373571015
0.639800435274624
0.2004008199269682
0.027978784546243335
0.019559561737725318
0.021374148199506192
0.03360800806353423
0.019060565071488598
0.054158511818526045
0.9584542872324623
0.041058476407022475
0.048389335953506654
0.059102225008031126
0.025950749446475872
0.6866631064803221
0.02916122001642873
0.04917182110135118
0.11987759425427576
0.00809861178796204
0.017955552282206855
0.11387115934120226
0.04742293054434934
0.007834508460997806
0.03702418897540416
0.08495010894894006
0.04612052996794076
0.3721206078700227
0.03207323053163512
0.004959124637145106
0.030006342336990302
0.04917328047621293
0.027116457667048687
0.013077052666763284
0.00422488098235007
0.0326383099048139
0.06238125523340648
0.0002755254957320603
0.01745779039282041
0.0018348858587077018
0.05703971505845838
0.018701822060250492
0.01791063434457022
0.02209509110121425
0.01207544016963559
0.01373192774456736
0.07075390955844504
0.012395840537188828
0.04061814409082696
0.06538884271439781
0.03848244649490206
0.018883915692623692
0.13579316589568355
0.1283976799353293
0.1574957010855406
0.4020774886101958
0.007535475810246459
0.017455854283274567
0.05799930581088962
0.27416445627088915
0.011011205344426737
0.007459719072109434
0.07255092607390158
0.026119422708213505
0.06389224354390084
0.04295558420290642
0.035910265529637275
0.02264500185034121
0.0258743869557459
0.039086399591288734
0.02902773491896303
0.02336733967505792
0.13631746629156757
0.015357168363859237
0.018115421079704538
0.025880138271305555
0.0710854204506819
0.08145833959975259
0.028225307623235767
0.02831863178486106
0.013276303851547475
0.046481369471945845
0.0022580278192223706
0.04870582159554396
0.03444971530890927
0.014829607146148388
0.04499957408763958
0.03868504108412619
0.006363895625744516
0.01918245745144885
0.030193280196250245
0.01580955257586035
0.19397764156286695
0.0021320186018710485
0.053945220543808695
0.10452279017993543
0.04547287767773074
0.039473173932799845
0.0037713533193132255
0.008758204903281398
0.04288159584861513
0.02395360512505281
0.006885835159714876
0.0027860210182255297
0.0462747100854311
0.024043308499962474
0.32911676849544746
0.04109202588294268
0.015155796792990986
0.0315496929390924
0.00813916684222724
0.6186336762258385
0.04090208644201025
0.003524145513791435
0.0019197020129438462
0.03960554564729089
0.07627705889010002
0.2697905613069938
0.0028087087827233246
0.04801367545368309
0.04915284569264744
0.6063414495631009
0.0646799249427746
0.14199191900167496
0.023210032065499882
0.01883508655052982
0.06470112947058375
0.032634958826755246
0.0381885382255908
0.0026065654229913957
0.02233847319258485
0.009453216637009829
0.9999999999999699
0.038626438295508624
0.00766575072171906
0.15554912803507764
0.004509806972597215
0.09181560228934549
0.04624318894309012
0.0207320794035901
0.7616725422442244
0.015104823404488252
0.039226539760995355
0.009355312004224755
0.03501335546413
0.25514452143641986
0.037500163620888545
0.003339006206536085
0.03790146823147567
0.27750323398296844
0.03774279716882177
0.04213004047611379
0.05884074389479934
0.004611269697569883
0.07728690945347062
0.022076774270397725
0.006346197338911907
0.057572482465440326
0.004368961770700576
0.023345124978613574
0.016862148451056005
0.019394334500022106
0.00611930947252854
0.013675401909800938
0.6516575352772194
0.04618795728864357
0.039214955733137956
0.13502853039664958
0.9657817514123769
0.04371344197484073
0.06998990019153944
0.3562825925929402
0.028052446614066792
0.051073703767635134
0.0583350182103589
0.06202444445940801
0.035730645606155534
0.0211878242811719
0.07553898234414594
0.03162413477536647
0.004557986944268961
0.04485745205237146
0.07489189431221191
0.021641021574230354
0.06436244238033498
0.1670954103120814
0.06122968829893207
0.03320067958402096
0.002551287431910943
0.007830081817018086
0.044136952331529485
0.01408724056153344
0.039509017389631286
0.02427333900096138
0.049760494177986316
0.021672590440935113
0.06679377679207901
0.010802057422157486
0.1748448495391021
0.03426818407632707
0.02501615998432271
0.0011275566163806332
0.0389156276190604
0.8906695361755543
0.049314608960848584
0.029205501053966878
0.0315372565335338
0.20178968544221454
0.023892778034004854
0.029525736081920932
0.047115285173260385
0.04806297561452093
0.001979527568015467
0.03353482881426827
0.008105971368132405
0.009763882706378058
0.014845413443001597
0.03696046548283947
0.11943602825029583
0.006473032893994838
0.02388188512135121
0.1669439195965428
0.06696358018310279
0.014113073532683231
0.010238098214427617
0.5672529209876211
0.4260207086385638
0.5527634873785306
0.48623793938181636
0.7245702747289279
0.43929105262489254
0.0902664485680386
0.03392581313421814
0.03999851554917751
0.06084430242983778
0.11722861353736708
0.3850657442529847
0.002495547587294065
0.027308977116831515
0.04083710555988148
0.023874188220572686
0.0025520895414155214
0.03203291975413762
0.0032503633930690157
0.06343888249611263
0.012987815794778272
0.07146620195330224
0.0050836576886587334
0.04420311025942882
0.06312582518803851
0.012091944478203377
0.020311592055607276
0.047634693023324126
0.009109200047373853
0.022175182106471177
0.048767981914029916
0.046841524275222535
0.0203309239266309
0.03144641961114818
0.009923018209508506
0.03003441909576593
0.02880777731817283
0.07469935499047876
0.017779358980706282
0.1822955666591862
0.03460862538678373
0.35453566762963307
0.06097379989554685
0.030419883854442536
0.023428165757776336
0.025611409784261054
0.0344709071812361
0.5516553545688984
0.04029395260312649
0.043880640958278566
0.01766264129009356
0.04836642739315176
0.0019394945668016101
0.00881595760377293
0.08810247464269166
0.10092116123112387
0.06016569877272098
0.07916747537584078
0.5754740003735215
0.02360863617846064
0.10032319743712476
0.1874237015465137
0.01920056237000523
0.7313259173579477
0.13458410582156527
0.2167523093735136
0.1714714753990029
0.004367138613301207
0.014066326314907718
0.1934988827264601
0.05516345364802824
0.028039936454826723
0.035195506886177244
0.0007216478438296143
0.007425281805776916
0.03621335621495849
0.010956969555019869
0.06100748959808484
0.005255253577518016
0.005331679371765471
0.028992188684514884
0.06426709807902661
0.019349597133801667
0.04218099329827933
0.6574740750110192
0.10466314075808276
0.01527487602393477
0.02778808410194185
0.005986963406649935
0.02393574885256518
0.021143956941603006
0.017722582422198815
0.006420999055399768
0.8809474642924868
0.42125959269137214
0.032157078891404595
0.1907629389150484
0.16499997843117356
0.0622577652872258
0.00808008134327448
0.04014057275320015
0.05485891905721026
0.040904163329021005
0.013811338257799016
0.12009686047030371
0.051701330299821366
0.043748151248336004
0.03339920209546575
0.37558800634468587
0.02560594144636649
0.03104052052293363
0.18267202927270015
0.1018125290044525
0.007570162537136013
0.035966446868543736
0.011513512105220149
0.054880190999728816
0.030048106194303988
0.5783078743976767
0.024660648741981164
0.13347512581240592
0.007205414899249324
0.02353005773057229
0.03444816748849337
0.016858863752119865
0.03324905682234951
0.014608330112413819
0.007241978697983355
0.0076488621058631735
0.0034056057381685323
0.046067070074099964
0.029762931517181013
0.03644641186308173
0.11045190241209446
0.017010046082315895
0.18172480294302382
0.020199260203881853
0.03281632632221702
0.02426132383709209
0.0055037720996526296
0.053811602205320344
0.005281257152860912
0.04020223426065806
0.10488660810582165
0.016993734445896056
0.07428581538359397
0.09398193305351421
0.006022489055275893
0.09842940147978442
0.06898232877510345
0.04397517618986817
0.027446517386196086
0.008700816975229671
0.07463325800780003
0.03379254762515293
0.031208538319717406
0.02797190498754612
0.0024346067688706986
0.0072556259372821355
0.04216965113860067
0.028282580774363717
0.06720790679906967
0.018600122268935232
0.04640339860720337
0.1842669824269691
0.004031507460670635
0.355757799043947
0.03435236209733918
0.14668534744796138
0.2830440990445728
0.026767154011693002
0.0897862995508471
0.033184564502489945
0.010751513057968728
0.4652267754622154
0.03421689945130651
0.008956694382387219
0.017709797716424922
0.0022878448015466834
0.5340638334963108
0.004552181733437725
0.003266292948257013
0.01586576006587716
0.023181951065985928
0.003940251344908609
0.04298264784929796
0.027058641620752315
0.0662237892383708
0.013211420184697415
0.004708219154946288
0.030130556533101524
0.03150732752377156
0.11640513802864087
0.03459920700557223
0.010064171638836258
0.029788880429787896
0.0035129038919393517
0.06369301144131677
0.013772100862267916
0.015697421327061128
0.029678630245747656
0.004067961968252132
0.0034212313592072983
0.0322670048274126
0.0004861592529620271
0.01373061510761479
0.08989951037487075
0.9180624966380619
0.0011211088943904384
0.01510593382085512
0.0309165117334344
0.01165722761332223
0.5655955656368167
0.003768107910359375
0.006627770071654383
0.041412371869321486
0.025938354268712396
0.08536261072714246
0.04289210956815448
0.06579800633091935
0.15044983410806917
0.05644937295236438
0.07831432215833616
0.029145456539928977
0.055485429904591925
0.06690862375310488
0.5491955432843492
0.02816138732318324
0.03543435493928498
0.04651415899326118
0.02059008381649618
0.341443515652443
0.2760613948021271
0.08587249968205217
0.03258735325975351
0.06376012612852959
0.07096812824396902
0.03812003498096273
0.1818241072685417
0.033999597759672935
0.07963363103087484
0.365541513819893
0.010870697372177439
0.6035932155695393
0.03207991399493623
0.04604284529465609
0.045560954334215475
0.09647967866001164
0.4161713581707376
0.04790968196883446
0.037274880390823543
0.028557108749379917
0.040148377567493
0.031359432693724314
0.03384732163167851
0.02613475830314244
0.007987557160087477
0.001361743882962379
0.010307533694576725
0.014159460122240826
0.039026329503375305
0.0010821053174462976
0.0022114640715234254
0.03894872044859847
0.013973157238073481
0.0230896190348392
0.03596482411505185
0.02998300691768255
0.07176377669126867
0.054647914323205975
0.2824418016952674
0.029713002684953343
0.016960824605029387
0.05926562634639762
0.050449261313190066
0.061065096906525874
0.03850291512992118
0.03746013252371894
0.15186838422823476
0.05763224148434874
0.0035963809099443978
0.028905652628178086
0.009668189321595286
0.03177429171884526
0.0348771900182633
0.06436330850518289
0.002405939378961904
0.04836252682980036
0.03840829218314175
0.3053784057491519
0.02487031563888999
0.05822806742772907
0.050715886318497744
0.05955408503644484
0.024060525835665945
0.18103914796030154
0.12363221310744471
0.20836595155612786
0.028105467194831896
0.0023012491890942346
0.06910288272285686
0.005972600506913327
0.029389940059070946
0.06469414696790678
0.0082822225627789
0.05486333501191063
0.05948359081845327
0.04779503751254989
0.1117196500611908
0.041887649784155316
0.36025757794409713
0.034658740792919245
0.028851241300746042
0.10999089626568975
0.02786365465719035
0.05564698886657493
0.0318014464874955
0.0426263449544726
0.003499231121885138
0.030791299305918843
0.10693379412243618
0.027767757234469757
0.005409785050721339
0.04518780639106188
0.05276717188128884
0.04749686334132079
0.269489389341472
0.2192136485226392
0.2007582134053823
0.01831095932340941
0.0788934994138254
0.06530889632482113
0.02809079475840338
0.0007435938516619497
0.023776981104375077
0.0028198245246094066
0.17163613736335773
0.017991445612780998
0.023817520338199012
0.08790167683714042
0.024530902167042585
0.04189455377383528
0.0026138118938652632
0.007903396546525084
0.01895099688081233
0.06583819759982419
0.06160818664209721
0.06003761995556654
0.15036899347827024
0.5390247668740742
0.8876802323182352
0.0033570137598151768
0.2525778919950335
0.008976425488465735
0.06449554243471028
0.03652650721863121
0.04218594045428471
0.06157067573325825
0.0421201894291205
0.03875827294124396
0.01421467556925134
0.06596119185755384
0.02415029900161966
0.03200404425323636
0.03606581420794961
0.012708023653689575
0.05474591690040602
0.030122818809080947
0.021412970701297725
0.0011077593501140422
0.0124829160746051
0.11984390364572611
0.05323725472068656
0.04006080494214311
0.08546895683008118
0.0019537672960441674
0.07012513259750028
0.013552066084268736
0.4242958804718595
0.38575765723995475
0.019794518441814214
0.2547425354092754
0.11127165408962296
0.04589492526227846
0.047578030671022065
0.2533964575941783
0.017437932393608444
0.0064421830565431675
0.0716893090228847
0.18275328220039289
0.04365511554160996
0.06747689319398555
0.03341140894277363
0.02378225359703763
0.39783268494087953
0.0326652744662947
0.004185576087547121
0.03345011584302014
0.035632532157569084
0.01410963099177082
0.0358669623602534
0.0020576693630434476
0.03136037859804222
0.013040497767115676
0.02039957874741057
0.005902472114557205
0.21107569488042835
0.031405215540398025
0.006039444828175641
0.01399064683845374
0.3065895650868652
0.02233155125335449
0.008107417843618491
0.035714332569016564
0.12619194665424577
0.14403061796016073
0.03169898689085608
0.041578985951452464
0.06664539660497966
0.24007679238984642
0.01930911059801452
0.035189802641333486
0.019784344010130725
0.20550620568272757
0.03853857851659323
0.02856803526715143
0.025937008852775674
0.039212963150797975
0.021011656180700555
0.019090660360255477
0.035925348070702016
0.040131162251107425
0.9999999999216177
0.04522739915733302
0.031359579642454886
0.061150403526580015
0.010296195932856364
0.002886296214630546
0.8396712508834129
0.2506420152058602
0.035801978778145234
0.03349898456405124
0.23443970608382506
0.044151074026697004
0.009828319550861506
0.06823569310593294
0.0022810416913805294
0.034714787872587305
0.019015419005648022
0.003966380057985707
0.05528539496876235
0.9757523733180309
0.019898829049742515
0.011919603708407982
0.024969430079412595
0.11595525055222489
0.029378408568809907
0.5343322667430932
0.1388703576537868
0.13479783870268233
0.007256547431075273
0.035226593583610306
0.012221326527362892
0.012422881329329272
0.30789231778535603
0.03317049783148317
0.026483422939799096
0.023842893505587565
0.16275170065763422
0.5101597067165781
0.014159889083055252
0.028302754525746585
0.02566951833336687
0.11912661453306751
0.023594303036639903
0.0035862403013427937
0.1126670386889404
0.49291468927406434
0.15888947652599938
0.029358719764328
0.006125783097313216
0.03596261578442495
0.015088949497855783
0.053825325240934724
0.008763029041214574
0.04479162150737388
0.010390540159276375
0.016951940642783277
0.1488631212993865
0.6178336632218778
0.018745591059582675
0.017255791800769336
0.47401035740702446
0.037678086747118006
0.07176780836243778
0.02916674510666484
0.04177736555816607
0.2527281582078598
0.06888388394937679
0.06885505596475873
0.01925594142313184
0.029688514971920793
0.05154600231817219
0.02100076837465123
0.009331368398623847
0.03889986560156814
0.07295485485141877
0.007402588981217823
0.21807527970787344
0.06450958502794137
0.07386161715854932
0.05578783631615573
0.0418791355519609
0.06819943359660198
0.11671396392196177
0.15632136007025965
0.03593556793417709
0.07472194015912077
0.007112245261421952
0.08591601076240989
0.11335155002715551
0.7189851447526637
0.025796654342068813
0.013813514522526837
0.05326785216250701
0.04208807502922474
0.018276242656661907
0.088733130094857
0.04423158352630538
0.09559171666162032
0.0035892594117391536
0.015002324430215326
0.026138502788772687
0.03585693376104531
0.04644100419847387
0.010552422143904398
0.036110483561918476
0.0013693789370092357
0.004729740521786434
0.02375646369503662
0.007925805398217732
0.13965194211636292
0.033422123712101307
0.06051988460409246
0.06938812875172544
0.045083904091668583
0.01133970473041765
0.015746265578811324
0.024096265990349103
0.031196797890928267
0.025623751705023366
0.035936902045260524
0.006663416508422679
0.0013843183802093862
0.00192731931473949
0.017322977414868133
0.01636402780653298
0.007586280957751963
0.014505089424878933
0.023872354909127595
0.007547417820449653
0.03000630001169675
0.019150499355529687
0.04156379832475502
0.003682651936617381
0.05828591569217598
0.0025998793381239323
0.003199137916937833
0.043505915233357596
0.018144837402465194
0.04750600724069919
0.016362491116043522
0.03285847772726593
0.00821714908368926
0.6596488040163765
0.015864281468122746
0.11001066986096618
0.07135011106672967
0.010263264839671875
0.03484090098602309
0.05286124785666983
0.0225308376670971
0.03470794615565435
0.07270394426541525
0.009622207516648287
0.03443718841835312
0.015460513960380033
0.03124737151150499
0.052516507691459026
0.04751009046783622
0.02442026706941407
0.022087823771548457
0.022390509938126503
0.02396980760524997
0.0379673102902851
0.09694193571779852
0.021428228275165957
0.011286304431100081
0.009766723723309794
0.02456568437829605
0.040459860862321596
0.027444653076248205
0.010973175228814814
0.42053229393507346
0.08624700237364781
0.08166429685267303
0.2658553305782411
0.005498252597808347
0.09505242071194216
0.011641495264469805
0.22784076862772984
0.21786694028728787
0.059644638918568076
0.043997930289937946
0.10950798749020975
0.12006796052130195
0.07728631340514613
0.07872466993706197
0.07803826641269802
0.007651804763107454
0.01966707252769561
0.009341407360643988
0.03412108250430799
0.0012386951082961257
0.0025275316782760043
0.010468217856192726
0.03579870981506815
0.02923484113659628
0.00982952265477536
0.07168980385257119
0.02486279716760379
0.04328319475479727
0.009773361994740437
0.04336026425282329
0.02000615536006735
0.02075439763680313
0.02783518995466939
0.09061387315504228
0.018278620929833542
0.005851777249593527
0.004414126482929757
0.019215434374404802
0.006164069884954147
0.15095275398280336
0.00554631074424448
0.02636449908278681
0.15230181140914034
0.02480685970712053
0.07188680492900429
0.02559400025834764
0.017158805395700118
0.04019241153897521
0.07990584602420835
0.008000663386190012
0.04149798377060981
0.01653798267435826
0.0028732399132270427
0.004191804323408199
0.040621340527399644
0.03571196957653373
0.045057977164846455
0.029247435571474825
0.034030445628045025
0.3332657235791249
0.001406360736913482
0.025360608573830275
0.9327922747558558
0.48397188748116254
0.027733246358089915
0.031089203570837533
0.027675221388795218
0.002298226776813388
0.10285388923682412
0.004450258193310364
0.0015813681083278147
0.029793488540547062
0.0033001602162788125
0.026320628121789133
0.019910042223124695
0.039398521202073836
0.0038641658411818396
0.0040513377329409826
0.005262197718610967
0.00148079634528507
0.014798597719488604
0.008654791835516268
0.0848848674771505
0.01032549724576152
0.009296503265072744
0.031058188128793154
0.006529394310340905
0.017145456642431944
0.008399766771384353
0.018200123184765354
0.031019849407314195
0.00918949325477619
0.02152224952719646
0.10560230681182932
0.04414932485051876
0.015046680278546658
0.0032005003395041733
0.3591372388327602
0.047695564627625454
0.1768272154390473
0.0105624130665399
0.08532458358021743
0.036310386269279106
0.057727077145175984
0.12978201404652331
0.0036222250610853254
0.0048140250462339025
0.0036542970951846123
0.03565034440871552
0.003453141242221019
0.03825660840392968
0.032740403695724396
0.06584599585098624
0.13710148738886718
0.013479552568697447
0.02613469152269575
0.0009147686629148687
0.03795552745359447
0.023916657883382226
0.021745470757575595
0.046413854205648225
0.029007172904574576
0.004484093276657596
0.022568466581211546
0.0405535975133871
0.11746833000701688
0.5205044487051375
0.04259501667941254
0.03884634730350325
0.009426819169442699
0.10262742362114514
0.03333743575352666
0.2527155296590686
0.13965030629988126
0.03681480284912607
0.06178540184540666
0.037756090402050836
0.0007562777071805845
0.009430298670220702
0.05581553357915095
0.3137444142027767
0.05956017567731759
0.03529182883891045
0.03496867068215643
0.014553180342785847
0.038204291420566694
0.009994371142279882
0.08416935211778098
0.2650889372037835
0.04185888565514188
0.007432712182410201
0.0384156566127261
0.04025128212553339
0.0034926899934782235
0.043584881584445276
0.005730179228841782
0.11362819772570786
0.008937823697917268
0.00291315066500609
0.026968448276424146
0.07900626405627038
0.030970493518553313
0.02199112113416877
0.006482035713412535
0.029506651457203097
0.046847520277195374
0.03360217877005346
0.003626450008429028
0.02610928261200253
0.030102645621132212
0.007017645859562098
0.029300918697950526
0.0031788392031283507
0.043591068444927335
0.035216092152083205
0.019944521332535575
0.0400177157261932
0.06110319911802495
0.0611412948146293
0.005664205673472673
0.04804516610603207
0.005377754191161034
0.04016070743236199
0.010253290830247501
0.008158982756156983
0.008921283396088196
0.17897997336414687
0.0010271762215436975
0.005637210158128069
0.008321748236352419
0.015765617382871244
0.10715188136426179
0.05424718103078084
0.0765496702878998
0.011843511884008139
0.03128278253255195
0.2924193852949683
0.20840032352206453
0.033307402838624316
0.05972186982312857
0.09523166736653361
0.01370633445941935
0.02415416959800312
0.009690638108629886
0.028855238514728238
0.10521965698662586
0.018749865305223393
0.05895377444116088
0.04249146492367501
0.02671507901250373
0.03120394117768627
0.01981099746362925
0.023341452587113103
0.000250772520074044
0.043566883730453254
0.0034252376634639602
0.048162110713460785
0.033278286702937566
0.008652486240946203
0.029615628361460533
0.042739029065213006
0.02093521506557996
0.049589236014274896
0.0018623980272571366
0.033000707547617934
0.04962557913699041
0.004266021152138962
0.03785350399780237
0.06811009669273632
0.5647833888378848
0.27788667112501964
0.021429720474023414
0.02329079639884418
0.9252063126507506
0.017352074343382054
0.45783116741885527
0.002559519093032706
0.18934653403734336
0.06552337809608166
0.0034643956818197
0.04337994024750698
0.0268170461366562
0.038649019928580816
0.0025600708846350343
0.003105070367317083
0.12642014310347577
0.013111969793417135
0.010470765667841322
0.007628569094507651
0.019573429885093342
0.009716062812282407
0.0399169734424936
0.04094700415711759
0.08058401737858999
0.024293241998029038
0.06278527939304672
0.00329151324438126
0.07533904582729405
0.0024587731882915625
0.5179220472654378
0.556413595169084
0.0893501296124067
0.021943565753135216
0.032602560731867646
0.06867517106732608
0.217934459718731
0.01018148331690186
0.10594642273598869
0.14798130684736116
0.1292604443445961
0.008826492120663427
0.05721581363486249
0.05475944555316941
0.04118856405350998
0.033148519377795525
0.9401611043484187
0.03788057780841317
0.2715134961630167
0.04270533505668094
0.5440674705850158
0.0603168452533028
0.016407901268475324
0.04507340386046239
0.015148199322892936
0.019545290969269866
0.020182155637026508
0.0374337578489476
0.02053038441886936
0.0212881386237536
0.07958709116377409
0.18633146297335432
0.04171118309645334
0.03239972765356504
0.015635611045543295
0.11398056686999782
0.049695852521461206
0.004618057363240908
0.05401906351929108
0.014705485998300481
0.02026930462614345
0.004038446980724256
0.024958864486054208
0.04008193001352382
0.0025785434133908914
0.01618135563431875
0.07997995339379088
0.015580607510448409
0.012398008647340373
0.008995917523351852
0.07578897888336668
0.02292939490940745
0.03100629790578131
0.06193677498827772
0.0025213369147604474
0.08643814200607404
0.004116500952124805
0.016747219905082135
0.035107936847015145
0.004472264026300623
0.024904674758273727
0.03453815029909288
0.0049764370220748404
0.03370225805145206
0.03151701527245071
0.02946929770267487
0.0008377946476017136
0.3593857555492749
0.009533586523728321
0.03883499130655102
0.048966707652008404
0.04182627097333424
0.27542268595587843
0.025506366349758045
0.03348629099991402
0.02854928332392712
0.03168071782188122
0.018275499209816873
0.009180458573063098
0.09551844580559192
0.016112652492078557
0.04040396993939676
0.07434137605160673
0.01566052730654302
0.03924073667944208
0.024680511972513048
0.06182611663100502
0.03727338667744507
0.02334890874947588
0.09398985654606741
0.06564416693935052
0.003207960825340622
0.004040184338324283
0.06522417462879894
0.003562658792210232
0.024806786236091883
0.007451879109176025
0.013484728603709356
0.04206081022349811
0.03648053500966143
0.005245703595065413
0.0019967706359273227
0.0035060824712857866
0.04864857742798953
0.003323083871977204
0.1169560296429926
0.005110466369862241
0.04192774885469739
0.006564516014689248
0.026886806752793837
0.28397836535853294
0.007760815582680523
0.03658094392405498
0.12169994103837135
0.026595206838532007
0.29291212762472085
0.014075837679303552
0.036319399730702
0.023169243091171444
0.021262204722698717
0.02490535999752595
0.0023497265999087155
0.06683380928171445
0.046635570163886926
0.06691767832688755
0.01318295320032677
0.07296723074131661
0.05725075884857798
0.011272260305375542
0.0050381142780962385
0.6363182451778049
0.04856677717647938
0.061932191663862185
0.009974933659546565
0.008278602570751626
0.020053867057233034
0.007540362082066047
0.013927496659178295
0.035978643595509445
0.02108699381670143
0.02257089253323391
0.027212444498435788
0.042072268920416246
0.006276099271027374
0.06953913993078707
0.03408534896424664
0.02572335283498101
0.0034174868697035518
0.009693698808209774
0.018288670398038182
0.0380970339206352
0.01307716702979348
0.006365334879182381
0.02334692436243515
0.03427351933522097
0.026325764273608027
0.026078700584550564
0.12576189969841378
0.37899752299614387
0.03806246296933924
0.03453440663815527
0.01424757339713472
0.040085168421214554
0.017211716827774164
0.014362438148434338
0.03880052788963616
0.02263081434113221
0.03277360765555738
0.010061749196336263
0.12683779205043755
0.03665306941079879
0.04317397262783763
0.06064413864177898
0.00686697306175338
0.006523302394389368
0.08432080300685892
0.014896589858187505
0.8417186848775503
0.03083674557554443
0.04529434882599265
0.5511138174022773
0.19032455688167732
0.08059148888257756
0.040675061420933134
0.042129173994123394
0.039335947474628485
0.008096643284543441
0.037919952877170315
0.05654111663086247
0.00756541855302719
0.03179226088818732
0.042575571676390145
0.042362270613687684
0.029004756171274206
0.03186681055904177
0.07169923176395532
0.017766745141681087
0.27518852769207286
0.033410758338489784
0.15129528560299038
0.05689663855979962
0.027609408526853233
0.02144584501942336
0.03619533090399372
0.02757162446978812
0.641189068370479
0.03655600403482915
0.03182954491399406
0.08942749025765921
0.010132612495775909
0.012281137220838461
0.8512834506899752
0.033263520529968234
0.0018448096366482018
0.03718767125122996
0.005706878180664322
0.050381400756939865
0.059759903552997914
0.03615171991453971
0.13494462404648783
0.043916581529543905
0.03748071307690186
0.16727961629010948
0.02504809586799189
0.010573469895646058
0.0022878213791015065
0.00680899978997871
0.007162327226548663
0.005854800051321321
0.014278017065618667
0.010784928434609029
0.004015210019241058
0.04003578211741493
0.08280710381175478
0.006110876138618164
0.02570462758251667
0.014303383011913154
0.0009501215015084199
0.027952113601879124
0.4428552802687445
0.0047250127278746085
0.012104296740465165
0.06578862962710243
0.03539818383542476
0.04249434169137654
0.08445667101964226
0.024721478673690435
0.0007436000833654199
0.023475929470251025
0.4479185903218079
0.036440484921177047
0.07863174132602208
0.020481412040493512
0.058835081979639374
0.025073095630756766
0.047671960496942216
0.029014035496198288
0.003561706893481535
0.014626383891463148
0.035282474293645935
0.03260926833066208
0.030844836967536066
0.07703109675797064
0.03533611862104801
0.02380199120253574
0.0379417867311526
0.046917742092214255
0.05266495186565716
0.08301866939116337
0.01422005808222606
0.0028615630999666492
0.0392871939986508
0.0644132638325372
0.0548738062316748
0.022959091315058595
0.008404781128249073
0.04330045039255843
0.11540211224597437
0.004981801007253376
0.02260316966422229
0.02211937081629863
0.030340427175732876
0.013014686613526874
0.278142463720228
0.05129061390443641
0.03348969630388227
0.001467382675546536
0.01267545177959306
0.1100628394488473
0.0628270536548554
0.07024061554254084
0.07706918472357084
0.04447238912564653
0.02773130907518441
0.02918498995152176
0.048874356585331576
0.02514975677796881
0.060531250131506474
0.061461924689345304
0.02178612686514058
0.0020017258874320525
0.05264642484362504
0.7089596010713674
0.1036196332746862
0.7133347083814752
0.060146120198349376
0.06265019570694864
0.4208782404106987
0.012445459936724731
0.014647472810653959
0.5
0.011069618147565177
0.0951284330271879
0.02840596246545669
0.00488949539138976
0.002113028489462099
0.0031523610846029945
0.016611741164569403
0.044488453063575316
0.020205824016903354
0.0285636045374773
0.06104290020138276
0.019686164233074524
0.005878722519045991
0.0019430535587676538
0.020473499726069183
0.01786082265661749
0.006861924965242342
0.002532029983027426
0.037047107449321603
0.0460522499540348
0.032785710709082476
0.05274823622910592
0.037686475200115255
0.03643116974089059
0.0019014736368474952
0.11585825525576056
0.026915205368107497
0.06708307411775048
0.08906546028389305
0.0032811573253799468
0.18960175895032627
0.48166084788465796
0.004539967077232137
0.1481448756963128
0.520230268636015
0.1367510866432609
0.05411969985837221
0.061910910773293575
0.025190758164610656
0.18805852116831523
0.8801344305000216
0.038877293428301644
0.03733567865524758
0.031779116353919286
0.01937411785252193
