0.9999998907456807
0.0665952132097909
0.0614535042855905
0.05992980953637949
0.06713182705290079
0.04182417610386964
0.0603204887518784
0.06660960577043355
0.030886151794277693
0.03744494520687156
0.06654638637864967
0.9999999999948826
0.9940391844966642
0.9999929879937334
0.060694898636775456
0.9905990268995936
0.04751128328393136
0.04919625039399182
0.021867172468762595
0.04566979621323574
0.06311025269852835
0.06660506605520264
0.9999954634587542
0.14202640375730838
0.6991720739488765
0.9999999998352742
0.9999999999999699
0.320733336823629
0.09545874504633116
0.9999999999999699
0.05729658465096278
0.01360481831333131
0.05489919592465148
0.024876289445248872
0.06655666753338889
0.04875545241683537
0.954230118635402
0.9999999999999699
0.37242597202106903
0.0647073508391189
0.04934178318135752
0.06663553001107854
0.03412417631231774
0.034133748858618564
0.04359949385155055
0.05982658029816371
0.0747785241416736
0.04388151313793198
0.061691038293156045
0.0162421886344719
0.05187617746043411
0.02407696249218123
0.04258360194199512
0.012067091105412564
0.05536430865896747
0.04682259791658488
0.04595050361850589
0.020543674546728157
0.018130085159945436
0.020349217196786288
0.00910711747714522
0.036275010761762864
0.06347363662565174
0.03320511745961726
0.040114065219066984
0.06651565492072274
0.04315073486228921
0.02504984029102011
0.05206709030472474
0.01586521270862466
0.015565638544713706
0.041124477291593506
0.02211877179205133
0.025744237607112735
0.061519083092756346
0.024871586498232935
0.033545857103431116
0.06666740579670018
0.05543692981422879
0.06665497439659177
0.03131724084583553
0.06096309627346389
0.08493273073681297
0.06666300894352824
0.029790140921073294
0.036001571991515484
0.02657820980595823
0.021903246058135827
0.013797619329747839
0.011888575624106642
0.02192582584440616
0.0861993892747323
0.03755556427033445
0.06657139298194738
0.06655924706532035
0.033124167001592764
0.999993028206847
0.28690392322646047
0.04943030954799129
0.08732857749433778
0.9999999999999699
0.9999999656921315
0.035570434048257216
0.05986999130065212
0.066672255676255
0.08705382062786973
0.3749850885673064
0.4098707294059337
0.04485877040961218
0.9928925558560858
0.03450569836676862
0.04571427256555635
0.030114776167860197
0.06661331640787393
0.021108507434505056
0.0396283046497684
0.045117300707871164
0.014482983700788668
0.028402558157572245
0.0705666581862911
0.046118810262196594
0.052643302338093334
0.0666228438380061
0.03802029122202823
0.06659160742387893
0.06004151509222168
0.020773014107227445
0.03217589693925121
0.057516523249875544
0.06219919798387338
0.06029953679278841
0.020040544438160873
0.05403671527773239
0.038950430052721745
0.035205190680633956
0.06665540221980519
0.05994054491992009
0.06550627019646788
0.06105015257910404
0.02421832370575462
0.04409715949903196
0.06664855393297243
0.0665907784082109
0.06047337706196598
0.04877998568227061
0.03497117923288321
0.0528845794443145
0.06058026793954494
0.06650324503251147
0.024790871196611396
0.06667026364412884
0.04840778593856382
0.0246768424602005
0.0523604026123458
0.018134212784025102
0.05596614958577388
0.019197437485407816
0.04731301527978126
0.031171839066922766
0.06660679824869077
0.06047323823896617
0.014715324923745516
0.02232973602276185
0.05690557760734645
0.06659189173590128
0.06544583836177481
0.06003581764722919
0.13618419102756718
0.05039836250766399
0.03089163979999602
0.04391379198185159
0.10309887240800537
0.04249079144613751
0.03665006241740039
0.03133337905004963
0.06664128175750576
0.0619048540745373
0.03522845793893911
0.5307147021339205
0.028608095792863632
0.0156682112666651
0.05592522282244018
0.04916867633983342
0.022284883172066613
0.06663542459476715
0.027630200955556312
0.017387259921781393
0.029160533143574006
0.06662246184224255
0.02491273535165763
0.04435289766585889
0.03697094215934798
0.07875008444858718
0.03343378352816657
0.06659613224110693
0.04230233757470964
0.04224426967024449
0.06019238397557742
0.06658624115835653
0.05333339467456305
0.033797705915543756
0.0204415987416618
0.06051137076734016
0.02318749123941223
0.034110619558096106
0.02836009552928523
0.06663488797547244
0.03539288343384853
0.15217232394010385
0.014801981189358802
0.06668685653690355
0.06250848753437627
0.029622761228045316
0.05652640171502294
0.09158027721877254
0.06658787264795607
0.024097732439884074
0.039404825105341094
0.03901365807685202
0.03057061422587571
0.025353298177707814
0.05058435409580146
0.06646467846075178
0.060733816822519174
0.03254335060308944
0.0526368592131065
0.037903998985217215
0.015653276613757747
0.04825007926448083
0.20241793143274214
0.06654254729014467
0.0666319382467836
0.02676631922921776
0.046732907434930346
0.024235666631430022
0.061413211820789494
0.06661708573214108
0.06657163876084027
0.06659771827668866
0.047845599137107855
0.06662055680512666
0.04229319325924629
0.04244017120768204
0.026438478670383875
0.0960396165211775
0.04679467340440763
0.05623094083718639
0.02884412888884497
0.018119506885719658
0.06659297498944391
0.06658235535773098
0.08377245897995961
0.01861142672521387
0.05355779011872814
0.03816391552172576
0.06645560731525099
0.06383845981269602
0.4827696985216146
0.06106760677883865
0.023561228913429
0.0359620897205786
0.06662287893277355
0.045851810659371606
0.05671118844021688
0.06648976104639792
0.026676463652197342
0.0631633030943095
0.03536259215694036
0.06244267813047489
0.03536120555750125
0.031502182346280105
0.033892937832929064
0.05945882928744262
0.039594315251743825
0.06665135517175905
0.02249421396024242
0.05591217460887355
0.053350090074026524
0.06509775556037953
0.06657132207135148
0.045339060661410975
0.053869459584471056
0.02362023233516897
0.07679105496624335
0.03184804442168793
0.061193195941471996
0.060474418682465725
0.05494655563293058
0.04447100841580013
0.044251693421454845
0.02672269567572769
0.060498466605649746
0.06658514340661378
0.023715421767027883
0.033682644232336835
0.053428464308719566
0.06656152323242108
0.06661145708328386
0.05054576897017541
0.06663765216674836
0.03234682301942795
0.03936246523396175
0.03775400348371556
0.06661257366331354
0.049303114280729525
0.08261060671232695
0.09278998963865841
0.06661227592227967
0.07173222938484747
0.05735514198928972
0.020941402349446518
0.06660525115909222
0.0666105673782519
0.047700398821567215
0.03199567684602403
0.03443315557263758
0.03805091851716786
0.4478577915138934
0.03002235968056333
0.03558610836780304
0.03092554615302279
0.01799287782486552
0.03825729932054788
0.037794462545290064
0.06664127651279428
0.05962329118537543
0.05323336455101063
0.030441401099653986
0.055981784277470956
0.2931727982808896
0.12244802237620983
0.06761154335276098
0.0616327434768287
0.09426372579498915
0.049936121413018626
0.042411708795876815
0.042728222305186955
0.0677054393874252
0.06185895988927131
0.04208335980647474
0.09614402572931499
0.03561572566095435
0.1732820842160621
0.06463737103522603
0.07286061074215545
0.2325437142925937
0.03379037111607253
0.034159684687929674
0.10245061808267215
0.04720354125811815
0.034475046145317316
0.02203800303099789
0.045230461185333644
0.045146867272063754
0.02305721359286873
0.0278881114151108
0.04584522863587361
0.008845741271273477
0.09209144717904624
0.018319069002978867
0.01431004542227911
0.0077292641704414635
0.04170433437795206
0.029005572525725887
0.21248456256328058
0.07621793649582857
0.03589072880678784
0.03729664316275074
0.04808432753396576
0.036375308607765895
0.023517085362594142
0.01939491093619619
0.0862401956245954
0.10333641807456836
0.11132608824673498
0.05818336993448779
0.26656484807405767
0.10431449492987867
0.10169789262215574
0.0638905256136045
0.1402660556939336
0.0433412696966553
0.06885425193143109
0.0492620013138987
0.020317236603775754
0.03912944633475234
0.01801116038474979
0.08922251501088581
0.04897723092493248
0.044935838774925616
0.058029313737668675
0.11003212628603776
0.08537147061495336
0.06124196683381764
0.07151839095884545
0.0825392499682211
0.08806636394473465
0.06930802659877099
0.10192322003775146
0.016183792358773475
0.03768905257266619
0.03417718484636323
0.017132302185903146
0.03633431008984042
0.2024443491326663
0.02187517482224304
0.08566390051269986
0.038459276892080355
0.04585985162249344
0.06840646026713469
0.017318365015856915
0.04107270972509154
0.09749521230366467
0.02706610001241907
0.032880530716218444
0.032627587232324805
0.023462711363353678
0.022438446645110962
0.09902844372527488
0.06403733965301656
0.0439789611174995
0.029723418214984466
0.07733508025505309
0.07846607727765163
0.029827575131409215
0.06281988013397091
0.07462941383232127
0.11817691543698187
0.04659586049728046
0.07104666531376005
0.018292700506766946
0.4289287231679873
0.0611314666347826
0.04338350067640356
0.26014207964358105
0.07173618688109368
0.34889027556544716
0.08866968834627607
0.05550220144056852
0.07442156843678473
0.07340737472614807
0.08485304706266249
0.030492735901153704
0.08235896758040098
0.6048732228563057
0.029280764254897746
0.06921148664009624
0.059919776626199475
0.08147262201829251
0.031400366421090106
0.0504292500982611
0.08047181945577576
0.13969084101084467
0.024202107486650633
0.037357776846185735
0.016325295930956586
0.045703957415701234
0.02795786926166478
0.060220387822599426
0.030740591368389168
0.023382625766015557
0.0235691865398894
0.03484628247461002
0.030079861299385446
0.04774698064645794
0.08991441654629491
0.030274750556281316
0.08364468522445909
0.2406768096518311
0.10657510342408974
0.05065415219581472
0.033935396536472213
0.06276795432234515
0.01220521023274881
0.0540849779352728
0.08707389924188831
0.2458805634491429
0.09468247545044449
0.01911417063510013
0.030515668400063974
0.06339656422656967
0.04666400385532078
0.0610333815879416
0.0557620735356941
0.06790937991658687
0.05205081331531524
0.06197245214295336
0.1724543708595885
0.09470759963811409
0.042750194030394
0.030032234568776347
0.036987647194459836
0.037119057033154254
0.03690986655166527
0.056897386547590606
0.06659275734392289
0.062152362917169066
0.048830936150104476
0.023845922366297893
0.037122858446464686
0.06704597666050062
0.13124166970158546
0.09908320123611655
0.08064434300118556
0.022792982500794652
0.02087672404036239
0.029917260558657198
0.02802050217671374
0.08384426032513187
0.08910797184461364
0.012802758141168503
0.08778686412854798
0.01657380677807364
0.019426146087451805
0.08152997238560195
0.03935059368207808
0.048881420613872684
0.04509888054595608
0.053293551342322075
0.09825800096403904
0.05059939615180056
0.01924663866595408
0.016367689904769656
0.10590931423857768
0.10629922840468702
0.04890543355302354
0.020954697269992374
0.20182436734277545
0.029274877785794334
0.1354213260478607
0.02625387561631151
0.06762864725501207
0.10896859889062008
0.06091955830889827
0.04201052320986942
0.03741772041087015
0.23808056650819293
0.018611347339773064
0.06545033704926163
0.0179274474505322
0.04384853109303382
0.020331114517353744
0.061280347646849365
0.06344588912536453
0.044875031820010326
0.03245095117845363
0.04853497295696513
0.03032550840854333
0.010534062807436611
0.045984713885204
0.04582444254710097
0.02953306330131972
0.0293072353563007
0.04110233066404013
0.03987168003896975
0.10878702615829797
0.08295837575638028
0.06621428189351178
0.03523292088905524
0.036606164841043565
0.10814091320807111
0.05543090875573285
0.029485849092643356
0.06736289595883724
0.06293756680580471
0.14989309940481776
0.0948858019731924
0.03328036988098697
0.044155084564725236
0.08063810434386039
0.5452363413477983
0.0300471152572995
0.09076221116686325
0.03372825874296324
0.050131584713669304
0.05959532025550707
0.010676067403956302
0.02430112464875026
0.03850252285195137
0.08927151451035706
0.11042060322350439
0.04224151912249535
0.07174637084281356
0.04833740853153522
0.040883095354181595
0.04084321047866103
0.02000654024323265
0.02641531871222375
0.03780285954511251
0.05968616671919949
0.03681792021671214
0.07914820065483963
0.051087628291710846
0.04282939672638441
0.036332270709192024
0.02592761553882144
0.07616487024046364
0.046489501262513167
0.0516927808379604
0.03298373515901158
0.07146454892118347
0.03620953171574052
0.04896160311613388
0.09756445893030437
0.06082104173450042
0.03455808169148309
0.023334951507710772
0.04805359715994295
0.05803295731583636
0.08337353288273106
0.053037324708271175
0.04214945605495668
0.15865274440110663
0.044337086375184166
0.043344336504098684
0.03890159570793136
0.04001962953591234
0.043290704937576065
0.019515470172062316
0.03698898089289087
0.06063322945743497
0.06388803918494661
0.06498053440311306
0.03732684142785026
0.03425588157066798
0.07337271457930483
0.047609600002559996
0.0371780968285796
0.02650386396023286
0.15995818479542484
0.005816393127809403
0.09995021979151758
0.03658648879426623
0.6564374212265197
0.034340430216289825
0.03806224586150157
0.016184253739006844
0.16683622181613952
0.06353380264980259
0.026966927253280235
0.1852249541000914
0.593236935764502
0.1132604002887962
0.027172906844062063
0.0685924562323999
0.038492896059469005
0.02572843696601377
0.03401324142254091
0.02444957431989823
0.07825343117199766
0.020929317734130624
0.041062285048487884
0.030171351437510235
0.030670856977445687
0.06226557327370982
0.03355340502718884
0.011185561787257344
0.02007164532836264
0.03175580932615779
0.05590940831202361
0.24908330635933046
0.04900447225197084
0.03236471105777613
0.027101328345392507
0.02496537065994663
0.028191093556614047
0.06397587174550458
0.05622074005574001
0.08668482353531885
0.064512662095676
0.03862782693058718
0.06125387844631025
0.03772141426370243
0.03050653276325159
0.06909493738806609
0.034218432218218964
0.019989618017558792
0.01866502319243265
0.012353504939132917
0.0071192735895219085
0.04786009089982906
0.0720895927001229
0.09377882663679207
0.05496208351481743
0.08192939443042822
0.060250535880503074
0.035158464983209764
0.0744874661932678
0.025004776227741592
0.03251920955750447
0.03663185748944687
0.03844940761161907
0.04332522277129614
0.043920134005629954
0.04834612821975134
0.03397614848639136
0.028035944246824294
0.15348340808461455
0.02009084330849745
0.04988222219306319
0.057721502129305116
0.07943697439637766
0.06923595184326829
0.08164796455154535
0.026228627674786276
0.02001115387685748
0.02460243972266766
0.16455485299961672
0.050575939875781316
0.1628406871566726
0.19500647235251456
0.022474905987641857
0.02178300877558821
0.06553662279000724
0.05532103510083346
0.03841356922884552
0.041968344505772345
0.05260755406047529
0.06087146085565566
0.029910651632262607
0.1611340369448756
0.029594479170905717
0.033843355015540685
0.028824985535043257
0.041007899710245564
0.03053810680620662
0.15001717430063222
0.060532156579695955
0.04846374511672854
0.027342201698629564
0.1377837387491052
0.037695019865760446
0.04608859629670916
0.03983865475045888
0.030137570100909093
0.04641790069117489
0.053917275675365056
0.012078476538265515
0.012197061527360864
0.029290575730035594
0.031594005426099706
0.017777272748676343
0.05386905300711945
0.03720513177363527
0.10669212744294092
0.056234142069698456
0.045110141735625206
0.8549026357179706
0.04782444857850861
0.10584082634483545
0.878183608983448
0.9999999999968664
0.3875389840661872
0.9999839343938469
0.9999978831363309
0.04407963942688087
0.013600839441941657
0.13907856430230991
0.051119801706964486
0.04216393114519014
0.041983001721375535
0.035819449430611
0.023200354894507988
0.03440540577220356
0.05146181552306514
0.07416227211139487
0.051687374864420266
0.06001950824330811
0.033070787378681035
0.0669433306985991
0.02640585763967178
0.14513276370343978
0.031732561523472265
0.03449585175586867
0.020060355451934294
0.02515529128702875
0.03549008461713169
0.02259056452645737
0.03964158697826673
0.0394548789002886
0.01698832746359093
0.05313332100547987
0.039431365031897134
0.04178219375852193
0.04061580377905799
0.14868065622143628
0.03484012330696818
0.03796671030138093
0.0595882927188974
0.047874212964156115
0.1824175908625365
0.18765415580954295
0.04095430070421249
0.07696024449048368
0.024884308495073417
0.057131347831905835
0.07447556486901148
0.3721326440799484
0.029286802064640086
0.040270033388596846
0.041813324817923735
0.041335111718247455
0.06561915384401576
0.06555690159685727
0.015746067240550297
0.14659356310032093
0.02138408891638333
0.0784460474229924
0.0656454729217038
0.04936885251608328
0.06109901343390253
0.6205571685085444
0.031503805647667145
0.026190228280498468
0.03410910743224745
0.057690777691975205
0.4188056351707218
0.04951412790469422
0.0729864919493589
0.028298695046913798
0.030585906045741136
0.06728412294106638
0.10947612579587516
0.13976420250177143
0.140641658135637
0.06373476889513725
0.05329515775128423
0.026785918619181892
0.12066383580975304
0.016893675687382044
0.08722928355556908
0.03820059554255887
0.04885735855192825
0.046491227815477335
0.019380404691187375
0.014749622410991094
0.061425635536088825
0.026652546272873456
0.02534687968748036
0.9932967761896401
0.9999999999999699
0.6230797270925119
0.02564730116784918
0.44711561440991515
0.9999930108598728
0.04206420837693803
0.03412627488171914
0.9547225398458821
0.8801320568398203
0.11399537054345751
0.01795284723900454
0.06578307980700855
0.06168495918007006
0.09725874571788377
0.010927929278360138
0.08052220209170934
0.02257557444099115
0.03011790966745555
0.20236484236641744
0.04718730499157252
0.013208608569881522
0.09165821648199124
0.028474863942937842
0.028376117588750558
0.04932637774587648
0.020633014702785335
0.09409392123650855
0.028774158192211793
0.06778779338606009
0.06374937602053396
0.0390387798849993
0.05943193437831352
0.02510448013532607
0.029941875854767014
0.006512085555716581
0.9658499007274456
0.1465056656210074
0.08453762213224668
0.05036633690723094
0.0953903992497408
0.23340212846813888
0.21205319240355835
0.03114812726502501
0.029773396875169587
0.7632802359216755
0.04828936263916156
0.173277823973398
0.04796018215849107
0.05978215398586506
0.0329103690890986
0.01860363788475593
0.0659095245266171
0.06950637379730376
0.05397610888996614
0.04143550101061667
0.06424741652944675
0.025039696199180894
0.04771002722138867
0.09227962918367479
0.044185657075597705
0.0343349660346054
0.026962788619299384
0.03307850704063283
0.013830977415621535
0.02115638466956423
0.018776828891494967
0.017111127803728365
0.06105013985643696
0.043687783496026915
0.038544306821894504
0.05413342103590414
0.017378853274717287
0.06626616619114832
0.051334241844908646
0.04941449484638823
0.017929002753000876
0.1530903091861624
0.01853333930392603
0.029313464369874854
0.4578820824955329
0.026126971500174283
0.02564291287658476
0.07571914222126763
0.029351486193088923
0.1058212296506148
0.07204091481522987
0.06873899196786758
0.037974972696428216
0.041215527134114575
0.07156759829964555
0.0882896666368272
0.04312446436018794
0.043759596338317414
0.06857970812402565
0.040831336478849886
0.0843204418447719
0.06749981581488192
0.1805051314881076
0.14784271911194852
0.05195883223949228
0.04995683604339784
0.023696636607385736
0.04221076705270685
0.05721168855951319
0.017301602367647325
0.06117387254914574
0.0069238510214246875
0.007346103471612029
0.024153331271308018
0.02004580610020535
0.050297642506308
0.045990964679353416
0.0859969369632673
0.07919946970117918
0.03266747287994563
0.06085413113440968
0.018399623598999246
0.08304345330999117
0.09782442704349938
0.0659146691745343
0.059284071162537436
0.017970235904462572
0.016339846949370018
0.02942551821828246
0.03340216417796017
0.11588251611732145
0.040292341842210894
0.0720756104858431
0.05439382067383096
0.025162454007097657
0.09204417697538132
0.04572723694856912
0.07598438603055814
0.05412511721096279
0.05041191799245815
0.06784228516856021
0.05578995998486918
0.054007653620021315
0.09920994850889991
0.05592455174326318
0.029177016417762026
0.18626001735260533
0.10955404968443182
0.030742380739930433
0.06379920100218922
0.06462459454288028
0.034180805848787126
0.06316508046071186
0.16581295061664467
0.12090571199623286
0.04114527126082254
0.22759254087793743
0.06115317986489739
0.35945616588743434
0.035045759939700896
0.03856344524242623
0.07812161071094374
0.030074811682415745
0.050638038074231805
0.04462089045812091
0.04654329724277548
0.01680273138776487
0.06457993233214873
0.03201070186277119
0.012134179229695105
0.01521700465047099
0.04966738964238275
0.055821214109707536
0.2265101194196852
0.06700379131287931
0.02549264375267402
0.17789485414375383
0.04037354718419994
0.028183725980566603
0.028221654443131662
0.03396740731941502
0.05192724316124054
0.028427574128948432
0.9999999999999699
0.044836850979197526
0.01453982602649787
0.07439803664707775
0.9999999999998198
0.05457690680782166
0.027464393000370166
0.11001568145742777
0.044672021355720376
0.034769106058818035
0.07970460279004686
0.0846131671890855
0.022818438459408615
0.9999986534279711
0.039251258364390376
0.05977541129343908
0.0592745598316131
0.04606165780139447
0.013223397245710594
0.073015617386809
0.019843920265149445
0.14384701833600275
0.07686464935294782
0.0232900686235477
0.09473097686270712
0.061467042515245034
0.020228887267839994
0.042450611321152354
0.016641252723609973
0.10431832933826042
0.2891918732000027
0.040196067554843375
0.045229528089811795
0.08997932684649593
0.1805442757828825
0.07648602252745554
0.034361212415951775
0.0313571412345625
0.19440052860712528
0.07359701294151982
0.05867300920394936
0.09410623416171827
0.04911165672076613
0.0665740839678783
0.1376590754638844
0.017527286654103576
0.10628451328965131
0.03007592749909077
0.05162440152065852
0.02845102163892602
0.06619795931451246
0.028102436878326004
0.0674067401711567
0.08519886652117813
0.06737350793402648
0.01607731233973159
0.01982422276523114
0.06715975317144858
0.09633630501846721
0.06082972266122681
0.057228132273888975
0.08032583806175299
0.05341436535852955
0.06967696272969798
0.06100532015163445
0.06745360701851116
0.06137500170396199
0.05230349801990399
0.06586747938468364
0.06205198421386415
0.03584982494588807
0.06607908675546742
0.03982511584258626
0.43826203808299086
0.0394380948308115
0.041840809453741
0.05604774085145805
0.059914185525955
0.43355809353959984
0.029357913693056195
0.033845382931221336
0.034972575005302056
0.009932457574320533
0.1103297184848148
0.06510331527573099
0.05039156016307545
0.02663104501641561
0.05040078220600205
0.03662118624807043
0.03975113567950679
0.02715386741113824
0.060207535798421606
0.04047856776425704
0.05806308793626029
0.07680564270451651
0.05990317083053169
0.044118348473244494
0.03909439742749809
0.06779351005116567
0.035103658980371585
0.0380487065145158
0.07386080876484064
0.04972087364305452
0.051837295514597384
0.08894541644738176
0.6857190277585457
0.08600973099103752
0.05129775282142588
0.07084557228195652
0.12243870093868751
0.008179941728121419
0.06980829908654441
0.044461015965710546
0.04476480851892591
0.023112483737875035
0.03253146031364246
0.876000896541488
0.5469019846494368
0.22112961155325186
0.09126422481754637
0.16743515801628706
0.4918164903413622
0.08074740988223016
0.13113551446877206
0.054321449368650854
0.058510999135122255
0.07960452959230731
0.029947505239088363
0.018155340476569106
0.03315372520536593
0.060327776574490684
0.05574159268514139
0.054277380304978515
0.1121815230043043
0.13096344657575132
0.14120862108694218
0.04433502418612384
0.023138156784396326
0.03545591795518295
0.04485514163841645
0.038124788266264656
0.057658039525816294
0.08224220785850445
0.029654074311224386
0.0488486701727574
0.04649037648001071
0.36905096587981506
0.07200271690387113
0.021025055367385224
0.03268142311698038
0.17714339313950853
0.05856977931035035
0.006327331111726044
0.1178605969724788
0.03770401555623393
0.06645736678783207
0.11279249991243953
0.07683080591800075
0.06438538244950157
0.061236545478800676
0.053138742930010315
0.01437846364901351
0.09395033036197815
0.04839704529127122
0.01246696404327854
0.04668958451848534
0.04086463610082912
0.018753389063937226
0.037042969445738816
0.05550836012833946
0.026886307682949938
0.042353829308828764
0.027110074652205673
0.07057631499330501
0.05972606746622239
0.027420365691119192
0.03671258814049863
0.06837328691941212
0.030106720353288027
0.0675420624265946
0.052965528810240525
0.050331238582324016
0.012360052545162314
0.048590156248992995
0.04408893928422297
0.0755273018888341
0.05678578340211062
0.12242727516024685
0.018520056350817302
0.02354655783916646
0.04369865442326046
0.020629236053813702
0.02723902508406457
0.026175634208697156
0.05461918888674056
0.2118458702703496
0.23652702578941012
0.029995923515610468
0.1588754547808208
0.01543145587619331
0.030829282577068687
0.03885850847875079
0.014888870993158361
0.030448673761976238
0.017694343749005536
0.04842543736436975
0.8832872591890358
0.01907555902907131
0.04566118707652631
0.049142133968883756
0.04838911618917064
0.0269120470893267
0.013477914551203974
0.012859299035056171
0.011501025900378159
0.02015518736069802
0.061705505648006184
0.05308610737535269
0.015498984601011108
0.06329330081602787
0.17255492704323402
0.03270665061319679
0.041569603747737875
0.05396108487143583
0.07304853280366025
0.046572155614447275
0.060657386845927454
0.07262285259699335
0.13011941668382698
0.08108465735295298
0.1599445267060832
0.07400733329819689
0.020088827477087696
0.023776654809897893
0.0690574350650085
0.031854423404805876
0.03708656631540461
0.21385265810544765
0.059657962254162866
0.11063188150315569
0.02454197156639587
0.05270830252478988
0.04731904824072937
0.0436944804154756
0.05136717869502854
0.05993305426780546
0.06971825931111834
0.024192340488781015
0.05213008102833816
0.12230952798794399
0.07888066585001872
0.09788932628433565
0.01209915239412319
0.15779790186220488
0.010989156790169262
0.01744999132127983
0.04265583504155228
0.05316501932370617
0.031927303833663434
0.7074284802125177
0.11856770239159847
0.29557512787048945
0.22588846051010403
0.35678501026411646
0.030812047011200418
0.051907417068950454
0.046601610744462736
0.05281941759082641
0.06060278393449413
0.07290683433165637
0.060909577731927185
0.01027919869183431
0.10785325566401523
0.05058606677656391
0.025781893974701896
0.09973955396957206
0.0900751177412289
0.06124982805940607
0.9999999999999699
0.18696399215545262
0.9999999999918303
0.06990964898434045
0.8058229926682497
0.12604636557091017
0.9835536412682859
0.9926877925684932
0.03681375061428556
0.04262711113882407
0.033322080768063145
0.10457268147211271
0.017657288350543653
0.12822142447544196
0.48043761242938215
0.07550219919022874
0.020826355675111166
0.045328018214901365
0.0612847003526682
0.02768510421362555
0.0540506604196424
0.07188168478326633
0.03999098197054858
0.025847509459101272
0.041847506142713944
0.057985388049247286
0.33037155045288835
0.0865775364223512
0.35412294258582766
0.607604858104363
0.6694771835738957
0.9999991937889565
0.9999941277772195
0.9999994565249777
0.21037504764501055
0.11665490992890361
0.020044865658401478
0.0989261101344665
0.03522446797594694
0.1305100640147066
0.18399941166755857
0.07932846267024009
0.9999999997718412
0.3536068199439254
0.9999999999999699
0.1383377129091287
0.37380086625348957
0.0873027558651078
0.016329599496210427
0.03519189558995828
0.10659765878646174
0.14687966376197922
0.010057172017320436
0.07295433664925138
0.04911242209283627
0.06834917436878629
0.017834053014948826
0.0416176333580285
0.39444533718124947
0.061894038893854024
0.14764610132972067
0.09206485018197784
0.043852466304997215
0.023910092154606502
0.07538005471549392
0.032176201220455794
0.08916864939982438
0.03112023149634728
0.06734213693184443
0.008251097222763924
0.04242027975405084
0.06117657465255952
0.047665803792199125
0.035167263912068404
0.018596224746072067
0.0401235360164496
0.06222109200070061
0.06619985752923337
0.02371449388574066
0.05123732833798248
0.05831295162941873
0.015696600243404992
0.04598959875847529
0.0178682636699671
0.1458273528326241
0.04437905435704184
0.059624013947978075
0.04300959108010911
0.08241071980208255
0.12644051619654587
0.0450252861766356
0.0311432960628524
0.12995456693925095
0.0764986173843931
0.02806199506030141
0.04426710569157328
0.008301335332022161
0.0671071241678068
0.10135344251474973
0.028892700119345284
0.05829321789184073
0.09332231338445085
0.11101656399933914
0.015511793561973594
0.03067590254702625
0.05037741071571553
0.024220536394253075
0.43124649340340165
0.05201194022617635
0.07551274091851151
0.026328853727656223
0.05169262872249083
0.0622382262632933
0.07227314092484388
0.0948191662009155
0.0339175716182959
0.03175877388159612
0.9999972312662136
0.01403057724291712
0.06542076641727586
0.9999947973629038
0.05960358692650491
0.03293004223921636
0.024224036447599188
0.05411083432502058
0.01025429735353968
0.014544737690321451
0.03847825681389773
0.029907453800171308
0.01750238473104772
0.07818553462983073
0.09232056925726428
0.06575285967418337
0.13013795569551084
0.051327519771103725
0.03600500307869505
0.010588386159799132
0.9999999999999699
0.3323180320578665
0.06482123807775192
0.032347343254039575
0.024507854637579693
0.034499051523829094
0.11828610683651108
0.05572553568479687
0.16456383972619623
0.22976938227286678
0.04011584060031314
0.16605235947772207
0.16034700751925043
0.05346279121820094
0.056301598646713955
0.0987935205023726
0.05154085374460156
0.05843411724411298
0.05823232028263397
0.9999999987796727
0.35854853634507644
0.09050435601232573
0.0642216334142985
0.10705452087513587
0.04399005185757237
0.12430284237798231
0.9999999917776302
0.13279863826289232
0.03968907032671743
0.06870321639215482
0.03734340261361217
0.05955339747297685
0.032132082946675286
0.05758737156561004
0.02686625279936396
0.03322377769063306
0.01690076913382272
0.0635389099070044
0.05167509587258772
0.03245583229347963
0.006944722864906765
0.05398046946938136
0.01862431902464886
0.05824279494377784
0.07674499938004645
0.024356114678430976
0.2200382993791966
0.037454045516762374
0.04752430243509806
0.04711239387932654
0.048115484443172395
0.045310210439124504
0.13456105474384733
0.02406402591792725
0.02672473838386341
0.030119045246334703
0.021701631319715996
0.010920981172673885
0.055868144395054234
0.029428663096816788
0.14932263257346418
0.11464159306248412
0.03384275709306983
0.04413558057566384
0.042539997209681234
0.040666152009178155
0.06672068763875609
0.009097402263890815
0.7754127084990327
0.07201778814004832
0.02615528746673683
0.057136971877477814
0.08743142400744562
0.040314971496550715
0.09209078129167354
0.08715298089234476
0.12595423412041543
0.06012607032966311
0.0314025685148864
0.045277587161465176
0.2029316569293289
0.021466142076431983
0.04537771945146021
0.05119201035658165
0.06717104606907008
0.05150870394420837
0.037590333474370206
0.046195705470469355
0.05126012974110835
0.043063680305517764
0.06949762373077575
0.039840494094095284
0.04135865930829306
0.0575422642231072
0.04070525002381347
0.02613593708240101
0.13432859980676998
0.04633715919982118
0.0377965408798931
0.11019586763026534
0.04485707145244369
0.00724323852831251
0.03647624243632603
0.055359925549530314
0.01911610775608629
0.052352412075586136
0.029234845208143102
0.06088301037877605
0.11393336922947571
0.06642274596094772
0.12384235212246762
0.05721022232085175
0.04486363545290202
0.11727028552274289
0.05827072047673659
0.046746974180588055
0.022366375621165748
0.09841983862157636
0.023567246564236168
0.039470123190062115
0.1667875505359409
0.02486822402395061
0.05450780726641254
0.05045075526678325
0.024346265021301768
0.11166751275010242
0.05390336855149276
0.053276348483524964
0.059892567325577926
0.059998735682590926
0.055235487894694096
0.08183183295228023
0.014913055842659614
0.053732815599782206
0.01946344488251563
0.028332167660300604
0.0187841161832589
0.017577664212447084
0.05817036656887111
0.08888677550104833
0.06348724064140361
0.046370064215064254
0.05411146075193454
0.0888875958480277
0.05026912315364005
0.048199357057946327
0.061452375964536565
0.057175716909277224
0.0327342684631447
0.032446841991998134
0.0658225219123106
0.037936855942759314
0.17885393913649675
0.4140741869800878
0.1568948663837075
0.04441201612985883
0.029641891902997156
0.021561501622705707
0.06436465505591529
0.05847593095627812
0.04627339437435823
0.029908632709661976
0.05468290902633517
0.13301967386339233
0.32802858551310415
0.027725344466514496
0.04998684049993215
0.04060356442180574
0.061276484993535864
0.24478454609089212
0.04632608028653907
0.06105471362906706
0.060691176103093714
0.05390555887302879
0.08772548262619269
0.06114890743675015
0.056621713654158475
0.0861110072204513
0.061205818369506705
0.5756993247407592
0.08355333590963976
0.07089711958072879
0.04660570312559262
0.016412620637698248
0.04657448861643568
0.024385970304645795
0.153918810423698
0.02849978897092037
0.03776745061150035
0.02977509110861276
0.9999999999999699
0.01274470911383422
0.05436231950172546
0.08966131260059886
0.019074144017611153
0.06508766330713697
0.10010169612243433
0.04183249424246378
0.8890555300659707
0.03661855178569347
0.0277068121402651
0.09054930048419184
0.06267259806514477
0.0394721641513447
0.031965598719692935
0.0770801679787038
0.06860510255043044
0.028271404541032653
0.021156661880612812
0.14992234327862652
0.04498234449628892
0.09306503622044514
0.24026008055254117
0.04102924501071001
0.053603944583501116
0.020218743891205707
0.03693152629522323
0.03280334764419223
0.08007793715551507
0.06087881311235144
0.053808500430602375
0.05838213087706119
0.09298859476722277
0.0633164374521416
0.18985445849177218
0.08912325390408539
0.977689819134964
0.03314778620289188
0.08294605870606375
0.1997455715985666
0.06813327277974855
0.03131898876171562
0.031211936010088006
0.05482321520232662
0.01957020237964303
0.01962725828689538
0.05650081375897689
0.03719822971175779
0.040960954590822475
0.05019071119505157
0.10517558660311926
0.05875028227883918
0.10127115369297136
0.04943627738573366
0.018873298951057167
0.05455217976008882
0.0380167358647265
0.07010585595550692
0.004036740095613047
0.03766965099061195
0.04424775493288051
0.05333130799341134
0.08012958876279345
0.10903995135544466
0.06835276128246746
0.026884849324445993
0.11827434203834038
0.16594648441605758
0.0581214258841239
0.03193802213424843
0.06271211027264187
0.09232171538415021
0.04490392211629856
0.035357390266640656
0.10788901955371186
0.10303665773959357
0.058102385895236745
0.08272903655058314
0.03433928012676725
0.03765748792410959
0.0752949967570077
0.09002933639628252
0.015976248329979282
0.047273643915310797
0.010829086722292184
0.06718176651030185
0.1538745181872677
0.05619527095877118
0.17363288419056208
0.022430602939403795
0.09018169428376455
0.03138606609226577
0.06903186109569594
0.23245172903713726
0.055334637118892534
0.13172949880720128
0.08505379889115966
0.12230596869034992
0.06096645776075596
0.02969067566617643
0.05379934918637807
0.05267422026511557
0.04841666675595134
0.10687485013582818
0.03251982528733604
0.05645324351165304
0.02532091415179147
0.0456097578746296
0.013972581250306246
0.04246673641487709
0.06622350621921921
0.041187378188178504
0.02943609583431949
0.01958114371517159
0.15025130444168774
0.007681597051095103
0.08285599050820087
0.08454078810839055
0.018551549715758477
0.04631565036063862
0.01199595263970272
0.042924896693343914
0.0627534551969486
0.06438999460136755
0.018334512824065476
0.0337559893412248
0.04005906133777217
0.040819428492510856
0.057451279828167355
0.02979008856097057
0.032777390995839394
0.016701151316327663
0.02944768979007612
0.06726334315260772
0.0818675772249657
0.07020067502819653
0.04211419096610241
0.15338475201206103
0.047263629182487575
0.15522566337606603
0.7354964284089254
0.024987988144183303
0.06247621544291981
0.06299208877668762
0.04170438628084845
0.052001495849314405
0.007555235955688232
0.05997209872552076
0.10515620050152284
0.09117369643823099
0.46572884764505706
0.19325533721268232
0.09039350034737924
0.5395044537036239
0.11267888811206095
0.04628366942098029
0.8727212866649854
0.7662931643037897
0.1370261386220085
0.5
0.03053688576638349
0.019979012424366588
0.2724630249611751
0.0623970236392996
0.038948236473007956
0.16374649090264978
0.044194895356238564
0.030106810052698666
0.04777560248899819
0.06481465749845053
0.0243642807503716
0.06553342095008878
0.03410757435418241
0.10785443074027751
0.07301099998821922
0.05952692581956775
0.06721845013578011
0.06282452484500946
0.055480201638069174
0.05842886794250621
0.029225284515863675
0.04588460028469851
0.03205673285298811
0.04518959238814363
0.04846116942993846
0.01985637728497879
0.32920788927416256
0.2309039357040383
0.04231039572993614
0.11607334940363903
0.410591856302813
0.04971254165164602
0.057166657811172604
0.03684564814686699
0.05322802324467308
0.15477832894742716
0.026489972528472197
0.08206434791404109
0.1458893663254944
0.09926543585280237
0.027043120045490043
0.05027491266361583
0.07299550028473473
0.040961735976530314
0.08002441930097767
0.24028937355833516
0.1134345554590113
0.06017389131996353
0.028995256705935776
0.052641472896773046
0.049710977183497436
0.04721781371310655
0.02927777122173386
0.008406802475032607
0.029586338768320803
0.037283499794117214
0.018066565299434734
0.04638060370536468
0.025188586092880494
0.09345906378918832
0.0244198124963866
0.05273214350974599
0.020164011954007743
0.09085601580629567
0.03178834855942072
0.05705193078279852
0.1052096683253329
0.037050781470922736
0.041731497494226624
0.030296518712987646
0.06486015359165297
0.07039936218957057
0.02294096571915562
0.10839898318974646
0.03668695430082985
0.08382922909806363
0.17642708756867176
0.25400499812585553
0.1581584505123782
0.09857288310040102
0.026416542330095702
0.0563604887947665
0.10190914210039392
0.03758937474246834
0.024984502854237204
0.021973722736895244
0.1299961451514006
0.08674026296328936
0.05754086210372708
0.07210595591095278
0.08206890392682953
0.008938201044697893
0.06332866619028144
0.03117641139921468
0.03202824142542381
0.028940654351013156
0.04890775548790058
0.702153484097467
0.035872171668753824
0.1318088418816752
0.06841650406624411
0.06898031056111473
0.07107185830736779
0.10560835259202817
0.02656369936582107
0.06914109014171678
0.10859443552486288
0.05794442730368393
0.050094470336844985
0.05782664980613727
0.03209501076553437
0.019143555216140928
0.07675178319652565
0.05878718936322104
0.010852761928224755
0.024428437751038142
0.0762229095143913
0.061999743327327016
0.059018926118435525
0.0440166239180356
0.08633201872017131
0.0476063771309404
0.07452629659258264
0.041795237775839246
0.07347306728134906
0.07155745296043697
0.7080114151428623
0.051982640101941036
0.03960663543317069
0.020953423381435837
0.07364598024785514
0.07547645543382872
0.05976055899459045
0.0408740405649366
0.030793670038125196
0.05150861289107416
0.01942000218466511
0.028940903747157194
0.1383151006913484
0.014232961133049504
0.12590724695282024
0.010540304644952345
0.19124827920227414
0.0748116288749829
0.0961908642929508
0.2919206378494426
0.04521347433866526
0.045198479321323044
0.026059811255887994
0.058048045121743296
0.08528117093385153
0.06471873501904053
0.014860201148416836
0.10719002057284965
0.030648120456499336
0.2083533986305844
0.0588927471678096
0.11387312876612733
0.19675264452851632
0.0697675720203661
0.026072442549207667
0.05065712047021148
0.0970609432801908
0.12681263605191193
0.04181452138718703
0.11063898777873024
0.06749409317595663
0.060483136203717515
0.07229488708890461
0.05871942700832905
0.08140745347833306
0.147740656535473
0.03596300871586709
0.7750015947618102
0.2783225716124043
0.08815434111201328
0.5
0.07900004128786942
0.13367203899549301
0.058000016321054185
0.16605684852284208
0.08285598462060263
0.06316567650181998
0.05800075261727975
0.03953193687028846
0.05978543098203459
0.020745043704542797
0.061171763816216224
0.026977828637521524
0.08562108073584293
0.07751941300106484
0.059926761409138524
0.022990213437366815
0.013592486246458818
0.1051988631661001
0.011394314449400854
0.05402161200284029
0.04345478146127639
0.0472503418270832
0.05210907586523104
0.06048546872370577
0.06774585937035822
0.09111604111763928
0.3667956455620634
0.05318827231200852
0.03536021762122361
0.19242927210548438
0.097820296755727
0.0777272166626917
0.04590837789287563
0.03406244309717068
0.07451396394815986
0.1285969064093178
0.09148812017780214
0.09639289243192656
0.02505599645120466
0.1273332852492927
0.11895754153687471
0.11504281066292187
0.04252593463609266
0.14879258428211642
0.06824401465183128
0.642650734431274
0.027800770013597504
0.020358706698010934
0.05637433703459257
0.03529127894731729
0.06997699260788798
0.03173221078709079
0.01962218509735601
0.05114933640923298
0.06088832444182224
0.045305179075911146
0.23646390299389863
0.04629792028405108
0.045509712237189616
0.015149166062009214
0.15230318697601605
0.13589082852727336
0.10159774644023842
0.10482739878010376
0.05434572121404649
0.10877628049904388
0.07004252562250914
0.0064035187869820485
0.02196213426617563
0.09256745720295206
0.05829107241166313
0.03363140044739277
0.07843788947948578
0.007772251231001217
0.03291090383574386
0.04320877098357437
0.029815653097727025
0.086641771190759
0.046014047211109625
0.12599927811449693
0.06319834451411133
0.045210316648860195
0.05500199147981862
0.3127132828870441
0.11919510597419744
0.046483494828511544
0.030491509018887846
0.03591319265773109
0.07426533913027618
0.01992367561944354
0.008845008809891362
0.06867991871842948
0.038836837268533056
0.021624019935029805
0.03253853347042857
0.05729031935851009
0.0511689774115046
0.01741130042066332
0.07859587202721895
0.0623786177446133
0.05444340896189619
0.07236994076102726
0.05333497815844673
0.027751390229458238
0.04081659079070515
0.04178461369269076
0.09191732954832382
0.024951229784654815
0.07759920702625901
0.028462737230104312
0.1314492697928791
0.06380847208964643
0.049846616648420834
0.031926047892929715
0.22621428554787443
0.2232161274050043
0.04713012234125671
0.03782096546977593
0.051000363560210586
0.036689229315822344
0.0635879422183098
0.04046883521802652
0.07545949294599115
0.038905144845121926
0.03016934780893657
0.03797054877502792
0.03537046165052767
0.04353503581159183
0.06305320295785057
0.033527761304027445
0.025204659647033847
0.03265471832272282
0.12624586884013556
0.06285406131677981
0.06362782191564817
0.1524275031185371
0.06318597534847745
0.0372049652326144
0.3216015302981004
0.07545640023101213
0.08920761105416412
0.3397213552859065
0.03961200012810382
0.05236661851099135
0.08200589397958763
0.03847881809497666
0.039285048197421
0.08607616394367498
0.06741674788385864
0.05116593544278727
0.22261707730384037
0.03559120436394399
0.011939236354303419
0.036970193908113284
0.013628703700840284
0.06205189014882788
0.00493604659745459
0.022251314379988056
0.045510106876635134
0.039260515128155725
0.08314809906833967
0.04184949545944555
0.04716689725892601
0.08382420070781618
0.009730785029518305
0.03540630518675416
0.06555544354248138
0.049225076075303534
0.024061663311416688
0.06208944956269073
0.04987338565059069
0.07461892611971696
0.03778102046675559
0.05032227018157853
0.09017148599799159
0.03705653983731208
0.043936675473222934
0.05568150819973369
0.18003219927082142
0.06738895338513055
0.08171665587447485
0.04459666976191141
0.08478494569090159
0.061048337288928944
0.030231775372536986
0.009016713433198643
0.08472419627668307
0.08710844178543609
0.99999999999724
0.19210279141533124
0.03746498414912214
0.06762593704345268
0.03053644759623656
0.019206057113058658
0.7650374725013921
0.11255071149600342
0.03541722363030506
0.08662714190545377
0.12987682226104988
0.07261144930039623
0.03340196314980411
0.06790928032008275
0.028786073769364144
0.018858866795327164
0.009359006580269072
0.049166032717392484
0.040721974164219854
0.8313836104270761
0.041383125192570196
0.04474424520934136
0.032117768691479726
0.03071545683236354
0.04631340896368386
0.02204431742637948
0.04880669166135548
0.09379719450996524
0.01887876477107901
0.04080621187408249
0.013879346001738593
0.04454664389459119
0.035924255866996685
0.052642601557063594
0.0539212199492848
0.04507041375912994
0.07006199327822998
0.06514951610083061
0.032983493390277605
0.05152528169779503
0.02191082808087934
0.08088198197521554
0.03956365386580364
0.051843500539183844
0.12491005761914613
0.4006472097004119
0.09234268247579357
0.026797551650863442
0.06740820423164283
0.0770015290579677
0.03352576208349944
0.0280820951658892
0.045485263314321414
0.09620548975612171
0.042887412369731565
0.06033237932280891
0.9519424270841039
0.8668964419903479
0.02562460862931747
0.05653327970160073
0.250627051207954
0.010164900945287578
0.02853141816404945
0.046279799169105566
0.061566071764119906
0.04518394723343107
0.042213701276757956
0.05308963532496506
0.09203444894270338
0.13598294911830508
0.5940034441392564
0.08197139600056368
0.05210280447121858
0.038994413562757124
0.042089701869602196
0.026134314742057907
0.018007736210268483
0.05364420532489454
0.06158145109572853
0.062103449917674323
0.07195795980543823
0.025375046208108428
0.2670417016548537
0.13402360128609628
0.20828507154717257
0.017955773765678886
0.08388801944329143
0.07721869594772059
0.0823743232097094
0.3137850459751054
0.04185073966163799
0.09410388742390091
0.1935346757399679
0.16821814816260094
0.12514002477569153
0.07144038319373236
0.9562499036213103
0.033021380513782964
0.04643093098366595
0.06905787971683286
0.07997994138990569
0.05698604735920879
0.056625231326849046
0.05189564240508095
0.03920414085079765
0.10090849818522674
0.09310134922659018
0.05113317289302324
0.06088217901533139
0.01735776224763739
0.07917792620297327
0.07599177300479754
0.08738525533542225
0.06102595185037782
0.03888823304335307
0.013810530234165966
0.03105638854151993
0.1822625206965975
0.029671090200285112
0.024823737803174446
0.039189904264579675
0.02430223850682964
0.02203492797200955
0.06758604440293284
0.042439475922787
0.007052338868697716
0.024272455669532397
0.0853430960160178
0.04959749525641082
0.016209444659786746
0.06542032402399986
0.06398838320874355
0.050489054607655987
0.09921275527902566
0.037936402953270165
0.06232433267585151
0.12660406053031462
0.17805192993132857
0.11805585548145998
0.05467972223836411
0.04571340551711449
0.06676699741085311
0.16062999705783515
0.036932932165598883
0.05982261889570356
0.07608728210876191
0.03397477818430907
0.08178177672087318
0.044222964876049445
0.049726057862286475
0.07503894671142967
0.08614335116790192
0.031218966784231632
0.07854745309988657
0.009663244901735693
0.07515395952268031
0.07843564136302127
0.05996951122050372
0.019938320621870908
0.0202779264935019
0.05798677694753554
0.10350995617060607
0.05945264663945072
0.0978604098589443
0.0388527721696253
0.06521006340017295
0.02751030092812162
0.05939143136842263
0.050094448380589525
0.033345637435445
0.015961230769334884
0.08871945412377703
0.026174374760389023
0.135128154656143
0.12778852545324423
0.03181723714337904
0.08261863414164064
0.03554100693281035
0.05723834844090326
0.06896314331049742
0.12548266011984024
0.05987294399153374
0.08260640134999887
0.135614243632386
0.08011103318715576
0.08543682281170009
0.10815213578707068
0.0609955874604305
0.012734851219748886
0.1150498253731904
0.8523855089306475
0.08775000960783597
0.011224148883390572
0.035588962051297635
0.036492195578984366
0.038953463136943506
0.060686287914937194
0.08187808261130677
0.022940834437579757
0.0872596752338661
0.08363722056743905
0.045606901851484034
0.03776581479025357
0.053038401945254714
0.048809338343967744
0.08239389239950463
0.19449459007609973
0.08440864824677853
0.017397435846764314
0.039449957628059334
0.03286615501497533
0.026138164386744937
0.01647094208425496
0.05525333750586328
0.06244241643972485
0.07298316200107073
0.07817215083725493
0.03128654851066223
0.05967350570330995
0.04917602904725676
0.11030343482996446
0.041127846495448504
0.026857437941038825
0.04010055853175897
0.02751932246214523
0.025102216130338334
0.06424959393114213
0.03227150707824215
0.03366551501077239
0.1313668656505393
0.008080004200979886
0.03534523873728234
0.07696998375582553
0.02667759522936715
0.42129014184108715
0.06512140691174978
0.11828514617237146
0.03606476440199831
0.15603384105430093
0.036057278791694916
0.06912755622906258
0.02428699565978587
0.009963590551012022
0.13870692444752067
0.022708193490563536
0.11518319401025837
0.15450962142321475
0.04038047032207923
0.03520544394451319
0.03251070100514906
0.012609971293189456
0.05208443279973514
0.07345954481258653
0.04284370443179438
0.048773755889332776
0.0421746269665093
0.05201011396344828
0.02895987418669359
0.039675184209569725
0.03407166034210785
0.057986099273906286
0.09403576626994793
0.06596093131519805
0.055521173025406496
0.03361058826593806
0.03175990981820196
0.016730836938362654
0.04543793928094469
0.06786107138024021
0.043046245610181826
0.05108744601711787
0.04549282042109644
0.016618530719631867
0.02433719195459305
0.040012258494282506
0.02638168683838604
0.14452875416022742
0.0128489010188502
0.04329160979474617
0.0683089874478913
0.058392406866473116
0.02548893503722099
0.040376937549773236
0.0427173311168841
0.01206266103906281
0.03538846120444677
0.040101579625371614
0.03670537942186121
0.012596311079252886
0.10598114038027533
0.035932883325298086
0.0740535722163618
0.07992511506673629
0.017990750268350963
0.009137151568814722
0.004036647863205354
0.051170267311212186
0.25581706532227405
0.26524741229134363
0.06930727125081065
0.010587729532740866
0.04618925727690995
0.10342518702958108
0.04206719541484325
0.013171999775993207
0.06680545710048244
0.04211887732627087
0.02503095483622768
0.06292935336443548
0.045524659782372544
0.01731677695763509
0.3601131868964262
0.06197503775998772
0.08564002227593466
0.059325220309504996
0.03583893499979037
0.04738433116091127
0.042901521732986884
0.03278330214932827
0.02668378004159742
0.10573326228257586
0.058418937390223476
0.10437903115734572
0.03204395279362212
0.1684394600322806
0.059243194661128123
0.07112793658104631
0.051105006214552405
0.019321071848475514
0.029808563537159848
0.05042235283827395
0.03044152804539534
0.0429257078794355
0.05380609013790947
0.023053565795969035
0.029092037031612707
0.0991013784074482
0.06878898794436471
0.06368977648122066
0.030911576002895243
0.03239247819537504
0.011799835004950783
0.04274270009053031
0.07329626420293461
0.01497180092976316
0.05808369324818444
0.051566448479417944
0.04091960959041041
0.056376989350934756
0.03820555649216775
0.04234039756984367
0.05471643453637428
0.04803485982449755
0.06071566262752157
0.049929271120889414
0.05499719768387707
0.03726805185183262
0.01882758512444321
0.05712524245166971
0.0705010252505015
0.055668334965521114
0.029943228381980682
0.017317015547534058
0.02746317987919186
0.010603881149391713
0.15142716550487625
0.0321064174299774
0.09703085745427781
0.02201279646724062
0.06552706171469251
0.0432550631178119
0.03761181070683722
0.0696436862139659
0.15327873282142931
0.045888927907567455
0.037939222490363744
0.04730877980530348
0.05775429392745268
0.04967129917328284
0.10150473122810229
0.02348166239161237
0.04300055348343985
0.020137876639580905
0.02100580166191045
0.026809579357957577
0.014996005989920876
0.059170460331974754
0.038437888150698915
0.06031293769215762
0.02639769984519105
0.04396841973812134
0.03755582505848596
0.06033897032208734
0.0561747345655752
0.020173318467647666
0.016932574203329154
0.03813255420235141
0.02692964838059577
0.0288658230953593
0.03407208302514019
0.06106193818371713
0.4224907399012764
0.6050428388863134
0.03070896734188974
0.11550376718552724
0.613541791857028
0.03600075660330184
0.19951785933009453
0.02205123678725772
0.029914079498792025
0.11043848472536026
0.01830541436095364
0.21012668564393647
0.025812362721016117
0.08199184492194812
0.023895689558517858
0.04368153729514003
0.03275339332744877
0.02720161115366311
0.045210752759641044
0.10105431695610931
0.04497836697893007
0.053431587115371326
0.05723398363994617
0.05464530410050532
0.06915898192332472
0.015233754166416808
0.042411108244962026
0.02814305646040179
0.06537522065237547
0.030600057162274853
0.05940480535839227
0.6227830367952278
0.12943420177662998
0.012209304540247396
0.08113333681166407
0.06535391031308692
0.021569056861789927
0.06145465659722257
0.04403973245355327
0.06921066362748943
0.06888530928163564
0.10068791140866049
0.11400862163709934
0.03732085450420589
0.026474381031419258
0.036815734931369165
0.13779578655438585
0.06972420335398229
0.10665090465393103
0.12365687089859197
0.0610816291015529
0.060184915731038506
0.06480845044575913
0.05930023614647018
0.029392881183963108
0.01416596727554554
0.03345300556752043
0.1699396724675775
0.03964400361587315
0.022745885274713305
0.009749744402074004
0.06645896180091576
0.09282030173912348
0.025181096952228647
0.03545730533439453
0.0836470512306021
0.023759220755280072
0.01979735011480247
0.0800229773466654
0.02814426837325659
0.014446385927427977
0.14635484499120954
0.07544970093675543
0.043098654614701984
0.0509086185625582
0.02677010664556752
0.04229039762813956
0.026668789479310406
0.0448446302137156
0.054934279073157996
0.06590367203741374
0.02560472743775934
0.0456211496370812
0.04537998887171869
0.0230490618608884
0.0860982507891052
0.039348852985257
0.037448325145708214
0.03250921034955075
0.023116126008014895
0.06040602549812425
0.018334608429440975
0.02063065715846421
0.02656576363278474
0.02481395105093537
0.03316704603639945
0.03907822644641493
0.04417693581686967
0.02961924912944805
0.04331952636791421
0.03719435161300027
0.026780952830205977
0.0230140711272391
0.031695800542771276
0.02774984380787345
0.016352517434734034
0.03425398511346191
0.04237666503058488
0.0538170967723874
0.04553167555237557
0.027546466494559607
0.04986569578490519
0.039414644701555514
0.024956245709217475
0.04114033613105928
0.025237650611824713
0.033027800336840524
0.20611549893857584
0.18629577368112082
0.02385883930350026
0.06198759627977007
0.023455392450502953
0.04987005347371769
0.17475399804202535
0.04876737801349693
0.060306367285849
0.06703937629538471
0.09126947732576453
0.03448140000036129
0.12826816198116803
0.24536414823003178
0.023975009288831745
0.027270790333961976
0.057283174782761945
0.06553699925886126
0.04964148937058294
0.04096897369751898
0.016360506911884138
0.06539887214064415
0.13562095363909
0.20539405039661315
0.0343390532990696
0.13225048526234717
0.026658436275798537
0.05491659639457318
0.21680540260146472
0.11111192664988002
0.059889052097705196
0.042330558115050515
0.019974751527706863
0.02097576476982515
0.06996504178528984
0.05842273445306226
0.057564992011830594
0.034173059956536335
0.02551987575583177
0.03772323944071781
0.07838672135210537
0.0044440505407707
0.020346928813459234
0.08515526275399363
0.024543463028223404
0.0615571038224174
0.028597453133962104
0.04598379285490938
0.05347394906087032
0.06854354347386485
0.06760743202571262
0.046645400930219856
0.032958672276394436
0.043687455197865654
0.06538927292910757
0.12126842077853962
0.0296131780197503
0.018812191783305
0.10011442074476677
0.047663820535449854
0.06429105922010317
0.06517786784913318
0.03219968395949157
0.03222177691679146
0.021321195867705166
0.04361263371688386
0.037377102544445005
0.035518178643747456
0.02647118572199671
0.03326865169003634
0.02092990494880776
0.05007442971720454
0.061783199282764094
0.1480435053524518
0.053208127177288164
0.02921827791773932
0.03209355857626149
0.03000807129934295
0.03650841511678498
0.04275969447123322
0.06191594881106072
0.08868521509483861
0.038931756576573745
0.0305611558663173
0.0743226562192579
0.056786344850764454
0.030621340368453116
0.02748935617270933
0.10290840100921492
0.03404928714506811
0.08735942307421404
0.037501930193613524
0.09086378993404065
0.05478502653626194
0.037209299637197484
0.01748556452605953
0.051441871858645814
0.10384131294616235
0.09376254552591037
0.0541385535346695
0.029270430320768995
0.05243713501438997
0.08235467972108931
0.026768022893364263
0.03387335654783047
0.027603777298397646
0.051260965077109276
0.044581512334328305
0.2469236536304061
0.0619011863994112
0.4485917824286926
0.2648663738096784
0.028975528755153846
0.07734580011675939
0.06057053230841937
0.03249382433129363
0.059054911109321685
0.13553096035356485
0.31652621704987977
0.03872727119614151
0.03529326104565185
0.2714165395673968
0.06296992784452786
0.02308731895730202
0.04018393952149029
0.044145051351898425
0.03989783759789688
0.46405005923023995
0.02569864887951234
0.023630153194123253
0.11105313760043134
0.018900117529709017
0.38526612956832273
0.04656828624197817
0.0725868206821123
0.12177389405704753
0.09467409401947806
0.03299923412170266
0.017765318238435378
0.03073269062803767
0.018272968971225725
0.04144415448395987
0.08067397095463717
0.05654365727628599
0.02723813895011605
0.07459693227094001
0.06064151960987977
0.04773487549270025
0.03014173836627696
0.03258358448063975
0.04040762704166071
0.04234592230851533
0.04330533630026556
0.015155479289879821
0.04924736757450821
0.02548013051237353
0.07000543957344287
0.0432518075738962
0.02436534673182371
0.01880196409369251
0.033861798588787365
0.03022147206645206
0.03453577139134454
0.02991918273179068
0.18821548780559794
0.02655140159138636
0.026843528943820714
0.061457834740207544
0.08838391791490624
0.026231809938410636
0.32252841829196555
0.04699423991743452
0.027488972635620338
0.021940123655205736
0.023544230414037266
0.01055105619443595
0.018914678129677624
0.02183283860557577
0.023436804266799664
0.025876306879881305
0.05520320562410926
0.0437973752137944
0.015334708432897597
0.05132456806941226
0.017006249452001715
0.07710677447640142
0.020780751965911348
0.04667667772811854
0.07211600656474683
0.05420616446977363
0.09297490130087915
0.05442486095718853
0.016675067996667636
0.06065129063585346
0.028317030583508162
0.043184227560755954
0.04121653415209915
0.009406962821502716
0.04602792586167381
0.06913279334662689
0.0290762564909179
0.29091934944229775
0.05942868407822745
0.07665249286463378
0.03668978175242786
0.053168202179032696
0.028257863352920947
0.03700094290248361
0.04753450348872964
0.03147177031018515
0.05095714666948457
0.018027414916853498
0.033775913338519356
0.049442220295441514
0.1075740943402608
0.045258561242307746
0.11312463935040402
0.2151155247783288
0.1207661985308327
0.12330424818528903
0.8107297155270543
0.036321072936615795
0.009877923363681812
0.0636818317281487
0.08071251418070212
0.28670379710239086
0.03149032138916272
0.013340793256467537
0.018330460002326215
0.02987978768960329
0.07959396702591522
0.17679147421170144
0.11614747101837375
0.05056823643406909
0.053090137396184005
0.042371569429495694
0.03997632825940231
0.03570471283870551
0.06132966210722337
0.05121678610225535
0.0489078313816399
0.04758510795577123
0.1994244946896063
0.5539313823243188
0.06494929555387383
0.03710387730939974
0.04956224339492843
0.16882211018983206
0.03404318779040094
0.04628728823522648
0.07712149387352858
0.061184646144510635
0.05758909335016662
0.08980815952172176
0.03887058835921719
0.08379075128671258
0.1489918974326588
0.3768362821619616
0.07770281952546175
0.06038466947390345
0.0070769620204167
0.032328319090596976
0.06885048032071374
0.06969649733446735
0.04977439036068863
0.13070754225868375
0.04927873757392127
0.07470058050520936
0.06178858266145088
