0.5989661317368613
0.08255949570225138
0.052194210540898574
0.10270849291457375
0.10272154936594276
0.06326054971519703
0.061391701850342796
0.10262424397458861
0.0355574051726217
0.0589802420925269
0.10270481785689839
0.5991490398663928
0.5989032186419968
0.5989382304587347
0.1026805152888425
0.5989874678338257
0.06563923824568006
0.007158896054890275
0.01898898397539284
0.10268844110685146
0.10268554214385796
0.083641109914138
0.5989486799715884
0.5989937807805706
0.5989397742787819
0.5989661317368613
0.5989661317368613
0.5989661317368613
0.05492234076086699
0.5990863120428616
0.06585452459989376
0.02987425301610959
0.06999363511042307
0.024192675885307036
0.09328347092396748
0.04844807280945376
0.599135201923533
0.5989661317368613
0.1320212816891088
0.2818197451412999
0.06293387730189196
0.06086551588798589
0.023251314243389155
0.06394212928343715
0.06948078314442532
0.10266360448647752
0.07801759763369359
0.07609632961187941
0.1026250158374589
0.032156865981579755
0.029389949973798596
0.060957216247751765
0.051467094851041964
0.010730913107874572
0.021831594733692422
0.1002004384961477
0.018854341434398254
0.0028474942354127135
0.01855333831293716
0.03729349750623025
0.028903258603176277
0.1026922248062694
0.10272735609311742
0.0862008995857044
0.0343461905353514
0.008486238777374765
0.03223048337766172
0.007699366705086903
0.1027352514791092
0.0303493402804172
0.0303493402804172
0.1026644136796041
0.00877279659766732
0.054829840462027914
0.09475169430243364
0.024428893971534662
0.06907619829931709
0.07234870679046783
0.10271378777424924
0.10266685011047545
0.017135669172170114
0.10270428670824572
0.038433390792954464
0.10270326957254156
0.4347351105528193
0.015576079897323923
0.06191153662024402
0.017839714464958623
0.03278777675614388
0.010668333942418649
0.10270245225269689
0.03223048337766172
0.032479816630786834
0.016956314990069898
0.04320043462908602
0.020044929486414127
0.5989661317368613
0.5989661317368613
0.031043926077385646
0.03786915283852013
0.5991490398663928
0.5990608627151451
0.059661308090142647
0.10269460859591123
0.5989661317368613
0.04801444252864151
0.5989336122220271
0.5989029750026367
0.04913945533395702
0.599135201923533
0.08993758936736491
0.102680094063991
0.10268913949866776
0.10263750157687893
0.07116734380266852
0.04577939372891931
0.046649742490381695
0.004678137146105281
0.049409673721604125
0.10966267741769413
0.10269139184885685
0.14386470634959742
0.06606937022990017
0.08940470213742374
0.10270810075448324
0.10273961575527034
0.0995862023912977
0.03813641729734824
0.03263376322155121
0.05971892480441353
0.10271371427520946
0.0581826307615117
0.04282087051770754
0.06244992316365134
0.05010533729326063
0.10272466763820783
0.06956757459467088
0.09749408400421614
0.09994874651567437
0.08914093419435103
0.5429122554084169
0.08879602639910614
0.10265662810755727
0.04741379827610078
0.1027032367163009
0.041427685258559784
0.10268743825225239
0.06415895945440085
0.0650758802590538
0.07294746324257978
0.1026976538962714
0.05010572136621329
0.06153103814303317
0.05069188567667457
0.03077762740142178
0.04636924594494089
0.03951298948546941
0.011608918297333706
0.09956926374508501
0.09149490248473771
0.10268068858097741
0.016611008432836607
0.030329688672829903
0.039749642543581376
0.10267730201003478
0.07918183067848929
0.10268658757634554
0.041583891985179595
0.10267111353031408
0.0769661288723179
0.06822739591375185
0.10269161631509718
0.021429637451112524
0.07645716045141106
0.012621201716914767
0.10105578656088815
0.10270191094764927
0.2592499181349197
0.5989661317368613
0.02176871958948277
0.020586892518006432
0.10271317761909123
0.02260992871021564
0.004772942784016588
0.03938086311926232
0.0774378562186661
0.01788313968902948
0.07402493363592766
0.05947352616190458
0.006623469566780037
0.03872596324106583
0.0719439071652477
0.08818195555994728
0.07300190471343027
0.10272092944643262
0.10820326972130104
0.019824950017156163
0.48221844668565556
0.10271002283291025
0.10266073904492783
0.05432046369665229
0.017133772951254286
0.03965759044257397
0.06901332806889947
0.10269257936579242
0.06898025371794156
0.061543784953576465
0.03390495338772091
0.04810004222112245
0.007982981347179693
0.10264648763342984
0.2013158097957506
0.01558075058660073
0.06998048903103048
0.10272441057819005
0.5989661317368613
0.06321254207099644
0.1027097345950233
0.0399095443259837
0.10270680986034038
0.014856825775988302
0.04303251052886225
0.10080294571284135
0.10270444456071973
0.013946958886547517
0.10271637216183048
0.04070449517483653
0.02981436059542765
0.030314992640480244
0.5989661317368613
0.058585820510995104
0.1027101771780058
0.08788993208566279
0.10264287651451413
0.06133028385757687
0.0574996615119471
0.10266449374638162
0.07521843696232489
0.07493433305997697
0.10269236119007985
0.10270364273820065
0.10268502391716512
0.03488216087206497
0.0632080242617024
0.0589967016696904
0.10265935706832177
0.10266598609899225
0.10270348748226935
0.029751174525896214
0.10266776876424241
0.1026861019351409
0.012043265181702567
0.012972463207061025
0.02725080736256758
0.08155599602172652
0.026580009708823366
0.08220854109491023
0.07757742216126419
0.10271704600286125
0.10269570158039755
0.05703379407037165
0.05231718672133249
0.099738596475976
0.0254400352279128
0.018141050638133184
0.04663133766569273
0.10266974563378319
0.018676476552679917
0.10271054405591455
0.05417724318869061
0.03344773201352042
0.013054575876893144
0.03786915283852013
0.012076994664435662
0.05103680243311705
0.0030935028222556535
0.020936935330203812
0.07034913130162353
0.08261269870767324
0.1026848330252542
0.10273036871869673
0.10272770188648861
0.06647263687998475
0.25022066172087565
0.06817927142831973
0.10272211552993989
0.08751171937304363
0.10024877641390087
0.04775208759939367
0.03043114472810226
0.03923945604702235
0.12378808778433534
0.0820568256821209
0.052780655087351754
0.019163420345208165
0.06450129023664827
0.032923325694432105
0.036822552413077934
0.10264354125290732
0.07759294678370157
0.045022455031756
0.031087715141779312
0.031087715141779312
0.10271059161491847
0.04197033206479857
0.03563557232511946
0.27452462786893617
0.10266847267705928
0.02316162779976886
0.10271197515737261
0.030729329041599557
0.10273053500113329
0.10273036986634605
0.10269064498268798
0.0342688851402741
0.06130149069803413
0.08114729126926308
0.5989661317368613
0.013162805787441839
0.01683205174004049
0.03973133837664815
0.013008146349022075
0.10264698503478561
0.09193791299385025
0.10267967007353662
0.05137226957704132
0.007311516368955958
0.0363688505782177
0.10272910115892762
0.04116747804587425
0.12420505685551936
0.5868003466392341
0.06599092947617438
0.05228858532199252
0.051522455807248006
0.10014980230388666
0.023437351803649895
0.03335122216967503
0.1000574231496445
0.18711126596257896
0.5989661317368613
0.1141668701084998
0.5989661317368613
0.13006437633671378
0.07059686084362893
0.022418776535905672
0.184644934470779
0.15817911116702518
0.18969345450898292
0.06676109490756943
0.061359797271250946
0.0200144470122647
0.03496043251045005
0.03502104046445553
0.045688976134622555
0.016233693388588755
0.07786318206474184
0.03239096171699088
0.10015421102524562
0.006244936000441102
0.006244936000441102
0.010287950886224775
0.5235235859717636
0.07911204205695979
0.5989661317368613
0.12436525266813604
0.1237465598824661
0.029133574424524696
0.06167591581686105
0.011481809133262681
0.03286997907386474
0.006418719852656401
0.0666822577941872
0.02549856771824595
0.06852853025207381
0.20266249997986413
0.5989661317368613
0.101203210153972
0.014055043693807093
0.07549334867435768
0.19255819136629806
0.060398906873884564
0.01659626075796137
0.24357611357351486
0.060163620716320546
0.010249604838441574
0.03586482825812414
0.021837108718661936
0.028666115890607694
0.0283696507957438
0.04883580265444734
0.49402768149708015
0.05822398940005889
0.17923041201965936
0.09082677519961935
0.10831079764650815
0.0540099055784666
0.1246127451255806
0.10434088915677626
0.12022976688025484
0.022333410519714873
0.04873103275492951
0.1008283177941197
0.12545665219855032
0.034936720185181305
0.005904691825164384
0.3962112154328031
0.44826833475264105
0.08353027662208705
0.27384347802852926
0.09322629675616925
0.07419407464838805
0.33835857635296474
0.07247689996622844
0.01694086772526288
0.03952977539451512
0.2821524911481962
0.04701217952917198
0.03872447646829639
0.04835710384845255
0.06245016754266286
0.014928738441628312
0.01811370496613573
0.1705459494999592
0.0672182174344826
0.014127072119196442
0.014127072119196442
0.16966917711321625
0.16951953813714762
0.4887885171371786
0.062013412427793194
0.0864563051202142
0.033570869558063876
0.039043004357612765
0.0484913097007726
0.2391255717416572
0.029683103481145983
0.07719015348567784
0.06389273064844031
0.07760444710466123
0.06479211829022741
0.06935015694462157
0.036747975769129144
0.0535487427197724
0.0902604941873946
0.01758161265091604
0.023654868921520966
0.053042154892024226
0.051618746276107616
0.038997812534624116
0.18851500829284204
0.7371400496413956
0.14526806594089534
0.1408916118946627
0.07033499849591485
0.023215880383008643
0.1669995039845684
0.03321343599106636
0.710535942629256
0.025124210025452013
0.09306179983019572
0.0960403647245948
0.040503488751606816
0.031627916057875016
0.01635136363941274
0.3662935329446291
0.057979147705029675
0.08146051831767949
0.8304483059883839
0.5
0.06352067625863296
0.12173589599849799
0.01180621504818015
0.010486830853265947
0.03052282345218509
0.21537872901066563
0.10311194133158444
0.20386167690062187
0.3537524785361359
0.1553125943773455
0.11882100678761336
0.11882100678761336
0.04611484203806117
0.06963558147357887
0.03289831512861809
0.06832747060629937
0.04175890840376534
0.2081733767900413
0.40430970468449046
0.026897516776540467
0.23280970596733042
0.15254949587420855
0.023717222936138756
0.04101105869108033
0.13124828129305316
0.0718099054005615
0.0733973396852171
0.04064536941318208
0.10746096726113978
0.023276773941215894
0.05921589991739356
0.00813499925264906
0.12808525772711973
0.09350333333661956
0.05202037239685467
0.004338987490909812
0.03487626526005257
0.03487626526005257
0.21539223336456476
0.156158872567888
0.01855333831293716
0.044380811815101194
0.0852603387802644
0.12909858417367048
0.2173892581594071
0.17896711476648322
0.011638399944737568
0.021537060612276674
0.22735592964199466
0.1601766531870224
0.2075294857213927
0.02786493988142026
0.022648976647754022
0.1544412891867069
0.2905340445284428
0.17104623217383666
0.011930745546791802
0.14680465983564356
0.030924959420833207
0.053335396651886524
0.15690824394918945
0.02489712426197959
0.3801796904723304
0.15859020427429618
0.007639592406439398
0.030624260551411504
0.07495935557604308
0.04089602795205187
0.03333693151240447
0.020666306203069813
0.16829223735244245
0.03424759672430432
0.021787452520660385
0.061424035301751195
0.06259697322146292
0.01300343421786731
0.09766332238867471
0.13506091327526493
0.006087711562213533
0.06810944665899911
0.05709621516710598
0.09421391295961959
0.08750123483522425
0.026834235134300045
0.07234974077459047
0.2531293943675831
0.5
0.39765104404198415
0.03877873061884666
0.05269324007521035
0.03983368219186965
0.012311990705224835
0.06539833491778675
0.21549472424170207
0.13437078845785783
0.27832327457548967
0.130622835461917
0.27930721211951187
0.23072705732204707
0.06307718922471932
0.20292178012565296
0.09127245306214762
0.0431860235624821
0.11548284084570368
0.06360532646588507
0.016557823964295816
0.02978548572828844
0.044618596202168105
0.025489945205228536
0.12672894996831108
0.23925887115984826
0.028710168583293904
0.08517868404561339
0.05047173192643633
0.05089251053974017
0.01225455201090878
0.048761459766092204
0.05524124022933208
0.010991798631692876
0.037924189131782395
0.07564117120446785
0.018104353513413596
0.03489320155499581
0.0428177976941004
0.036194619977416194
0.021382409868137494
0.07750350914686217
0.07354536918726093
0.03629206619144982
0.016640424154700635
0.31354223650866375
0.08542715461633353
0.08964061540342362
0.20825781638300297
0.03426957211017047
0.07712235022959549
0.024405913381416202
0.06077691984071445
0.060858944912988655
0.050046569946358734
0.0366881842010035
0.029103473483102455
0.5989661317368613
0.11453875475219195
0.013210795976436812
0.20666865631099543
0.04709186637251894
0.25910910871668486
0.016575514987780912
0.030783756650649995
0.14823967861733486
0.4769677501147494
0.13434301032792687
0.024777663848631948
0.1485141132973988
0.054321860953681106
0.07873823889371653
0.012580370693618628
0.04757392839491493
0.040546431530338344
0.03238379480122258
0.07945830152491193
0.06095326508910245
0.21236015986998397
0.03018636048200922
0.06627560326478743
0.018175108250457865
0.5
0.029796710143218056
0.09016710470209223
0.10575621759545764
0.22943362368508075
0.5990033301523305
0.0070520045688290895
0.026336765890794707
0.06672810490912463
0.02176010306086173
0.08925202746990464
0.05277003987994913
0.3348667679429504
0.06157456801203938
0.17100805364096947
0.08659433266048733
0.03976334552223746
0.09049720563149467
0.061577904770482424
0.006119117587382842
0.0048093474244089345
0.1075223428996951
0.17158519312712397
0.033443155533765395
0.2941123213126799
0.05037546171880498
0.034430399219613106
0.02962086587811871
0.08712619730951222
0.013163412728567397
0.3429643827379178
0.32987132886496195
0.06536366520186569
0.10022467191184564
0.007037285285575611
0.03867233023857689
0.05836816638901564
0.354059377350621
0.12129552075980189
0.07803866603995427
0.06086925950468526
0.03565679489755966
0.004350934465697593
0.05017815265438957
0.1294677224999492
0.09777238862181067
0.3060357000349838
0.0862627973496389
0.04502024157106916
0.030681971442392698
0.21421471671834222
0.014241340764153164
0.12591839404840902
0.05745454921784667
0.08742810916094712
0.010116394909399822
0.11237780286774061
0.03070977554335834
0.034477981815023914
0.008544114745154789
0.1352996673899615
0.011041172220212236
0.0615807516974523
0.5298994631860531
0.17130243823754743
0.21410971491656994
0.10004901402800218
0.06627960698758625
0.040062933517275245
0.0902176113478333
0.030645732773261467
0.10519567379925904
0.5989661317368613
0.01724569020445355
0.05097217431336184
0.04953208956151113
0.08210535967346513
0.06093640735999192
0.05239522272185886
0.06490542028699904
0.10979908536842715
0.03124695537408435
0.1209860628624646
0.5989487627513805
0.012804197656346212
0.017719270308097973
0.03740077448287621
0.011026596912377711
0.023709948208032912
0.5989833709842934
0.10268371320425564
0.04036847738342142
0.033201322369446715
0.1060111294730338
0.023503452147995922
0.3741709144176621
0.015229458367978161
0.005331903971058826
0.03808224894464345
0.052827823739284616
0.03967818857732895
0.00862597401295882
0.0194804820899989
0.02605290974526934
0.052174629058952156
0.09998648472493245
0.05736041134054781
0.08136979259704691
0.07126648061379542
0.08767352678855891
0.599016612285932
0.08040551884827238
0.09997174657789869
0.5989029750026367
0.5989247455421182
0.5990647574673233
0.5989661317368613
0.5989032186419968
0.10834388543234373
0.03278777675614388
0.0655561205926031
0.019781373583571366
0.032196314654500104
0.012397126910844651
0.03744779974546233
0.06509263967879178
0.13343560553166406
0.06986687148943278
0.06720873265913752
0.16949116297325983
0.05847863879903457
0.020704324802698414
0.17036584290482948
0.06399369023048214
0.11204474605624455
0.04622025105927658
0.014011760493954417
0.03720638760569308
0.05512723585663082
0.2053911249767128
0.02954848540581413
0.011948806336149963
0.04255300819560398
0.009703490855771595
0.09534300471900542
0.06089958604211398
0.12901582100332182
0.0548222939585419
0.04133455221647025
0.05495285413161945
0.029192368960845583
0.009877950944315903
0.020890939060528274
0.09798262197926824
0.5989661317368613
0.023768972803908096
0.2340786019482217
0.006999582701496773
0.4443855001743748
0.14505482704823158
0.6283399195519469
0.019560327845089043
0.024167531913441807
0.04940053892694831
0.07199258082020916
0.2894380608920064
0.11723303000180203
0.005681774926750085
0.5639579908931467
0.01618281450015075
0.10013084976783182
0.22634228601164946
0.0129593439481342
0.06654951046267508
0.0423969200831702
0.052240759750908715
0.07087092269884962
0.06268771508689541
0.0677771755556585
0.21948653220701717
0.21138992894774
0.1001940494605972
0.03691552890929032
0.04947483207871112
0.1265763904521653
0.09052121492472988
0.10931345951792078
0.13944374154470196
0.024028418189177714
0.10278929684582337
0.010976041760841798
0.1496064346908941
0.012085577882724446
0.08079968904947099
0.20739586093167478
0.0044269083055428924
0.07206202434651332
0.05586042940383574
0.04364664744672946
0.0660547639132927
0.03202606381648744
0.004609401671659773
0.5989661317368613
0.5989661317368613
0.5989661317368613
0.03464774825217322
0.5989314074413283
0.5989988908283383
0.03665822693802946
0.015229458367978161
0.5991295728913935
0.5989033458333085
0.03725209245597269
0.029549531110704783
0.6211811754771736
0.02281326738673391
0.5645279785271543
0.01358653335319717
0.5557723977726745
0.10700929074262151
0.017839714464958623
0.06949961278356077
0.008248768790427371
0.027019831753515255
0.26876718878321454
0.09380410404941472
0.048850542273050315
0.06953507388499587
0.012182479808784879
0.07162191760661968
0.022707413209526673
0.0944583205872568
0.09730598559294469
0.0907997173974273
0.09381220211619679
0.0361901608520978
0.011393602144941686
0.017971326852351033
0.599088410069787
0.4708643919736287
0.22231765712398852
0.019982054399577093
0.5929622560432675
0.06832938999177457
0.06832938999177457
0.02296566344002238
0.06045141993954126
0.4890752242497185
0.02658550881009766
0.2280074328712736
0.21715911251028036
0.14140582644650984
0.02901690319717196
0.012293814464372907
0.07612189321582763
0.4256778894971031
0.030516446034494698
0.03338550035563378
0.08375430893058325
0.02231162606171244
0.033757157813776535
0.07902280723828671
0.10020838046072583
0.010256379527410786
0.07956313856382045
0.01234083483003421
0.01854915806972956
0.009565393506183052
0.06049723643783303
0.13849028795511828
0.10270810075448324
0.09955903806238635
0.06463611002467032
0.45646199579763586
0.005970163733043348
0.13432307641146585
0.03451858472047846
0.11251411246920254
0.047061431927731066
0.1562262359621552
0.08425427125528466
0.15337834982398701
0.15275714697391016
0.06009475528829883
0.04079868407811283
0.19575604770622776
0.035905817569191326
0.5991413825395633
0.009712715394414496
0.055795157611100855
0.09054092073901737
0.07851833519946255
0.07234870679046783
0.7744472986346506
0.04916999932850257
0.04998252932539968
0.06116130612298952
0.0649101728686989
0.08864018092317938
0.06691264247367863
0.40150156774219636
0.04026204048555441
0.2662622200469068
0.14999878711862807
0.021707840115191987
0.018213343473378028
0.1242911177840342
0.020643130663556095
0.06685417738492311
0.012303501982998252
0.005546253352998144
0.09709051675579107
0.01676583727178087
0.017795793781279313
0.15707808286686709
0.04701080441656808
0.10080260132863698
0.06307996843627516
0.08431626349624192
0.005709898330368084
0.04221929601888267
0.4195227139874076
0.15297796703228783
0.5693992624539546
0.03538072405969481
0.007887919338881381
0.022465934218072525
0.08206205053849741
0.03105148399936688
0.038763904410117296
0.2615557036833499
0.033054821777788575
0.13904420139505713
0.35677635257159523
0.0634081021470476
0.3166197289272244
0.42245416295288774
0.041886490363554525
0.14158302407523926
0.05959581002646064
0.048026103894455524
0.2547804585503163
0.03263376322155121
0.08603382537410438
0.11495606075021056
0.2682057016992467
0.14160103641436
0.06956757459467088
0.03117701239029322
0.0639131471602356
0.0837224870956585
0.5989661317368613
0.07319457865331916
0.013594029419516745
0.10321763083422494
0.08611115270563152
0.10321763083422494
0.02450064159261536
0.26701983753723185
0.3666533671021591
0.12969694942330331
0.047650120273073596
0.0412755381001518
0.03467441864008765
0.056399146888973906
0.15348698436345234
0.02692669668691389
0.10310554041599813
0.00602238707921314
0.2588069405134247
0.07450195916090031
0.1867481464073428
0.06860390734118199
0.06214884316099005
0.285098511930176
0.27485977235541603
0.03496485145561936
0.01093093564553693
0.011758594465437547
0.020795984373206854
0.016372455786633835
0.5990608627151451
0.15742526385000571
0.0073978241509232495
0.5990898699386721
0.5989661317368613
0.11986261930689751
0.09264498864291906
0.5989661317368613
0.045940215175958705
0.034541955330792296
0.1027097345950233
0.022423473751161726
0.007476183643793311
0.5989661317368613
0.12286937010925673
0.040763502454060546
0.2503691513292197
0.5150892118381213
0.032420910694823
0.09764064093170123
0.015932686889394653
0.10308351449288695
0.04532072562270504
0.09358240541808631
0.06501182686818052
0.21978072339928173
0.006685910502097176
0.00446831694126855
0.046603070310153205
0.13414248955327648
0.5990796122014325
0.04925112319218946
0.08302485178266888
0.1379525455672395
0.1049403412968473
0.1174237204577075
0.026268058569432064
0.05818166095531529
0.5989661317368613
0.476571417316939
0.18646031174450214
0.357224421492956
0.04420398841489673
0.11383256934330592
0.06644871979679286
0.15298148976180412
0.003843050072265667
0.08318540304623565
0.06990053352491633
0.035249632579726936
0.03666353039342997
0.028729801510346903
0.1346582557852261
0.029352533064255663
0.268354712284049
0.008321896563058121
0.04646489691508452
0.06720873265913752
0.06720873265913752
0.13266575051184976
0.13263893804746688
0.09999873352691765
0.024866430572453056
0.06005580696357057
0.0605787790984998
0.14644901957599146
0.0558910552905478
0.18464156274687837
0.044131020364878336
0.34793311103586405
0.05418744736033448
0.02822581253850087
0.04447432069392813
0.1062020905276943
0.08436899943966855
0.017546608100677496
0.021057562590234252
0.23993926604025134
0.04829821133672882
0.008783786392927673
0.0789944788888335
0.2557653434368433
0.2919713826681816
0.4671754574827386
0.035630328866939086
0.08106823018801976
0.018816710535368663
0.0926694811889901
0.07292653078956181
0.041506374777537436
0.057580557432603
0.029756547407698893
0.1595408658437588
0.11633071115042898
0.3173137420418754
0.09474334943132248
0.060160599063768985
0.009145973983673127
0.01359661432077995
0.08018252106236093
0.0052512073486026024
0.0270906110610748
0.07021782168313344
0.012499977943400157
0.5
0.6839321400569599
0.09077884928696979
0.051315739057247095
0.009857669354849875
0.3687259192835928
0.061083369008787476
0.7371400496413956
0.17923041201965936
0.0496803506568447
0.018130520194363193
0.0038491051523919613
0.13102661146174455
0.054245548640721446
0.12518898976401652
0.0524868938645892
0.10883455459522644
0.5989661317368613
0.10020122620660399
0.07644501908492288
0.17605757231136837
0.12117566288219174
0.6590461295582143
0.014969016172909381
0.06584353547447228
0.054056653409583086
0.10335215651837953
0.33005046550703454
0.08290601267056455
0.2471055833101333
0.28026761090008434
0.09064200799576487
0.5500008814263249
0.04251622898512777
0.024818425075962353
0.03239735058266421
0.036416413384310745
0.10093368997927243
0.10024752713643557
0.007990269487762217
0.044111812877433924
0.01954525149084795
0.00246172675070166
0.18399924595760467
0.05254260635816259
0.0340114072496917
0.08628379433345416
0.14790413809502992
0.031185835818075883
0.4173479225016512
0.27856405695371544
0.24366014382679752
0.3459863725893072
0.2825425938648766
0.1426724532008187
0.19546088838813103
0.2807876926925368
0.04387828359020881
0.0277668521631656
0.03255808076159407
0.018374903337839425
0.14836186602501875
0.2151979453947709
0.036291344520173005
0.09459411872229799
0.10548503972842561
0.036578149991167215
0.06126661029339207
0.022182630152760254
0.11651474979190142
0.42279161021738515
0.04170134719164457
0.03181234734753487
0.19989874956847656
0.1001415125280293
0.4437248025809677
0.39844376450000135
0.4197611761362327
0.08154953003621332
0.05997560342527311
0.11446913686094592
0.1433125994134838
0.10220385348585695
0.061935618837476475
0.061305261514333916
0.03607861541724891
0.02604266319546285
0.0203807509772575
0.014242646639629472
0.004825610857864422
0.04397407430823442
0.13266078412677662
0.12352145073613738
0.03612170664827122
0.5989661317368613
0.012483333326959795
0.11651276410399486
0.013868770679247047
0.09255699554692134
0.12062583117029918
0.008464971353834066
0.07340099383918579
0.19098267512978528
0.03139200436408799
0.04963872807803529
0.02863157327906934
0.10017524498980522
0.03642758355713314
0.5988077641403478
0.08347525099970349
0.2008916091716237
0.05865979538030379
0.11711435527879466
0.2846787006396557
0.02626563421189411
0.08975142517571866
0.06136759955151626
0.04750364176241563
0.02864585600581616
0.15786376801802757
0.05125802885377065
0.09745385776237696
0.1570840042634084
0.11028523815034443
0.03259693420152396
0.412304630645111
0.18498474440199833
0.4398185065358556
0.019119618241430433
0.07744619477331088
0.13294634348182455
0.02187976617395553
0.010890711580948483
0.01596375324456049
0.06148567720621939
0.16098910213367854
0.07536726896608864
0.16187022312020735
0.11468690457620903
0.019235963034137868
0.0044236059514986895
0.03696793777914248
0.20833971995776832
0.0072843763136660935
0.122727703321382
0.12123935964242792
0.25366028715257116
0.0743889440333262
0.026002742499489286
0.07663025254766986
0.04151054645724944
0.007552647032962257
0.035551457134394254
0.056062026707213254
0.013571066686188016
0.0762627435643652
0.3493349513163103
0.02412914535572799
0.1657253725611521
0.14152187744225833
0.09535775991883702
0.12573249460518668
0.021506072895455912
0.15720799780235686
0.08255428323395109
0.4523469007244017
0.08135372001143058
0.009997745145957729
0.1681405814629195
0.048513046727760245
0.025917071323459693
0.03969899913130693
0.31257557079832543
0.11507431172335388
0.5990608627151451
0.6532660716437297
0.01743459528041153
0.059724191306563784
0.11938589908830632
0.18188171699289174
0.0875593116749405
0.012821130960960492
0.01756930709050182
0.018831940501683592
0.029964493910953002
0.4662817350025525
0.035818674075501586
0.04918145218169211
0.13238102069887858
0.11171741015939081
0.022530176364283123
0.12557438865390366
0.018709654912069103
0.11291358508011869
0.07110173098312765
0.10874290221632814
0.01371184126293713
0.061614181891369475
0.021410372661344223
0.07499151324467238
0.056010239197086434
0.07041232856000593
0.10552602884021396
0.20277406031523224
0.18767028533583144
0.2670104874382803
0.12431591161660512
0.10758538545891935
0.11190508953581926
0.3178280329153644
0.03648153482892709
0.028563175921633724
0.06190919963081648
0.03505444427059682
0.028702973603003234
0.017899197608505113
0.10478597452931017
0.5989661317368613
0.5989661317368613
0.04721326427265622
0.5989661317368613
0.14210063217041383
0.020065811208219087
0.14921035260438933
0.3551577128800782
0.5989661317368613
0.010668333942418649
0.07902280723828671
0.033757157813776535
0.028213513466107242
0.010528224555077266
0.033341294928310505
0.020952912637122758
0.09138505844907929
0.06836425131692725
0.01344039607426972
0.06634004676067125
0.05890312978929838
0.1811953455693413
0.18404870534490925
0.010870576025062344
0.01942651769210439
0.03223048337766172
0.006054395475150083
0.012046416412909882
0.14855452334465463
0.032996579646704424
0.026644884196537676
0.006981115791631972
0.040967527881107246
0.014149410787008513
0.04320043462908602
0.016956314990069898
0.01516802970181912
0.032479816630786834
0.005759834653490379
0.08962061613466632
0.04669180877577588
0.1080352523588261
0.07677954845374275
0.08850681525557745
0.08535125801620674
0.7744472986346506
0.0655561205926031
0.07989396298544696
0.10038319484812401
0.2837164342611323
0.16020648156382566
0.018988934034876902
0.08527948190962252
0.040093356452718915
0.28790132776628613
0.01905166041722972
0.012780517843004432
0.010508511270963809
0.0949863342212132
0.1541664483805875
0.02948718107522974
0.1309500644538655
0.09208130534791478
0.03292471415409069
0.32130475936126834
0.12545422193241149
0.07782218454957733
0.05982968172789517
0.08503877873519976
0.04273401164055421
0.020215478756674485
0.5115847041306721
0.04927983037912985
0.08310159088097238
0.5989382304587347
0.05725933428178759
0.3020817899711612
0.5989874678338257
0.04312057073526226
0.16023624302297457
0.031364291129177706
0.10357338474646227
0.008177999354709583
0.018572550649138965
0.04545190063509429
0.0334813975762676
0.020643130663556095
0.05639422123263884
0.2898743766016989
0.2114843967768571
0.15259737802532433
0.09324010155929828
0.10448545592543539
0.03222046339580242
0.5991490398663928
0.5989661317368613
0.2640956078135468
0.09889248145415218
0.12098453442356658
0.050396510545973376
0.24423800928872444
0.1060220596971497
0.3208389243261239
0.10353701272841243
0.08009439074981271
0.06877573972151632
0.18599671316345226
0.1650276646502434
0.13736804767837996
0.0495574039880835
0.17049201365907632
0.08733321212553921
0.310482402940411
0.06913748653674863
0.04680547399205041
0.055042195718455124
0.017682052691153666
0.20408588227408064
0.01619041320497546
0.15828439280511816
0.5989661317368613
0.05947023726167446
0.06907619829931709
0.10266685011047545
0.032603839461743514
0.06153306190985388
0.025942823489292725
0.6314568255977426
0.021533300433093188
0.007538427385762439
0.00760165226976251
0.15348698436345234
0.052418522029328354
0.039816562566953345
0.01067889279508443
0.059525803629184706
0.03510734184468628
0.036882771121522655
0.06923433562978053
0.019006167156511194
0.4666213511352239
0.09543161805721301
0.17299525673445013
0.35617506722580217
0.02660445365131121
0.08431626349624192
0.5989661317368613
0.03797469387708321
0.014089236378705964
0.021225238595224086
0.18627402966161608
0.034420316751571825
0.01961264386177629
0.122171177506401
0.17765079303687
0.41356190932171816
0.09214519167146425
0.07629334296827198
0.06274990078759246
0.16480163617761276
0.2330402041364698
0.04101143515294768
0.02871105477929002
0.06722920746117528
0.059831044644795425
0.05516553769843809
0.15453581884184586
0.09631101320626351
0.053029486842737554
0.07948502733715172
0.015135091745246802
0.010144927013318091
0.08638486214445186
0.008040866946422835
0.5989661317368613
0.08078921112828098
0.2570169853173306
0.1163134353312629
0.10013148734977738
0.39693136969636167
0.06728754913717319
0.15316749237091723
0.48713026452425995
0.028468212985477737
0.4857842090778158
0.05951936813766567
0.019801750063025238
0.20246206850576554
0.05753048146681841
0.033773051641339744
0.5989661317368613
0.05800423490565398
0.012940719333863008
0.06302003280509036
0.025517768055109545
0.007192166858816215
0.04611382088941669
0.09933583832289268
0.06727837415433895
0.09436843298693595
0.07783861231170217
0.12169511633686415
0.16004195988821596
0.058164948370244496
0.3361365859929821
0.2860139213526362
0.06576962223561082
0.10006372507319462
0.05431976870900369
0.035977614283222686
0.06368027360909298
0.09205829806813517
0.07597820026602327
0.022476970326388138
0.275909769445538
0.18009723304246003
0.3570974566187008
0.11098346117595152
0.05758850996531416
0.23895968515936622
0.1936282421140725
0.2814050473416641
0.2815678358075181
0.02207493832322645
0.055756199988398314
0.2732435222429787
0.12478087883639043
0.10259107314701715
0.02997904795133777
0.095179150995531
0.08783985610319302
0.02634770790974643
0.06184076849512827
0.09280517457181175
0.04444978714455172
0.025543603813812415
0.14164911306112463
0.5342441946487011
0.09619956630429904
0.09519429494812393
0.06270247568470845
0.09997698107807648
0.047389142704098705
0.0252808106244472
0.12688096851495137
0.03172009579162022
0.3927638042709059
0.023739331580723604
0.07019166534595402
0.02246546102468502
0.05149867560038194
0.021098486713658
0.06847200517964101
0.0962788744877343
0.017427192456985728
0.06472277715723049
0.07899144735762513
0.5989661317368613
0.05824020381726588
0.11053802013527232
0.029344792007506695
0.11552238745766114
0.17385296649237247
0.05136019931486
0.018053007865166764
0.04191820921145685
0.14386470634959742
0.07744501681245983
0.29980794649253295
0.1639941600432761
0.06478837816546885
0.06406170095552446
0.013923192306869376
0.05510292182065384
0.5989661317368613
0.15188192775252493
0.03472604307774078
0.005732122121927312
0.09154169799965138
0.03215780386580332
0.5989661317368613
0.11253831977301093
0.13823406252014972
0.006131569185167203
0.015467561343274105
0.0035197507097016367
0.10052031401072158
0.0743064384758463
0.019321601420436544
0.1274734917932838
0.25367732974889234
0.038826497550287525
0.2363754063328411
0.2348884314412732
0.026703433574429766
0.7827312363061438
0.018380060034979464
0.012585026392241055
0.04568786303180612
0.34697893391939516
0.0323127911911328
0.042759020065757825
0.036012555959126245
0.2154399558743507
0.04113721926786667
0.06082807741518572
0.12452958935622611
0.07215629707453963
0.031622635562923246
0.012968469805156877
0.4364875355280714
0.07211985877034131
0.08387197399393051
0.517468145414919
0.1231980442412343
0.06111421442319094
0.46566590739780744
0.05713300515591562
0.01674968770941145
0.08865755581131056
0.11938589908830632
0.024841065990316855
0.06572960229938742
0.04824885852954313
0.1277546896797782
0.030820926093472333
0.03649539906859727
0.05481867777220912
0.013955691274459244
0.0196490110940781
0.03357607145979371
0.018275717054698038
0.052487375354126446
0.004227049851880261
0.0428757452484668
0.2090973767882488
0.0190361295427609
0.042646094228413756
0.00626550778922761
0.07171983693500981
0.10911233027319757
0.31489953914321994
0.09588359472340582
0.035905817569191326
0.02724094409671383
0.042396069523390346
0.18964677914616687
0.10348814587244308
0.057596248779942356
0.14602822055845824
0.06185306548217672
0.5989661317368613
0.0611066535089858
0.04461605370429203
0.1117353010375465
0.0348048185478818
0.07387628017340166
0.11726652719472194
0.2429234995873156
0.2547804585503163
0.06242917119391494
0.28179703430983893
0.021710345881362048
0.030643479683539723
0.23615517041290005
0.09219579965006625
0.006685910502097176
0.13182067559845115
0.03671222729017227
0.08336959634267091
0.0515165717512017
0.05896565029750404
0.04855904352201075
0.12543632713103875
0.19119628148826365
0.0058757560664583165
0.15507678144888887
0.8650762796057222
0.05627933180819806
0.10008816648065462
0.11596955725501251
0.06956128246674331
0.0027431012975612326
0.04133428280537313
0.031941289874716644
0.04616880269237558
0.030393894437047774
0.04990667045877795
0.005881245388294785
0.032643965566922874
0.066162210195481
0.053820434934172184
0.0056556842245938845
0.017903890744411597
0.040725198254953014
0.015104811544962852
0.010197527634605706
0.08943083857367684
0.08406626317248242
0.010322200051046131
0.3697576269830371
0.02061078607122673
0.016081022650826757
0.10144950389822675
0.10229045078691239
0.10983759610470097
0.20278204772943806
0.24800347639250092
0.019230035161292125
0.07266180625327469
0.04223261946661647
0.036521365989822384
0.07197754069290821
0.0991065978761371
0.07957912926954608
0.0594045523551435
0.030827793971574396
0.30403776027763213
0.21420573953409203
0.11263380132213714
0.14449047014519395
0.5989661317368613
0.14778187656833497
0.5989661317368613
0.5989661317368613
0.08265542042903425
0.18525127684174436
0.13051906359918514
0.12634460515809565
0.05408001445114335
0.05071926473825682
0.2630266693765833
0.3338821765723628
0.023425993783049878
0.5989661317368613
0.19526044379369956
0.2419357326829461
0.6724695935829462
0.14154784422296265
0.05988839061372565
0.10022393982101845
0.14678303388899014
0.45854667164840035
0.5989661317368613
0.11929598595670006
0.07859913091877324
0.13300328919899343
0.059960301287037936
0.02626639019250404
0.5989661317368613
0.1111774673482796
0.24588348444254268
0.08981198897334405
0.36283049703654247
0.02426423884078172
0.03455587362160793
0.5431112347020813
0.04439064067319844
0.06820532515109015
0.07008185165583966
0.02137176424419299
0.10336877379825904
0.010363295407235698
0.09455535551777793
0.14857474350794586
0.040774072698782644
0.025327557407209024
0.05263892336670106
0.09236074133566669
0.17191896948296925
0.006309590583835849
0.06704669838629358
0.05988494657745046
0.26848579627662855
0.5989661317368613
0.3394817511168855
0.01588931423667443
0.48018066815314797
0.05200109591095151
0.5989661317368613
0.025378366548251964
0.02154953786621035
0.5989661317368613
0.12876276341793083
0.20147420403875735
0.02778451589802022
0.09861036316262033
0.10023414837158716
0.06362064618919909
0.3058870803429386
0.5415649371819788
0.07993501249973126
0.11730878240559633
0.10717718504776541
0.06594695679103572
0.025560742238266137
0.046477532267137
0.17182435821393607
0.10459021660880373
0.11362346089857579
0.00740518610901089
0.025818464716106108
0.1024001789934758
0.11397571458770371
0.0248934488051514
0.2785332413161538
0.09412451014623219
0.10789912009098773
0.08214280806715422
0.6270703920908586
0.06013770461791895
0.02519880552287379
0.017466409400938743
0.048558372081996974
0.07274093744737214
0.10319388189389114
0.04186880457583365
0.046105860276404814
0.010355147642058894
0.019637629954696187
0.11634038747209326
0.11497964598509702
0.08211719901608952
0.17669919732688286
0.02048424349761598
0.05025363061274547
0.07975107201456699
0.09562192132504407
0.021161696445773766
0.030256276873504358
0.07815443872963375
0.17767817342222836
0.0333712078309245
0.543591241618315
0.03348901994072284
0.02259428643903042
0.12462069687861242
0.08266795891171251
0.026207800521633677
0.02382874127164525
0.04355040764705278
0.4753345846271543
0.23223732296781902
0.0883833633742471
0.5102771442383357
0.11653650088595897
0.015320448948427181
0.2501480235524296
0.024932858622276385
0.20125914715622506
0.2911044198052103
0.2841099900218952
0.07362034619157498
0.09077048630682533
0.022264932050952417
0.017195254434577728
0.07486678714874187
0.44793010863375643
0.02725613204947329
0.16296393300706455
0.03430227452074173
0.05535703180786803
0.08092988158644578
0.028879342021168895
0.18567503614760988
0.05982839760326933
0.042926290316240456
0.20903021435646188
0.12861197304969801
0.2859449318707467
0.15087972659037854
0.3199668051541427
0.22370377743134362
0.008444237944440713
0.5224286910628417
0.017545894368416158
0.15558578790769673
0.2085010433200207
0.026010018039054155
0.07566672762360127
0.047262119350130104
0.06006883685584722
0.845520007134559
0.006575884306867611
0.07450851320511707
0.0030293978623755088
0.5989661317368613
0.06447000555731851
0.0432522914493568
0.05410109398044619
0.04549253970880092
0.026203471008811555
0.0019941462867343273
0.05456226176535149
0.44862903898081025
0.12276000447775391
0.07334341081346751
0.16639673440734265
0.036214305369802635
0.1585506553610979
0.1070659352873892
0.10110927961791677
0.12664216061742517
0.25876321760150145
0.008197905370574637
0.2405127798102493
0.13442886391254244
0.20990944760396854
0.00876160052816823
0.06095095872684824
0.06921205249461584
0.16084829772075349
0.07901730575912584
0.28247417052456764
0.0999716196377831
0.060003440927562844
0.1417651439594936
0.12740988793772773
0.05433800926710637
0.10728569310026508
0.09833303125843551
0.42472157846337794
0.17427385553760366
0.176836404958723
0.16053889547106018
0.04389807790557082
0.04989006310256726
0.17099576483103293
0.4682000186949498
0.10768599639034353
0.0030891247481279697
0.1291672870877587
0.02878694791809674
0.3950466041516108
0.07462155670159921
0.10025281366386869
0.039549879545135294
0.028873957713848177
0.415293359288116
0.0162480067723972
0.012441717612801838
0.2552385007880162
0.05020187941827803
0.08129905603978689
0.040201864726960634
0.02139333368602365
0.2845117283303427
0.5
0.06956044685562021
0.05713461458207491
0.03629184591990206
0.09745647382334656
0.10083448135875918
0.0408766753070107
0.05812265046460607
0.0798978322127252
0.2717551068985561
0.2151646668815271
0.41938909439450417
0.37570677578109885
0.5989661317368613
0.5989661317368613
0.10013323798073828
0.2557653434368433
0.23799371013530332
0.04027146986915373
0.10414871177690911
0.0059834320454242055
0.06058765813721627
0.037439156468368325
0.07483925940908548
0.1447393451150226
0.07290378188946296
0.020554723018863408
0.04164373725242745
0.14824521155820689
0.022660360933872498
0.5989661317368613
0.04480443878276151
0.05677769377819319
0.2589580205556609
0.5989661317368613
0.23737571083142608
0.2840425447628075
0.2584885705986499
0.685002058179874
0.1381529358284693
0.09043440947487598
0.04033870098360061
0.038649522654865064
0.4671754574827386
0.006696821315121992
0.10938543023239884
0.4009927404767661
0.02382566078998555
0.019197248688585907
0.026698321440333343
0.17356356853945837
0.4674511127326603
0.13055703719425973
0.7435879951702095
0.10025228592471072
0.03316566856831998
0.14982658064571894
0.5989661317368613
0.15113105201650348
0.0822598047950859
0.11054713246686436
0.021587214730121367
0.24643829226394526
0.05627129281250961
0.006568307760710599
0.038959754253580586
0.017855924445241592
0.02018196450201138
0.02858302906990289
0.0636155023980728
0.5989661317368613
0.015609610166653734
0.20874555974539072
0.09247579718946015
0.06788436531967619
0.01380519277717824
0.07838404906306914
0.010593172455991574
0.03549071930796283
0.08043430450040205
0.05965583273591936
0.012567120579356232
0.1159589151266524
0.002486196611493754
0.5989661317368613
0.021004936073923713
0.06253739633496977
0.05711263444422874
0.8334307001120991
0.8515134575036658
0.35434383018004073
0.12469855204903946
0.06144697960691948
0.04396761602776991
0.0677918033386432
0.043128932365755275
0.21261581008355612
0.07673863797343715
0.0038881772479846645
0.012502464867323624
0.08540131823286258
0.0833062266200881
0.01286376829281713
0.32928552647156867
0.011392592020282373
0.28166208665365144
0.06600450889215362
0.2095989531647016
0.33597766635407683
0.006514017996280098
0.026336765890794707
0.08843767056011764
0.5989661317368613
0.18705112582081143
0.10759933912678657
0.031458172674039046
0.04685143523517854
0.032407679179227836
0.02673286665191082
0.03794398671825284
0.04772313491650744
0.5227236320925882
0.01639651184397576
0.03549416085626263
0.11639783666077307
0.03560879255457411
0.06147075375455927
0.016894537625025016
0.1297266144053605
0.15106393158705386
0.04008879156994944
0.02813442989097897
0.3107547250929958
0.05229911125983583
0.07326687301201366
0.06804868364952985
0.06323012515342291
0.1013910556484593
0.008722984294042061
0.3857404760682716
0.0733640302627243
0.07390639670245944
0.04380428891728964
0.14395376483525024
0.020351080473406814
0.3026953133633834
0.0696549296999107
0.08436718891502085
0.040006419350082034
0.1693472058133539
0.1093424197553391
0.07135485291643462
0.5989661317368613
0.03437443075448703
0.10015982255806644
0.0844799707472193
0.11138047054959577
0.29856837778425405
0.09565510416240702
0.003958127549692018
0.07005980153924515
0.25724903238598834
0.7100009979159102
0.43242911166636744
0.29070612686606595
0.0784060514823711
0.015270226673590766
0.04900011903114211
0.10841635710447699
0.26949691639412365
0.31989114391689355
0.35653868263064753
0.21727834141738442
0.13408126463965503
0.007633416993448947
0.06437612553919042
0.022707069012810773
0.01037310322939429
0.01824319328751972
0.07791563327172109
0.07326517174761883
0.054451832772299404
0.08905228546999723
0.11380820062071113
0.24058139897159453
0.004441814853393786
0.10115128896218169
0.023141571522084542
0.5
0.4492653592459922
0.015857666914311865
0.09773442706576668
0.004817615710541717
0.0588108543192902
0.027039076805600342
0.03368053733098749
0.15905029577519755
0.010483432853742527
0.5636812362733737
0.03591875973058062
0.11936525765346744
0.18473855856391624
0.05047706523533979
0.023079277516010317
0.14130777064548022
0.03324057615920804
0.023117677918103565
0.16785979868063314
0.14238985133144968
0.007313369281879341
0.05042399752299704
0.13290636743050596
0.143922160896848
0.10196964160279587
0.007563143840482851
0.11311715439765552
0.06047753246861999
0.023917046718991176
0.31036960980205114
0.12077762581327377
0.04168739388814179
0.15958144109793934
0.1371423143317812
0.0017656616485978984
0.091374976131626
0.17560826699462045
0.5
0.0203607781102233
0.03295325069741748
0.007936519362836802
0.6649475186062638
0.04728169931149266
0.20849480479098048
0.08175369090111229
0.02889970676047706
0.031314408499688105
0.804386557166956
0.0164082856391703
0.1047449784970411
0.021894408452190605
0.04274608279196595
0.0412380849111262
0.11716067111759165
0.039325263471801764
0.18325078686884427
0.029054117648849714
0.5989661317368613
0.1567970939602797
0.16020461881731962
0.21065551239047703
0.07061271605165136
0.09109552392235694
0.06846732289349895
0.09697888305677409
0.11827973696580892
0.10317092512337969
0.12039770334215438
0.05359236975135372
0.18433059931878581
0.03164768967595176
0.09627476231859039
0.30312588678233854
0.02793070857191784
0.15669544818806583
0.0415489282104153
0.050518132702935654
0.029228113772235133
0.06432615514590066
0.05193630314112655
0.04613810108364355
0.02558264817013313
0.07815869601794405
0.21223240820980527
0.07937873713700833
0.1825598640221569
0.023501568469868655
0.17317556148388238
0.006807302705767232
0.0934846157283741
0.08393239144093982
0.014871281884724833
0.004978507600480431
0.045578908847369655
0.025022052499816018
0.030071580280880927
0.14782987774392148
0.04139081004717718
0.029951969846576693
0.015182070783756742
0.605512296240718
0.01295166526078207
0.009609750663360566
0.7528512123571497
0.3320971930543016
0.22920060290681576
0.11234123939073035
0.09963489847786854
0.11975011791822765
0.14222401445082092
0.2995476020580469
0.33551773153418296
0.4766551074944843
0.3934797282270841
0.0193917632489301
0.07893284942961033
0.017801129059200622
0.040884914641395265
0.20557613755669338
0.0095975210986353
0.05422204307051289
0.00853426652395742
0.08999260724286547
0.16117645268304648
0.03723111094078836
0.03508126192750546
0.12897323238227135
0.041574713886914194
0.07708420592545681
0.3782091885856879
0.043931130923428305
0.027918353541814236
0.00176782313473111
0.03813746502931398
0.21054124185106898
0.10779082921493521
0.03583140471801368
0.039782560499769005
0.045222727991022955
0.05415937780355527
0.07618666447553782
0.006642906069163409
0.15259737802532433
0.09323644044566884
0.3156581106252038
0.006620282196631726
0.17650120638289213
0.2449013751587488
0.06737180492961937
0.661249876269628
0.02527921240411183
0.43263631005986186
0.2525673726465164
0.2316683967386399
0.328126209469485
0.5105219317662668
0.564925253424024
0.23677199160982415
0.35672973502035404
0.3707572766094793
0.08583304347954868
0.00910992132723268
0.018350561187659514
0.12268333720570837
0.11786399208334264
0.01038855478868001
0.23755992010481403
0.04402780924253068
0.06463844372292782
0.23016378200261636
0.18551527972009454
0.10907185431923616
0.031209335587389392
0.061866002513000194
0.05967899412423591
0.029622068685210164
0.03288906099786273
0.07138739691293076
0.0356584923701322
0.10917676157071861
0.08358860066774172
0.17244839670873446
0.034289911059956525
0.04565526801216283
0.05726434797734776
0.07604622731548957
0.28535602133157967
0.013281529877507213
0.09611701197028899
0.17453899203798123
0.028134437380861493
0.022390879046813656
0.057463030979549974
0.46696484426009877
0.09458421647645052
0.02270808728610879
0.21061553111547293
0.030140394079994068
0.09473193008946097
0.2360093181590123
0.04518205125240847
0.006375558825790436
0.5989661317368613
0.017816692052135003
0.054609404013164754
0.3635748816303329
0.024892931207171298
0.1530342165479821
0.13172884807374008
0.021977312819780544
0.025188523148319854
0.11375862435623835
0.13343646708496848
0.09791493926483687
0.03002386096664789
0.005554741336248794
0.17526904814202202
0.19900072750585762
0.5989661317368613
0.5989661317368613
0.15555370535633387
0.13528892041771037
0.028831107252689243
0.21333942399922343
0.02722265608239637
0.0409823537405899
0.0403871901937814
0.031059475139661587
0.3455583106341583
0.016711092640960462
0.014888603181781618
0.07552724929114138
0.2170790845332485
0.040767203443361606
0.5989661317368613
0.5174307697558094
0.09155113829605982
0.07689771830677486
0.023053714313714984
0.06800370094826766
0.15476538637438725
0.12593330654538298
0.14631095655951665
0.03782457713943974
0.03370886201835389
0.023574860370483217
0.04296802098338589
0.1891264809246278
0.01921945318301017
0.02242712277434087
0.012624747668041855
0.047758520836625476
0.13851682201612806
0.04058057677406191
0.028443568825528426
0.08887413890273373
0.020186960961082388
0.03830965259712494
0.10071981886838331
0.4822750617128818
0.03846106248261828
0.055582132138462144
0.5989661317368613
0.002041492478040148
0.1638548014237474
0.3436652062323704
0.028802492164240447
0.07492794663152196
0.09178576850874905
0.1554813318800822
0.14733603418125168
0.03845676566756529
0.3321260638738768
0.2393960183735845
0.2806077018929102
0.03615788352728875
0.6070632914894085
0.05999681553300239
0.08344546291415195
0.26505627034107326
0.04723935399544705
0.35200392230366034
0.38054228942502033
0.012524498972538475
0.15967992808337136
0.2932633902379094
0.03303904833333523
0.2130760271934864
0.06812388419086875
0.07231325359962927
0.033191246360534776
0.09198500346108456
0.039726632690969224
0.20168410714690513
0.08343574882352223
0.5277041568683182
0.03454511728582967
0.02408571509521014
0.060134330534646674
0.13689849787134561
0.05600686944643127
0.04450108774505401
0.18907776978456017
0.0947538196837349
0.10693653674677325
0.018631111114501987
0.02185505274028019
0.0792380232486825
0.022808053003274566
0.23814154800983106
0.14221703824140852
0.11161305443753991
0.030989224212216275
0.0336567899784865
0.02909262359001089
0.015620821546263963
0.1293947783181031
0.06170831298018152
0.13984273111418394
0.15413600907390632
0.10856880325681864
0.09176187005305537
0.0938559404484848
0.2017761722736465
0.09499570950443184
0.06473028382733008
0.03950768519129557
0.04361755716205271
0.08567104094214188
0.09879164945858021
0.0661086179256822
0.09580914968385994
0.12570289485538774
0.3552688433058324
0.05299185390890581
0.06350205574225404
0.16675890006196814
0.07016079349888737
0.19074389591990773
0.07666195122709943
0.12128805705629042
0.028456767497225054
0.17792628731468152
0.08186221180395968
0.04260804398305374
0.07642770536349551
0.07447458216321853
0.09876688553591909
0.2799330185223289
0.05301887545114139
0.18730212910892877
0.17989087342116777
0.1373883084736794
0.03269740377794919
0.018652328073959088
0.010301839274295892
0.037883337037624
0.08589794544253695
0.07432871517065305
0.05592026623123035
0.03562033711739083
0.11485643558068515
0.004561364021160116
0.049001404570195264
0.11545521121352147
0.03957265065620411
0.06111645415679338
0.05407703029722106
0.028915078323733946
0.02326844462036841
0.006640185897954246
0.00455281397788679
0.01702567155367067
0.06149602933556847
0.07602599458092152
0.5989661317368613
0.0605599995135246
0.13905779605125065
0.042886139500504496
0.1446935961304048
0.0790420458850497
0.0964866453237531
0.13742872880214865
0.038708212743963064
0.1194555007877387
0.5989661317368613
0.030131709069202043
0.1128706379830862
0.019740577101375723
0.1074893959085385
0.05469667833570732
0.016683844007217404
0.18652243949337288
0.5436745233326061
0.06036239587388404
0.05607958393780716
0.13458624586994514
0.08416946538873522
0.02763455341647587
0.0019515898170930355
0.015739462983540425
0.013239277925438005
0.21397326466716543
0.060085406941304355
0.04248638249865685
0.18492979649206703
0.08764086448307665
0.06013176358880513
0.03545066312159265
0.06883376521137471
0.060158005174584084
0.10555499680498029
0.24783312174133396
0.19217334030958536
0.038905478022367386
0.24095625159320652
0.14560038416050142
0.04083194660526116
0.028073526328303972
0.24065298229181678
0.1851706697261622
0.08839899314435093
0.07638044077900312
0.029293424732398127
0.014963912357972104
0.09126199410709697
0.2033296087943809
0.14346296258751837
0.014997085883001277
0.004924430772497317
0.013356721370254112
0.10720757111583941
0.10064185537195035
0.07814569887508342
0.06857834094530958
0.05243462359366415
0.13720904211960872
0.07085166927688213
0.024897739168734313
0.16376915145599355
0.03469787920796982
0.05453112571645626
0.014453441372309143
0.036803325601795264
0.03607223177258422
0.5989661317368613
0.2621502483708931
0.08255116338609991
0.2213879164389423
0.04406363816256867
0.05447407642747026
0.020931521004548398
0.21645872245439113
0.19079401518450342
0.07816944243579099
0.04664563027120521
0.06987840965809017
0.028347917245035433
0.010329341832250385
0.05530736431002149
0.020487404768693044
0.17041073565012732
0.027385412170121103
0.01582941020523035
0.028126079059845325
0.01666752813255373
0.031147787307312724
0.01197288764137964
0.035102130279790374
0.08885722658009836
0.21527734706170973
0.04025865466621008
0.028161465364248843
0.046510797500893826
0.04069519824174027
0.004079459936834178
0.004738260842587783
0.010842422689494511
0.06967639997231269
0.011474678094832384
0.027910983203504786
0.040393751881103654
0.02427114731265995
0.02231162606171244
0.071656339524423
0.13932280977363465
0.045039533169800736
0.0652068797846525
0.09128219137127168
0.05940179430255189
0.019629756003929733
0.5989661317368613
0.5989661317368613
0.006127956126042429
0.012752828240378532
0.08468999683668706
0.010878938162611498
0.460597518563642
0.2977005544527355
0.016909569233749852
0.1416057983277605
0.09600273483722165
0.014160682061265095
0.25041470305848545
0.1139349970984253
0.009363394210766023
0.12676482607672435
0.09410050360813614
0.10725774666383292
0.04608934377157477
0.11638063496266945
0.09549925855689854
0.2272880111788785
0.5989661317368613
0.08511270405538632
0.08073021831167931
0.5989661317368613
0.035030775801111226
0.02275476856090309
0.10274258742657846
0.11352834694042771
0.09474334943132248
0.4761811271735216
0.06022580431004716
0.01915920647479729
0.5324901660018875
0.046870290035577446
0.40480658729063795
0.06558955988154964
0.12731689186111086
0.018880428876005797
0.38351522282203443
0.015040234442358457
0.0034141931522671293
0.17839116183075676
0.003854403375879064
0.011674501043746717
0.11529026675262026
0.07184718842916812
0.18072325337716943
0.2589652516436511
0.2722355926791244
0.09605313129746765
0.260859284706424
0.019540052602021563
0.37939619428525667
0.33517156295174333
0.03087188665547815
0.2726741377098143
0.3172008621936024
0.33680200394226034
0.034102397517510444
0.8384447200995734
0.014796996425836779
0.026253845645881027
0.08746427848944477
0.018258270059820173
0.14517461438968596
0.1035741378549371
0.030532898819163694
0.023406997472840887
0.03853962880613015
0.0352577496678635
0.04304310046095673
0.5989661317368613
0.24111713996658904
0.24589286126825927
0.036902756000065436
0.004222485883400114
0.038598826556955915
0.06926821573319768
0.0951963943537363
0.09614165319588762
0.027461614758704674
0.09123209981338422
0.11886465640696241
0.09531150626903341
0.10134035045740754
0.009347835066347275
0.04893509065651423
0.023416997470747842
0.0643992030534085
0.03649347082898342
0.052140984651006396
0.028372625880632683
0.17356317087466291
0.069697951210884
0.023175287401198424
0.09606926435847377
0.42266014684104725
0.054602990040083996
0.030232136917628057
0.012702187300437432
0.08098884555104413
0.006693929546468131
0.05020337542664105
0.018927740764506523
0.03802490732644612
0.0313524520424565
0.05201183053461242
0.06613522388428625
0.02796291665459866
0.022871334663425953
0.3489790287118656
0.31146019721611495
0.202119234294698
0.12907558303600825
0.01327260606714587
0.5989661317368613
0.025939019865249654
0.09896654165898958
0.027428957848759542
0.2875348602109014
0.028094126905353276
0.010917267273577376
0.05999622752760094
0.06948994452254854
0.04029176506217566
0.15090685818046407
0.04244352355312003
0.027187411791203674
0.10630897200059818
0.07844781150559754
0.03706872675786417
0.05073305660617924
0.45123752994169436
0.06159009920675266
0.10097343869787329
0.09238580294984515
0.025856068710780156
0.007910760383362888
0.004603345132627216
0.006806069011758314
0.14079028612982034
0.11683319757034308
0.024566304947790562
0.16659076109400145
0.05918717660158736
0.06282369315703164
0.08282400075979324
0.012418394905832363
0.07110398989630112
0.09958121800077464
0.027403972827085784
0.02257965345132385
0.008090749922293788
0.1079716894161043
0.1318180430698767
0.01287197646144482
0.06135251778131694
0.02458509810054803
0.023350146076197634
0.01618391531710156
0.0323307423352831
0.06069411688062227
0.5
0.03361256305797102
0.02326968884706174
0.5337315364327896
0.08503278750498781
0.007946193874310841
0.10692056816382797
0.04434532926633853
0.046272667592197975
0.007223392901436092
0.09718301489067842
0.0198249214242253
0.08286806744203784
0.023276955414119
0.06387502032960977
0.08802127928631673
0.14682728411176718
0.05329229241329343
0.07133974366471844
0.0409825589806916
0.029520748312452466
0.09364477875796802
0.031692744790175725
0.3024623008066713
0.08293964390300519
0.03743573203752533
0.21885231921822396
0.06096739849354229
0.07529634187975984
0.10202934878359055
0.06036080538697728
0.023954856483090512
0.03980569367863689
0.018790544227092705
0.17706485648459463
0.1596966041166751
0.02717632636214922
0.5989661317368613
0.1904785111176237
0.08712083987489891
0.46932776185055364
0.08473597025420601
0.11368847050435929
0.06113503360786602
0.17417843141467867
0.07402238485988108
0.05099970206666028
0.03861433608866663
0.12254971688858392
0.05613035499585649
0.03144425290196621
0.03625447568714789
0.1114517410852684
0.0999023616912636
0.1180467575478099
0.22000338544646328
0.054958672444144145
0.05190218383820679
0.0200374872422828
0.1725978917850228
0.0928911817995896
0.10025662530596244
0.009495268433806351
0.005371425973454808
0.008798850360839333
0.07419312848676364
0.08248173789373864
0.5989661317368613
0.5989661317368613
0.11828349164689074
0.05593403458217519
0.12344890484252696
0.01677054659357475
0.00901923922481513
0.07105215623248974
0.43781887431469474
0.013562905677026749
0.01923569146288822
0.5989661317368613
0.150930275653259
0.14570619743237456
0.007655273082769933
0.515076441800571
0.5989661317368613
0.041886786695197825
0.08006496658994398
0.032589695286935304
0.07291258613433167
0.028995018777078236
0.23148741426979372
0.13523409621833335
0.10792595045414842
0.30176146387112923
0.12227087132957971
0.11736511304905366
0.04014581673101967
0.08855375732399458
0.08705711289029469
0.13177108208196042
0.2223678165437017
0.05853013320463409
0.38428486419821617
0.023573832135741324
0.10820095466089179
0.1628935895958241
