0.1846814202045841
0.1846814202045841
0.1846814202045841
0.1846814202045841
0.1846814202045841
0.1846814202045841
0.08234040852728382
0.1846814202045841
0.1833294152854291
0.1846814202045841
0.1846814202045841
0.1846814202045841
0.1846814202045841
0.1846814202045841
0.1846814202045841
0.1846814202045841
0.1846814202045841
0.1846814202045841
0.1846814202045841
0.06059240488335978
0.1846814202045841
0.04850018906662545
0.06974207307884132
0.1846814202045841
0.1846814202045841
0.1846814202045841
0.1846814202045841
0.1846814202045841
0.020657327192528628
0.1846814202045841
0.1846814202045841
0.1846814202045841
0.03700198745272324
0.1846814202045841
0.1846814202045841
0.1846814202045841
0.22698661148337335
0.1846814202045841
0.15104360292098273
0.1846814202045841
0.18466994643493617
0.1846814202045841
0.1846814202045841
0.1846814202045841
0.0639448823782798
0.06911160372847636
0.1846814202045841
0.034239016171078177
0.04935109853917903
0.010628342426591065
0.1846814202045841
0.0070181244072435155
0.18466269241028047
0.1846814202045841
0.11695474636270159
0.1846814202045841
0.1846814202045841
0.08575548384865456
0.1846814202045841
0.1846814202045841
0.1846814202045841
0.1846814202045841
0.1846814202045841
0.1846814202045841
0.1846814202045841
0.1846814202045841
0.1846814202045841
0.1846814202045841
0.06333580436022104
0.017007440032770132
0.017007440032770132
0.020195479706979786
0.24889040648235108
0.1846814202045841
0.14277071861891774
0.1846814202045841
0.039782128818130105
0.1846814202045841
0.1846814202045841
0.032827246639228515
0.1846814202045841
0.12862083735525473
0.1846814202045841
0.18466453434882613
0.05944682949140129
0.18046346123045567
0.1846814202045841
0.1846814202045841
0.1846814202045841
0.18467417157799892
0.0093901410566503
0.1846814202045841
0.1846814202045841
0.1846814202045841
0.1846814202045841
0.1846814202045841
0.1846814202045841
0.1846814202045841
0.032245486706398395
0.1846814202045841
0.06974207307884132
0.24889040648235108
0.1846814202045841
0.1846814202045841
0.1846814202045841
0.40323086663911173
0.1819681230691041
0.16438773870593373
0.06279429734729244
0.2625682454269713
0.1846814202045841
0.1814815534041635
0.1846814202045841
0.09771922112522413
0.1846814202045841
0.06985253763775945
0.012869960854474474
0.010216205572300179
0.1846814202045841
0.1846814202045841
0.18467270641311812
0.010216205572300179
0.1846814202045841
0.184665786374336
0.1567194233628863
0.004293634760194376
0.1081095289936122
0.2866110631688368
0.1846814202045841
0.1846814202045841
0.1846814202045841
0.12566627243969525
0.1846814202045841
0.023717257816835695
0.05010723941673983
0.24889040648235108
0.02137771317324681
0.1846814202045841
0.1846814202045841
0.08575548384865456
0.09846688446594128
0.1313857897063414
0.07329159064573484
0.08962500502375563
0.15718275001946572
0.010216205572300179
0.02995424604878001
0.1846814202045841
0.1846814202045841
0.10944680620420907
0.09720351603471444
0.1846814202045841
0.1846814202045841
0.0754601774208466
0.1571138014792574
0.18467429498885352
0.014009030570207762
0.06333580436022104
0.11754503788786783
0.18466762601978312
0.07235244824322223
0.03160090875985393
0.1846814202045841
0.1846814202045841
0.18466341670152442
0.1846814202045841
0.12195499767116813
0.026338660549589138
0.02725610238486215
0.09684081298026172
0.1846814202045841
0.012497692983162102
0.10197424343780882
0.18466769954895476
0.1846814202045841
0.18466802844486055
0.1846814202045841
0.020557055031802607
0.1846814202045841
0.06124869406412777
0.02360837205954071
0.8892776009236614
0.18466762601978312
0.057607875963828575
0.07250907388262151
0.06401839009028808
0.018196486550342957
0.04721670932378187
0.03789847066822916
0.1846814202045841
0.18466775119655318
0.009504987218852417
0.1846814202045841
0.1846814202045841
0.24005111795905745
0.08172889649693807
0.009206026919794667
0.07406636172664872
0.03426275654532795
0.03681591401351759
0.012523559516560936
0.002444293328739047
0.1846814202045841
0.08575548384865456
0.029485094971677752
0.3453463461298215
0.06090369143746551
0.1846814202045841
0.011888848109882966
0.1846814202045841
0.1846814202045841
0.24889040648235108
0.1846814202045841
0.060181838732988595
0.1846814202045841
0.1846814202045841
0.1846814202045841
0.1846814202045841
0.09908839998272144
0.033617337565222435
0.1846814202045841
0.010216205572300179
0.1846814202045841
0.03484421790951937
0.1102832892965454
0.06048708542079412
0.021819385565595192
0.0695408303918658
0.1310560936737734
0.1846814202045841
0.1846814202045841
0.037786826937894945
0.1846814202045841
0.08910978310851485
0.18466771676279398
0.14218166547890654
0.18467259664342184
0.12606641067953242
0.1846814202045841
0.1846814202045841
0.014464181106041455
0.08282648631983756
0.02692492775814237
0.1846814202045841
0.027997740717930993
0.1846814202045841
0.012010457582309304
0.1846814202045841
0.1846814202045841
0.1846814202045841
0.06482154153635523
0.1846814202045841
0.1846814202045841
0.1846814202045841
0.059772219264937726
0.1846814202045841
0.04336935633408375
0.16787806174658654
0.0309651609377753
0.02045595365409838
0.01600444197724546
0.1846814202045841
0.075583554153837
0.1846754709449962
0.07744960444953522
0.03845159854304245
0.1846754750052114
0.19330103565179652
0.1846814202045841
0.1846814202045841
0.1846814202045841
0.1846814202045841
0.1846814202045841
0.1846814202045841
0.028102976504305967
0.025648304774893597
0.06974207307884132
0.10560837600769081
0.17292939183924882
0.1846814202045841
0.11623730925679743
0.1846814202045841
0.06583692023710641
0.0827272514470383
0.02837665811297925
0.019164110639892054
0.1268434141098989
0.06974207307884132
0.007730176380243627
0.1846814202045841
0.1846814202045841
0.036866779416738736
0.04509549093324382
0.23921503746099684
0.1846814202045841
0.1846814202045841
0.09233485114229391
0.1846814202045841
0.1846761600407319
0.18466600204767558
0.1769402136819805
0.1846635567444244
0.1846635567444244
0.10866658445723636
0.1750377952018142
0.0070181244072435155
0.35873184973168004
0.03509394470054452
0.12006047254458911
0.03171542188912361
0.1846700512640295
0.1846814202045841
0.02243507956049497
0.1846814202045841
0.0028370494538332274
0.1846814202045841
0.036184965439755024
0.1846814202045841
0.02257578179053978
0.1846814202045841
0.1846814202045841
0.09868979064562215
0.1846814202045841
0.1846814202045841
0.1846814202045841
0.1846814202045841
0.021555616721317755
0.1846814202045841
0.1172999749925516
0.013482852447889495
0.009021763146121641
0.1846814202045841
0.019572666636536177
0.2782711439395816
0.1846814202045841
0.1846814202045841
0.23281231744631978
0.08575548384865456
0.1846814202045841
0.021775363458204224
0.1846814202045841
0.1846814202045841
0.1846814202045841
0.1846814202045841
0.1846814202045841
0.265911893845416
0.15159651817674683
0.01702462873141554
0.006488526022324558
0.038725445685151995
0.07614588778076059
0.1846814202045841
0.33542938989996385
0.1846814202045841
0.1846814202045841
0.1846814202045841
0.1846814202045841
0.06974207307884132
0.1846814202045841
0.06187190754142601
0.04467717423781618
0.1846814202045841
0.10549019302139007
0.06584954882480966
0.1846814202045841
0.1846814202045841
0.06984781059929472
0.0384334068951779
0.01925076034719791
0.033180614935832936
0.06974207307884132
0.1846814202045841
0.1846814202045841
0.1846814202045841
0.1846814202045841
0.041213241140156856
0.1846814202045841
0.014167456507739016
0.1846814202045841
0.1846814202045841
0.06974207307884132
0.1846814202045841
0.1846814202045841
0.3402741008857055
0.13078302608162845
0.13411659333993275
0.09662217595354189
0.1846814202045841
0.1846814202045841
0.0785362272196782
0.019795470597011304
0.14330432041567132
0.016207321395221207
0.2511613469540124
0.069120436076774
0.012864518603256691
0.1846814202045841
0.5599916032055342
0.1846814202045841
0.25261209388468536
0.023517744105356956
0.1846814202045841
0.2850127837898422
0.06157962391938453
0.09212931674470135
0.08575548384865456
0.033180614935832936
0.08394317716869698
0.11995268896709124
0.1846814202045841
0.1846814202045841
0.04952416080440837
0.24889040648235108
0.017007440032770132
0.1846814202045841
0.010148045339738497
0.04698639810958067
0.2501830353524831
0.06744117424074127
0.0054446005560841995
0.1846814202045841
0.06368045663248342
0.1474340992680727
0.023835790393563712
0.1846814202045841
0.004724028574484117
0.004303262555705609
0.03577388091613773
0.16704153395555943
0.29058077406325195
0.283878476899527
0.1846814202045841
0.04654736160785328
0.04558749854178507
0.1846814202045841
0.40384177349820294
0.04871300853004987
0.004249157222331707
0.03089029132023729
0.3879506903662845
0.006961740451971918
0.05051438993552154
0.1846814202045841
0.03391395239597935
0.2102469385627878
0.06974207307884132
0.1846814202045841
0.1846814202045841
0.1846814202045841
0.1846814202045841
0.40919532737695025
0.023473273902380354
0.007473818640773999
0.052302219569218385
0.1846814202045841
0.6270624953848853
0.5303015966082324
0.09438358608602217
0.638705975272181
0.28278476840434885
0.1846814202045841
0.1846814202045841
0.1846814202045841
0.02306887355339657
0.12418954236000862
0.06183317160393173
0.004295675995112474
0.244759380616757
0.1846814202045841
0.17553123656019382
0.062459480845174
0.030849751192961954
0.1846814202045841
0.34860592873265067
0.06176156728797336
0.1846814202045841
0.1846814202045841
0.042136132181575255
0.1846814202045841
0.10281522450908408
0.11408243302900907
0.11408243302900907
0.5182515176031668
0.1190618998437091
0.22367836478881
0.008216891384422428
0.1846814202045841
0.1846814202045841
0.05529393742886283
0.0886844287737686
0.22173451541601347
0.1846814202045841
0.1846814202045841
0.0370080034387679
0.036792551952389986
0.06934543367986448
0.21767174828066113
0.03700198745272324
0.18312733911534804
0.027825210336816855
0.15178479154109042
0.1846814202045841
0.03915423726409237
0.18466762601978312
0.1846814202045841
0.1846814202045841
0.1846814202045841
0.1846814202045841
0.1846814202045841
0.39759393317208525
0.1846814202045841
0.017007440032770132
0.017007440032770132
0.1846814202045841
0.03469363950033373
0.1846814202045841
0.03700198745272324
0.1846814202045841
0.0056869694263211685
0.16811492795461008
0.1846814202045841
0.0589431523070628
0.00517844630827552
0.14036770196089557
0.08834269208638576
0.6628237568189761
0.047892107337831086
0.05415221544826104
0.07193913669712927
0.1846814202045841
0.1846814202045841
0.006681490572800934
0.00883812800751064
0.006888435562043317
0.04706128361743004
0.1846814202045841
0.1846814202045841
0.1846814202045841
0.04100691703021745
0.061966038509057034
0.2731572340648971
0.1846814202045841
0.009128109985467951
0.007371299055288864
0.6862345561615286
0.12605086024783277
0.004032788880194544
0.1410005251936513
0.012024263909704494
0.09588433867995796
0.07261872762558397
0.1846814202045841
0.033180614935832936
0.1846814202045841
0.12343178207126197
0.43307766930857716
0.2568765474096208
0.34373437778824134
0.17880940926965755
0.1846814202045841
0.6710697008988126
0.01411566836753256
0.014934064258071247
0.16877792919683887
0.09061031580334179
0.07496951457261966
0.1846814202045841
0.1846814202045841
0.20626194097281536
0.036388249914168155
0.08910978310851485
0.02994615348324373
0.17508172466857327
0.1846814202045841
0.08380060137420442
0.014111797246080282
0.12503664948589485
0.1846814202045841
0.004323754382036996
0.06974207307884132
0.06145953647098611
0.02776786481164104
0.1846814202045841
0.006680522645452161
0.07258419718025436
0.1385433967717489
0.23255855830662875
0.4850733009290737
0.1846814202045841
0.026633055742014054
0.04275543539582206
0.1846814202045841
0.05333730488798377
0.1846814202045841
0.1846814202045841
0.1846814202045841
0.03132115897235582
0.35301351267195097
0.19374091765793222
0.12629222241384958
0.1846814202045841
0.1172933717369596
0.6796920648670384
0.03239184468901798
0.1846814202045841
0.33900504878614496
0.022856968875306895
0.03100645494348145
0.13394783105847705
0.023473325459126882
0.16110349481000213
0.1846814202045841
0.1846814202045841
0.18542296130121855
0.2966083847825076
0.2775241332840909
0.1846814202045841
0.05358374832181834
0.1846814202045841
0.039412219852928955
0.1846814202045841
0.09066718108737817
0.1846814202045841
0.26768945391005894
0.1846814202045841
0.00826133284704084
0.13067908389018462
0.024620079967804725
0.15008613577018828
0.1846814202045841
0.20369690260182036
0.1846814202045841
0.1846814202045841
0.1846814202045841
0.03812203240491913
0.30996909057215655
0.1846814202045841
0.2916135734892548
0.14388711498243853
0.04149258396340348
0.1846814202045841
0.24889040648235108
0.3225421349311337
0.1846814202045841
0.01358690183313193
0.04415890539809569
0.01148153944621552
0.08541614333470335
0.1846814202045841
0.08575548384865456
0.1846814202045841
0.20193194177221194
0.13544412924623567
0.1083741437743711
0.027553094897850655
0.11508556164605487
0.014644591876063444
0.1390928034525522
0.15204199277735322
0.016631889918630672
0.025353087458974095
0.1846814202045841
0.1586768690075496
0.1846814202045841
0.05138778377815893
0.1846814202045841
0.042182634701289
0.41978092924262755
0.16019269131753927
0.11250915975779775
0.1846814202045841
0.014823967500015198
0.1846814202045841
0.012057005572967041
0.1846814202045841
0.006492581274574322
0.1543517356528162
0.3704102436699658
0.11616763325124188
0.5
0.1846814202045841
0.03700198745272324
0.19657820788685457
0.1846814202045841
0.1846814202045841
0.1846814202045841
0.09420479535306572
0.1846814202045841
0.19364756827389865
0.4445417948494823
0.1746296001767893
0.06311300800715368
0.3377696363037487
0.3496762773375494
0.1846814202045841
0.1846814202045841
0.08987918123522108
0.05970357881120263
0.020513069169692
0.0050688901587781126
0.26490439913655556
0.19092487608472936
0.1353229841664846
0.1846814202045841
0.1846814202045841
0.005730458884678958
0.1846814202045841
0.16864224193822253
0.06974207307884132
0.1846814202045841
0.1846814202045841
0.08401228111220245
0.07605126710898787
0.1846814202045841
0.1846814202045841
0.2499396036925089
0.07119690978530653
0.12453095246017042
0.03296626273104077
0.16184101361484798
0.43582142443406213
0.1846814202045841
0.1846814202045841
0.1846814202045841
0.017007440032770132
0.1846814202045841
0.1308708373856937
0.018283963262958752
0.1846814202045841
0.1846814202045841
0.1846814202045841
0.1846814202045841
0.015114341887800326
0.1846814202045841
0.0067570678162626845
0.03700198745272324
0.1846814202045841
0.1846814202045841
0.017007440032770132
0.3642709874142133
0.05801738124951895
0.16930084001064483
0.1846814202045841
0.1846814202045841
0.010216205572300179
0.6896734457626786
0.15262544747948997
0.1846814202045841
0.013344279504001506
0.1846814202045841
0.22699126311299422
0.1846814202045841
0.41368997508845584
0.1846814202045841
0.06974207307884132
0.1846814202045841
0.1846814202045841
0.1846814202045841
0.1846814202045841
0.006798127143145608
0.0048474769944323376
0.145616676384955
0.1846814202045841
0.020598842284973908
0.1846814202045841
0.24957762204193143
0.06671007042274416
0.08745294478569543
0.033180614935832936
0.012659273689572651
0.1846814202045841
0.08959125416082131
0.1846814202045841
0.1846814202045841
0.23071488234040546
0.15773835746158793
0.012280164226142287
0.051996853863590244
0.1846814202045841
0.06033722556842893
0.1846814202045841
0.547183353422022
0.2499396036925089
0.1846814202045841
0.1846814202045841
0.1846814202045841
0.1846814202045841
0.1846814202045841
0.017007440032770132
0.1846814202045841
0.017007440032770132
0.1846814202045841
0.1846814202045841
0.017163172347658663
0.008988707459250175
0.1846814202045841
0.06105251879984482
0.04077465326169747
0.3206802970076301
0.1846814202045841
0.050936438782233986
0.1846814202045841
0.015877530368663673
0.1846814202045841
0.023309967207026026
0.1846814202045841
0.010216205572300179
0.1846814202045841
0.05633660739709673
0.1846814202045841
0.18072577088501268
0.14876232550641247
0.1846814202045841
0.1846814202045841
0.030962570098374567
0.21665781865934156
0.11224409115137683
0.1789049044417532
0.1846814202045841
0.05587855572798725
0.08949371261681345
0.2519856785146789
0.1846814202045841
0.10715988704942857
0.1846814202045841
0.20888525447359668
0.3300940240209175
0.24311827097696234
0.24820259450210524
0.1846814202045841
0.04107308152974659
0.06941965158233042
0.1846814202045841
0.030048072072349687
0.006008345624518735
0.01603998964173981
0.1846814202045841
0.1846814202045841
0.1846814202045841
0.1846814202045841
0.1846814202045841
0.1846814202045841
0.189126196593863
0.22699861396390186
0.4338323554982023
0.1846814202045841
0.1846814202045841
0.2269875232114039
0.1846814202045841
0.1846814202045841
0.049990571407310114
0.1846814202045841
0.1190618998437091
0.1846814202045841
0.1846814202045841
0.1846814202045841
0.1846814202045841
0.1846814202045841
0.05986786549405127
0.024532391843913183
0.1846814202045841
0.1846814202045841
0.18487084367804324
0.017007440032770132
0.017007440032770132
0.1846814202045841
0.08575548384865456
0.08346122391583655
0.1846814202045841
0.1846814202045841
0.1846814202045841
0.1846814202045841
0.1846814202045841
0.005363546236230197
0.1846814202045841
0.1846814202045841
0.20031558155545737
0.06056956704347727
0.017007440032770132
0.5497924624160646
0.010323550631245626
0.010323550631245626
0.015553278115426736
0.012210838617819696
0.018040191770222733
0.1846814202045841
0.16206532749130467
0.00642570699909004
0.1846814202045841
0.1846814202045841
0.01426609557616922
0.06964272568412072
0.1846814202045841
0.19956601823411343
0.1846814202045841
0.1846814202045841
0.1846814202045841
0.1846814202045841
0.1846814202045841
0.2416329577507247
0.08217493762465043
0.1846814202045841
0.1846814202045841
0.023426916119992803
0.1846814202045841
0.5314533630048706
0.1568433165969094
0.1478259965771868
0.614474322688275
0.043483183428140094
0.0334848948894146
0.19351346766812627
0.1846814202045841
0.1219825401239931
0.1846814202045841
0.1846814202045841
0.1846814202045841
0.1846814202045841
0.2782396012978355
0.1846814202045841
0.39197836594330443
0.154655543030889
0.16665140082581636
0.0658004597381665
0.1846814202045841
0.029297531136599404
0.1846814202045841
0.015161523567756194
0.08228775303163184
0.1846814202045841
0.1846814202045841
0.1846814202045841
0.1846814202045841
0.1986706726404022
0.10614554333698199
0.1846814202045841
0.15084898325477306
0.21430100063427518
0.0633824846802403
0.1293338899477923
0.1846814202045841
0.10587235881270565
0.1846814202045841
0.13943015300199108
0.09003090303588775
0.1846814202045841
0.1846814202045841
0.6646925468945671
0.1846814202045841
0.05128452678537064
0.1846814202045841
0.010216205572300179
0.1846814202045841
0.1846814202045841
0.15447992070612265
0.1846814202045841
0.05957968650467847
0.1846814202045841
0.1846814202045841
0.1846814202045841
0.14625894392334104
0.10110163459669552
0.1846814202045841
0.1846814202045841
0.10765835168415501
0.1846814202045841
0.007131280957047083
0.1846814202045841
0.02205631964640091
0.017782282397637544
0.019915047756157288
0.1846814202045841
0.1846814202045841
0.1846814202045841
0.19810961538380173
0.12176737563158668
0.035030724281823654
0.038703893124218916
0.3069859429305654
0.1846814202045841
0.06320503335823131
0.1846814202045841
0.06928138191575635
0.1846814202045841
0.02137771317324681
0.05391482411909642
0.25046218700542605
0.010216205572300179
0.1846814202045841
0.023363244512881777
0.039450688775106206
0.0344120930922319
0.1846814202045841
0.0344120930922319
0.09880174268696888
0.016813673379786724
0.05574178101390068
0.09698710785854836
0.021250790788399376
0.06254500108792409
0.01824502104378202
0.01228550204207316
0.05218279447524939
0.018531143148827343
0.03860493290986892
0.1846814202045841
0.1846814202045841
0.1846814202045841
0.24134137308398435
0.19782708761683285
0.011401740249096959
0.10461010532612483
0.011278362013254386
0.010951470070819952
0.08681523166027251
0.1846814202045841
0.05862881043208666
0.013853003664335523
0.24889040648235108
0.1846814202045841
0.010677537655917503
0.14557243113402246
0.1846814202045841
0.04825621286997303
0.01051524196541131
0.1846814202045841
0.06974207307884132
0.011724351995294896
0.1846814202045841
0.02632350384125471
0.008806230942047993
0.1846814202045841
0.08732945722027681
0.019952801584327513
0.1846814202045841
0.1846814202045841
0.1846814202045841
0.1846814202045841
0.08216993601811054
0.1094503358415345
0.061356680899908055
0.12451609095893978
0.11472639870213595
0.02434118993870799
0.006074779255488053
0.04895266761094975
0.1846814202045841
0.1846814202045841
0.28028707415291937
0.1386451909447147
0.17532586385622745
0.2903570929242794
0.2916135734892548
0.22884265434076986
0.1846814202045841
0.06651489854937315
0.1846814202045841
0.23942927886755133
0.22812936657898555
0.1846814202045841
0.1846814202045841
0.07581017587888124
0.19860622352057639
0.20111042956597935
0.1846814202045841
0.1846814202045841
0.1508671786423525
0.1716200776009173
0.09654753708862163
0.008895713242391525
0.1846814202045841
0.10312454464488485
0.22069406047713627
0.1846814202045841
0.08698454257255529
0.24957762204193143
0.1994899538293733
0.12015972110928434
0.2011132518791449
0.1846814202045841
0.1756043322103974
0.4051447079981692
0.07368913522176275
0.07305219404888663
0.1846814202045841
0.0878872836105931
0.1846814202045841
0.25794579411507385
0.26971491965123817
0.1846814202045841
0.36186382199071215
0.1846814202045841
0.40870405423196593
0.1846814202045841
0.1846814202045841
0.24938112809641233
0.15215314195417973
0.16520780074651342
0.06709608854427167
0.0396172435958741
0.07280824593729697
0.08373880434370926
0.1846814202045841
0.21524008402247619
0.04114036789272346
0.021129821365446166
0.20472241954808862
0.3091656097346968
0.1846814202045841
0.06506834969556594
0.1846814202045841
0.30941807656882553
0.30320884817048194
0.1846814202045841
0.029069213990059788
0.1190618998437091
0.2332365928839797
0.08525178855757401
0.1846814202045841
0.012940189260029322
0.10001912656128994
0.287873121105763
0.09926613727244538
0.0235175741982849
0.1846814202045841
0.1846814202045841
0.010216205572300179
0.021237325653855988
0.1846814202045841
0.023473273902380354
0.2511613469540124
0.1846814202045841
0.17061839228533454
0.07703788189881093
0.06974207307884132
0.1846814202045841
0.1846814202045841
0.029906765756418784
0.1846814202045841
0.1846814202045841
0.1846814202045841
0.1846814202045841
0.08574321360522077
0.1846814202045841
0.8242888482779849
0.2067857172265566
0.1846814202045841
0.1846814202045841
0.1846814202045841
0.050413826987705544
0.25671890277213055
0.13363375533227345
0.22051586037603052
0.4070455846794105
0.05509876454277787
0.06974207307884132
0.05760405089118342
0.15073752507933683
0.07616877422146515
0.007792530932881677
0.1846814202045841
0.2242583359414553
0.032130810779223314
0.14886943505324376
0.29074457050667474
0.1846814202045841
0.1846814202045841
0.07997438650253237
0.1846814202045841
0.07603924810057336
0.1846814202045841
0.29358088053277875
0.2589269238725661
0.2905112132541923
0.14590113355321843
0.2004810220632119
0.3615294743949795
0.287177393906267
0.1838932598970603
0.1846814202045841
0.013519940209527523
0.023866484822064892
0.1846814202045841
0.1404496424987822
0.1846814202045841
0.1846814202045841
0.0656994794209371
0.611358636781764
0.11798230357915736
0.1846814202045841
0.1846814202045841
0.11399484723112258
0.17714096950347713
0.1846814202045841
0.7437585838966354
0.46668679788850087
0.1846814202045841
0.059793160369055534
0.35180139255666576
0.15816385998768995
0.23763453128111117
0.03700198745272324
0.05253992862678559
0.2166952512470883
0.6443177970321736
0.1846814202045841
0.012070210057752597
0.017007440032770132
0.0749385194322584
0.1846814202045841
0.1846814202045841
0.00800216848288391
0.1846814202045841
0.1846814202045841
0.1846814202045841
0.1846814202045841
0.1846814202045841
0.17846489429055667
0.008152038083099498
0.1846814202045841
0.12803997936895256
0.1846814202045841
0.1846814202045841
0.15792089687754218
0.1846814202045841
0.1846814202045841
0.1846814202045841
0.1846814202045841
0.1846814202045841
0.014954076126649599
0.06974207307884132
0.1846814202045841
0.07088825583486946
0.1846814202045841
0.0553875770060277
0.1846814202045841
0.1846814202045841
0.1846814202045841
0.1846814202045841
0.11242434461320337
0.1846814202045841
0.060705736060995906
0.008678841941616257
0.15488873735646191
0.25799995165846745
0.13096709649922691
0.1846814202045841
0.1846814202045841
0.1846814202045841
0.05699690356690701
0.1846814202045841
0.1846814202045841
0.0068695246153359715
0.016598920164383437
0.1846814202045841
0.1846814202045841
0.1846814202045841
0.03159683603345703
0.20046974735797615
0.3088838809019157
0.1846814202045841
0.1846814202045841
0.032747461222142206
0.1846814202045841
0.1238030931988183
0.005190832268780431
0.08194437913256761
0.1846814202045841
0.1738235980295707
0.21190452768629509
0.1846814202045841
0.1846814202045841
0.1846814202045841
0.01893557165356345
0.1846814202045841
0.1846814202045841
0.0679654046756473
0.1846814202045841
0.1846814202045841
0.16926853600028127
0.014979501109214095
0.03929198153988814
0.1846814202045841
0.0940392233587735
0.1846814202045841
0.1846814202045841
0.1846814202045841
0.1846814202045841
0.1846814202045841
0.1846814202045841
0.1846814202045841
0.1846814202045841
0.1846814202045841
0.1846814202045841
0.1846814202045841
0.1846814202045841
0.1846814202045841
0.1846814202045841
0.1846814202045841
0.1846814202045841
0.1846814202045841
0.1846814202045841
0.1846814202045841
0.37166969698112157
0.1846814202045841
0.2783082906245891
0.054309307987560576
0.1846814202045841
0.06974207307884132
0.1846814202045841
0.1846814202045841
0.1846814202045841
0.17009078733751967
0.1846814202045841
0.6676316611542417
0.1846814202045841
0.1846814202045841
0.1846814202045841
0.1846814202045841
0.058557285035240464
0.20024298270426794
0.523532988783632
0.06001777059441802
0.06313480032660536
0.270598911170044
0.09761038279314244
0.38108999205798544
0.026802268766509315
0.1846814202045841
0.1846814202045841
0.10050085602110127
0.1846814202045841
0.1846814202045841
0.1846814202045841
0.1846814202045841
0.06709608854427167
0.10748532245929451
0.025731018089035045
0.3443589995260737
0.1846814202045841
0.1846814202045841
0.6090023515629929
0.1846814202045841
0.1846814202045841
0.1846814202045841
0.07095046150806547
0.1846814202045841
0.1846814202045841
0.18467417157799892
0.1846814202045841
0.1846814202045841
0.1846814202045841
0.1846814202045841
0.1846814202045841
0.1846814202045841
0.1846814202045841
0.1846814202045841
0.04310477214213319
0.1846814202045841
0.1846814202045841
0.049399270420961004
0.1846814202045841
0.1846814202045841
0.1846814202045841
0.1846814202045841
0.1846814202045841
0.42011463423053297
0.1846814202045841
0.1846814202045841
0.1846814202045841
0.1846814202045841
0.005092423617098466
0.1846814202045841
0.1846814202045841
0.1846814202045841
0.1846814202045841
0.1846814202045841
0.1846814202045841
0.02644876843392855
0.016089136060635993
0.08910978310851485
0.08910978310851485
0.1846814202045841
0.1846814202045841
0.1846814202045841
0.1846814202045841
0.1846814202045841
0.049966224716598354
0.17375602955403488
0.00649956033170817
0.24641418986136027
0.033180614935832936
0.04478152811409953
0.042980744121636306
0.1846814202045841
0.26913149109657225
0.1846814202045841
0.1846814202045841
0.05419564783913036
0.07436109184747036
0.1846814202045841
0.1846814202045841
0.010216205572300179
0.027461095802540938
0.060696854017989715
0.1846814202045841
0.30146547854240263
0.1846814202045841
0.1846814202045841
0.1846814202045841
0.1846814202045841
0.1846814202045841
0.08502552191645685
0.1846814202045841
0.1846814202045841
0.06663220013539661
0.28372371094111376
0.1846814202045841
0.011005869880931251
0.06974207307884132
0.1846814202045841
0.08007933359490693
0.1846814202045841
0.1846814202045841
0.036836196432993136
0.09368876281352692
0.1846814202045841
0.3794414551211606
0.041260313495680316
0.1846814202045841
0.1846814202045841
0.08888844210888375
0.10968769632853176
0.06974207307884132
0.1846814202045841
0.1606233538048375
0.16429054364685192
0.11421419960885057
0.006986517728342996
0.1854128823584244
0.004324024344388261
0.16691842988641956
0.05102858109442036
0.0070181244072435155
0.4024677969823288
0.1846814202045841
0.20242014812671513
0.09312948213713816
0.1846814202045841
0.10587235881270565
0.11182632369838175
0.17779725211220693
0.1846814202045841
0.004580257628232295
0.045031281943202654
0.1846814202045841
0.2760768349399253
0.1846814202045841
0.08232271354150976
0.1846814202045841
0.08910978310851485
0.030790660357661107
0.04772520753477754
0.1846814202045841
0.1846814202045841
0.009027208168774985
0.10711778062256243
0.1846814202045841
0.1846814202045841
0.011264089710398786
0.004088025363928058
0.1846814202045841
0.1846814202045841
0.1846814202045841
0.1846814202045841
0.009662051182436564
0.1846814202045841
0.1846814202045841
0.1846814202045841
0.1846814202045841
0.1846814202045841
0.1846814202045841
0.1846814202045841
0.1846814202045841
0.1846814202045841
0.1846814202045841
0.1846814202045841
0.1846814202045841
0.1846814202045841
0.1846814202045841
0.1846814202045841
0.04609043463020274
0.05378119042450333
0.2533992880138801
0.2244747450654631
0.1846814202045841
0.05622958165574846
0.1846814202045841
0.03896534485603475
0.1666007923742576
0.1846814202045841
0.24811672007853378
0.1846814202045841
0.1846814202045841
0.1846814202045841
0.1846814202045841
0.24889040648235108
0.14939092993026887
0.1846814202045841
0.05336368284291781
0.0020661213814184365
0.1846814202045841
0.1846814202045841
0.1846814202045841
0.004021785774431008
0.1846814202045841
0.8557656869246488
0.1846814202045841
0.20927391977009044
0.11550599971732388
0.02641318850409473
0.1846814202045841
0.05236415676806259
0.1846814202045841
0.03696684655838434
0.006391123027236334
0.016917326846938956
0.22391995627706773
0.005923232851086884
0.1846814202045841
0.014128286098218775
0.17877379225333742
0.013240513970618942
0.06470734878426151
0.1846814202045841
0.1846814202045841
0.00851453906334625
0.1846814202045841
0.024657860617808763
0.1846814202045841
0.13388774737604797
0.1846814202045841
0.1846814202045841
0.1846814202045841
0.1846814202045841
0.12643367607806788
0.1846814202045841
0.01861981419199172
0.03430939292962183
0.1846814202045841
0.09791952437837108
0.07230815765196742
0.006064679986142362
0.37543359816182686
0.012794160313940843
0.18532921634626204
0.1846814202045841
0.1846814202045841
0.1846814202045841
0.021326213809172313
0.1846814202045841
0.1846814202045841
0.009482010418818096
0.24703471826870818
0.09263254688657059
0.1846814202045841
0.1846814202045841
0.03943040953934203
0.3816692060124121
0.10041344758893932
0.1846814202045841
0.05164139854559279
0.06613687745369505
0.09060171710473522
0.1846814202045841
0.1846814202045841
0.01965559393630668
0.1846814202045841
0.1846814202045841
0.006410077146753738
0.012659198558194525
0.1846814202045841
0.1846814202045841
0.0939684874475306
0.003371219412241705
0.13235330869100287
0.1846814202045841
0.1846814202045841
0.1846814202045841
0.033180614935832936
0.1846814202045841
0.1846814202045841
0.006201877793264529
0.041260313495680316
0.017007440032770132
0.11294058975561592
0.1846814202045841
0.1846814202045841
0.2755102759408899
0.27476512883249093
0.035927622017380936
0.04421130419024888
0.7162913083532558
0.16877792919683887
0.017007440032770132
0.010216205572300179
0.04034246755761415
0.11579935927942046
0.25537756754407903
0.006370178667951512
0.07886002121286814
0.24214280408355926
0.08427250282995637
0.1846814202045841
0.05904723178027834
0.08293488887131165
0.12980367671163953
0.17078447843336914
0.08193394354420516
0.1846814202045841
0.0239565662291529
0.07006870909351244
0.020257342482116133
0.21310556027581326
0.1846814202045841
0.03904577239833457
0.15249550084092506
0.07969165770330869
0.195077604928724
0.043481151798098354
0.09317864447249545
0.1846814202045841
0.04720958939113422
0.03133622529529293
0.007024558894224856
0.1846814202045841
0.27223737972353124
0.02667252127915355
0.13330419225899734
0.1846814202045841
0.06629344684695443
0.18195974958411762
0.1846814202045841
0.21549622143320546
0.007231367882751374
0.047962475107540176
0.080170431325764
0.05814572035484009
0.04149838461145884
0.041260313495680316
0.1168080593305662
0.1061797615419049
0.1846814202045841
0.09349942023719397
0.06974207307884132
0.6728628147491568
0.1846814202045841
0.1846814202045841
0.057633941612647434
0.09391622500289996
0.1846814202045841
0.1846814202045841
0.5871962957429898
0.11887052342609049
0.1846814202045841
0.06290770485041028
0.1846814202045841
0.1846814202045841
0.0738146966195317
0.1846814202045841
0.1846814202045841
0.08294401144336744
0.05778495998106884
0.1846814202045841
0.1846814202045841
0.1846814202045841
0.10182209130606527
0.24353137492299282
0.1846814202045841
0.04604710782173544
0.045700557072911624
0.1846814202045841
0.04562214139501207
0.009001978813308989
0.1846814202045841
0.1846814202045841
0.006198226368333086
0.08575548384865456
0.03269746884066798
0.1846814202045841
0.1846814202045841
0.04255005274201118
0.017349041998615086
0.1846814202045841
0.7437585838966354
0.1846814202045841
0.1846814202045841
0.1846814202045841
0.3551923781555987
0.1846814202045841
0.05974317108952418
0.1846814202045841
0.1846814202045841
0.010216205572300179
0.1846814202045841
0.006074779255488053
0.027438298937938532
0.060241969156260955
0.1846814202045841
0.33236394892214854
0.02418804096647068
0.03703809760893921
0.1562091431944379
0.11295456284805948
0.06615240575821203
0.08356512863915168
0.17104884656009134
0.08575548384865456
0.1846814202045841
0.1846814202045841
0.1459050985124352
0.1846814202045841
0.00631935412598313
0.14628104536573153
0.16488300340237824
0.05113104849025038
0.10917569236223726
0.1846814202045841
0.005506959293899776
0.0979338651566969
0.1846814202045841
0.1846814202045841
0.008955603655250562
0.1846814202045841
0.008090968226646782
0.1846814202045841
0.1846814202045841
0.1846814202045841
0.10587235881270565
0.1846814202045841
0.1846814202045841
0.1846814202045841
0.15631378366533014
0.06974207307884132
0.025676730538005493
0.1846814202045841
0.3430441974706913
0.1846814202045841
0.1846814202045841
0.1846814202045841
0.06081738178683647
0.06974207307884132
0.06974207307884132
0.1846814202045841
0.1846814202045841
0.10082700698790373
0.12946922368224495
0.16573763724975818
0.1846814202045841
0.1846814202045841
0.1846814202045841
0.1846814202045841
0.1846814202045841
0.1846814202045841
0.09287400025542189
0.00884366735710774
0.06974207307884132
0.0806985927863459
0.0024109782045493035
0.19492777747006806
0.0895700870402402
0.19018327878685132
0.1846814202045841
0.1846814202045841
0.057431729429038875
0.08612071983192335
0.03700198745272324
0.4822495257446779
0.09463791243127923
0.1846814202045841
0.05340256124333095
0.1615269889477191
0.1846814202045841
0.0038489983936401922
0.08547340019565021
0.1846814202045841
0.2194087203328496
0.1846814202045841
0.1846814202045841
0.0022451434737938247
0.06458438740059874
0.1846814202045841
0.401143034634367
0.6464491878718731
0.027193408975635904
0.034971145013004516
0.09861062633868929
0.0286151310809223
0.10703687929352973
0.1846814202045841
0.07359250562915504
0.1846814202045841
0.011651233217013909
0.028254801968698857
0.10567462531822516
0.1846814202045841
0.015334297604419922
0.1639616303390331
0.12866344583861353
0.1846814202045841
0.2499396036925089
0.46515963032127444
0.040620670719317555
0.1846814202045841
0.383134423970218
0.20369690260182036
0.12165672723538823
0.1846814202045841
0.1846814202045841
0.2475987384736079
0.1846814202045841
0.1846814202045841
0.05382310856726352
0.1846814202045841
0.08346122391583655
0.10924725771153324
0.1846814202045841
0.1846814202045841
0.17932339898178876
0.006258106396355685
0.1846814202045841
0.04088432927631495
0.01928057231447518
0.175561981041579
0.1846814202045841
0.1846814202045841
0.19736635610168807
0.02115743979164632
0.13008713925178836
0.1846814202045841
0.05822015517297603
0.08743531295559057
0.051835103986151584
0.03918575984197358
0.011433163956528
0.017007440032770132
0.1846814202045841
0.1846814202045841
0.1846814202045841
0.22603309951100128
0.060332423978678634
0.15702011745649597
0.0896316087785021
0.1846814202045841
0.1846814202045841
0.1967365840320479
0.1846814202045841
0.013102622117194224
0.1846814202045841
0.04742779362404143
0.05880028290328991
0.06489001286852428
0.19051329756744642
0.041260313495680316
0.09864816310406825
0.08203383799164794
0.1846814202045841
0.1846814202045841
0.05367014634286064
0.14108735713941786
0.1846814202045841
0.1846814202045841
0.1846814202045841
0.003260006410909089
0.1833294152854291
0.1846814202045841
0.1846814202045841
0.1846814202045841
0.14900667414131585
0.1846814202045841
0.11994713187829595
0.0638823745844801
0.4817203460579812
0.19653729060955152
0.47675124253745577
0.8213176971704373
0.1846814202045841
0.04248720658667796
0.1846814202045841
0.025931850289397068
0.5778270810970565
0.1846814202045841
0.07711019244643678
0.1251900193360161
0.014337873512951968
0.24889040648235108
0.014007533218093835
0.06799910629834356
0.028080296834975472
0.01538060355024152
0.00408734042124335
0.1846814202045841
0.1846814202045841
0.1846814202045841
0.024993772211165565
0.004634293816867816
0.02238879877484994
0.013538453649755373
0.1831549656609885
0.06974207307884132
0.07069345629340919
0.1846814202045841
0.012396876773488726
0.2336576045805935
0.03039886923532932
0.023541313705676067
0.04340861063985495
0.11299182753156344
0.010216205572300179
0.16646447562067657
0.004975324696258122
0.09058575047932554
0.204176231234682
0.7437585838966354
0.010216205572300179
0.1846814202045841
0.06974207307884132
0.001987231158254161
0.1846814202045841
0.007456017675291115
0.023269113373364316
0.07723320064346774
0.1846814202045841
0.0678292604371977
0.13447170001613945
0.1846814202045841
0.07110821234467377
0.31463994157291164
0.1846814202045841
0.18466762601978312
0.1846814202045841
0.05678171030574795
0.4918258570705397
0.1846814202045841
0.05903165030259167
0.06533234770126672
0.05587406009447465
0.0439714354411083
0.1846814202045841
0.055863490207916734
0.1846814202045841
0.1846814202045841
0.13185115070612274
0.1846814202045841
0.1846814202045841
0.1846814202045841
0.1846814202045841
0.1846814202045841
0.14639250326455214
0.18403262804581308
0.18662155966358923
0.1846814202045841
0.1846814202045841
0.1635597879455579
0.15452640137747284
0.1846814202045841
0.1846814202045841
0.1846814202045841
0.1846814202045841
0.09512156239106369
0.1322804527729171
0.635641655616016
0.1846814202045841
0.05986063769073056
0.1846814202045841
0.16113045089686226
0.1846814202045841
0.0180649371986622
0.2455389150927354
0.1846814202045841
0.1846814202045841
0.1846814202045841
0.1846814202045841
0.02721635888482257
0.1846814202045841
0.06996057097132279
0.26579100933030675
0.1846814202045841
0.0017525075533155344
0.03902673361648024
0.1846814202045841
0.1846814202045841
0.1846814202045841
0.1846814202045841
0.1846814202045841
0.03231993216317444
0.004071443306993922
0.046686689617242975
0.11930146191315319
0.1846814202045841
0.1846814202045841
0.1846814202045841
0.0396172435958741
0.1846814202045841
0.1846814202045841
0.1846814202045841
0.06386708582656991
0.0471994109419143
0.04590993725637124
0.08575548384865456
0.017570856478789976
0.2545226228923289
0.5078789326031445
0.05841354368181978
0.06974207307884132
0.0041485470046229486
0.1846814202045841
0.030511321234086224
0.1846814202045841
0.023344898189413696
0.021394002553069655
0.06980472375545725
0.18953363753101796
0.1271878933821342
0.04780795366773393
0.3627609233302751
0.12268028953257638
0.1846814202045841
0.06974207307884132
0.08373880434370926
0.07523889854260365
0.1846814202045841
0.08279415265025548
0.1846814202045841
0.05835921494570639
0.44175609471705934
0.07814045482954365
0.1846814202045841
0.03700198745272324
0.1846814202045841
0.1846814202045841
0.1846814202045841
0.1084968456090206
0.1846814202045841
0.1675015908599524
0.007764527915720018
0.19931429985281665
0.12642001662210403
0.1846814202045841
0.0070181244072435155
0.1846814202045841
0.02099739505984563
0.0973485909068793
0.1846814202045841
0.1846814202045841
0.3664173953730427
0.1846814202045841
0.1846814202045841
0.056862117684317086
0.025434125140006626
0.053403416382637535
0.004127534378939272
0.07951055984566521
0.1846814202045841
0.1846814202045841
0.4619781011976835
0.1077010543541606
0.023715085839300886
0.1846814202045841
0.08925670548935374
0.1846814202045841
0.1846814202045841
0.17553810087201377
0.1901019969841657
0.1765570256240425
0.1932307688148069
0.18466762601978312
0.1893594455808528
0.1846814202045841
0.1846814202045841
0.1846814202045841
0.10984022871218435
0.1846814202045841
0.1846814202045841
0.1846814202045841
0.00326255182259416
0.05755174867807518
0.09579390921728408
0.1846814202045841
0.2525009712168163
0.2916370241694234
0.010216205572300179
0.002860966225811548
0.03989165496632696
0.21625656968375612
0.1974058840573415
0.014368631164859591
0.20579730943524238
0.1846814202045841
0.1846814202045841
0.12995167709104244
0.1846814202045841
0.11892863551763437
0.014039365694227805
0.1846814202045841
0.24889040648235108
0.14748933543611362
0.1846814202045841
0.06321212772980796
0.1846814202045841
0.1846814202045841
0.1846814202045841
0.1846814202045841
0.18466762601978312
0.1846814202045841
0.011250237384961125
0.1846814202045841
0.02889676484154035
0.016690878467689994
0.013208928178471606
0.0351363559427889
0.03700198745272324
0.49196460568751493
0.1846814202045841
0.3679657362643698
0.1846814202045841
0.3377696363037487
0.1846814202045841
0.028866128304028137
0.1846814202045841
0.08575548384865456
0.28284612528995656
0.1846814202045841
0.1846814202045841
0.1846814202045841
0.2004620590301466
0.7196729101890611
0.060084496288281566
0.1846814202045841
0.379557771777394
0.1846814202045841
0.047405410638444265
0.04737806809268148
0.14230597882778215
0.1846814202045841
0.1846814202045841
0.1846814202045841
0.13924233060793453
0.08308561586884093
0.1846814202045841
0.1846814202045841
0.1846814202045841
0.20934763202354206
0.010216205572300179
0.1846814202045841
0.023902972022176373
0.130987477920125
0.6161421800686715
0.1230494371875725
0.1846814202045841
0.0195957199597717
0.05541149116577045
0.011632616656354669
0.1846814202045841
0.1846814202045841
0.017007440032770132
0.1846814202045841
0.1846814202045841
0.09941462564334995
0.07428130420681354
0.17751363471056195
0.11813889210746743
0.1846814202045841
0.18577430932791647
0.15478554060902458
0.19981626066722621
0.10587235881270565
0.1846814202045841
0.07791725396973366
0.07971061492842423
0.2599884719714523
0.1846814202045841
0.1846814202045841
0.1140315745256172
0.8164664809067994
0.630143747696754
0.12186626360497779
0.1846814202045841
0.1846814202045841
0.1846814202045841
0.1846814202045841
0.016577915846259936
0.1846814202045841
0.13387086542897927
0.21610815003743017
0.1846814202045841
0.1386451909447147
0.1846814202045841
0.1846814202045841
0.24482135171282693
0.006793091413803698
0.1846814202045841
0.06563689846219754
0.1846814202045841
0.06093148662611753
0.1846814202045841
0.1846814202045841
0.1846814202045841
0.1846814202045841
0.11337601985939914
0.1846814202045841
0.1846814202045841
0.1846814202045841
0.42034060851661975
0.06103425773388503
0.34569657824568667
0.1846814202045841
0.2196236104498476
0.1846814202045841
0.18423936597891097
0.06974207307884132
0.1846814202045841
0.12471055603266677
0.09310480445566896
0.1846814202045841
0.2474543249974701
0.1846814202045841
0.010216205572300179
0.1846814202045841
0.1443592993785772
0.1846814202045841
0.05393994052354042
0.1846814202045841
0.1846814202045841
0.014281466467008713
0.13532221100227665
0.1846814202045841
0.44844622304969056
0.1846814202045841
0.1846814202045841
0.09177155486148839
0.1846814202045841
0.1833294152854291
0.1947289867633235
0.1846814202045841
0.1846814202045841
0.033180614935832936
0.04328684224562866
0.08544535320815488
0.1846814202045841
0.10683509022098414
0.04523453114709925
0.1846814202045841
0.005334332781492775
0.0606483751842742
0.11342659826788402
0.06952714381136245
0.240509921934983
0.1846814202045841
0.030542308157846965
0.04652080527115595
0.1846814202045841
0.07529028927729269
0.1846814202045841
0.14009402198265622
0.1846814202045841
0.1846814202045841
0.1846814202045841
0.0035007524694008183
0.004899580852759827
0.016458329093131625
0.08603265468196027
0.017920057177107956
0.08342962651099349
0.03555701944711363
0.12288944997019664
0.017007440032770132
0.1846814202045841
0.12069370854967101
0.09613559220295115
0.041260313495680316
0.13810284467878972
0.010216205572300179
0.0063034803381970764
0.1846814202045841
0.26123166635460354
0.15641384802348623
0.03221766798515199
0.11282869156712032
0.03528159059368017
0.028403198937903235
0.031382905130758774
0.4696365864268982
0.11547716144752171
0.014607991352590197
0.1846814202045841
0.10536572194923607
0.08703733145074172
0.1846814202045841
0.19704188895898825
0.016012247148090974
0.1846814202045841
0.1846814202045841
0.1846814202045841
0.1846814202045841
0.1846814202045841
0.1846814202045841
0.1846814202045841
0.026116549679795473
0.17658150753075916
0.1846814202045841
0.1846814202045841
0.1846814202045841
0.13145884777137182
0.3312855422124877
0.1512109373356886
0.1846814202045841
0.1846814202045841
0.05827327298439816
0.8235135475000608
0.5410591091411957
0.1846814202045841
0.41276469117219633
0.07146065782277
0.7182415103040893
0.018625576418828102
0.27680822716706494
0.28339289306354076
0.018047660261996147
0.36677205972891996
0.06929385323214084
0.35712068392006985
0.16885720862234532
0.0844768128970016
0.3019817763436224
0.20369690260182036
0.03700198745272324
0.0032768746712810064
0.1846814202045841
0.005092423617098466
0.016077797935501525
0.02023697726991683
0.1846814202045841
0.1846814202045841
0.22847079440170479
0.18262007787460935
0.03443064409757048
0.1846814202045841
0.03627329902377191
0.1846814202045841
0.019645455578141714
0.2420179386267768
0.1846814202045841
0.16135968488365537
0.07876029929024882
0.026117941515099923
0.012874203413467412
0.0708447339655528
0.024708703257743936
0.08298775299191165
0.23724077530197712
0.058322210303054206
0.32228020894681714
0.07215394562112114
0.10107368986407148
0.1846814202045841
0.1846814202045841
0.1846814202045841
0.1846814202045841
0.14491553352273082
0.1846814202045841
0.09569647866286389
0.035991001540549294
0.005084444956407676
0.1846814202045841
0.08400464330265077
0.1846814202045841
0.1846814202045841
0.1846814202045841
0.3080758235212836
0.010104951583359004
0.385594127504643
0.1846814202045841
0.3235761436393171
0.07832820582488245
0.2060557656741915
0.2852283982345709
0.006708512332537287
0.1846814202045841
0.1846814202045841
0.0648416476679658
0.1846814202045841
0.011390889227514278
0.1846814202045841
0.1846814202045841
0.13171214780934268
0.441217162533282
0.07590836893565944
0.1846814202045841
0.00430629524786731
0.03358618924995967
0.013450563299503216
0.1134313332145998
0.2941939878753696
0.04715677296425395
0.1846814202045841
0.022929104597567283
0.1980166498606659
0.1846814202045841
0.1846814202045841
0.1846814202045841
0.069975377744328
0.06974207307884132
0.08925856766716536
0.1846814202045841
0.051011789641102936
0.025856622360735444
0.15790774460764756
0.1846814202045841
0.7185345431657519
0.09532089029783983
0.10237672481683646
0.1846814202045841
0.1846814202045841
0.1846814202045841
0.02532243148581428
0.05636881630843864
0.006638873470163619
0.18271301748740673
0.0642463827269716
0.1846814202045841
0.17318852122730954
0.2044599788746263
0.059948044638385954
0.1846814202045841
0.1846814202045841
0.016962726838505537
0.1846814202045841
0.04093183172401951
0.008758005439883504
0.1846814202045841
0.1846814202045841
0.0556597945874732
0.1846814202045841
0.12981884626411228
0.1846814202045841
0.03983981148284872
0.1846814202045841
0.1846814202045841
0.17043498798557813
0.1846814202045841
0.1846814202045841
0.04580908465669803
0.4643284492123131
0.1846814202045841
0.13510804756773695
0.1846814202045841
0.0070181244072435155
0.03055799506774263
0.1846814202045841
0.24889040648235108
0.39651763545160534
0.06974207307884132
0.18906179441378249
0.01647691751593554
0.2502694545814741
0.06708360237127739
0.2851725487985798
0.1373893958004056
0.1846814202045841
0.0790278798268669
0.14207186522726115
0.1846814202045841
0.010216205572300179
0.1846814202045841
0.006231427390704474
0.4240414882414334
0.1846814202045841
0.08127142292242086
0.025500256048662677
0.1568602418728039
0.1846814202045841
0.11572460459997483
0.003628083921685093
0.025070499258080352
0.06974207307884132
0.1846814202045841
0.033180614935832936
0.1846814202045841
0.3760009300227612
0.03687209127652183
0.1846814202045841
0.033180614935832936
0.1846814202045841
0.0558267185086093
0.13430654598646094
0.04696461884642049
0.08532148949044242
0.07833806906564347
0.0784972634816207
0.1338089472687167
0.041260313495680316
0.1846814202045841
0.052027986522419835
0.01600706927835637
0.1846814202045841
0.1769519846243084
0.005092423617098466
0.04928567133813687
0.05438979313337122
0.2205345986367297
0.2159892168221491
0.06974207307884132
0.1846814202045841
0.33562515048893954
0.09169966181118713
0.06607796694294497
0.2650656103117928
0.1846814202045841
0.1846814202045841
0.1846814202045841
0.05450564199637625
0.1846814202045841
0.020758609057943838
0.1846814202045841
0.13593723467932747
0.0725833600399031
0.1846814202045841
0.1846814202045841
0.04554569446601923
0.11803471647586154
0.19173702343665974
0.15629157554941572
0.041260313495680316
0.1846814202045841
0.041260313495680316
0.1846814202045841
0.1846814202045841
0.02448358213743346
0.1846814202045841
0.1095889318574229
0.05889247265877702
0.1846814202045841
0.024542933642518215
0.1846814202045841
0.1846814202045841
0.017007440032770132
0.1846814202045841
0.1846814202045841
0.14242477964356848
0.1846814202045841
0.1846814202045841
0.06709608854427167
0.2850127837898422
0.1846814202045841
0.1846814202045841
0.12150051932983238
0.11917568978575964
0.1846814202045841
0.060230012142507006
0.1846814202045841
0.1846814202045841
0.1083188420368622
0.017007440032770132
0.011612635174045954
0.1846814202045841
0.1846814202045841
0.010729047420834298
0.011588227788698788
0.0038635550473214895
0.028201957225110277
0.1846814202045841
0.1846814202045841
0.1846814202045841
0.1846814202045841
0.04932988340092159
0.02887937080781049
0.08568329565686467
0.07110667203375566
0.2081100900402059
0.1846814202045841
0.12245197987854713
0.06974207307884132
0.03310306635157149
0.13535234314608077
0.06788594629120387
0.04049555879947388
0.07240191189539988
0.05203710673137279
0.08507962203324858
0.04516727411927039
0.18273998110255846
0.28002725900952435
0.34193778366963534
0.09090414785341422
0.19582660750549175
0.1846814202045841
0.13725758497694934
0.002610138845965454
0.1846814202045841
0.20338778454777573
0.1846814202045841
0.1846814202045841
0.1846814202045841
0.1846814202045841
0.1846814202045841
0.1846814202045841
0.029320464943689444
0.185683080549878
0.05938676282773891
0.15328329697157259
0.1813354995502213
0.2753824720250995
0.07401345492467387
0.09967773752602284
0.516407315856252
0.055520527628619094
0.13610689699917639
0.1846814202045841
0.1846814202045841
0.1600107988095907
0.1846814202045841
0.1846814202045841
0.0064087921125328415
0.032728703719455195
0.16220019840140643
0.1846814202045841
0.23109777975360304
0.05092189243810634
0.049965709583104374
0.3789733714058025
0.1846814202045841
0.1846814202045841
0.06904725786716474
0.1846814202045841
0.010216205572300179
0.2178197371701508
0.1846814202045841
0.008932040820438896
0.1846814202045841
0.03404010042360604
0.003490270832135035
0.17790041960059963
0.1846814202045841
0.1846814202045841
0.00372334749430795
0.141810615782561
0.0856614496345678
0.1846814202045841
0.1846814202045841
0.1846814202045841
0.11613639606876426
0.1846814202045841
0.1846814202045841
0.1846814202045841
0.1846814202045841
0.1170831060967638
0.022035834896628935
0.1846814202045841
0.1846814202045841
0.1846814202045841
0.3100632984879364
0.1846814202045841
0.2666074574661118
0.1846814202045841
0.1846814202045841
0.1846814202045841
0.1846814202045841
0.1846814202045841
0.1846814202045841
0.06039938593016672
0.07703788189881093
0.1846814202045841
0.025392741622011095
0.08910978310851485
0.03700198745272324
0.46900766376694014
0.1846814202045841
0.1846814202045841
0.016972423737130593
0.01489429620202025
0.054464654525707444
0.1846814202045841
0.017007440032770132
0.1846814202045841
0.06751564226239125
0.1846814202045841
0.02870996160214351
0.1846814202045841
0.1846814202045841
0.01777612403718041
0.1846814202045841
0.13633545977383738
0.06974207307884132
0.1846814202045841
0.014085413974045188
0.1846814202045841
0.11181629706612707
0.1846814202045841
0.1846814202045841
0.010216205572300179
0.06974207307884132
0.1846814202045841
0.17930125329188532
0.18188346514147508
0.1846814202045841
0.1286501550320647
0.1846814202045841
0.019088984307976512
0.30941807656882553
0.1846814202045841
0.1846814202045841
0.021137823490885284
0.09450557904200978
0.10919713265901401
0.11025369485444629
0.037248090081069246
0.1846814202045841
0.03584859864002865
0.03032247550266326
0.1846814202045841
0.1959158966788138
0.08299745761344135
0.12089085466270325
0.1846814202045841
0.1846814202045841
0.004920452327182114
0.009128109985467951
0.1846814202045841
0.1846814202045841
0.18594684421479285
0.04467152783650073
0.1846814202045841
0.04465017929512308
0.07181802474895539
0.011326248373106126
0.3594418667168257
0.23333161529596522
0.1846814202045841
0.1846814202045841
0.17784340521744568
0.1846814202045841
0.1846814202045841
0.03969268086632541
0.1846814202045841
0.11731110495957367
0.1846814202045841
0.09972507539210469
0.1293075367467071
0.1846814202045841
0.1846814202045841
0.1846814202045841
0.044940321545471
0.036365170076222676
0.1320672726416067
0.1330477387885231
0.020997717537435363
0.026996293631566876
0.08217493762465043
0.1846814202045841
0.6161096681363246
0.1846814202045841
0.1846814202045841
0.1846814202045841
0.1846814202045841
0.012041575637983961
0.25330605985131527
0.1846814202045841
0.11816718842237833
0.1846814202045841
0.013328356086150682
0.08539929587095997
0.1846814202045841
0.1190618998437091
0.1846814202045841
0.019446860168378467
0.1846814202045841
0.24495934792538768
0.1846814202045841
0.1846814202045841
0.1846814202045841
0.1846814202045841
0.1846814202045841
0.1846814202045841
0.05658525736644918
0.0931619190362283
0.1846814202045841
0.24232481094093225
0.01610042132092585
0.1212949663430215
0.3764897152573058
0.1846814202045841
0.033847330966210384
0.1846814202045841
0.028556586491005686
0.07161379419056091
0.1846814202045841
0.1846814202045841
0.010216205572300179
0.1846814202045841
0.03614824924044677
0.18466762601978312
0.15659122397345962
0.04129484565467302
0.02796160465660208
0.1846814202045841
0.08569244322265678
0.018382133444750502
0.03286743595172504
0.10792579206690513
0.0882780151507029
0.1846814202045841
0.1846814202045841
0.03307960541782498
0.1846814202045841
0.047876020904969376
0.0027350885443252456
0.04685560361072876
0.10420830971395924
0.06972049221630161
0.024299678480621475
0.047918460097894966
0.1846814202045841
0.1846814202045841
0.04664947493873063
0.1846814202045841
0.005371327967708575
0.1846814202045841
0.3630870372812525
0.1846814202045841
0.1846814202045841
0.1846814202045841
0.1846814202045841
0.1846814202045841
0.11568114536974121
0.1846814202045841
0.017007440032770132
0.03700198745272324
0.021452474234390194
0.1846814202045841
0.06546501669754277
0.36826777419451223
0.1846814202045841
0.1482032076001386
0.1846814202045841
0.1846814202045841
0.17951336881681404
0.06022096537415801
0.04342459082805165
0.007415576020987819
0.17205533675622733
0.13463975679379248
0.02122422556886027
0.1846814202045841
0.05245388677744774
0.2768599029281677
0.06106770389715286
0.017628999113150225
0.1846814202045841
0.19717791489516112
0.1846814202045841
0.0835684491387451
0.1365720589664464
0.1846814202045841
0.1846814202045841
0.010216205572300179
0.07025256349767
0.1846814202045841
0.06699219142786551
0.1846814202045841
0.1822068928358098
0.24107174092870742
0.02575111093162188
0.1846814202045841
0.06974207307884132
0.1846814202045841
0.13422550542324338
0.19768194332572672
0.1846814202045841
0.0014855368878634713
0.1846814202045841
0.1846814202045841
0.014064305778969898
0.1846814202045841
0.0127402260575624
0.1846814202045841
0.1846814202045841
0.03906733651649824
0.1846814202045841
0.2322237901335191
0.014633594666557307
0.06974207307884132
0.1846814202045841
0.1846814202045841
0.0049137648232469525
0.029277114157014502
0.015942712865410037
0.1846814202045841
0.1846814202045841
0.18388007313804208
0.0738701730209639
0.02498916481132864
0.013332638596948396
0.010216205572300179
0.07509432864914933
0.1846814202045841
0.0733422014580469
0.017007440032770132
0.1846814202045841
0.1846814202045841
0.1846814202045841
0.1846814202045841
0.1846814202045841
0.1846814202045841
0.010216205572300179
0.1846814202045841
0.3615398740668134
0.07106688924705379
0.11724712731099546
0.08903271361284172
0.6134285076248731
0.24889040648235108
0.041260313495680316
0.3613685211882454
0.18646995764928745
0.3029757405913125
0.1846814202045841
0.1846814202045841
0.1786794988540211
0.11808365956266895
0.7437585838966354
0.1846814202045841
0.1846814202045841
0.1846814202045841
0.1846814202045841
