0.015319283538396003
0.0272098980663407
0.04887658686559447
0.035543708487426016
0.04359592593950768
0.04019842813246632
0.04881382570459723
0.04884000335915423
0.04878759053905128
0.03782680257876363
0.04885486636082947
0.02158691738625394
0.04879019068526123
0.04885490118375979
0.03877021919209864
0.04887347090303606
0.023030480309144858
0.048864337750707726
0.03943010925870954
0.04882153156826454
0.027238341053370065
0.04887502352995727
0.04161791750732121
0.035085938095056966
0.046986631375293554
0.02391893623083248
0.02716095436957521
0.048873934557362816
0.0482922492747096
0.0282132904754274
0.034891423981828526
0.19997529263678912
0.8607125425655164
0.06004031303305562
0.04887159526827027
0.04220885041796163
0.04882655888171299
0.02021887725378842
0.057945119390689435
0.1127689928922593
0.048853318719114275
0.047302606852862215
0.03182515971774549
0.03668274573480273
0.0488720514585333
0.0487875611467231
0.04884054361665614
0.04541324112276744
0.04679249049565174
0.0388184119143414
0.04881093877792031
0.04859998623190727
0.04882564501457464
0.9999961615249965
0.9598472091143555
0.9887674050641924
0.9598807571067932
0.030660678633445633
0.048867818939383266
0.023918095873580465
0.04889328179669327
0.028933407883515488
0.03409841990594944
0.01917680948826201
0.029150948631348053
0.9599170461438394
0.9598865763940164
0.6519390087736542
0.04884256383469234
0.048806895006205546
0.04993638310772797
0.04876364199066587
0.045112043925012925
0.04879886475230328
0.048764845758604826
0.1848877770893689
0.9599117614366942
0.5895935169796871
0.35939005516681904
0.9599307371794581
0.04880490300268598
0.04881494995026514
0.3423717257508113
0.048801122455457625
0.03630446782998645
0.048786670620173486
0.9599065296602268
0.9999999876424442
0.9999933818679602
0.9598455825629046
0.048824669829909795
0.9515179097957659
0.9598981374622476
0.9598902799117535
0.8039995603338662
0.0488406522741837
0.04883453356574422
0.04489850584148634
0.04888842514305309
0.9968393283260282
0.04455765364100788
0.04525717161611216
0.048830201441119554
0.048419436291050125
0.04881479477865439
0.04457360008137028
0.044450224342095224
0.04881659863556815
0.048759430693733334
0.04594005637666634
0.048772657559841184
0.04881709630701444
0.014932856230282421
0.04879884473819205
0.030610466339416147
0.050832614060976625
0.04882570630489239
0.04143529381785201
0.048865223801223476
0.1258018834591868
0.0487743951934463
0.0363216401906741
0.029759573468373997
0.04876562903229612
0.03432530216350744
0.048814154870016946
0.0487976758088604
0.05074210384301444
0.04464590256650004
0.04403853745289998
0.036446290953557496
0.04876505591241119
0.04568790076428475
0.04882537640486082
0.04124265514747501
0.04746210171732974
0.04608795896392101
0.01709167906572045
0.04888209440076973
0.03592791157180794
0.048767315091102235
0.048777236994409445
0.04877315702465043
0.04878747958550222
0.047265542745472
0.03608411159038192
0.04554942693075564
0.05106687784979549
0.026239581673995725
0.0488743008743805
0.04882135924674774
0.02647495354952183
0.04887731421112119
0.04845821091571557
0.0468529439993169
0.04252761098799953
0.048814601699238444
0.048791628566365215
0.048825956759896046
0.036632470289935194
0.045192414644834325
0.048822950350332156
0.0488680581466001
0.05543215448576749
0.0487828633939074
0.046249762366227624
0.04884931357351779
0.048770127847157264
0.04886217125456732
0.048809330572211804
0.04030701750389362
0.04879694011518172
0.045358919032423624
0.04881622893423853
0.05002088040605431
0.048816572802568084
0.04754768729081816
0.060233977999411374
0.01891845473487426
0.048800503838870225
0.03859708937720261
0.040415205184739046
0.048759922379986
0.12050392038313952
0.048797949605881276
0.0925508586552188
0.03951602400588445
0.04883381013939219
0.04879546520023922
0.045944154550719325
0.048770489568790265
0.048817965934241016
0.03309924472631494
0.016703499083135544
0.04732758313731359
0.04483312360612357
0.04882129326279649
0.06581038936039896
0.04879818712835921
0.048768624800015536
0.048784941076687155
0.04884630663401787
0.044005619002752856
0.03633716355853877
0.041292373718212344
0.048867912472267315
0.047796787919631434
0.048793684505375634
0.04876985812188463
0.04857591530097942
0.07131785511954035
0.07506606726345996
0.987713588093174
0.043958561337998775
0.04887467609660868
0.03305762497420377
0.022759623359972916
0.023211804748012772
0.04880743321695664
0.04879497722895189
0.048788198247526275
0.04881441517045631
0.04885939983975199
0.03944352085996511
0.043808473950565634
0.04882498584999142
0.048792660824547626
0.04879705190051476
0.04885071226591319
0.022887678765790637
0.043368529803342624
0.048824650269868486
0.04886358876970395
0.048846208549476466
0.04389752557300727
0.04882797702416988
0.04705972967981747
0.04882513654360781
0.04883713291635111
0.04884019637963964
0.04881085459820391
0.041997077822263834
0.05007103373082968
0.14279899623709513
0.06997082222598958
0.048815363378541955
0.045802730575148796
0.04880477801807938
0.012859196798793352
0.04094890298438093
0.048811507514208805
0.07861665507023413
0.04883169565138204
0.04886579766446213
0.048872569233338714
0.02357601855918517
0.04876487120338027
0.04993312510086328
0.04881291005133599
0.04138697490931271
0.048795773410332706
0.048874920070969906
0.06585022225246269
0.04614778704461779
0.037820192206812084
0.09840567249265422
0.04883006445686179
0.032403027231997866
0.6242902208229572
0.04886293908900922
0.04883234155234599
0.04982050619723767
0.9927100207286199
0.09568435295618252
0.048796423875111405
0.04889706203505333
0.046063044586055875
0.05949338995482992
0.04881816120182117
0.03358532688775477
0.04884523190280933
0.031014689319578473
0.048764036011762386
0.043790009105104555
0.05554288170597551
0.042433103936287575
0.048867177754494714
0.040300198270485504
0.06124164397758791
0.04882560514023509
0.0488705546807624
0.050181523953129484
0.04881339786469111
0.0374950599228505
0.02180393942096144
0.10610770641941096
0.04875331790515492
0.048812138878781455
0.04882802831937085
0.046957974799122816
0.04876529268848717
0.04888450525907869
0.048028765112489574
0.04880759318105838
0.048821099467351116
0.04520798629214925
0.04885199599048081
0.04878523226298594
0.04878536908335678
0.061031500230019166
0.04881871214537509
0.04303995758297554
0.04885916839735942
0.04877843511337473
0.048819311691497565
0.04882699246779111
0.048788964875498685
0.04215758559990235
0.048800964183402934
0.284789858206218
0.048810296782365564
0.06184923468464193
0.04885308517914131
0.07566325430734541
0.04885568192381733
0.022575125418429542
0.04511397344229534
0.04886506412265673
0.04217050999306009
0.07146313939694027
0.07434666216538022
0.07159198772688877
0.03740614548635342
0.043149911904041514
0.21833794348473648
0.040258562329894845
0.04947519944453118
0.05841631781766345
0.033465974792663396
0.043896391353507196
0.03397480638545126
0.016219682898001277
0.02806590866717465
0.016388252120025266
0.07355030203725833
0.04546811860346939
0.04974260236611539
0.04130846524645238
0.0564818716159
0.07436975283016077
0.03960396831987842
0.15119029896277414
0.0437007304814978
0.043065087701442635
0.01968374442443585
0.01405829537006604
0.02876802429371103
0.04186566992210195
0.027154331830686645
0.31449416876358927
0.274805611145931
0.046021403844408934
0.05971610727254957
0.045521551920882315
0.13409191517510305
0.033636343631399314
0.06518399782646345
0.07079043631061731
0.04950916789216389
0.05374347005044826
0.037047357776521496
0.035434329830456204
0.0377221687361365
0.0614182966359558
0.05616303807427593
0.12266085614459665
0.026738557247868264
0.044441164068252284
0.7892020611233064
0.46980053607194244
0.04575946081838625
0.016252582735622658
0.06126005234918611
0.050881741600364856
0.05151744771168758
0.052586769739807214
0.046400287322199835
0.05095218544761947
0.021930386964504934
0.03422188217288274
0.04901732925257499
0.05488140350336096
0.07188612046139259
0.05575609841499365
0.059024601570849114
0.6251481818461156
0.5715694542228422
0.04636513066412033
0.1415988452237335
0.04538253187135697
0.04392517835364953
0.06767275215897747
0.07387076462713146
0.06971136434847752
0.05583538080496252
0.03556392402611226
0.08893521556824753
0.05046553516043088
0.04175674279997842
0.10907216474522126
0.107476689211538
0.041668697374442724
0.05616441818785606
0.04681002634638372
0.029415247292532986
0.05883281984406066
0.052251718973520773
0.05581214560451212
0.05367292761187694
0.054505510682249625
0.04324200285273958
0.05283407752080677
0.05965633372806754
0.04799521248605259
0.2012907670028567
0.06404692903757624
0.06001548503486702
0.05897237026757881
0.06168630232562503
0.0644675002775911
0.052592827259382864
0.06857782113261096
0.07356305826034393
0.05589656331961647
0.10473829321451877
0.05519311457491658
0.04865961599156045
0.07008345800600792
0.056214369467893474
0.06105001958020861
0.05093476494508326
0.08248038547521375
0.05131543626719027
0.05898012379133479
0.058965898783441204
0.04202344109037978
0.12943691566372362
0.0366056845805008
0.08631615563802521
0.04216406383027292
0.05095547792731102
0.06940233594086281
0.1039651085449342
0.10460618278257754
0.24407995084314071
0.039211920346829424
0.04475594506932805
0.054414246988081415
0.048746335969930846
0.03951187092295638
0.04263353898409665
0.06096518572309445
0.049790768721621956
0.047964266861054504
0.05145572542072484
0.07105170481425618
0.05773939441437724
0.047708961173674035
0.5688993421528128
0.13286581963336003
0.11170652184146437
0.044682983908768396
0.061160432125712975
0.05673710871807807
0.06773877566277337
0.03944525747288209
0.00708149659949813
0.04258575249397227
0.04687295021035966
0.04888750749142113
0.058115033195500466
0.061659542748398875
0.05678501161283187
0.37676084262978826
0.049156951276524606
0.07504059926076663
0.09610510455189114
0.0604662049862247
0.052527244561486754
0.059241678828053076
0.05303017519954607
0.10579321153338617
0.03480054113351854
0.04556325164709004
0.05203298982680714
0.04950375586864827
0.049415115368888984
0.9192192564733229
0.0750299488957545
0.04809848358704044
0.02998950345484959
0.2047555071323401
0.06504075409611677
0.03703559151189846
0.17918912255444527
0.027252311955191292
0.039908075007286554
0.04098300654724009
0.0400093182675933
0.06044997720377912
0.047682013201715
0.04829114841131134
0.054164222198070835
0.02238339719303162
0.061582865650614146
0.026146449934751303
0.8509757735954714
0.036134537720231445
0.05842908753656699
0.0543190403008965
0.23562547039967913
0.06633303506311994
0.048700243517637895
0.0670094601460768
0.1173567439408071
0.05840411855725066
0.053210457762069556
0.05793427743647522
0.07089037001636346
0.05025418116391581
0.04266962019586491
0.09463758888626203
0.09801233000874984
0.061788953950349265
0.14245648066169886
0.082384897355845
0.07910918786915971
0.25661310179452856
0.06726367767506855
0.061869980798805436
0.08271707199702488
0.04574958373919371
0.03951158132558343
0.0809773263703814
0.029591767512675875
0.05976874333026895
0.06260932068640386
0.04436496075137841
0.07935196876325727
0.06200578777644981
0.05218750751163519
0.019547004265034206
0.06833344338641512
0.038138090553195884
0.04825350811912597
0.0525155469426942
0.05006317516648542
0.055022750049237144
0.06806238025053483
0.1433729253027128
0.054420123593053496
0.05491336599350494
0.05210253190440714
0.04479252256893091
0.04761126872601651
0.05733532242944579
0.035925600412399936
0.12138188587388732
0.06358812791226395
0.07367168789474958
0.02796472022211759
0.0655333937433555
0.06515837456151626
0.1510648441922272
0.06466029866507254
0.04491070834881426
0.05054496219908427
0.030854228547441263
0.08431537434356257
0.0382534405036746
0.058037867909942045
0.07029376672942712
0.052411124623629964
0.09327161084820652
0.04319781580027951
0.042570211474718775
0.0642915966646998
0.056438405082253215
0.3210632685557161
0.16904952728108547
0.03660770098579879
0.03557320021117068
0.05663472933711271
0.052638039759958954
0.07745826392888741
0.10278049333734078
0.07231396018576035
0.0536018674507859
0.05138787006354582
0.060079678155701983
0.05297157584906615
0.047459702027568496
0.05197050744368686
0.05495837356310795
0.06207951452748835
0.07392204567190014
0.08765441534725439
0.05000280871738777
0.06030584380388636
0.052478858608882024
0.056374953001702144
0.028611781913370028
0.024634966154510624
0.054195390948859994
0.043486210132745576
0.05767219582440163
0.03731907227355527
0.05396604764547721
0.05152511635967868
0.06101292905872618
0.13332197867931964
0.0596628046038078
0.05337635507511564
0.053470577623252996
0.012969756426609226
0.05121294167858635
0.08311757477175342
0.05248384571949929
0.12676475872151524
0.45686439479792007
0.04058092737370348
0.03354323453771299
0.041418913684557634
0.03153236913462522
0.06587281029401021
0.05044270840371861
0.019949737535639184
0.04929133128154537
0.11195281768110574
0.06515208511720541
0.04410198424490442
0.04926071869824224
0.059869986060026
0.9953065558722972
0.06126732178635538
0.05972923583687904
0.06174218289053155
0.07993820473178688
0.04399355924915613
0.04522346289161133
0.11781270407479916
0.0764754927226482
0.08503308820773874
0.05837552945609659
0.16399020222350144
0.07065173604177123
0.05711737457789042
0.07849256125857938
0.0666721016638399
0.07505599804400086
0.14675543399601113
0.0583510422657449
0.04586579502558383
0.05254599314882904
0.057787239409096205
0.012338957751092358
0.05584559740083813
0.05069045240376024
0.05444068755687711
0.0487498485074632
0.08917415819334885
0.10089147980370555
0.1372774859271992
0.07990906742586835
0.8812191152322715
0.05249522327486093
0.08501488086280011
0.05632748153516342
0.045246612551707824
0.03490287760713138
0.024383077562542998
0.9179917886263377
0.07064187840823555
0.047892010657638644
0.11951424680293048
0.35189168784700414
0.07307764274486415
0.054830035608930926
0.05236224182919463
0.043200823921079656
0.050819882088772694
0.05253756380222413
0.04848926098636782
0.05638299753310215
0.03339943797924878
0.007354382384970148
0.056520049220996245
0.048976212305126395
0.0769105561446985
0.04941636121460827
0.05317564889253657
0.055164275080744916
0.04861689200013665
0.028334238871330065
0.0323303659764487
0.10203424714585471
0.025525904155323482
0.049442625011025136
0.04426010119908301
0.04418765479915386
0.031859587382782766
0.05270967162044653
0.06729382625058979
0.4064267665223484
0.016448124723478334
0.039629537671434005
0.05255134548866148
0.05288084677178294
0.04943797324284271
0.038444807674116704
0.05194031765277168
0.05362100289039717
0.28125491806873737
0.09025006859004943
0.16152657196830114
0.010236606754749958
0.05594015784087429
0.056873590476926965
0.057824677589779175
0.0976018767636966
0.2487976152558638
0.9598564063748168
0.2746307682422204
0.999994607189081
0.18968143452007435
0.9599090812849629
0.0522396582994982
0.3142948426280325
0.05851293746094852
0.06198787256240564
0.05968480026663693
0.058900432524886324
0.03372807795391349
0.10322200931197043
0.03726122831006051
0.05027691109971007
0.0686143534911427
0.013592320505477803
0.04998486370597192
0.12172780885842417
0.05304187217222267
0.02082533372719885
0.04873179987806379
0.026620032004930128
0.04667229386222388
0.9934205492236273
0.9999950076450494
0.7861937167789849
0.8531389075451885
0.9599235092798731
0.0527645868286212
0.048744643412883336
0.032991479789375604
0.04430839313139706
0.042049097172359814
0.054968382797854744
0.07443365947431052
0.07598890590666517
0.04970985542921978
0.037528673016655835
0.059454901300272874
0.04931529525389846
0.04454524358877181
0.03760584768869505
0.05106484657373856
0.11434008275345066
0.06067032518870811
0.06133889556247305
0.17935652159473953
0.2505030276308477
0.02397454569805027
0.05562981026462021
0.04692658059608654
0.03716917091588647
0.03297646886259619
0.022686999042544804
0.41155271333778676
0.028391640420254154
0.07533576846438686
0.030565826396623266
0.06184735948919981
0.033846606804833014
0.04936435176366114
0.043563026416432844
0.061452096441563395
0.022289521832978356
0.05987259163196362
0.06497738856473324
0.04070257830523435
0.6389719550933322
0.0430980119514073
0.03378242838210355
0.05398552113467155
0.03758596939763303
0.060836463972635944
0.07178933810402782
0.041641309254287134
0.05324033180408065
0.08853530419395883
0.027065684754968587
0.05241756011282696
0.08684820625267047
0.0315368460369525
0.04909614398491985
0.05416789971918311
0.05068058357472889
0.04934240508607046
0.048299063113183216
0.037836465139429655
0.14724331179161204
0.056913132317250446
0.043381584667931156
0.2706477643118783
0.05336278059173578
0.05393978756441039
0.043027837198284964
0.06103954300261444
0.03937604195436006
0.04993771806327556
0.05196280569759558
0.06159388509838061
0.05719714511120722
0.01376522492342365
0.09421847979207584
0.07644746695392247
0.04805211183861452
0.9999947361911714
0.046973469117710435
0.027275763469100857
0.03541623048394599
0.021250991099821648
0.21018796269128293
0.33124554955806634
0.0727201400512028
0.05648060684936954
0.14650872817716942
0.9598932274916535
0.046027471797018334
0.025322263237591684
0.17266232370599657
0.06866345445837935
0.06285379836015698
0.05148748769216987
0.026407947971902258
0.09128207144537064
0.4302595547781704
0.9999996127981932
0.9999999809122709
0.0654024341558272
0.0713702800460433
0.22848342046567413
0.046767386548483905
0.04295182638117761
0.052399463335980695
0.06071683723748388
0.032658464022310874
0.060775874139543135
0.043459406237608425
0.03962501378406922
0.030974583619380668
0.10374503805176553
0.045556350737993204
0.08428951473936908
0.07993565869728218
0.03793742345902681
0.3080973998975723
0.040823323024466264
0.05544797977250528
0.06820765652930376
0.038457016684470616
0.03662824642923859
0.04259613455435358
0.04893026209509951
0.0597613067971665
0.1130422290340286
0.02643513311220288
0.06528089299977574
0.06894647668323932
0.012852314358536784
0.05260599006148324
0.04258741084632609
0.06270303296384049
0.025172373087586696
0.05872833096739088
0.9599245097208596
0.9655568141621447
0.02966609666742297
0.9937126489510602
0.41024866381761327
0.0830650414217163
0.04336633182765372
0.02500963484340535
0.04162113640700439
0.0568793107126559
0.033548430897183415
0.10329049860939067
0.06246844960759741
0.03504999254896799
0.05944376882787336
0.0839892947345489
0.056062260029059584
0.05082846283107821
0.03428762605722311
0.05105691204714703
0.05231270108912772
0.2785347305348408
0.14330826032099886
0.9152666161764473
0.04831415302066296
0.05100667515329673
0.05320318150291264
0.0793106925834623
0.06073104725606406
0.06076035548371238
0.04242149654742868
0.05265898013138109
0.030190446279245258
0.9599174036285639
0.044705723961261754
0.8379513187337452
0.02499318712325195
0.9598676712806823
0.9685069878434828
0.04764551355737054
0.06682796049999726
0.1427491786947338
0.09774702609452472
0.07563028708641104
0.07455602381831898
0.044367012115691815
0.02963333970813627
0.04856744136683956
0.030310081941080737
0.05428351111920239
0.03902354764270193
0.05610883538085886
0.027669102764379748
0.05005641611156769
0.053816848676578086
0.049786034995951474
0.04041456507733594
0.05244701796110848
0.058867223780084264
0.035567369790260706
0.03505132041292212
0.026271784994516306
0.052359321339580024
0.10891129757696619
0.014459140395236776
0.027472209251540786
0.1311629653393796
0.04596258117579008
0.034861754338155866
0.0987733670612926
0.040389827012306076
0.06062669073605285
0.05055208471491173
0.04551014748338645
0.04781868792556215
0.057315822049042446
0.05748439754996231
0.02423446894192338
0.03580497896973296
0.028061838145305388
0.043145129136263456
0.0696466507191342
0.05701382058550308
0.04962789882863076
0.11847474573518088
0.1778466792864373
0.04663899806497564
0.04782511698283037
0.051323756407231344
0.02800962123971007
0.04414082993357822
0.056353013347172874
0.060720568170391946
0.04741744017475248
0.03921639000315271
0.09062512989710506
0.047749997800110605
0.060168718158142134
0.690146873815563
0.06678578009395572
0.049806828258097915
0.04828447577632017
0.04631847908735443
0.045378569676268715
0.047358005933288184
0.0406870351621912
0.053383283284431295
0.0644143043206513
0.05121528108887382
0.055078061017337386
0.05659882807230551
0.012847271398116769
0.028329386108872263
0.523345409336801
0.053272500622998833
0.04337372555328991
0.06047566588249673
0.04464532472421364
0.06084336940298069
0.0601250042580539
0.04233422204390171
0.06863975651544603
0.04726467960160786
0.07894440002090014
0.04602244266694473
0.018505312037061943
0.041549925618660326
0.05401602475482805
0.019625986115192014
0.057451369230723054
0.09440308126904076
0.02300514357137339
0.04264248190910365
0.050985554152744424
0.04111340062055388
0.050287114577241575
0.059678995452231785
0.022144879198180673
0.06770792440821885
0.06027650954452617
0.03203691949449272
0.022803696681040472
0.026850600097789907
0.04965846529367005
0.33780718574967494
0.06988093883066147
0.04664071032702273
0.41114669747278765
0.0576667943967919
0.056619200257656994
0.09557241776844831
0.04154345014076455
0.03560995734355988
0.1528321402860846
0.07578804465025128
0.06029115460532038
0.06933509529898185
0.061573372853702055
0.08867670775090328
0.06185342503470942
0.02576659102531393
0.061817372530209753
0.04376498116441486
0.05395091781799619
0.047475974698502524
0.04581566081577029
0.02887401484925473
0.050229992962116804
0.05074906152072169
0.05171172546348313
0.06567764224454622
0.07284899160146624
0.06006296203100699
0.04931087438132951
0.050804507534272736
0.046316262449076814
0.06752055453687761
0.05352483218228373
0.050518862531022835
0.022180215589404577
0.044616191619671716
0.05706807579959617
0.06254970156216581
0.04902251980652902
0.054724828049974056
0.0611816188398838
0.08084793649353486
0.05156217050915464
0.05392099036945163
0.05055928444461884
0.041994289583538624
0.04722542573395365
0.038940304707243044
0.04536723452129298
0.05400982472664796
0.05464465215114506
0.036358092348545194
0.04706717022416733
0.05158144830710631
0.05732402347321579
0.1572331788399988
0.1693510556342959
0.05707228042243926
0.05711246682991146
0.03972714110906957
0.03941972519422527
0.10211397061411237
0.056503318053629306
0.03894317516433571
0.2002576991768265
0.05451664579689473
0.06402273187988601
0.0733846270846546
0.06292918475222192
0.049174611296827014
0.04446860314835572
0.06873833953742597
0.07518682583000173
0.06673935376191244
0.02735587924036496
0.05034555401871327
0.19350307263499425
0.07082466666708807
0.05604356402229895
0.03338154287941808
0.06060906294810952
0.04543997701705529
0.05486487224368174
0.07638818447489962
0.05988160511633282
0.06211408692069914
0.05766541039261389
0.046036149572693155
0.08420108038097486
0.015388968998088738
0.07027722249811344
0.051696031693246346
0.0335105940841577
0.05725240253148549
0.05305473208067944
0.04761965998139768
0.0872333115696745
0.028687419177358366
0.04968954509760496
0.17455873711139147
0.07109690017568959
0.6706817367151499
0.06711432101675553
0.060245106112477846
0.02769450912098939
0.048865019937967026
0.05277302964830562
0.06848591600059428
0.04983822926008681
0.03752213554162217
0.10934795981722031
0.04785804687586006
0.04835584440881989
0.0873221040128271
0.04116664490565165
0.05347362632469058
0.048816775953085964
0.060853292009338984
0.06594297345500381
0.07858505526534977
0.06474402956682164
0.07968149469327829
0.057159604638367625
0.04965189430986969
0.05309525944602772
0.06069409502868623
0.05339012182185841
0.04785144870063262
0.13240239658046285
0.061698683854941525
0.07150687840453052
0.01915268624855953
0.055761114882122174
0.04825499199158678
0.04923647893364
0.052021023722794865
0.05514437245153896
0.04923300312408942
0.053146416843071816
0.05199519252488219
0.02846598404955357
0.04917694999425102
0.05013718553382999
0.7765819451031383
0.07794195042312255
0.03847876582005333
0.15873042388604494
0.059451656006534175
0.05386109618961335
0.05999850722663588
0.054289051797145126
0.017807867482745002
0.05259825793238791
0.04975486899942142
0.04642792992251533
0.042623461768416485
0.06427124049399217
0.021609389715489438
0.050623506996179235
0.051262093846071645
0.05976880369025201
0.04993559370772802
0.7931197725727857
0.09230693067496366
0.0647137204202532
0.04635275443790315
0.011964002381536686
0.04591418093795823
0.05326743526529128
0.0584784039063946
0.0317250752646978
0.01471508265234412
0.053769742114324816
0.021525406559531533
0.2834441895086864
0.15654117742397008
0.030784010421100877
0.8623946909160649
0.045176907287322
0.0609534663600285
0.07015490306568602
0.04873318280294705
0.054079737873689714
0.05432817354727089
0.0343440786003153
0.046994855297478426
0.8420016233374891
0.03777063042411672
0.6678473799100055
0.8622579871122569
0.04958949776901286
0.04353159309839496
0.033026260302066617
0.10726854076519787
0.07398958278128098
0.0453036467423438
0.024720729233472374
0.9999958831660566
0.9762431610960294
0.1683454158573836
0.1705487110768628
0.6457767945581311
0.07954906332314782
0.08154043439433419
0.046666392076915905
0.051400472706510394
0.06394328213772899
0.6267643876472687
0.031125025813213955
0.07216998417635827
0.0665530585607234
0.11880433138314385
0.2774600320360973
0.10148723580118589
0.05895135678900817
0.7972700705475504
0.8725709603842453
0.07849136389653946
0.050613471008318034
0.04679774638720205
0.05457831780183863
0.8555726642522058
0.7381023715496675
0.14995693754532782
0.07220452426358609
0.08115835920627519
0.10505704940922919
0.0453055406591726
0.029169979763631667
0.08578029699474564
0.06872106443477216
0.04292959439167722
0.04763379433426343
0.034768420416332414
0.09497194500465682
0.03494499434072776
0.00449949607885863
0.05320391920363296
0.04337494484755959
0.07627169484121325
0.04576380297704923
0.07929269953170205
0.045585928254794426
0.5
0.21432768805733704
0.9955882269112661
0.5754985418160169
0.9715807652309849
0.050947431674154685
0.035968045147972715
0.04491716473660166
0.05506755419191602
0.04763530727859941
0.04388238096795152
0.047088193156218025
0.04415062243484221
0.0475063150433967
0.023911682461453906
0.160374168406239
0.01350259552901736
0.06929885987447428
0.05642074479370767
0.003118815802484136
0.014873367467500483
0.046687674608309936
0.0540687672897519
0.06310230865231174
0.0537895567505357
0.03817199901316934
0.045484638458468854
0.03972770716781101
0.06365722176631207
0.08486590239761016
0.03716529946283019
0.07322221534230382
0.0827330236591454
0.008552844050179732
0.36190972936080246
0.04735131909927929
0.5527395122141558
0.04759108789474862
0.05913465221494123
0.04999161415342027
0.06166553341843351
0.05986487615994191
0.04795274175625219
0.05620536482352938
0.05250253909530527
0.049053878571928874
0.043676250915112
0.0616944235719093
0.052544731970989834
0.03677717528122569
0.015842472901765273
0.008318836633492995
0.24788210867942534
0.15412087291609428
0.06379579521988944
0.0722546186683703
0.055183616904338796
0.18590027349595625
0.020540425491387675
0.04958649204962338
0.32829869073296286
0.6460561921464526
0.059925692131708265
0.05459168912307241
0.047734220430714076
0.03211161552786428
0.9540178710939102
0.48034439630989983
0.9755079605853656
0.9059122537006357
0.8937925438449424
0.19136695305413773
0.07600586332568335
0.00573321324890236
0.638743211601838
0.07792927161004562
0.08843656468298347
0.09051006170763806
0.0660983980511236
0.036698885241316676
0.6658791618574674
0.08323262039136069
0.9350003831566466
0.9962821675051503
0.26104480348188397
0.8310365968166263
0.0208690624665342
0.028745335416715156
0.1691258313130367
0.0665498890366693
0.9937406428433555
0.8129906742065671
0.9541918001479259
0.9545498835350135
0.8313296711595045
0.27542358521984583
0.05959039272015439
0.14898471391406015
0.0374327741242277
0.030128699824290173
0.0025034120276119275
0.3067483479914825
0.05176558299601916
0.5813460536031873
0.06670841969947668
0.07389193163847452
0.03902924013259483
0.0854492819110737
0.04317146012346666
0.061764805543346714
0.08058070728182837
0.1290771000218269
0.06457764653473054
0.04592370475597155
0.05090974486023183
0.11187895517008747
0.049736630952570124
0.0688541892907599
0.04361911256892235
0.0449139327441891
0.04232660396985977
0.058633961247022824
0.061363413173384965
0.7972288210567946
0.05507232859318017
0.04276964751119571
0.032761506595764996
0.16490344473838464
0.10301838887790202
0.12334219938221691
0.12256984296716869
0.06273816384394929
0.032430968516590254
0.06225782816671498
0.051244043003881024
0.028331477217437215
0.11904982007203267
0.03951104852424708
0.07192892018912157
0.04439122307205565
0.08171260641471977
0.07050848464041969
0.0698635763501449
0.041442567657643245
0.02515302488528241
0.052190007144299014
0.055222667295286604
0.03794977344336846
0.04090455855104708
0.03623034644829333
0.044346122028495825
0.045498622577721956
0.07673332237843623
0.0525195821160999
0.04321278262526081
0.043022609010425546
0.05474190764496401
0.05959412881245886
0.06002086181955588
0.06900102902996068
0.04625815040056565
0.04747610573533212
0.05514116100891563
0.06186221495375362
0.04161031272017673
0.05491581766561257
0.05012973179789507
0.04837671571954009
0.09673746485237947
0.06338263372734045
0.027140563579675283
0.04047308743111072
0.04250800697277138
0.035841259921870136
0.05263708534951669
0.012684297170639547
0.03985783443660069
0.02294185986325994
0.09219729575587153
0.7807154137686659
0.8081763702762171
0.9754459395201732
0.06202370024075064
0.07163125793919624
0.04664228623983066
0.04662292293019559
0.04261257022187424
0.0454168180624591
0.050797360402722966
0.039704388067758334
0.028990457810613345
0.04121112646105874
0.07036006132755587
0.048686111906662236
0.021984498866470713
0.05719450402393608
0.15755612670959795
0.12537576327640426
0.02157786588497374
0.02578198849936484
0.0622802678019338
0.02544465839722204
0.02654448456483435
0.021096973915655994
0.047268194421768044
0.050527354658580194
0.021116046260376678
0.04470014107080798
0.005784119658100305
0.04200314486053147
0.04229712257734758
0.043512706629504884
0.04145713425703301
0.44763412779966383
0.06368749364667653
0.019073910506813663
0.047175256822217265
0.03809997930693845
0.03949406802267376
0.04730008488016688
0.06382481118126485
0.08437377953858499
0.045341206190212494
0.05333096064844256
0.052699373825749275
0.06160462569329064
0.07157080373802077
0.0661943531457593
0.0941901777885965
0.024754511851000735
0.0653183864756591
0.03349615399488516
0.2687863413981876
0.03537912435190717
0.04579047665831665
0.03531498391468161
0.04832390005370366
0.0593400625639967
0.061128225238629166
0.0325248515860017
0.047862397239728655
0.03333564041230827
0.04595912105933441
0.06623415050171036
0.04524246619233702
0.030108183342258458
0.045571347954374154
0.0652200067089159
0.05322375498112109
0.04276152301010389
0.06639080580772828
0.048102657092162486
0.003306653130031462
0.029840571193287098
0.05028393414640316
0.04253604123592148
0.053526017035262205
0.0928810748259248
0.04914694191968352
0.061530338990696286
0.11471336907511494
0.008358100127886826
0.006506422675388461
0.03498285384644018
0.008649046340603785
0.046998450870865606
0.07171116106446863
0.04631993278150904
0.05175011302021206
0.047209912730281724
0.06762409736361157
0.06402859023079686
0.06120280338650539
0.052230147321187796
0.059660760348147816
0.044131092563205916
0.81971656122808
0.04775829988628083
0.0311028169981224
0.052547565135143796
0.04400682567552101
0.14377267757502718
0.08191684073172471
0.11997229598442534
0.025349377613236405
0.05421993504849205
0.053948459125980466
0.05415089354033193
0.025334338581784452
0.060071563589618376
0.05404736153482555
0.07054065598913592
0.044672865108437
0.009534910632098915
0.11323458203206697
0.04358114637820742
0.05055901894736993
0.04902682232489361
0.05711499155664601
0.02095250208186164
0.0202604545072276
0.05113645923679653
0.06095078959764718
0.05607231113503786
0.07126703478782169
0.03229744436225909
0.08361717661043377
0.0485264013620915
0.028341291520357702
0.03891173862306303
0.056882403902063866
0.10817505854010417
0.12449947826489839
0.12645780114795646
0.02831507968658691
0.12877342821174206
0.04872409596288108
0.10896739317016409
0.05613220359968336
0.06564063746838528
0.046150755479007086
0.05639495110514533
0.07325501623716137
0.035855808616817836
0.05144578454068904
0.04409461233341043
0.0658838847084251
0.11683835737766274
0.1004343112157978
0.05388166874117854
0.05757468208616468
0.02442088908508421
0.04014196563008398
0.06042608599238982
0.04414310109937853
0.054909306540080624
0.059404216320432766
0.02872067257506691
0.04311368547122277
0.05723837885411959
0.06338805190132205
0.04930404879794952
0.02621088330047238
0.04991276100314885
0.0581854322678864
0.1008729964856894
0.05015919898125499
0.054097401052911456
0.04895848099882952
0.02481953592258663
0.0355318465567641
0.04762853817843496
0.06168220995378719
0.10563717691071353
0.03966377975067847
0.043407595653807855
0.08285857667892532
0.24518746786214954
0.06717339680838445
0.044770424497937104
0.04020322676538035
0.07059651105287558
0.05935603363377782
0.0849279721329139
0.0663450125103764
0.056717944162103254
0.04133972775495671
0.056977879185312774
0.029994866594385747
0.0767253219429935
0.02930009220245871
0.05294632065744294
0.06478743442865773
0.06492304085908965
0.05423704127845242
0.0455648626531174
0.09326521363237848
0.0609990707533941
0.0654666350490827
0.2904931604082445
0.11183511664587607
0.08570685236430434
0.03434371353660867
0.08489290358980899
0.8044989723179904
0.017257497788373894
0.05063796280165779
0.31780973104190163
0.02754230746006618
0.07292404719206537
0.05581818814034009
0.4282422640316037
0.9240521428402918
0.03784501700940004
0.09910768893403872
0.04494579719225762
0.05371893573310253
0.1548655277289333
0.06975034277074604
0.2621451410879067
0.061316626210766764
0.08046650531393289
0.2788398538573815
0.0502140262332966
0.06369960340008358
0.034814345784026625
0.09424345906100287
0.027137386880263837
0.013868101468877191
0.061823274403451436
0.07106199931499947
0.026294556505216813
0.04610335355611722
0.15849063232284658
0.15788397106031707
0.06703820876962141
0.10436379504773108
0.04734476605756348
0.0649635533096246
0.04044219415675331
0.5946081184982042
0.09389339233909633
0.01976580222899974
0.12152157702152054
0.0528865253446732
0.08739998912979263
0.9504256736533215
0.08063449254051233
0.08060824691406189
0.07132958132182217
0.07014142877670959
0.05943412713107311
0.09197968494950529
0.04460425551027082
0.05654374524569308
0.030629169555345472
0.011099670228214757
0.010160809724025452
0.041760350439628544
0.011568152677579779
0.08614506640509785
0.05201783479140996
0.045132831697643525
0.06903648489889191
0.0420969635308375
0.010481422381308567
0.05398071874137461
0.051924239781311665
0.030510859362833848
0.06338739427259152
0.1121956305881819
0.6443495589592041
0.07978106729821977
0.6618354281944031
0.4785393021222491
0.6602638564578951
0.059733239271085134
0.042572704386954256
0.11568683970140149
0.08683401469441716
0.05904702064407519
0.04334529762262689
0.11124872884752239
0.9371515015397276
0.06823436275380718
0.05417483120373915
0.007383143516460385
0.02623171414848054
0.05446628195779802
0.044424831308681766
0.04171125171607889
0.019722647611325153
0.011941734204169227
0.051351979331673965
0.04035165985476681
0.045871756469487775
0.04079296617294612
0.05608034624862046
0.055869127839199964
0.04323636460926861
0.038854706956076054
0.052645642017832714
0.03993556558244274
0.055360792767071204
0.04575485699150648
0.028379407407848854
0.07975637909152977
0.06356704197652048
0.08749775087886848
0.048982022367807944
0.1962325861930901
0.025296205249476605
0.3595585713182419
0.10218220337856819
0.8881688605267231
0.07117233522585549
0.07688540965684108
0.02234695005052978
0.044866415641196
0.06892274054005562
0.026413033221801895
0.14706456443167512
0.061753026083773525
0.1426125464137623
0.054322509299224754
0.033705300433614555
0.020931079653186267
0.04713897452306055
0.0537436200763653
0.028133133396398342
0.09510421680755128
0.04852281008327666
0.07102447413894976
0.06208207499338589
0.054716204036930755
0.05204769795834074
0.05948927990657629
0.0520841490413239
0.06012158492136928
0.07775997114171185
0.0434408771637447
0.04680881164055006
0.05359696333115802
0.018462198634149683
0.06183543279663724
0.050026341206612666
0.05281367320590909
0.05264259635059326
0.05512312533963465
0.036664595161858764
0.06097695652247686
0.04933476186776435
0.05131980945159519
0.04522254937891923
0.05221932158525285
0.07908287210298581
0.08571398879100585
0.06569807120816658
0.03660547185922118
0.028091285845239303
0.06308562447866431
0.04767759698437355
0.044779733225130014
0.0403588851175186
0.03932288618380708
0.23989729345831723
0.054282895736379934
0.04840012955155932
0.2724773597617987
0.04305181511158178
0.04352513591339733
0.04795538578757231
0.05188096914522594
0.025006631806000768
0.05925543326119144
0.08713536691351217
0.04728290388916635
0.043251708368128125
0.05372397129945707
0.04862475997397665
0.06031895976378725
0.04474801905286818
0.05529364471436575
0.06089645252775936
0.06467358801229911
0.05035001390861968
0.029904790598741026
0.05072198851134554
0.040658510675643716
0.06070339003106417
0.04905415850168073
0.09318207454551967
0.2623612141011479
0.04170043912611793
0.043566197558820574
0.053226296177316154
0.044946871058605904
0.06639296280571566
0.060473997528668846
0.07200179295183956
0.05740962463328371
0.054514718789277126
0.06478933409242353
0.05350526150528701
0.08483533028372374
0.02834937433522858
0.05881092293275527
0.061311067161971544
0.3360103747226114
0.08662550336092203
0.02770943034368467
0.07371741919561606
0.046328773595991656
0.04448612699238538
0.01761781735709842
0.04640060944041204
0.04784104014617771
0.03905265853752574
0.05660958656123
0.04089072200404726
0.05268249490706459
0.05668996918027054
0.053158401291927886
0.043861733902950284
0.06004251971445433
0.05797518042933598
0.03673816521534689
0.07741593159419073
0.08107398734487099
0.7202441255809346
0.059089489133778456
0.041124376377203446
0.06195345653169628
0.04936988907676421
0.10057135845904422
0.08872726684473087
0.054958620926194676
0.05014621814707618
0.050928217517400745
0.04314853287055284
0.2751026245384842
0.060988846861070437
0.046551837224845086
0.06613802991379691
0.07617616252218143
0.0661053422117851
0.051806194442251506
0.05192017533978453
0.047089613573131454
0.023042475028400882
0.04672583025817542
0.039221325211702705
0.07146838575422602
0.055401727421400905
0.05550940126402566
0.05322615684189845
0.10068807031952787
0.06592433145872857
0.060995764100947474
0.06055840351666896
0.06318049033921379
0.050865883440821415
0.03003304075690313
0.18424261753592502
0.0619823172389682
0.0625704684817646
0.08563576976869174
0.05176458239409963
0.06814583438387568
0.04919856184957223
0.12156882994111531
0.06962988649970021
0.08464367807756026
0.045343090685426246
0.06738331275523991
0.0632878647627852
0.04589643899082519
0.032034117789173186
0.06965256630339955
0.13367430049697962
0.05598403068776072
0.04926376208273536
0.06123734880724184
0.062111164288074595
0.0446849491383916
0.05861765113288642
0.08155126972800608
0.0714637397218289
0.030740169130698828
0.054808404647768656
0.06163589800729154
0.05237737250275047
0.06331921042471512
0.027124482495496097
0.05814792868427465
0.18077124417249993
0.04356435114288736
0.06017948779298923
0.05216566687291127
0.14492365073486843
0.026257993136481014
0.05619998610016388
0.03712251075150807
0.041691102976442226
0.057896870237419386
0.061896078989504506
0.26284689032439035
0.1495269775419792
0.0633351419480786
0.04822319708315117
0.03051889197550633
0.04972577447603026
0.02422414492719702
0.05771306165208189
0.029794534690132882
0.05748002974087695
0.05148594444935906
0.9851660746773303
0.8252771416773845
0.8105321773800149
0.4212995612796074
0.09918326956343083
0.9654195651926726
0.11697136491556091
0.10007079729939483
0.9999980786023949
0.0807983483163328
0.06672062434540213
0.739258860766081
0.09816003104823948
0.0495828779013676
0.03982377730530245
0.008166429879137219
0.11735706428565595
0.06434679260825711
0.04385023503206685
0.11130839145294472
0.030892027968795973
0.02132448743195492
0.06294718128720206
0.040389295000784795
0.04513165155903507
0.06504105822804947
0.004876493112301489
0.0656473559446991
0.05691700546587755
0.08854972549206556
0.029621580752956414
0.05908693264682819
0.049619339937787096
0.05498862052379262
0.06195038460965926
0.03939226110380544
0.03553064192645526
0.03431039125747054
0.10798709707333139
0.06278652808366367
0.06473504325927311
0.06560528671107053
0.04652087881189314
0.05007778633102967
0.05714127735619413
0.044612791409129555
0.06290764634819868
0.048707753779929384
0.03963580179413835
0.04388375941485675
0.05583427469589083
0.11687022587576125
0.038730085471821274
0.056344392742184064
0.043672901697040155
0.04419878677408935
0.05177522674883379
0.04299237340946088
0.02582497370523609
0.6586816232529357
0.0665455774895434
0.03803873782455981
0.107709199435006
0.09818342723665649
0.15969830270820023
0.05331204763637
0.08851056048951726
0.04779284093809359
0.051674858456933204
0.03227352831502026
0.034318981648521193
0.619204507022593
0.10919219377963296
0.18049037442387814
0.03318017941172897
0.043411394860819845
0.07631111476671648
0.046968227720495075
0.05064913774864314
0.05478752841607708
0.04899369605585392
0.0452237890879331
0.03956662484784609
0.0443517401019845
0.015878904258210112
0.042995479139080715
0.036846136588943576
0.03566715533366553
0.04543795352354029
0.009289588944333115
0.05578314967825397
0.023362185973776525
0.05562115955885112
0.051933950532182124
0.0479498717726738
0.13417826225245605
0.09232574965281948
0.06348687154926612
0.28826314913722273
0.996295932125986
0.9418880381241415
0.34520334669025315
0.0490587430594937
0.06189147249939624
0.07328983989675672
0.020408603479695746
0.05752739548494225
0.05087800172197476
0.052410157779383584
0.08230839540414449
0.0808859212279867
0.053078984565187295
0.042029249292822306
0.056706002569999796
0.056965064176088896
0.059618176999886134
0.05522077802901333
0.06865885204746862
0.052998148290330734
0.04677955912782365
0.14552054718184088
0.05133971077400038
0.12036781349464326
0.05782226403475213
0.1226829055704999
0.04524223794923642
0.06107358760699423
0.053957534233284275
0.7731226646917061
0.060552995160269615
0.05805437758635356
0.03130305800084099
0.12545025542874153
0.08342494333565391
0.03078426016949786
0.03624471880319769
0.04452215946159028
0.03506234921755716
0.07074706663372397
0.05979001657399322
0.049854208964448116
0.04934364286247421
0.8461537840190795
0.04861614666661935
0.03342880603970652
0.04844569892966456
0.16443756802475828
0.04490466007057166
0.1410291833620982
0.047049721091108394
0.04036154087528497
0.03464023167163219
0.04989353344547694
0.05294514671544433
0.044154614559366305
0.042107093633577355
0.050512661892459926
0.038882319033382136
0.05474869905858897
0.043769023660695364
0.061679683710621845
0.06320017882499587
0.04996744887140776
0.06144460315596963
0.0456196422385446
0.022692444106608044
0.03732572617125019
0.05615439611864773
0.06831567491478595
0.042529457388932754
0.050632977241982825
0.940904555718753
0.050484115669720185
0.046871771981027245
0.04448846241813394
0.12538180693879736
0.059499376756711235
0.05354368472855351
0.04454994872348778
0.045098278908033425
0.03847699230803956
0.07306885894235815
0.05385567727614552
0.06168827490975349
0.03523460156158071
0.09380727775677196
0.0474962183036591
0.052360648285337257
0.05258008840364372
0.04385284425630551
0.05164765072640242
0.04571616700971968
0.061251324194493084
0.022302238167911864
0.04819179547848858
0.0536312620995737
0.0526468520160312
0.046423737712796356
0.02976663492691059
0.04400271985095574
0.061253127312612884
0.04490783615682149
0.040319420392086164
0.03331916694438253
0.05261897386192866
0.051273517988751065
0.049292041302674644
0.15084108607840693
0.036916185292276096
0.030264938435771705
0.03175148330486119
0.051077979792374155
0.08319863975435808
0.10349412469959438
0.03338581026735691
0.08447453276925963
0.9966549817732747
0.28604448610887345
0.05695741165570676
0.49434145426816395
0.06410806594668811
0.06067764858742572
0.030363408417907446
0.05159477025000436
0.10485835597852193
0.08137403804184105
0.05275959672089033
0.05706739777956553
0.010804413341656096
0.04992028178303933
0.04417401659682268
0.03130503416950214
0.031246227342245247
0.10177199204274995
0.045409237690560385
0.06037097992228359
0.06274807126641391
0.08610461446356063
0.05790549056187592
0.11695040434990409
0.06131298958953303
0.040865799755653465
0.026422888654163156
0.04839578432328367
0.06786739375590724
0.0272501133891018
0.10704690809658561
0.00022859534737566616
0.03707122728542742
0.06292496227791414
0.048272800988240945
0.0423470096151255
0.07679916379969079
0.04359641967767008
0.08291894963225974
0.041225623694033285
0.06832092165927196
0.09129323556054537
0.04730149858122796
0.03569219563256572
0.06076181456790939
0.0883316910568039
0.034885315847898286
0.06079332343756587
0.06103297675010786
0.058745112386469796
0.063727293097949
0.06191573031330099
0.05317381132756199
0.06083251508134521
0.03989149972180281
0.041637482308489425
0.05932677369034161
0.05684466978086567
0.04240945929419103
0.051071964196718556
0.0508139470809336
0.057130468129764585
0.058680586269030534
0.03876706241144909
0.05017952294663971
0.07684102150230136
0.049909769347005195
0.0559283896985567
0.0796581413638996
0.05811914604770167
0.05479762280152406
0.02744043180937586
0.041363727253131
0.0796589291163276
0.07679958342547256
0.05283305505779447
0.05839226671865429
0.060263682426651
0.04600571803460065
0.05164320135435735
0.054359927867448456
0.049229208234928566
0.02128709179878898
0.07687578281831396
0.04756960118885158
0.09847798307723411
0.08404887710755356
0.05626859184841009
0.049969184694354456
0.08945258854862295
0.059460744194676986
0.05598116041362189
0.09197698401733742
0.05235181302397326
0.09198928459276623
0.0657154571223283
0.05913486712584465
0.05342388687649382
0.06022002194103532
0.07544386615098353
0.04538032206162924
0.07927837892777506
0.07354892639797754
0.03975576249860674
0.05078276260366952
0.09126474674203226
0.15833676544364492
0.343654059778602
0.01160469424181913
0.08104746486571777
0.05862335734744802
0.05968291465228848
0.030585001422734105
0.0710564170958683
0.0603808851633161
0.03808600192844923
0.05605801086783794
0.02944428385927127
0.06402709436815819
0.04642475738285384
0.06116570412774676
0.09977673881206164
0.021276312832492435
0.06780481001595742
0.050264257919852624
0.053043684301132384
0.060303732476294294
0.08265356402972839
0.07932971161499262
0.043512528534176705
0.044875473562113743
0.045043104131915555
0.04977488256624056
0.057082934999414574
0.05402090692703011
0.05898106148283088
0.05020759142982195
0.05425593580475223
0.05026657977426727
0.05612337824729542
0.04677090158409487
0.9394385158266768
0.0665964658948492
0.04229291801765965
0.04604791693597994
0.25475162173845656
0.07260326110989522
0.14298373224265792
0.04092264591071976
0.06370805079105843
0.06929212405188633
0.03605599647425719
0.19191021644627018
0.0725263367066944
0.02826035177645788
0.06989973168564372
0.11349990518015851
0.01425080809934586
0.04567604433994059
0.0587892834178212
0.06544276503551148
0.07290255030602992
0.036388396755325424
0.06334566709674806
0.08554030681216365
0.057807122605530434
0.04761910850709881
0.052949450685190094
0.052554777532677996
0.06063221916217501
0.23055166506854863
0.1350173116897202
0.04471177438083226
0.0658087713706921
0.060170985422682045
0.09801750115917957
0.04489163396962257
0.06119254565305775
0.08646897506213035
0.03676684193148911
0.07203732247481358
0.07322699841102576
0.020834399035882523
0.06151769928118222
0.05089295359002148
0.15420430952399064
0.0610423981850272
0.046403771111295754
0.05602687809013035
0.05775511704601475
0.05971225743524347
0.05224211639907655
0.06049344920291925
0.01991373550908304
0.01731399309766959
0.050002632473989526
0.06141659633660695
0.05693316284737536
0.02477640490035949
0.04347540969246344
0.03617457942484946
0.04203767268626494
0.07043586487464121
0.699341939763977
0.07470175844705411
0.05250773077442003
0.07772940031000965
0.05860232866074013
0.05539089460998839
0.05339486918340832
0.0214011930318097
0.06137272595948446
0.05152960986834027
0.050043857847260426
0.028031746555900287
0.040484777898819505
0.05241733097317855
0.05035343761434934
0.04566098849556226
0.05000002332385078
0.05567483194572805
0.05433867421772494
0.05533379409585096
0.04586251241238911
0.05967107336687235
0.07678012748502004
0.051113424712765955
0.04374396223706441
0.1124426659225029
0.03964160397805713
0.04614835805380042
0.04196352272833351
0.06361949819691821
0.04763560644433274
0.06042204483783134
0.021604644337044468
0.05147557000771415
0.048973212748489585
0.04444112042391656
0.030033647899760357
0.06600973806174196
0.12422947539467308
0.10718115787540682
0.08063714086368405
0.06617009159375437
0.044112360020565365
0.038309482294271294
0.08688849697030669
0.015047618368339307
0.0420514284109485
0.012621488048341864
0.08511401560269044
0.028154954630710372
0.10735962349556656
0.060460330829981535
0.057920964227578274
0.029989740134138868
0.04853648891304888
0.05483199550544404
0.03659903441456126
0.05184142655378094
0.05095652176448602
0.03958289285708075
0.07652114808581588
0.027445428722594867
0.046909666498358746
0.0559452061892367
0.04630854013189944
0.04827710113446697
0.05808367808332115
0.059631945171988505
0.06800358734549551
0.04709558325154311
0.06985410896919703
0.04123490475166633
0.06005024054514366
0.06183057204309383
0.09921826656330124
0.0830489969432264
0.025950766870160395
0.06974428193633746
0.07725325724007509
0.1531481262000677
0.056484395814983164
0.0849161195784344
0.0466937521418985
0.07392463264120035
0.05685241377002006
0.09680848133607148
0.10052408388512066
0.054311962178282124
0.03646024560421528
0.07875476695898465
0.2216663435824731
0.06506296156375442
0.060154495017238234
0.03432607032067716
0.06067033327542542
0.06109584870432002
0.06499863891069337
0.05793343148302539
0.05218559989334451
0.04230217695221781
0.05064797284337916
0.061255362009562955
0.054385456775909044
0.05098688143208888
0.01743198813829024
0.05917812888825394
0.06101919916738659
0.11368359006426275
0.052731182106785984
0.03518200368539958
0.056084814140736156
0.05739623134904959
0.053919116058401335
0.05789616829712285
0.046930736094095246
0.21761331672515694
0.06660938173733108
0.04444405140842915
0.05197653958720853
0.09488348820927943
0.04399092914533283
0.08407489073250905
0.02686243813424588
0.042880953210987144
0.05664310410937909
0.06516567347539011
0.01973596322891232
0.052492885860099855
0.047674933759207797
0.03524142982266486
0.03169838215297117
0.050251754841775825
0.04648965093873259
0.04416148968197874
0.03783013841149616
0.043127633220468614
0.03548659465752019
0.04775982202258969
0.037416498262228405
0.06268498219761952
0.0500633005118346
0.05524457777598842
0.05329344681356693
0.04901058246647743
0.04924279141551515
0.05695137013870748
0.30600988624472736
0.07734039162150026
0.07466717409762282
0.15529931165789232
0.127116240088777
0.04783192597632516
0.051579686771217485
0.10208576560517982
0.037520975831323626
0.03517101958150633
0.0315026647822612
0.22074294062427452
0.036306626851008855
0.041551385664084534
0.06047297388967994
0.04870465292216473
0.05244874522469439
0.03148536076278848
0.05642724620043596
0.06459947908433916
0.06272845494192136
0.011270552033603774
0.29532934192996235
0.05297938084716799
0.08759568279754411
0.05316742935869617
0.04873446188087696
0.03443167917895997
0.016929619847532554
0.13957186718960568
0.019995631486613662
0.05696599601852078
0.1413926752544471
0.06047560416539559
0.20241264082221377
0.06805650217208663
0.02319073581373344
0.06156936637328125
0.037375016485940486
0.0666392252919346
0.05055501499203942
0.05135901837242589
0.05847976591264888
0.04070830085268285
0.05619691328253741
0.050776163709150425
0.10945139790221338
0.060541775158064394
0.06274389482703185
0.039879691825323575
0.047050631704630586
0.0465196280956591
0.04804082920401448
0.03639936456466324
0.04279648143408076
0.010984461565227454
0.03791884374605046
0.2598465652000824
0.045752158516825236
0.46315342008044075
0.13932492667142843
0.45535017569379965
0.14765339844119058
0.04353201997006123
0.08235852557896636
0.03229991032658929
0.04817423326771062
0.02624307870784126
0.07074787897067122
0.05412639490493389
0.05522042456849259
0.05521837632213036
0.042720964419264124
0.05349680802833849
0.022291044856399638
0.20680828834162474
0.04661313169621508
0.06187761181087304
0.07667140104210683
0.09847785773366842
0.047854161523204486
0.038485722421198
0.024778999710906052
0.04609938964180774
0.056851796883523834
0.048257356510531604
0.047304277255375095
0.02861987152710294
0.060687261203286574
0.053600887954658706
0.04327225305688805
0.03203164266613519
0.0466241411892958
0.021402596167672802
0.0474031004117384
0.016365848232435472
0.062176946361545984
0.07484361090169733
0.05415136002329348
0.04829115825477989
0.060200011728594835
0.0776559981397941
0.05792765780654829
0.08524860052642144
0.03728879508072716
0.3779257522376741
0.1837513191319209
0.05396315926554543
0.03500777295558606
0.01512410176593206
0.012574671182589318
0.79628466469131
0.07447343536785858
0.0725646434802745
0.02189473561412573
0.01155993237134573
0.028526715454432028
0.05600647680653694
0.049369189747729886
0.05498689611255025
0.03396736901332985
0.028814126536532012
0.09554503043679119
0.09777345790803316
0.023754080616885814
0.009639023357209278
0.07011048466320613
0.056046479787379366
0.11060836529184259
0.11951539984211466
0.037287309564742216
0.9628304078592782
0.0485671080234905
0.06826675242977759
0.03676232212637875
0.048261342925000734
0.08964587572093446
0.08806645695104255
0.024283478879863814
0.05309958220862637
0.013506900726646242
0.04961938300546252
0.017853207562236247
0.0621027731590255
0.09004585861417784
0.01884358654624267
0.05797093874051658
0.028744075145182183
0.0533125873468214
0.03635980206732221
0.0252488859205622
0.06223021115952632
0.022312302775691864
0.06106033857278536
0.028535590956247213
0.017338819203582857
0.04790491913592215
0.04282048430159419
0.01688467317967721
0.05225818319135164
0.0648716512927561
0.05967070547947291
0.0792690057261423
0.2281397878470694
0.05364773238343444
0.06488433401473435
0.04704373010580448
0.03553069381258105
0.04888238529070826
0.047585350498149444
0.0492741517558938
0.059729545325851875
0.053041532890335065
0.02716119938261804
0.05385122336602466
0.045638579185108684
0.019339130505961706
0.06481702524380464
0.05851475463483336
0.05092828030466227
0.021458276664815045
0.019104107408068977
0.07312415902661507
0.03738666500666521
0.03178035324912739
0.04091388947879747
0.06028158234607162
0.05992413709025254
0.03866925780166994
0.08631213657339747
0.047406981442587814
0.09050956995394792
0.046579009998264295
0.040107106576278216
0.02591952305139807
0.02358880495067686
0.04357808982316278
0.03338388407105119
0.0442073801323672
0.05646341601531979
0.020209910810985672
0.059754944148842415
0.06882636751891479
0.08890825771388919
0.059909588097408616
0.04767231916746606
0.055444881801872535
0.032174081850276814
0.056673104370305726
0.05014547260862602
0.06192416060579892
0.07526766174953414
0.04251517668608883
0.047818269170785424
0.03863682801560158
0.011501021264039495
0.054857962065028985
0.01501392724279119
0.0549666267336452
0.04693368509288179
0.042814859848278576
0.03441310827898895
0.06409693775097274
0.06443525278819505
0.05436187429051245
0.024521525811151683
0.06465876464069996
0.04794174344184926
0.7080936178666207
0.14928579363860978
0.12581422659730965
0.037521634147243486
0.05330103880326235
0.05944392111374661
0.037282071203350184
0.06751576710592211
0.03707863319303475
0.06156303851984033
0.03940427077356669
0.1408010074169526
0.056736845316196674
0.051183618747719116
0.02376069090756711
0.053485181601483786
0.03961728792978572
0.07267686215077195
0.043138581970853164
0.027604836442144374
0.06111406365658758
0.09377826124932663
0.06771366530990192
0.09730338494865522
0.0269542571455882
0.027881028155083646
0.03095390181203011
0.02472895198856668
0.06353352619281502
0.044914551820684094
0.04984431150073392
0.059899810811498845
0.05652343355618956
0.338639288543699
0.053881125938508814
0.16626893111141913
0.4339853306992162
0.045867969995579155
0.09641207231677648
0.05825037940549632
0.01783929333124655
0.045523347236664694
0.035469786672378094
0.0732682263799089
0.039828613100948394
0.06116595053048932
0.04986476693529971
0.044211975375919164
0.06145346134021169
0.05493238946540296
0.034417385854194786
0.04612156618183775
0.050610443487422004
0.034703360163348726
0.12346948134094392
0.0386516746869466
0.06047531738613508
0.026627592408837077
0.02615419531581115
0.08621903789758974
0.031350842371901874
0.0356809147235313
0.04804787514100227
0.40070209478038865
0.052752440739129665
0.8616544040849422
0.04914268793351078
0.05826087740685654
0.06330848208925455
0.04276234929233149
0.019113281046533124
0.05470275667439676
0.030808670482391585
0.03823128023099738
0.06402739069530414
0.05004429851396849
0.06719917739987691
0.06996443084676132
0.10500984315558352
0.06553027105161763
0.09824089032496129
0.38760718945592143
0.053313500371491615
0.0453890514683513
0.05168160265649805
0.059446230783144934
0.03298774333365108
0.059802110912652626
0.03104584520964678
0.04804671071530663
0.062057925573219215
0.04238143431658862
0.031147263032800153
0.04538090815908229
0.06189188223616178
0.07561774445212414
0.050593755108342804
0.18295152438586415
0.05745114952714448
0.06882670140713636
0.14599258509881186
0.06341164477229308
0.045352820709591554
0.05385119004867261
0.04685780318311403
0.051127060169281036
0.1932829404047066
0.051417361289705726
0.03946226449531766
0.016049321323211862
0.03969229593402792
0.010427212536828366
0.05351037768042726
0.10639763722716702
0.08139065211973996
0.07308341685070074
0.4325237316974273
0.07405621786399733
0.07856056218963615
0.06302762206040552
0.006677390899276149
0.7711217676825664
0.07812324316183922
0.05849088826267807
0.06285827496230006
0.04978715415780014
0.03175672643928824
0.07280853716406178
0.09607354377995461
0.05171718221658667
0.19580429827432938
0.05374949758281911
0.14437747898645079
0.5283184011599059
0.10057118468213855
0.1700138873244296
0.04728711049704254
0.03636074284656787
0.13399024409042848
0.05984493174908
0.024465931570647814
0.031000795897603364
0.03918141472041654
0.15966272845910948
0.061563598364195
0.08121337930360398
0.054473886156149134
0.0564502637283751
0.04786137185617035
0.05125679552003808
0.05360031892439747
0.07200074955945848
0.062332678474409174
0.04746737469885487
0.03981415350353568
0.041810952723356436
0.05489083117588788
0.05194487410200725
0.04276514688738055
0.3804131267215166
0.4329329718070916
0.12675113938158905
0.006210159587422085
