0.01810676455977441
0.008616027709787812
0.010527274242742782
0.016461192351123612
0.018402712541692623
0.01868742345303501
0.023541267421523845
0.021880526389969884
0.030351704865905587
0.011203098684642435
0.03430589169817821
0.034335952416172454
0.0343001060094328
0.03428429082751573
0.025949612420700822
0.023509446456725962
0.01651871454019639
0.022072783625871274
0.018573546439353328
0.014768213852901047
0.008195520232919178
0.0081998774961713
0.033005294449072596
0.008976655817048124
0.026030720700375064
0.031239935402911104
0.033869775714843287
0.034322189333337354
0.05185751848007502
0.034270307578179726
0.00895354837425175
0.19158087635745033
0.02253778693359009
0.03431513441333618
0.034288989505861775
0.00788160871867057
0.028376269089884828
0.034316612828452116
0.11877153298054315
0.16709507760322792
0.034331565037625744
0.005394536193769137
0.01203544086952556
0.020209266170825177
0.034275399459552575
0.03429993540434291
0.034268368034567794
0.005938669295489888
0.01317287417998124
0.007766984484460488
0.034295723947097824
0.034301347162383526
0.02019250747932276
0.9159842516070016
0.943733817541247
0.9437014369068012
0.9437665775952405
0.006498549365372697
0.03380106124738284
0.016602283474304338
0.03186496519157871
0.007208633297286863
0.011324363779459915
0.034300751375600645
0.01011595343325106
0.9437501866954949
0.9436643679606241
0.9437369131828665
0.03426868111182517
0.033690400694875625
0.041470349021866436
0.02755425164389207
0.015051529575046631
0.03424648685519874
0.009652440207207123
0.8338320619111774
0.9436891214899956
0.9385517701781999
0.943660938279222
0.6481536657266863
0.0343021042861489
0.011630786274936904
0.10087427090040843
0.018968736665211355
0.011357166524015007
0.009839877358013943
0.9437071957251777
0.8913747388126467
0.9460398913492983
0.9437760347095554
0.019846680565626922
0.9672383929613348
0.9437268413417248
0.9436954339286506
0.9348938176668362
0.03429217225922805
0.03433343610827082
0.016933778437202285
0.01095671352920884
0.9963593658170916
0.03392628756416256
0.03429460645535067
0.03422869950343647
0.005878614895531916
0.034271378266205715
0.03876935147965961
0.017986749602095245
0.027824194946096913
0.020299953637421934
0.015288658454529796
0.034275269217409275
0.03428448122667065
0.009560155295427015
0.005394137726499751
0.03431368051249995
0.03665553119587579
0.03431980803810332
0.025314142823552606
0.006333423133776077
0.1863850500519011
0.029866369048798986
0.0044905061124236745
0.014373384715955137
0.03425987268565525
0.005317957750650951
0.0183260398760194
0.008744399316497129
0.025987619969915932
0.0508163528282163
0.034318195095006034
0.02043578351941057
0.0342888845380169
0.030969570696095315
0.008436983732771821
0.009230760039680532
0.006414048146141983
0.012059190797034606
0.03392241548896035
0.03430348906509789
0.034293928966706834
0.023494613045949266
0.03351726847378753
0.026080091907182835
0.03425106447819324
0.01806263750154964
0.009043358376795166
0.006473295096141676
0.026834219855204348
0.009647744845900558
0.013428366641476305
0.03299562572417467
0.0501397955972024
0.026327048017816816
0.034240073893909595
0.008825891024484245
0.02004990067980896
0.03428271080226285
0.029212580500359717
0.034251504412770535
0.034324599305669806
0.02216057728952273
0.03425554911252859
0.008436542166357537
0.04102168110527684
0.03283719997904226
0.02457370237861874
0.005320302169195187
0.03429895618438524
0.034284470312532365
0.004296988085649622
0.03432698018932465
0.026826979847877394
0.018254940567459355
0.008303031874133303
0.03719946233167897
0.03429395711810623
0.00836991602145687
0.02899372073086169
0.02514471077937396
0.0342423885080801
0.010476289503435989
0.019570552702039997
0.03429311333907624
0.2557445600959386
0.03431400510638879
0.16657364967612656
0.005609366544352501
0.014527566920910506
0.006979080809146171
0.008794808139555138
0.03429652945755737
0.014227439417416481
0.010059955985496036
0.002247744847494934
0.010461367381622339
0.013474318703007538
0.007930559376876832
0.007033545144632364
0.010765338419982052
0.013211719669967113
0.009407769281977757
0.01656774883961724
0.029698699535767367
0.030841112992783953
0.008987392553646247
0.016272599720509835
0.019933666919929493
0.03425868898082274
0.03425297110342184
0.024779277915962676
0.034290331797151054
0.7710470740531593
0.989014348941422
0.01027609159482373
0.0343236604182568
0.008211194583945274
0.014603141789924546
0.03271970986995667
0.006513325665663693
0.014660722949282163
0.03430818039359247
0.034268468760783384
0.03426613846334176
0.022572990381386025
0.0028157366638760593
0.02414961441762949
0.006468242880256816
0.02348799350775267
0.03428915526798486
0.01082576178392173
0.02887357649047603
0.004345898527687389
0.034302166407319395
0.034273134202264514
0.022482374052499372
0.2988797557954113
0.021234070024300927
0.03381608187081367
0.018169254669294217
0.034295264767814686
0.03432282398455708
0.0047354686223486505
0.02305374191588961
0.06477289187970907
0.022805338756900356
0.03425369571669833
0.021631781232883292
0.03426598760271593
0.023681361596098346
0.016258513264039202
0.006730687448013627
0.04802215106489265
0.03430664574138839
0.03425087901388913
0.034277992304914615
0.03429814229132064
0.034254861049367154
0.01992311763147158
0.034291024971282696
0.031594330049003694
0.009352861999087548
0.03100003497769495
0.4916659575416683
0.0342959603257064
0.03426491219429785
0.026112994497359238
0.007883304338146446
0.010092689638576036
0.9437270201888253
0.022912143300603236
0.03430274888075675
0.0343065984481935
0.9943430324016059
0.1787812906586595
0.034290013818472444
0.02584806899372089
0.034300362044662455
0.02226587432974718
0.02225932099852805
0.01787063995674793
0.034292115290525865
0.02089622410289916
0.009433516973145215
0.00958242084513191
0.003606593553346616
0.010577392836303746
0.031829450977276255
0.007461355975573847
0.07168292045483575
0.023178691083179992
0.012632082330783669
0.024045180558647152
0.02062124164635003
0.004120619846362229
0.014868272750605533
0.03739398154112087
0.03431730841503483
0.03429462428699062
0.01694108275848573
0.009999421026517645
0.034281350985208334
0.03430602586832387
0.034309309828688656
0.01656152468251768
0.034294956764547094
0.015080628243060404
0.02954240847460114
0.03429449594086966
0.03431214705752058
0.04725533072975819
0.034276940122330804
0.018502967440037606
0.0343430622997156
0.033404627307557215
0.034288397292795744
0.033044181675534995
0.018221808917682575
0.014833087114905231
0.03429148166943279
0.255062970278199
0.03425851916403189
0.016635081100294512
0.034324872389398256
0.034291126629676115
0.0342595295485675
0.008960671760959004
0.010447026856076269
0.03432412090617236
0.02147162612238566
0.06410051356179101
0.11491630946265584
0.06886742019019611
0.02488961355716916
0.06596840307182536
0.4276898253032966
0.0481508478448357
0.018869359933327598
0.8139120626267283
0.06497167633115974
0.02592033471772785
0.035251597762583846
0.007967598486625286
0.0921239549319336
0.032235287581037234
0.022873607213582493
0.0445325546278494
0.03797126643938512
0.03077785891145385
0.017466750049550495
0.08099916956993673
0.039379434591290355
0.1125703754517404
0.00762153623842263
0.035912583713119985
0.04821306480412537
0.003863475723718061
0.013056752477958055
0.019898844103168407
0.03056022236754805
0.008403503268435836
0.012157054593702548
0.03608728592687815
0.05778798661165851
0.04001581480095563
0.18859368785580916
0.03889683362976422
0.015311841090849272
0.009714984654174388
0.006038765899723772
0.026621058829307584
0.018704609535707763
0.015856587796885285
0.02064313994389947
0.011648581800175653
0.03711623421857314
0.2819972634833541
0.009752656795560567
0.03959958848984082
0.40746634067848286
0.758962373498989
0.031248177688849268
0.02639380392824862
0.022919348574281014
0.009305467468499204
0.02709235525965872
0.040086846361330405
0.03516534642280569
0.03357003871800315
0.008044753756864186
0.020875592038915113
0.009230803423179118
0.01736541475297833
0.011735413781372609
0.016442259304137348
0.05670307927848055
0.26673003486722147
0.9172231456723392
0.021746207083998378
0.07563436171471748
0.03534318486894595
0.014486771961381217
0.04752907547093578
0.049070788541732545
0.068364354080592
0.06131004599374456
0.05316934961856522
0.35390032559191636
0.01225183357600703
0.02002129378085849
0.15483664855811455
0.04762482659400944
0.009962795001409697
0.08529695723103484
0.05092305988437527
0.006287802709288703
0.009602205011629563
0.02777220202498087
0.005114921109159933
0.054874141925008786
0.010001175099033453
0.010437800123642399
0.006937319537286747
0.053137263391222114
0.015101866195350836
0.6927859499002268
0.0841956918452563
0.0585404306565869
0.02856312492453063
0.04174545780411243
0.037129851922812936
0.02292161015206314
0.02576638379651908
0.14712901058429015
0.059764510256924405
0.05875264667565851
0.04018569243555953
0.03136748844274349
0.05626823976818322
0.026379937220496388
0.04042440012622326
0.02747417506073728
0.2586025061563395
0.01827227537031675
0.07013456712815529
0.044144210060954356
0.015267054026135644
0.12188768907261076
0.006460090700417502
0.06189060111225197
0.03678167893832158
0.03678848320808856
0.014598003566041351
0.0074483183211358755
0.5693953473760184
0.25869085408920245
0.0030760849108650927
0.008778642335112758
0.012213971007171169
0.018069759144700492
0.01766901957265459
0.010747907301740786
0.015583403142698517
0.05997161591545624
0.00473578003837315
0.016669496280384416
0.22313006366779123
0.011154835724621056
0.022181695129637902
0.2543321917863564
0.1573409323973079
0.011043642819524847
0.009515520336429004
0.024050595940681728
0.04235095215228357
0.018360461539612252
0.018030337132852643
0.006710633428119672
0.021425773194097834
0.02572177995352834
0.01603551526629544
0.014998812477608479
0.019235698664051212
0.01455225139015498
0.7748779872095302
0.012496484384959676
0.05254202169355885
0.15241125484423512
0.022021607987612227
0.025109022077040636
0.09165996343453602
0.00916885866326049
0.05497104984079714
0.016186183539308254
0.015482403431976542
0.006261847157338955
0.03235232052038938
0.0365562900508903
0.0714901940911139
0.1503514242265018
0.03714510823449308
0.014238878614701283
0.14012868196561387
0.010658602443547237
0.032527343804314664
0.2158322378924933
0.04427424681668833
0.02268787330627864
0.027270685709025414
0.029424107871920235
0.028044721657032732
0.027512316268234888
0.01054827889687075
0.022065666699751137
0.007272938634452242
0.01385524495220609
0.014633174321193768
0.023147173903235528
0.023045406114937203
0.02094735780349964
0.020000888227819872
0.08044376707497153
0.3179108636515976
0.012949620678095564
0.02917862140097444
0.048248113339036
0.020258501297736944
0.012725768273289171
0.0705592969226804
0.03664696799386676
0.05370186692192346
0.1977789006497876
0.09486472849740366
0.2364656501497127
0.0854605947725479
0.42041883920078493
0.05875259460291469
0.05098396511862328
0.2907372930531445
0.061575251521447015
0.11383286921720195
0.25290474799800244
0.02705446856826958
0.008807212802811647
0.169207171190319
0.005920179039166634
0.016104128905704684
0.01538741977674342
0.006608706950237073
0.44015019670994776
0.02633114316408223
0.015532970652651194
0.019180705499144666
0.06031749937086201
0.046742608246064445
0.005962262680815772
0.043936033994039454
0.01342927035307254
0.04751806828943372
0.18598596604708223
0.2300491644828772
0.031412467658211894
0.08743500269985877
0.007265243595418089
0.006262392736388755
0.034818590249785
0.010591025953098574
0.02015367733641467
0.09999649870555308
0.04612863986430627
0.0595141130042287
0.008060877426549767
0.13060310340190465
0.04433718263989555
0.03039247968969436
0.1856036532749745
0.03622240053712144
0.008409892626770296
0.010077817340244467
0.03977163631221603
0.021392560131470763
0.01314379894375605
0.04100177713558273
0.014016853970446063
0.12697431461509082
0.01975302049483321
0.037115471352056034
0.06391009786909638
0.06297499686840137
0.5726828869777753
0.9050698763560889
0.017500919846705366
0.04396804624933844
0.031453084645851996
0.024766566826207415
0.06319198971145816
0.07660075984703386
0.0365047236629287
0.02948966479687778
0.016269235457765818
0.018928321920430403
0.0357328603136972
0.006513969415887677
0.011284626000167067
0.015139079422674522
0.011932945932309313
0.4673600804130133
0.015820675024111223
0.016616612600253808
0.03750243482032989
0.008802134723036958
0.019169614725248477
0.015872713409265844
0.005588968013229335
0.0400260892358539
0.0060125054763387475
0.04752859818337195
0.009952808847972951
0.011311653440313455
0.015869895884018412
0.0374057148942076
0.1272391441282468
0.04071743056172686
0.009731291935430235
0.037353913510724854
0.008425606028727757
0.010135002678732496
0.05945440489172094
0.018073504036852366
0.06966972809028002
0.3859649090839865
0.037370555690249024
0.020547696345534102
0.01530615686745588
0.04473302585107677
0.007546501488381778
0.0047101623394976335
0.0029954925435431777
0.038913361354490784
0.012953451265007243
0.20700992572718535
0.021662594309033483
0.0373532763653554
0.23625517770214616
0.9934170765815864
0.008088448545521642
0.0074713910218787965
0.04703412681404924
0.008599354604942164
0.024633512390459446
0.15944960565756236
0.3229633836888889
0.10380125652319369
0.4523481605269316
0.025507072703956715
0.059413146140682487
0.08002887518047097
0.02595209557503289
0.16684767916465143
0.17494429271845477
0.013279340824627691
0.05440055695257394
0.02192255772437156
0.004206854450075013
0.013198326846076738
0.03161365960459493
0.033644322219702
0.039422616966422165
0.039056407343419294
0.01763748388791862
0.01061533128941976
0.06620157792982355
0.05239571646519781
0.21674626297481858
0.7314185234794033
0.16709548247694478
0.00381136660671225
0.012834731086955533
0.025468839657326298
0.026399969036395035
0.019395093294437827
0.0034698125880751906
0.06121346532128315
0.16760165348534906
0.07460814627321678
0.175113779584397
0.6299322354290984
0.22879920057665828
0.06145133973192888
0.01944942138184731
0.012354984122931774
0.04995803867509176
0.00803182553360915
0.03841259456847784
0.023380433184513154
0.00951084541541333
0.01858261004002102
0.02294649507857856
0.038140767833596566
0.008557705832417722
0.016523698023186
0.009105169914214749
0.023001037147108022
0.0093160609193218
0.01276341083257471
0.01991754801754239
0.046750862093838046
0.01428598914688854
0.015158520718525753
0.041882521924998
0.08373672567758393
0.0439713443331361
0.007046078339972361
0.014614260414728825
0.5222038548092419
0.04253019088472362
0.03215450469883353
0.07272640699102408
0.006301586386590803
0.005945841033657535
0.09946259481699232
0.011000611521685483
0.009709739639710741
0.10541486181258831
0.3340152043663838
0.8913254099597115
0.005459861208864639
0.05468144914071674
0.19161909365758348
0.056734946748809426
0.12433281517214095
0.476136227781668
0.9437352271768149
0.9932379197991721
0.9864334359672032
0.2128056528999447
0.9436747900945099
0.03993645368945503
0.28434349106987744
0.03059112788874156
0.023665521904504848
0.04639752767515765
0.010785181531066595
0.034988507520576445
0.053951067630124035
0.010097397874357542
0.028455750674485778
0.06627286252066349
0.030181442120251003
0.005092107844538452
0.06616336757130789
0.037333045096318344
0.0343947863950149
0.014740884729303313
0.034267515188693046
0.035467827768753624
0.9828613905491882
0.9478348313245185
0.9437096096307724
0.9437741827101216
0.9372252030615684
0.04124806209394011
0.013471665085199234
0.012618819156485817
0.00519583537767877
0.009995105560838604
0.03553683625809102
0.3876923244097569
0.18283094932168595
0.008496322945833506
0.00699495847892728
0.023466230964010282
0.0067506732269259915
0.026152056135208063
0.017690134173824954
0.02299804137343176
0.030109943924576416
0.005644853331336062
0.03962558595390441
0.5436634355384138
0.09332542524649583
0.03887317870992626
0.04753125769732462
0.036198730878637744
0.01152421775430124
0.011666583535541264
0.012504028431595109
0.5438674980797913
0.017985039224150356
0.06408170941619339
0.00789022032877424
0.20122822079710997
0.009127541260327977
0.02277052755024556
0.007675602364550348
0.030034003967255012
0.008802231588869074
0.005903273682058257
0.041161108178007215
0.02285025765574422
0.38079181070926615
0.0812050355480059
0.010254972036070118
0.007923816076347952
0.019996753042175183
0.04589313098143727
0.02067436165630477
0.038912808086803204
0.03579478482188806
0.0704635673520631
0.008227296165838172
0.047373599507205946
0.043254424810971255
0.008962266100600729
0.04758034265775164
0.009211217188966439
0.0170393651295659
0.009214011014953385
0.03742384644758105
0.031082966456948708
0.25874898912847816
0.03683194050671982
0.0353834650733423
0.4018961927575266
0.030626060464244636
0.040839284857800806
0.007064143123068541
0.04340579921721337
0.009039394727094387
0.017523265227671392
0.052962358758782746
0.05302389458622236
0.04871805099775576
0.11668941936888173
0.008717739909296567
0.006682658660831366
0.006637590610842834
0.9437063387612408
0.014170334702340881
0.010073229096788672
0.015201233967557026
0.034430318693022724
0.061400100764891996
0.008292114746844123
0.06610112285164545
0.04200606666393527
0.14896700386375317
0.9437078769317101
0.010398491171171679
0.014245167784201153
0.25644501561367783
0.08857050135925397
0.017335798495475837
0.03890340059160164
0.007409227803852755
0.04786121172545275
0.7874828753632767
0.8503686460931804
0.943772349471222
0.016346341988446044
0.09772140159844628
0.21722311085819543
0.035808064469702416
0.01397088458214459
0.012327089537128157
0.02714130277094758
0.011789769195154284
0.9546639938030504
0.010288617454069532
0.017422695809060966
0.018466404165331223
0.10633335618041434
0.02497540425127358
0.031772873346365214
0.026800113708858014
0.014629932159582278
0.2654843805527827
0.03250916967085281
0.018357802284044086
0.1389241994327085
0.025691787861826233
0.01629701674190864
0.03924329759154056
0.05555161979384264
0.022709652378150303
0.14093726439441448
0.006643626916874907
0.14934618645404424
0.0082978167022011
0.021249847523029552
0.017856463088639325
0.011460388578538545
0.040048167137169056
0.028850674979702985
0.04960107675202026
0.9437849193158584
0.9887475734369469
0.007436482870098337
0.9590559130137682
0.9436684277478458
0.009651376589621433
0.021787156259419443
0.006346266065407373
0.021730607646065336
0.013541667999845027
0.015336826483030912
0.6885622330922343
0.02067064976676872
0.00418922833699513
0.014838458934474823
0.04171016356865112
0.023599021710283608
0.008817434803257574
0.027177004541003167
0.04730860658841713
0.00451324024350368
0.8126208791648017
0.3405781999793889
0.26266128706966596
0.008437920893877718
0.029907626043651037
0.04143321559108471
0.02737929812066267
0.04670888687907834
0.005761309136064373
0.010224305424504133
0.012287359279825593
0.024963864391558992
0.9914462409516049
0.004721112938786983
0.9437544844312206
0.05972831127031133
0.9437425434709852
0.9728568267711537
0.0293777568515601
0.02710534856866802
0.13633988797605662
0.03052218883988541
0.0728599914247189
0.15169989970773445
0.006063021391418653
0.008390239073843111
0.014627230032689117
0.009036533041826611
0.058370394985588214
0.003832415613920662
0.016475379865549773
0.0093421145582291
0.01970371897304458
0.0398929788069893
0.008090310340066622
0.016894436317507484
0.09293901761632817
0.03369501079948437
0.02835137811821065
0.00598112456647994
0.011115785511314409
0.023710506087359112
0.08457105245451237
0.040110556837034114
0.00831944521653065
0.004460342154060778
0.02318975571497785
0.007741075263276457
0.07614142970956796
0.011822129748458253
0.07063843301080143
0.0046304534270641675
0.028401957861157505
0.0035766630616470454
0.011195791187147197
0.021386036159595497
0.007195140202682823
0.019798109645637895
0.01195448484217707
0.005914560260797147
0.14257648759256766
0.01271885965826086
0.011229716151773064
0.5441044722580272
0.26894554604191556
0.03371014229177431
0.01136438838757801
0.012996002855205972
0.01977170960332004
0.009908326086719611
0.024624551805743786
0.20380746845964154
0.09276579813774848
0.012979779285705028
0.04934887375435797
0.0043458818141967805
0.018068821400582333
0.03481668633780364
0.03452528049774223
0.027148869192471115
0.008976148217228355
0.0035646167395634097
0.037526178675730534
0.012147328334531601
0.013711682428746824
0.011869414287312686
0.005368671333939928
0.008829751894724647
0.004693029132429841
0.08665512261570275
0.02243099994829205
0.00682479996259374
0.4003853640575818
0.0177261690376228
0.026402418649991835
0.004340682729158387
0.015981267353152185
0.037703587013903805
0.024971828793990854
0.0022893195629381355
0.37476512320167665
0.005420632286103164
0.013435327617900979
0.03567194904148471
0.004585678685745313
0.0051883110752153835
0.01031206842298514
0.034758411191390566
0.09038864517732502
0.10743196355838577
0.0037298275916261584
0.028393775530039085
0.015909823858451397
0.02944668895603796
0.010960692624535454
0.019050321704666355
0.017570170819558265
0.03456159567071514
0.023516145187631128
0.008430233333232817
0.00308620069036732
0.011988932854019464
0.016330195772743222
0.8417022277651696
0.2965400657395104
0.04241080225168035
0.016526709375812992
0.012165869049323324
0.008527118862671521
0.5093951609469823
0.07755776894212767
0.035255594188016985
0.04587232354824001
0.26970834112743053
0.059594522878418786
0.3117042202176225
0.1360655488414251
0.5
0.16952737983795374
0.006113667068135203
0.026482440540501792
0.012938456377193841
0.010260189700414998
0.047523848983493704
0.03178647746495499
0.016022737872249646
0.016275897071592438
0.008831458871964275
0.014913128874618318
0.029634823515786
0.030091807682562453
0.06455113542446182
0.027591512507635398
0.017805158245223267
0.14231402393103879
0.06107578587817173
0.03804553245437388
0.01461838064500276
0.011268893968084922
0.06023786220407012
0.04890900936890418
0.23040991577785114
0.01950107723863679
0.013459464097059464
0.028844431833869682
0.2449275064889529
0.04604747323801871
0.008025266750857784
0.006397770234287574
0.02076602010412783
0.022134329736036178
0.03348336101815657
0.055952990727355795
0.04746183659497641
0.04753272775737595
0.06729706362736255
0.03521606548927305
0.04486069232563824
0.03669976114835486
0.08363912849983729
0.22501615852560614
0.027279552133502135
0.021511590310626744
0.017675832794307525
0.12384317038986617
0.43128445716285413
0.036826613057363844
0.020139556470744516
0.6728642330265671
0.06708041038153834
0.09120596620884837
0.03878746804704068
0.0760004819883025
0.10651402959616879
0.01404850630089703
0.024599583093488756
0.1508521391019308
0.0696227589790943
0.01154398028416943
0.038798799235015884
0.279661414845214
0.03726874554224074
0.02467676389994678
0.02294915850081377
0.02477312815901658
0.00922048150783088
0.04977874920193545
0.09833960124710127
0.010282647849620638
0.14097384047313408
0.0426592380061651
0.033454383777205186
0.1934811583759865
0.0477997247931079
0.021491715204144085
0.012633008229139424
0.016787715883503907
0.04749449599725468
0.04141917513607233
0.019684844785690044
0.09920529479102198
0.029650139237930497
0.017555157129991266
0.11462796865760191
0.025513815684532187
0.051282037066962716
0.36635536181854
0.009364221931843195
0.015341761994464393
0.020476634556574693
0.03937390174134506
0.05898326465991463
0.035191055383587674
0.027368575027804126
0.10656095124789369
0.04049476557869871
0.008329889959185044
0.0956514666748767
0.010190657886886657
0.019359183945015
0.03506284711291627
0.18184823453286117
0.10993219826252046
0.043735109917587375
0.03272732168505177
0.22101347080447387
0.07422342851909851
0.010536988612060462
0.012938928504067138
0.064538246779366
0.023069936569148308
0.03252940225698602
0.08370183268271579
0.05208444319567136
0.00356027740244667
0.03803328172109641
0.04728429577555243
0.06775457627654169
0.030227405870657736
0.00800313012986185
0.021722432914497453
0.028189677415806146
0.03076638852357471
0.02894624298246382
0.025465255820395938
0.023339784237635962
0.016182254419743636
0.2553688281469964
0.05431475205332128
0.02228634885718537
0.28977423326181595
0.057715409581680664
0.03981632878512239
0.03977073031782413
0.04548696976991575
0.011331935571527
0.020420630186058372
0.013107541196608145
0.04068651293286701
0.013863644438766129
0.07924472793116676
0.030182546501962337
0.016962495385905902
0.006909634350261592
0.0196153051644132
0.03235924777756043
0.011658842766857906
0.010033263968624502
0.0735137091165504
0.045937316397085266
0.016325845331226867
0.010408098493664777
0.01033287023340453
0.04176792750049007
0.027000485229655265
0.00488821068471085
0.01635245929852522
0.014241779669655686
0.3567220001821267
0.0706416058752333
0.015010016114207554
0.8937710276709211
0.0069203094474761485
0.007375605763348427
0.11016285094926852
0.007626133105417858
0.028519936326897956
0.035943730607032494
0.010722870737463948
0.13131869856688572
0.41722902780269155
0.04153162183035002
0.4772256183438577
0.9436588603119238
0.06021724843371928
0.01967657111928071
0.009484135438914246
0.050948443057585786
0.037480286138757694
0.004854926584729846
0.006417060962920308
0.8900972513284894
0.89340013081201
0.21852205411298817
0.8971438863545753
0.5136839676526388
0.42434896256953536
0.543274116910814
0.006312110905384461
0.0324067479041877
0.04835397173792408
0.12686540608890715
0.0060604816317008075
0.12785322294525436
0.015333048430125984
0.05910640174801898
0.026420830125705355
0.004252401861216457
0.05397220514482726
0.9762889834174988
0.8279859235194366
0.029415434198741226
0.04567143166844257
0.0030983558149545033
0.0375970827585838
0.951875036384732
0.8920367408434418
0.7174166212109602
0.041793409802033055
0.3610569019010205
0.28729250623925034
0.0027800165054838693
0.08997957650147824
0.11578865852537201
0.03349828398943693
0.022486369873419114
0.04188143535431973
0.007503843460190423
0.015216964059555962
0.015475210995471302
0.03046654616473571
0.009910790245473514
0.015259788158524246
0.03657350006785167
0.019723999839699732
0.21354191015018337
0.017943873403351733
0.623835487230272
0.17372648378569056
0.8511269910980268
0.3567622946678027
0.6797932909155898
0.010502756875721773
0.011119191838083273
0.03263745547842218
0.02666814668350044
0.04149615793878803
0.028834608452778132
0.015418387982202937
0.02367454841403143
0.02256479638520848
0.034372942712912455
0.09118998390595755
0.03501850486197773
0.04009079815066017
0.06150869647057911
0.03461618425541005
0.018332863551749113
0.019538477823143056
0.01646984724001081
0.004289288047494711
0.03349944964474103
0.012625438337150043
0.0322287515041641
0.013766557655436301
0.03915784376891103
0.06508888337650214
0.0064139355234176685
0.06142857886198919
0.29843047367257136
0.03830726624455992
0.29352135729414097
0.06477685969823051
0.33460382443564834
0.06786794785140358
0.015378015858773509
0.024529842604225426
0.06071925222581549
0.011929112622238018
0.031034579778744742
0.03172813511217231
0.02022107701227098
0.03331169307195554
0.0341714715424692
0.04152394900002318
0.03279976280032342
0.018590205794758678
0.03891342617421765
0.027248985376347897
0.18894869476283443
0.9154684038164043
0.044722073464031245
0.030760363894306753
0.030239728130359914
0.23546232408703516
0.0344020005079747
0.010323979991208198
0.036762027786442615
0.30068520629243395
0.03248070418723873
0.008574262371781813
0.03809123221070022
0.027113011326792447
0.9037864178982615
0.9697780197444307
0.9654494100233724
0.9434080414132902
0.809308007714641
0.9725506631020278
0.05015229565123173
0.0056860758815364286
0.11636991795708854
0.2512255470376529
0.05420629697106757
0.05340173757341598
0.03535302144145615
0.017642355115205812
0.8573714769903342
0.15107829627571423
0.9258854838777154
0.9239630980231178
0.9268702169944095
0.9121858686043021
0.006623682729298515
0.009255778313533402
0.38710111292426264
0.48563176999123603
0.996139653269382
0.9433244457611997
0.8573510727285634
0.9324328111648763
0.6453435007217668
0.2447420578464681
0.09110548804988508
0.039884747734295005
0.08976528184232424
0.012974584557384457
0.01779078870323159
0.4170353059255857
0.2740777861818403
0.8334792499024662
0.024784404340002227
0.04977682329807783
0.03332676764762295
0.06196645426397671
0.02459034061192107
0.03569452892239813
0.04073006124131524
0.0652428737351962
0.09878459992765995
0.054719777675180055
0.014694714908812075
0.05994731561401864
0.01463334373113375
0.10498873826101639
0.03069758409941487
0.02469603439644924
0.048796939748321416
0.005504275787167752
0.017907615998877524
0.7849292575468866
0.013417129096998116
0.030646280177958354
0.013437638645728273
0.22420736435285935
0.10054952903871854
0.12851274497462697
0.9009999278200524
0.05898953548905285
0.02587629201063343
0.02193892134457811
0.024778808425077292
0.01589530252533152
0.1518467516515841
0.02402029798733269
0.044546628565757355
0.04366941812115167
0.06438635995928309
0.06128643818153114
0.04173756645124664
0.0036297960909998303
0.03542351492945187
0.021242548174321658
0.02765629668132283
0.02413271721534196
0.010525118912919275
0.007892286015071475
0.03731350056303573
0.03385513981668333
0.017054692482601035
0.015438606577926058
0.010081497191722931
0.0045240519700328104
0.028191504996949945
0.027698817060998103
0.03879736015188566
0.021950911223729323
0.012081064982670465
0.042825895252975414
0.06616034320591453
0.04887307331382009
0.005325375763328519
0.044690904953589544
0.01715245832471278
0.01327419251158942
0.017193248955164674
0.018207323194410395
0.031939868914412264
0.017688606139025325
0.03922485892397656
0.014130455507401544
0.07623484652144388
0.020927548118736785
0.026575722623867634
0.04549316825064305
0.8289052923932549
0.986543115013298
0.4903225356052773
0.6340504495945232
0.05325005743619378
0.004931894142030695
0.037118525088692615
0.0243492390239799
0.043922343197559305
0.003801672130092182
0.0150109238033961
0.014493517801145824
0.008718380402973855
0.03537996755924625
0.009255090212276945
0.018370025958274354
0.012122873618337433
0.023442098145794114
0.052442533618226116
0.09840235999595141
0.010717408727607729
0.006947634726387137
0.02750780567657271
0.015352977113165744
0.010606717358912054
0.004022614697553291
0.010329468348499238
0.020594375299537098
0.0039723314140205634
0.03672383984758311
0.013849548160758786
0.03780072125817016
0.027160240056659648
0.041059728010705086
0.017938135719688775
0.05432860548505717
0.09833292623629061
0.00509737771650154
0.0069937697470568005
0.01405430332496951
0.015324044484002458
0.03128183654762587
0.04045595795828048
0.03624859423801536
0.019320287981831046
0.022772652628955035
0.039990650924936
0.02224277811562103
0.02210883832966531
0.2780866694480847
0.0064829211901489105
0.011016432960874019
0.04324575684038956
0.01900844702178845
0.01626153018538204
0.040109642757754374
0.04728810864891282
0.016127412968954567
0.014548356896744039
0.03770696464017328
0.1845144984082628
0.006271679675221573
0.04698619001181528
0.019767067686009988
0.009094816232838445
0.007621997587594639
0.004999380041118751
0.005251672202961874
0.02514470948261944
0.04677063173909972
0.012377734492833073
0.04449811474210916
0.01703361418288389
0.012441959794398341
0.010355774937741214
0.0860585743941297
0.03337244375132285
0.007155946043663824
0.025511235349862417
0.07485217150238303
0.04361015757333493
0.0422180467321894
0.06033559392992195
0.027092983929469294
0.024528765669234117
0.014908243595156629
0.03404803108024818
0.00658733225130133
0.013400351046494242
0.01588686152808875
0.015669979114496635
0.0058689855711761985
0.016169538845446564
0.0062623369416144785
0.03722650822093313
0.022305636304280434
0.05241096465453201
0.014970806037728348
0.9333807926546381
0.005115409146045449
0.005101218950276567
0.01930974904935676
0.01139296165047766
0.8423881990761772
0.25477685872466194
0.04332669353785133
0.004328196496956204
0.024786440488770874
0.011754188620571652
0.040387508644114084
0.032086355930448306
0.004076701712603957
0.024423528462767793
0.053253947223318054
0.011135804520224451
0.005807946171248805
0.12539597013914536
0.0291651307934165
0.0365379249396392
0.011017251272852482
0.015467867750859267
0.007490509003659161
0.03789442582722795
0.04256384928058132
0.03628674197054224
0.011430325615603887
0.04070920178031166
0.026964894553318994
0.09692868424667903
0.027482012769704564
0.047503296685094135
0.01987526020340822
0.019249063660604623
0.7439697288588227
0.708700031432914
0.6022091322754175
0.007174323221143902
0.29110372110071536
0.017337194977398936
0.07475846082265708
0.04787938029187805
0.06042656818207922
0.011768728746921985
0.02427826345335692
0.5784601694984259
0.004771156884651345
0.01009518030377291
0.004130302295579996
0.031370293829044466
0.9650840097752488
0.7581224258168795
0.02201068980817895
0.03879245311604784
0.03996119402697641
0.007177542143063352
0.011123305628943354
0.012670586954470158
0.021308269524208067
0.00446683147461256
0.004445414167851872
0.006459559361514617
0.005629864415267664
0.03744432744425182
0.034079530599671434
0.005223808017177316
0.007221467566116202
0.035550371277510505
0.04780447450212248
0.010247742741540718
0.023186587888035293
0.011539727433360528
0.011589104758926327
0.01002729887075377
0.01473234543697054
0.17698220321859828
0.16172744206852402
0.007496532793914308
0.012564251052560909
0.047432402179653076
0.19835712547677903
0.0908812277796068
0.016358346193174486
0.011756357487880448
0.17965895979840782
0.06183254682770533
0.01892523583684759
0.03387819542177117
0.012828366898563797
0.016650195802009556
0.01751687155507853
0.006739872221611292
0.026771996053993368
0.01210703796677576
0.030346934811194548
0.18788790466659644
0.015658605205311878
0.04086796288878971
0.01261584586629779
0.00975558745131722
0.1254188352387024
0.01976198308991468
0.23172804962352464
0.6925841854885758
0.26511809274452636
0.011431543014044011
0.015586037055390488
0.931257530866406
0.012415239018584831
0.005618439437096575
0.04636199333017966
0.03006495898086766
0.3803762012866298
0.06593123915593906
0.4795237107240257
0.05590360730923685
0.031042142770058352
0.2137865369066736
0.3130249966685434
0.017899255215487384
0.07027365938735264
0.1098225721563038
0.061413312573506115
0.00525673402908499
0.011198836924843724
0.49147278001727346
0.04706060270677223
0.16387450867884867
0.08733658961740202
0.08694097093480392
0.050786291194595774
0.022325747607935327
0.04130480771285942
0.054295970561788094
0.02548055348790098
0.016542314233379603
0.09500249622183556
0.5079363796455644
0.10584335579452023
0.4314128628638575
0.030440777143570397
0.1214528851113897
0.039867966779856545
0.25570521099221316
0.26577010456252886
0.022733952148824236
0.5616006736708147
0.13880420442242425
0.15636870676031456
0.9957303954010863
0.6356727104601925
0.28119100559487514
0.2373717731986679
0.1901840925920093
0.04669011561642491
0.5200338394061276
0.008911046099933623
0.034363054660874
0.03407492145190063
0.03747911441455544
0.03603358026628505
0.03573369306011994
0.035915334702783665
0.044400425237515105
0.02472937216700479
0.013444212591800498
0.19259399940434865
0.04294310033411375
0.036360328780803364
0.021719245857248676
0.058395947154131184
0.016094418523011075
0.04525170897042529
0.0543143331375045
0.08467641626456637
0.17232938108819248
0.8994780418968353
0.2273441004207929
0.3134560288175305
0.05185550931958284
0.010317031463521581
0.10908075855286986
0.15276895425409617
0.04571092207241911
0.020224351762389604
0.01434426406870649
0.7023049374855566
0.08652362578516419
0.05562510452449923
0.024709873676489844
0.01573530583883322
0.035840580858651945
0.024022588701400366
0.009556615094469026
0.02874636432485799
0.015788625580492262
0.018881234725633893
0.005645261747619102
0.007879820478957958
0.020583208669228397
0.021162261624253897
0.040188421468164495
0.015005903375813007
0.009242119392626345
0.05505090870461413
0.01135600841107039
0.016305784499597246
0.02401142016480746
0.02857179329944105
0.08511430095872213
0.07033326851074037
0.16228440488685927
0.01085333400272574
0.06809816983333633
0.014309217342760768
0.012258086371100818
0.06220633207533866
0.028168816545624843
0.2589755194904934
0.047228600590093824
0.030640878715933826
0.03536447527433423
0.13154481377803146
0.024630111251673092
0.022511052034978773
0.047671336283203435
0.11880036610324361
0.020407192682152693
0.02147675335097203
0.00837367614425013
0.0073093602589311265
0.0333277757971452
0.004716391548170394
0.01614613017835776
0.01076908725264707
0.05863590495026099
0.030245895337427876
0.04397278081740891
0.014035328499175138
0.025486610170116514
0.014641042751983203
0.02784182893736078
0.11220125337532341
0.011435187154500034
0.012257658955993418
0.04481343751786309
0.010631749753381497
0.015337200145414696
0.08654357267876224
0.04591827935752228
0.04044162270676131
0.023376428018227303
0.029108547900948648
0.11571153852231912
0.07655557945395901
0.009165333708217819
0.022766289528529163
0.009684698444433733
0.08322918964721121
0.04927718296877078
0.2659394212592413
0.01715496520027958
0.005859182992492583
0.04662407038629745
0.016816271241497673
0.01903681037958527
0.04492653954603559
0.004235481152958409
0.5
0.02114310513886848
0.033637516437574407
0.15716146957008098
0.014747855907759346
0.010853157816602964
0.03580228637765133
0.014936614503913589
0.015376069051212634
0.04533058017883122
0.026864448800652693
0.016121479500447223
0.012138224264139852
0.018021160150750535
0.015092194581093102
0.017573102790097703
0.006634902455535764
0.01736085991552913
0.2161921857959544
0.04081758323642602
0.017652541751602108
0.009778795404643615
0.015265133083932621
0.014870756769694248
0.04729195353883677
0.013190988649197592
0.18149465397648543
0.09934711902884065
0.0667845806365703
0.01079488629504275
0.01964045556538402
0.02820315446346545
0.08468920136717865
0.05668826611981558
0.01969254113911206
0.024274263056877902
0.021799879117857076
0.04216780263251691
0.013960538445757247
0.026356876669094174
0.009625398783527755
0.040739865596560586
0.054486557277566794
0.18719870774455444
0.03791375739994575
0.006811196832919825
0.033106194110153
0.011205084537243094
0.0308437098629985
0.006954249882276166
0.017005599308254824
0.0054830837225482475
0.012865944083230068
0.03226072351037914
0.033966183525237593
0.04748285282451207
0.048177849572271905
0.021910875851461283
0.016747813825971195
0.027489486069806623
0.0486741078569442
0.020062431759091337
0.34327277519313165
0.196989296597679
0.20610546183478498
0.038161063513531115
0.010855583795921407
0.033474249167103794
0.015138393756205574
0.09583132544636222
0.0879784049902944
0.006975365021905264
0.00497512801624505
0.02313977911199608
0.017836991295070312
0.26960237014562777
0.03167894226867476
0.022565305012833943
0.0325338479725738
0.013339584683436184
0.0249191770869711
0.013558302899513314
0.06564652465786738
0.018497914450517152
0.014309236961612886
0.006709812282138862
0.015220007710358691
0.049758336201152414
0.013491055750912721
0.03232034422945816
0.060561901935111864
0.4893102240779377
0.1186054820697171
0.012970266851482197
0.034964166723999754
0.08866324994970863
0.03186654240989409
0.003876697949632577
0.04658986222282612
0.054148908712233254
0.01695182645518862
0.11549838101455177
0.005484367647792615
0.020984758722525216
0.010310936983574562
0.11629830993932315
0.06157265098756037
0.09890406378297066
0.02758168534882814
0.13146919033438292
0.038897079486241284
0.03509316369275656
0.02098448014909514
0.03853132970506825
0.042076713877754954
0.05522642329883505
0.02547438420083844
0.009431742678211709
0.05877687725697678
0.011367498385991529
0.07353397765853528
0.021996429664033666
0.15182234557504862
0.013194274920273549
0.03927827181381812
0.015424205178427032
0.04038075527947002
0.01698181142901277
0.022630012233344293
0.04120552992611405
0.1557678053543526
0.010920008388172715
0.03346030974506212
0.013488306578162204
0.06891416013676133
0.007036481097805769
0.03134346588179255
0.015195324442385779
0.02870654955780071
0.04446328746658314
0.0686060535811274
0.13407279646505074
0.8570967563652251
0.01880220947939347
0.013128126989560871
0.047523413767682154
0.04752252432033632
0.047213762579189834
0.016428884353874428
0.002236933847449639
0.046454425557504335
0.04504257638647667
0.983955579553938
0.11372254949658064
0.7506241806331125
0.21572548296322216
0.3781564653165386
0.9650634310460938
0.8942509189710954
0.6461086702543818
0.3349620943966475
0.6994097037282592
0.4292776155857919
0.5804632139925736
0.050642372765712235
0.044411563667121
0.022402696545040887
0.008907072256136926
0.017011583647525877
0.06066883655043836
0.00862633415723614
0.09105159453979107
0.02037507485949242
0.00788117802214921
0.05096862062474116
0.12495246846988503
0.014356383326077384
0.016522685053741708
0.04047614416612694
0.11873849034614714
0.014755859106665659
0.048386328904552044
0.01569960983889336
0.009826073400006874
0.027890422780693813
0.04580972641466876
0.014233081715158448
0.016006329556701532
0.006440658228440307
0.012668725011837299
0.08170488112951078
0.03898747490189474
0.03582628600289652
0.011059365165994555
0.008063443658138703
0.01245434173695503
0.021355808363142288
0.011403334368082732
0.04156802134347525
0.008528368869253263
0.04318906196361103
0.03320808664510565
0.032339381635565455
0.7775643397389834
0.01685628612791389
0.020259840999251717
0.03213104353240238
0.026276915615479866
0.016389566933300764
0.020770646023092133
0.03287644368671936
0.02639355681019903
0.03252705473889258
0.015178428500234032
0.26032585675258746
0.270227889385686
0.14310556691118168
0.07850346198514126
0.017184455153959402
0.00784339947677712
0.004901616715433801
0.021481581968182818
0.014278206945511263
0.6776283791664377
0.025822476841692435
0.9756650526492302
0.14100738748907016
0.027713496635081988
0.6610352983035094
0.04752984331235605
0.011906217877501001
0.05627369174190962
0.009681702916556378
0.0016863355126617654
0.03393532573966495
0.017714413812648978
0.016424185297315527
0.03932167607433925
0.060289297196848855
0.03356991123629641
0.03497000230669073
0.0337843567717722
0.04127601965826323
0.01466230809450872
0.07907043519196026
0.006625172370711943
0.003911455033972374
0.7593900326919689
0.23109120173120165
0.19308353966159011
0.9216235985291575
0.9741692048070818
0.7910661106467387
0.20222994668608252
0.01615021065568509
0.04752575262294244
0.06052862234217776
0.02672708937679529
0.17515533383508297
0.02569593016842195
0.04710992722478232
0.06366498884309175
0.09658468645430794
0.018043444154916717
0.04667533591156812
0.009144578262883677
0.005464370543903693
0.02539261873595452
0.08663543630867665
0.019810561459126703
0.0178871897476463
0.012559915439686552
0.05983427351697614
0.016631356500623258
0.06946015409111264
0.020208817783876225
0.2588970012632003
0.014400605172282064
0.16328560766994793
0.008104797758430924
0.08504336801503778
0.012385923596428223
0.06649700475964693
0.02646604242716656
0.1356260498381335
0.03609830753482696
0.005688759637164771
0.05481650796729897
0.0026612110196834716
0.012620762451729429
0.16975122056319117
0.007312064815064388
0.018490102037636787
0.03548304058913633
0.0038921648337264803
0.012363926114108746
0.02303456963684062
0.00843011372665337
0.12139049418393964
0.01090602239354787
0.14489796653779896
0.015661620004996785
0.04562611683029596
0.028047171959795704
0.01300076413395425
0.01571260544701949
0.019309501003082867
0.015014210605512637
0.010138635053350798
0.01709917274530191
0.012246900180879566
0.0135044358775668
0.004946008343394974
0.0300352394700335
0.027191304821045332
0.015061056711857724
0.013062427388815625
0.02186496538263281
0.031148708638237023
0.033871643289423
0.5
0.03495728503673064
0.016702463019084356
0.0639977876913797
0.028386233444740075
0.015752110088833513
0.07485028864085871
0.06445808454791122
0.059991786717666036
0.019000535623008047
0.035517657069316956
0.021214654595702685
0.03813102305801672
0.007310452007758783
0.047100445073692786
0.051114293408067016
0.012693486662844406
0.03936021093392363
0.012346135119505507
0.04363036642187483
0.03618753554303267
0.01850582588926977
0.01666075874828719
0.0072675041500756404
0.009431106275045462
0.005567156258245444
0.043504907138901885
0.015149399045823218
0.013887694855140091
0.004064295603666181
0.008195916408506696
0.004338672258561088
0.03480672727194685
0.006616350489864981
0.02150189929621988
0.009050468775991612
0.0029415088866685223
0.042198519183249475
0.032233986564670095
0.026148411325404675
0.015631377583434518
0.009956357265522756
0.004923338787320838
0.025366443741528598
0.28359582701962466
0.02751680768973501
0.021776389762931187
0.03301381920649807
0.09352511279176956
0.9689554869046395
0.010245853930521378
0.16318602484911823
0.06001789331976382
0.006792214477956817
0.008290339519946332
0.02479373475976967
0.046351830578386405
0.06535289198255294
0.017363848210972376
0.031131875663848792
0.021232757680781564
0.01591355052719916
0.020720237843008207
0.007639300690964958
0.010817506045521105
0.1073918028032326
0.0405945511972058
0.008989359680140386
0.02984639980174605
0.03727713424891398
0.03991757770918172
0.051761811349683245
0.05203339210022784
0.03476275980955988
0.004669270157489098
0.010555239800558705
0.06020063154594029
0.04540980327962894
0.92152637976254
0.016235532152512947
0.03468449367318775
0.033699423281938305
0.013998145635501853
0.017811541786172506
0.050201481099083026
0.023405123538182238
0.07762319472192251
0.037590934610866024
0.018609603240695532
0.12872770450907597
0.016672116184618144
0.036720367999808406
0.034117194521439166
0.05307423344578453
0.006092376082687862
0.0442514887565079
0.040730464213708455
0.02852846465001726
0.025756022177984214
0.06302548388779816
0.010660857327949035
0.014031265350008412
0.010506274722532892
0.004094942471428525
0.00551741903023855
0.027446390502201747
0.003072869341081046
0.023089718482174802
0.010061473704833143
0.02673772147592295
0.003181059675762782
0.01567988669928021
0.011714712878620326
0.016445019751582295
0.020166574264099908
0.007661608119263123
0.18581726850633384
0.03479519290182404
0.02279329918183027
0.008048176013368496
0.014907379808591022
0.013347822121704581
0.035634290275655074
0.03062599765408975
0.022293506012854868
0.01632089753209623
0.03504788784421893
0.026681030063021208
0.010386444356845869
0.013628918661684395
0.01117596095416386
0.056731358860840846
0.005174744765992782
0.7550379006637515
0.8916049360666887
0.15371337610195118
0.029105036571678452
0.08452959410277748
0.018323027500649177
0.016615986593725117
0.1901363889591149
0.003672755124727079
0.1003336466400476
0.06935830383922434
0.015318051685053478
0.05225410844977136
0.010489284909593211
0.3829844487123771
0.010110387657771358
0.15428392924106854
0.022876001455580344
0.01060074622197763
0.02102816387881529
0.19279253425366955
0.09255704956937943
0.5176418379410057
0.014733625199925673
0.04109891944915255
0.049501581271941555
0.059745718385400604
0.026803604810300957
0.05259456252857483
0.025468865532657984
0.01933735238970191
0.039792863370719
0.07140137229548198
0.12709284643467575
0.03938975349307938
0.020908212107993707
0.051508451691262884
0.014859737838375034
0.06187563645958236
0.04134683641391255
0.07374018391601266
0.016772967800229646
0.011411534348230492
0.06820606370974001
0.011587108184280652
0.009302065374178702
0.00981847338159059
0.011574690388242817
0.023822592006192723
0.04361467280837969
0.019075526490259995
0.023589239361690318
0.04706922744250243
0.024023999540996963
0.04718679624630312
0.03468909271064973
0.5282319204818641
0.011396612191679017
0.04095354515210429
0.0373091841947347
0.4019093177985587
0.14110656580104528
0.08491365085034998
0.03876036347973756
0.04834250268358074
0.0632104958740218
0.012548147520039096
0.08634763423568718
0.06599207279741244
0.009150459142364127
0.04035283912136002
0.14851370760155466
0.0053975951927068486
0.030513778405889
0.04872893348328548
0.11223754034449698
0.0760513896530592
0.004668592690462863
0.004618695003938274
0.0777472266793647
0.042645318811059305
0.03932774071360589
0.03007859978049134
0.02843961686461133
0.02945984997438124
0.5790797776592312
0.2252987551700366
0.011764275367085486
0.055845482450068054
0.017951602323986973
0.06019838592688937
0.02589492527131902
0.1453582113336901
0.07851246155873308
0.03873426488083898
0.02134064106356219
0.037748934392168795
0.022242086174291853
0.07677505172942539
0.02406495907333101
0.012145148321083604
0.03960382283436822
0.02476786491641069
0.018978985324231347
0.04578312755028396
0.0753976657111787
0.02804952755045014
0.011359412680266546
0.005090928570287202
0.025917340102363354
0.01740286911243015
0.04811890711691783
0.005279849011762872
0.007334766972307456
0.048666734338842214
0.005761479079106138
0.006763325136590897
0.011866098616853966
0.43122479709717865
0.007038551772661038
0.019566324597740797
0.005634813585964581
0.011152304182626206
0.015244191154399366
0.009111356253968023
0.009135506498181258
0.023261793399267164
0.010534975947259956
0.03204157449013053
0.0385021358896348
0.04598883102509472
0.004020689212500259
0.07961552054646279
0.00701249938366244
0.047518763763582404
0.047532736780614745
0.0037590172916338377
0.04753063028093697
0.03538975620946812
0.0475327820522788
0.0058668224599890155
0.02233856011468443
0.015567275073628511
0.0741353643476829
0.017157623804382006
0.006638573571766902
0.005197793705268973
0.013557906270040308
0.006725337370080667
0.009590236523661989
0.010678165153176523
0.01777573051659535
0.014960116847039219
0.004289576783755618
0.03565813384150996
0.061051611979718236
0.07862477209149674
0.027439038084560823
0.054522216667191765
0.02951173870165286
0.008574548280578449
0.01657317751557924
0.06465863570294625
0.022625790980875443
0.006238806274226557
0.025721525112184555
0.10682838169967869
0.0061265499720066716
0.03294344445465593
0.027644286098536815
0.04616588925565759
0.0044911081015102
0.005238579175588082
0.04125782556477473
0.00928733793628162
0.019254665510058708
0.047478152086992395
0.004786132001499473
0.041666159125473765
0.015302549767085635
0.006486437682277888
0.010035028082657212
0.04238611416920373
0.017036696065631764
0.009309312481956478
0.022110011901537222
0.03246531297957223
0.025126931824835382
0.11990428155756372
0.0106802294201929
0.019547830732074348
0.033138163400663105
0.03673952894529121
0.30134149983506414
0.00315100795760125
0.013212819631550321
0.0488509211432639
0.04423914850118246
0.06620099458852456
0.033813339233826636
0.00943548816532511
0.1776719936031041
0.17570211017921747
0.00618088122758647
0.17215365747980294
0.21232347512628952
0.011884353338088719
0.536360782677353
0.2041950893756704
0.23241536095088394
0.007057296614560606
0.01776331344307047
0.03854501531077117
0.026867368380690395
0.33002842425675877
0.034158070899972255
0.023901895781831273
0.04541750009036114
0.012026171707600666
0.01504022198511471
0.01475568687442867
0.009282238198794273
0.003298202247729722
0.06462812310552399
0.021194469656929164
0.37094303097848336
0.06384359350856054
0.004536149569807049
0.009792146546713119
0.03045812740131631
0.006941578376868568
0.02639681935354545
0.03115059099506037
0.06300206206298183
0.03429365339957061
0.0044258378103147
0.0302487141582543
0.7012927785094649
0.018810380455602196
0.04476195471457588
0.013980083822039895
0.02336166866490766
0.045545332586806646
0.010804024615916587
0.009894966724507417
0.01720368156237139
0.018634724829334308
0.010312234227251365
0.013163547796019096
0.04506196493689113
0.006357692462359702
0.019864767261090564
0.052370316876220416
0.03501663441913015
0.028333752768904583
0.008567092763359702
0.007888660897927472
0.02332424916862566
0.011591496665639496
0.0436108456991274
0.007828222252248407
0.054074366411242775
0.024219325083870737
0.007795756383737423
0.5916261822126513
0.11082008615768929
0.2756038001860231
0.23606788166378545
0.14633210437083172
0.11965063429680843
0.18144619828010805
0.10950434915287441
0.009531006099646137
0.04721188794095469
0.04720029294347354
0.061137820361497446
0.010653793110148677
0.008221639986791426
0.022917026706389967
0.028886365436204844
0.053009427510421175
0.03795627007547578
0.026399980324748825
0.21972091123044024
0.019013222797686406
0.02176034800781572
0.28832104604333697
0.015144657739732136
0.4319157683872047
0.016090579791514438
0.008078875739368338
0.06085249738693261
0.005030751120187965
0.08541742716313769
0.008115837701786841
0.009360205252717765
0.8541452524512781
0.09342629941151266
0.6209675825431272
0.053391443318036226
0.021734841543818776
0.012997233617149613
0.0055354151310179865
0.07352607395334423
0.015222952172756841
0.01890525223147549
0.09129932799051538
0.00910980326573463
0.042332285379516506
0.01649377372116541
0.8548390765296803
0.019603158627874803
0.03868272648174916
0.01014337343694919
0.007966496394481968
0.04232120789026843
0.021162177986252133
0.029883484336888477
0.025868837211171055
0.03650470279167382
0.03300217827615708
0.1501854640595799
0.04584472029897146
0.10393152108208771
0.17222858036478736
0.2281812795655207
0.16582265343254035
0.020680076435324744
0.09348023345639066
0.008659451392454857
0.010716482539504241
0.004568190467411248
0.055191495811278274
0.03605905227318807
0.05676352782991369
0.01138208569635152
0.04813308165346883
0.0681970135059394
0.07291666830253828
0.057269792215357974
0.09930618226223242
0.10482648565608284
0.02232788053426358
0.10822390357382003
0.02231090657396124
0.004593553806744662
0.018764261815932402
0.011958588796937248
0.007543800467166364
0.01132568983169473
0.008695706137158712
0.011522951532314939
0.05681328408287282
0.08122076417185888
0.0130809713938995
0.015932469934395673
0.04597048221139968
0.008982823651143996
0.01152337630539265
0.009111080364035415
0.006944390641556402
0.023789509023025703
0.02666419590680696
0.023076668118706418
0.028278188705449885
0.04026965806868009
0.04898901110245996
0.0807959659779532
0.02556013217967317
0.7342448944217966
0.45994429000826426
0.11011527774038478
0.021268551909525573
0.0062199407232161556
0.009635992872316014
0.6883691784468762
0.015015916328734131
0.012251478292400564
0.013076318086859752
0.02500351334380246
0.006813963316706902
0.18075485950709197
0.0297103631288746
0.021034325587822103
0.025341601615090973
0.022941117645643057
0.06446483158305161
0.08213924047814034
0.02237781242546048
0.014841267723446728
0.044223659311473505
0.11685745996462377
0.086844609005182
0.0597072187275401
0.059791404463014904
0.7434310770603691
0.013421867000367496
0.027314107002206958
0.009793952718974857
0.0743167355219069
0.0489243942795486
0.48363882809880265
0.012613951535490133
0.0173739624957012
0.035524395199269004
0.023182460346938084
0.011180448414111996
0.03575681031005499
0.07269109776115802
0.007067496081250783
0.06034534068350756
0.016991795047815658
0.01600379640745802
0.01111011276727144
0.012527592576622025
0.04100902809268066
0.005830895196249742
0.006883349700484735
0.017549086429288912
0.011556008849760947
0.07070160107187982
0.034165869425070036
0.006112685662413291
0.004680739120168768
0.05775683903331773
0.027327566505685172
0.05368258605158844
0.07300174534905213
0.0199122861935813
0.20597646086824434
0.01899315204450807
0.01599115257738491
0.00942176038287476
0.013418836984152095
0.04419768651710909
0.005553008392370922
0.014956301427554613
0.00874846652324883
0.0062791930690438
0.023184766603149234
0.009780536712839516
0.027332616089308603
0.03910152811529359
0.008195269726656847
0.006295877544667447
0.011788417075832038
0.27227838343587163
0.010345150830162813
0.02213361387886184
0.036151678166590144
0.08448597512935407
0.044912457601210355
0.00894723048460225
0.06420303554015187
0.011974264128721124
0.016459532648235253
0.01153736916572132
0.013206637079867724
0.023553118762656318
0.012740605957527795
0.006867656562842814
0.012379134850145595
0.035633033805965615
0.00916671016583759
0.004178946086044535
0.02283563362586821
0.022501107361082982
0.03732320907548364
0.04036804041609404
0.04563270018119425
0.03332609919603119
0.011401242935812477
0.016722619119131192
0.0066994382411605085
0.1630235210339059
0.03999689376098916
0.04296152822253186
0.005754228941789022
0.019740172781152636
0.03732435787500338
0.030363688971360877
0.004963734595571862
0.013616070712190216
0.008605418008617388
0.022906116363546704
0.0016501425093834747
0.013390780006240444
0.011241950546066415
0.030600645355793703
0.007880375793891562
0.018893128268593976
0.009302914544881583
0.6553691840586571
0.006643467137451713
0.052486504071520404
0.04638310434815492
0.02181812552363278
0.06883292955613471
0.010496774403585724
0.052642782022749864
0.009609264597350732
0.055008915949593375
0.016059810176566647
0.30241626617976763
0.032900321770764886
0.006853146995088048
0.00467165334940393
0.014114557777780734
0.008868252969436163
0.09540001900759026
0.013120137065644324
0.008259962882868883
0.014146442685217364
0.06716597714066988
0.0352633640256544
0.007839001471819708
0.0066343501397265045
0.01374786150949822
0.02198141969451431
0.021119760638643535
0.03846877392348574
0.04365306322795654
0.0060145396082568305
0.03076119795531951
0.015508949239528422
0.04909890053261141
0.019330177842012346
0.2940490577649075
0.02183070327983205
0.054355920111896744
0.6519016174940061
0.042054488275110095
0.006546675995383132
0.018955941082410874
0.013488586522893004
0.03371461699520827
0.00901519612268495
0.05284601854093205
0.018301683072393254
0.012329401040556708
0.006975419571971847
0.013359499756132763
0.010853663957196103
0.014162538901231104
0.02393266319247191
0.012275650425668421
0.0321005866750086
0.04631758790662916
0.04840379057099634
0.011087667097453246
0.0109112736446675
0.1528648368258138
0.0035090537895063607
0.07488349466239068
0.007210001181531401
0.31232607081409464
0.31020396124460375
0.13031803491894087
0.025900300054348
0.021822696276226645
0.024117333860210307
0.008913962100905138
0.01506694660874348
0.010500682915098985
0.008166177789798163
0.012912865402435704
0.025383433501996407
0.05882280974120787
0.015916879647558765
0.042015176810309245
0.3641001517168293
0.010743864222351992
0.3565145265529875
0.7003358009729935
0.01193208400865577
0.015977727996073054
0.04738661270695565
0.051343148191974136
0.01632615599965794
0.009126654802724067
0.020116028744515194
0.0117532026571918
0.04870361848005837
0.01621387272625715
0.016548863588405554
0.064153889351445
0.011327322377732093
0.041429604264194925
0.03049495448722059
0.10010928824295416
0.024099952287603678
0.016646739931573767
0.024160490361673805
0.07581004772883825
0.013443534451107084
0.046511325499389605
0.0043798097356298705
0.017396778210692628
0.3641524673270804
0.047055469122546364
0.04131433160108415
0.042305088357589726
0.03404183226068412
0.03646840049167118
0.036166139866047574
0.24787514193162585
0.2549209038077811
0.06021320725966692
0.7247947800511298
0.12678158572548576
0.18932914576220702
0.23516519993677815
0.007261535954281138
0.15751324649960777
0.10473059182781955
0.015856749368367572
0.14473954124854432
0.033333527082159184
0.00784207810010609
0.47901837482099824
0.8608919360982247
0.021520478968800442
0.060637548057493856
0.045923558205490315
0.7735213337731965
0.0420208524916816
0.19514680986702065
0.27730167580037723
0.04737874763784042
0.023711893166752318
0.09259217254472327
0.07956472674650401
0.0076862090667282465
0.022776601497782496
0.02376513142897321
0.443355209515825
0.02263326673312236
0.06115011692794946
0.05731920441475402
0.03395227467596041
0.022482949621896935
0.03827996017325119
0.01411080762340291
0.05868382443403795
0.2206709581778745
0.03725719041079763
0.023220632093088535
0.015686058190312685
0.045537661627163176
0.018244441618363638
0.011097255527755333
0.42430619181407436
0.2159932706944379
0.04561065321004038
0.008470636792539513
