0.16027297750038635
0.16027297750038635
0.16027297750038635
0.16027297750038635
0.16027297750038635
0.16027297750038635
0.12476578547143306
0.16027297750038635
0.14648772129424714
0.16027297750038635
0.16027297750038635
0.16027297750038635
0.16027297750038635
0.16027297750038635
0.16027297750038635
0.16027297750038635
0.16027297750038635
0.16027297750038635
0.16027297750038635
0.1215091082244122
0.16027297750038635
0.11748444724987632
0.05121350073244097
0.16027297750038635
0.16027297750038635
0.16027297750038635
0.16027297750038635
0.16027297750038635
0.059933840595081625
0.16027297750038635
0.16027297750038635
0.16027297750038635
0.22082100348914085
0.16027297750038635
0.16027297750038635
0.16027297750038635
0.15587555739301692
0.16027297750038635
0.1228694479840695
0.16027297750038635
0.16008692775267352
0.16027297750038635
0.16027297750038635
0.16027297750038635
0.06483832035883676
0.10980873880964268
0.16027297750038635
0.08337426378361427
0.0966378288782403
0.0646246855925586
0.16027297750038635
0.10614675489579617
0.14620998014893224
0.16027297750038635
0.5945451846618162
0.16027297750038635
0.6479109285694163
0.10680338949063548
0.16027297750038635
0.16027297750038635
0.16027297750038635
0.16027297750038635
0.16027297750038635
0.16027297750038635
0.16027297750038635
0.16027297750038635
0.5796461573867623
0.16027297750038635
0.11772926571447158
0.16017645217283696
0.16017645217283696
0.08456160196293874
0.1602729776932777
0.16027297750038635
0.16027297750038635
0.16027297750038635
0.06949367520837546
0.16027297750038635
0.16027297750038635
0.10068614144108902
0.16027297750038635
0.06254651783221465
0.16027297750038635
0.1337208591236588
0.11430242461329933
0.1365851284532478
0.16027297750038635
0.16027297750038635
0.16027297750038635
0.12537772713066195
0.038176051315108685
0.5796461573867623
0.16027297750038635
0.16027297750038635
0.16027297750038635
0.16027297750038635
0.16027297750038635
0.16027297750038635
0.047372466817193606
0.16027297750038635
0.05121350073244097
0.1602729776932777
0.16027297750038635
0.16027297750038635
0.16027297750038635
0.08508533584830386
0.1227252604027753
0.12849989947287743
0.05972251034941069
0.1425162186330972
0.16027297750038635
0.15981090353478575
0.16027297750038635
0.16017140460351345
0.16027297750038635
0.06308797622928816
0.04753148050145911
0.12505894495119668
0.16027297750038635
0.16027297750038635
0.14425078838917701
0.12505894495119668
0.16027297750038635
0.11868228395514578
0.16012185889977587
0.055053962138424735
0.1601251799887491
0.0817151761000587
0.16027297750038635
0.16027297750038635
0.16027297750038635
0.11341298640376364
0.16027297750038635
0.04363350918615729
0.1111000214413817
0.1602729776932777
0.09191540261198818
0.16027297750038635
0.16027297750038635
0.10680338949063548
0.04242568098165555
0.11923821749816621
0.1600834352742772
0.16016789575814347
0.08068284852308312
0.12505894495119668
0.056527717211367276
0.16027297750038635
0.16027297750038635
0.0643843686684283
0.11946924705356082
0.16027297750038635
0.16027297750038635
0.10552015049534355
0.0612992216478262
0.06721229057044076
0.05995432192535989
0.15093729418998672
0.03797028829809052
0.16027297664369924
0.060276681395570374
0.1423391553547281
0.16027297750038635
0.16027297750038635
0.16002063286249302
0.16027297750038635
0.1555857727755188
0.05290940363096133
0.16016777791984962
0.16006995288197898
0.16027297750038635
0.11159381998262212
0.06572215455776959
0.1602388874617322
0.16027297750038635
0.16027297695626763
0.16027297750038635
0.07900312533438038
0.16027297750038635
0.18176487186679896
0.1315871341880597
0.03066414166645181
0.16027297664369924
0.06187836968370169
0.09273788757904347
0.15201203267572289
0.11374458529927145
0.08837696830812167
0.15219428318808145
0.16027297750038635
0.1601906173098864
0.09079445012831792
0.16027297750038635
0.16027297750038635
0.13326615215178764
0.0654221465235344
0.08746631774895552
0.19254113331142741
0.05615839606840093
0.160196158329236
0.11128954108790681
0.0994620403281584
0.16027297750038635
0.10680338949063548
0.1358129889437431
0.05170334348253796
0.10849182149534167
0.16027297750038635
0.1390872082463399
0.16027297750038635
0.16027297750038635
0.1602729776932777
0.16027297750038635
0.12186440713156704
0.16027297750038635
0.16027297750038635
0.16027297750038635
0.16027297750038635
0.13423862935348746
0.13221028232025375
0.16027297750038635
0.12505894495119668
0.16027297750038635
0.07291135073525677
0.09281400706107973
0.16026718416760286
0.07952522540241123
0.13793400780252257
0.16016789059536682
0.16027297750038635
0.16027297724759806
0.12313395991650597
0.16027297750038635
0.1602729797814321
0.121505610215038
0.1600244733076319
0.060070739678955536
0.10814219288882415
0.16027297750038635
0.16027297750038635
0.0599227911511297
0.08121471532409251
0.06904048378559076
0.16027297750038635
0.20966607562469355
0.16027297750038635
0.09002907154388286
0.16027297750038635
0.16027297750038635
0.16027297750038635
0.15927559208819822
0.16027297750038635
0.16027297750038635
0.16027297750038635
0.10722794821945532
0.16027297750038635
0.10549921036101657
0.1212442795466267
0.10276698295807106
0.14917213614133457
0.1498922272025733
0.16027297750038635
0.06523191907178272
0.04558661564651467
0.06524713563954324
0.07914748944560168
0.10012129227666959
0.02829807072303058
0.16027297750038635
0.16027297750038635
0.16027297750038635
0.16027297750038635
0.16027297750038635
0.16027297750038635
0.06328292899539065
0.12429404858182347
0.05121350073244097
0.07856242509242142
0.08869189438572024
0.16027297750038635
0.1274252274509318
0.16027297750038635
0.11586068468763815
0.10755798239690464
0.09669266050283315
0.078982830651187
0.12374363032331936
0.05121350073244097
0.03766172749056
0.16027297750038635
0.16027297750038635
0.07562636834086983
0.08043609413327608
0.020670305235043516
0.16027297750038635
0.16027297750038635
0.09107686000011768
0.16027297750038635
0.09495759825122532
0.08774952308867641
0.17540930806068417
0.1602273028653093
0.1602273028653093
0.045933543748085885
0.06600930915427068
0.10614675489579617
0.06798316023570408
0.05276486616142919
0.150113112951803
0.059483575664244955
0.06840804912825196
0.16027297750038635
0.0688305968960505
0.16027297750038635
0.05887973948777696
0.16027297750038635
0.13202096475801414
0.16027297750038635
0.07643155214832766
0.16027297750038635
0.16027297750038635
0.13978697591057615
0.16027297750038635
0.16027297750038635
0.16027297750038635
0.16027297750038635
0.08668682221062744
0.16027297750038635
0.05050590008047488
0.09239375486027422
0.05749413294692496
0.16027297750038635
0.12314911245160015
0.043005584101646024
0.16027297750038635
0.16027297750038635
0.16027297750038635
0.10680338949063548
0.16027297750038635
0.04863904542652455
0.16027297750038635
0.16027297750038635
0.16027297750038635
0.16027297750038635
0.16027297750038635
0.0628520329001493
0.07458681914845365
0.06637853642048551
0.07664624569316368
0.05814230124319192
0.13222804854716033
0.16027297750038635
0.16027297750038635
0.16027297750038635
0.16027297750038635
0.16027297750038635
0.16027297750038635
0.05121350073244097
0.16027297750038635
0.20909199800507564
0.18443850729171646
0.16027297750038635
0.16023341423418005
0.03859161162977457
0.16027297750038635
0.16027297750038635
0.13523349513229935
0.3105366662337773
0.12167678619325845
0.11207667363875927
0.05121350073244097
0.16027297750038635
0.16027297750038635
0.16027297750038635
0.16027297750038635
0.0233878003179565
0.16027297750038635
0.0687960005974916
0.16027297750038635
0.16027297750038635
0.05121350073244097
0.16027297750038635
0.16027297750038635
0.06026981370352626
0.10158831690284839
0.12934745418689877
0.07911479903084623
0.16027297750038635
0.16027297750038635
0.10764964177704013
0.127640355092181
0.15054199961045459
0.23755409753058435
0.11240731763711
0.14415411918218363
0.3101281391437729
0.16027297750038635
0.0852876472377458
0.16027297750038635
0.14962545992330856
0.1496740789027597
0.16027297750038635
0.23593625745386704
0.13020071181270015
0.09110331577684155
0.10680338949063548
0.11207667363875927
0.10283882216579071
0.07599948938594597
0.16027297750038635
0.16027297750038635
0.05012105141968967
0.1602729776932777
0.16017645217283696
0.16027297750038635
0.08632954045012439
0.1853087651324808
0.2245890711533413
0.08338806854514383
0.06087010003694205
0.16027297750038635
0.14584055476882324
0.1406689395233977
0.061320036029565726
0.16027297750038635
0.07150362405839865
0.07873263302530184
0.07204863739263431
0.09117333078653607
0.11299298825716797
0.2056274957028628
0.16027297750038635
0.07763647498677831
0.11607254360349947
0.16027297750038635
0.05890707182385522
0.050490422932950724
0.055260998706724164
0.07306204962466101
0.11851018965308506
0.1342217206092036
0.10012261265459987
0.16027297750038635
0.10238739200495704
0.0597317588130727
0.05121350073244097
0.16027297750038635
0.16027297750038635
0.16027297750038635
0.16027297750038635
0.09166913300022546
0.18171499469780703
0.21117334639169097
0.11808882137001073
0.16027297750038635
0.029265393429193404
0.06616589538124522
0.14847505979174794
0.08797000609471155
0.13121175096871512
0.16027297750038635
0.16027297750038635
0.16027297750038635
0.12834498660925145
0.10580271051405163
0.07458541543509585
0.1195559885556076
0.07035114555611233
0.16027297750038635
0.18356906248384022
0.19073973322524693
0.07544459650893617
0.16027297750038635
0.07388317164246694
0.11010318798159073
0.16027297750038635
0.16027297750038635
0.08184219240362148
0.16027297750038635
0.06170149031034851
0.08476468623977948
0.08476468623977948
0.03127884418242965
0.3215981987768854
0.1452672921251816
0.18755540460741896
0.16027297750038635
0.16027297750038635
0.09974414284515616
0.10851558462371663
0.12202918782769463
0.16027297750038635
0.16027297750038635
0.07776638132584919
0.12450302346741042
0.10542156084268668
0.062111849885625105
0.22082100348914085
0.11879840404271905
0.05704600978512734
0.05512201306484317
0.16027297750038635
0.10183412793463395
0.16027297664369924
0.16027297750038635
0.16027297750038635
0.16027297750038635
0.16027297750038635
0.16027297750038635
0.15500701964489616
0.16027297750038635
0.16017645217283696
0.16017645217283696
0.16027297750038635
0.13578454729082817
0.16027297750038635
0.22082100348914085
0.16027297750038635
0.06369035982074761
0.17466722175117946
0.16027297750038635
0.08818457306792818
0.1004144419617654
0.146334463592121
0.10105618686450199
0.13276433364092452
0.16027297750038635
0.062316312392054665
0.11529766230417249
0.16027297750038635
0.16027297750038635
0.3337510518806297
0.13999273885081834
0.1013609185114013
0.40183307348484815
0.16027297750038635
0.16027297750038635
0.16027297750038635
0.12375753882608179
0.15696971412597915
0.16645907232529472
0.16027297750038635
0.08947612519286709
0.09412353583561385
0.05676434656190127
0.07238117278138875
0.08286543280442585
0.07427468301241698
0.05121228245515748
0.18615931999569843
0.14979992999923034
0.16027297750038635
0.11207667363875927
0.16027297750038635
0.14166289270182061
0.12124056893139443
0.07576631357435812
0.09382645498526498
0.0686654824826796
0.16027297750038635
0.07200932030357603
0.05883990483262577
0.08754696540096736
0.16027297750038635
0.15532146961042068
0.08700154725893523
0.16027297750038635
0.16027297750038635
0.3058866597901059
0.18708701473419437
0.1602729797814321
0.22008834741978417
0.18283594850789947
0.16027297750038635
0.06744441437507985
0.08109258272017995
0.0878924922174735
0.16027297750038635
0.16041307131480412
0.05121350073244097
0.11258591214466683
0.377432396161098
0.16027297750038635
0.10074082227074004
0.1744763630537935
0.07716915074182555
0.15023415127630407
0.03661554606366622
0.16027297750038635
0.2893628868080155
0.10014799086627031
0.16027297750038635
0.13625916088642379
0.16027297750038635
0.16027297750038635
0.16027297750038635
0.327848586900246
0.16388793629838408
0.1678000858908741
0.13166741957924236
0.16027297750038635
0.10670360360301649
0.05985417252934067
0.14585592033815384
0.16027297750038635
0.049623347558350066
0.19813989313579392
0.09956400523990185
0.12828111789053084
0.05136554901519252
0.11700654531566952
0.16027297750038635
0.16027297750038635
0.14127274731960351
0.051797203524682554
0.20286479554256268
0.16027297750038635
0.1556544227810471
0.16027297750038635
0.06139464043770343
0.16027297750038635
0.11255990576192766
0.16027297750038635
0.11628695975050832
0.16027297750038635
0.0414014044121659
0.4727969300185188
0.13345955046577354
0.268971833078139
0.16027297750038635
0.05222637926906194
0.16027297750038635
0.16027297750038635
0.16027297750038635
0.27670210411732465
0.16027297750038635
0.16027297750038635
0.16027297750038635
0.07879363647149622
0.09395571269486708
0.16027297750038635
0.1602729776932777
0.036779496614144896
0.16027297750038635
0.06799466942567305
0.1695341110241349
0.04946925973572642
0.27319976952089536
0.16027297750038635
0.10680338949063548
0.16027297750038635
0.2224371548646368
0.12607233135600313
0.1448062405425627
0.14461485387045092
0.1923025270048876
0.12285174242136593
0.0712173185231311
0.09680112110953454
0.1203621677352455
0.13782134663435758
0.16027297750038635
0.05326840340464568
0.16027297750038635
0.11217507622383184
0.16027297750038635
0.15157470599365305
0.11020860293079957
0.16013231725256882
0.07791226558687192
0.16027297750038635
0.1341325650015871
0.16027297750038635
0.07934067159923658
0.6479109285694163
0.23551380644979003
0.1466044878665728
0.16027297750038635
0.1495788001389975
0.03972136642639416
0.16027297750038635
0.22082100348914085
0.16780043375242368
0.16027297750038635
0.16027297750038635
0.16027297750038635
0.0988125267906356
0.16027297750038635
0.13448477896879352
0.07301330698676398
0.10496711515069153
0.1725935065617526
0.14118088953315364
0.15882085705361748
0.16027297750038635
0.16027297750038635
0.11356283216405196
0.05029342797874988
0.12873898327574784
0.062074721136823614
0.18056673570013126
0.17583518816068222
0.11746951352396835
0.16027297750038635
0.16027297750038635
0.262705517749438
0.16027297750038635
0.10910296200168536
0.05121350073244097
0.16027297750038635
0.16027297750038635
0.050988175716102174
0.22658595599468512
0.16027297750038635
0.16027297750038635
0.16027297750038635
0.08677628000888564
0.08327358417385662
0.10669366460421076
0.11836588863267002
0.13497166321296034
0.16027297750038635
0.16027297750038635
0.16027297750038635
0.16017645217283696
0.16027297750038635
0.04149362511736528
0.024061731809296834
0.16027297750038635
0.16027297750038635
0.16027297750038635
0.16027297750038635
0.11325942266479494
0.16027297750038635
0.19505067449742794
0.22082100348914085
0.16027297750038635
0.16027297750038635
0.16017645217283696
0.1148685080166785
0.07819143875926962
0.2551862192693203
0.16027297750038635
0.16027297750038635
0.12505894495119668
0.11959221152685451
0.06926991468219118
0.16027297750038635
0.054653196413078496
0.16027297750038635
0.12397164990334822
0.16027297750038635
0.11425592703220964
0.16027297750038635
0.05121350073244097
0.16027297750038635
0.16027297750038635
0.16027297750038635
0.16027297750038635
0.02998941259987855
0.04348630403236856
0.06995173218790338
0.16027297750038635
0.10781602116967519
0.16027297750038635
0.05476108008217463
0.08902189549041567
0.12371524788625153
0.11207667363875927
0.047772156362454105
0.16027297750038635
0.11538755328613098
0.16027297750038635
0.16027297750038635
0.16027297731318968
0.18354728069744805
0.13527391655312712
0.19118025791560278
0.16027297750038635
0.11860502947489204
0.16027297750038635
0.08249995765033914
0.16027297750038635
0.16027297750038635
0.16027297750038635
0.16027297750038635
0.16027297750038635
0.16027297750038635
0.16017645217283696
0.16027297750038635
0.16017645217283696
0.16027297750038635
0.16027297750038635
0.06343145184970553
0.07955684403754114
0.16027297750038635
0.06788582944726206
0.20514533494360315
0.07858693805960348
0.16027297750038635
0.038578202316643065
0.16027297750038635
0.03985479453953106
0.16027297750038635
0.19450255225148905
0.16027297750038635
0.12505894495119668
0.16027297750038635
0.09725499911931196
0.16027297750038635
0.07758783383825527
0.3299436318351834
0.16027297750038635
0.16027297750038635
0.05812963278144276
0.10573556826903865
0.10809004486695564
0.11368813223963106
0.16027297750038635
0.25101350680427426
0.13595260149955846
0.1609809439982433
0.16027297750038635
0.16768709968454135
0.16027297750038635
0.11899605731045061
0.16027297750038635
0.07377581019566343
0.11873483823668121
0.16027297750038635
0.04136111064687623
0.11932598949290171
0.16027297750038635
0.20137340599053707
0.13796719321748632
0.08883371900204037
0.16027297750038635
0.16027297750038635
0.16027297750038635
0.16027297750038635
0.16027297750038635
0.16027297750038635
0.16892684602035138
0.13374847286214825
0.163233898100725
0.16027297750038635
0.16027297750038635
0.13078923846616533
0.16027297750038635
0.16027297750038635
0.11666628837296222
0.16027297750038635
0.3215981987768854
0.16027297750038635
0.16027297750038635
0.16027297750038635
0.16027297750038635
0.16027297750038635
0.10654543443682522
0.0764200825103807
0.16027297750038635
0.16027297750038635
0.05227438364892262
0.16017645217283696
0.16017645217283696
0.16027297750038635
0.10680338949063548
0.1157307464323942
0.16027297750038635
0.16027297750038635
0.16027297750038635
0.16027297750038635
0.16027297750038635
0.059516407319564396
0.16027297750038635
0.16027297750038635
0.11788232406904993
0.11306968068046586
0.16017645217283696
0.14523913329552704
0.10026585524544919
0.10026585524544919
0.04272401934533547
0.1069448834314004
0.36697525160938815
0.16027297750038635
0.061534303224312144
0.16313010402793388
0.16027297750038635
0.16027297750038635
0.12771621410153988
0.06847968175844561
0.16027297750038635
0.12204611547907347
0.16027297750038635
0.16027297750038635
0.16027297750038635
0.16027297750038635
0.16027297750038635
0.21021582645036696
0.05619101428457624
0.16027297750038635
0.16027297750038635
0.08880188732272119
0.16027297750038635
0.10248782916515889
0.25653985930108136
0.15975890817762126
0.1586558266169993
0.3190291315347986
0.07287195884119392
0.15878045211282116
0.16027297750038635
0.13058985337587406
0.16027297750038635
0.16027297750038635
0.16027297750038635
0.16027297750038635
0.17472372416796061
0.16027297750038635
0.08295889217457836
0.26167342179094727
0.15063753577736727
0.17647827629892154
0.16027297750038635
0.0714903911525032
0.16027297750038635
0.10394521329622983
0.05791395332865427
0.16027297750038635
0.16027297750038635
0.16027297750038635
0.16027297750038635
0.07315784931771697
0.26960237527540254
0.16027297750038635
0.2541963045594872
0.17706677097248125
0.1531148938549833
0.08871739880591399
0.16027297750038635
0.15914080477566617
0.16027297750038635
0.10734737259201366
0.06574001755793356
0.16027297750038635
0.16027297750038635
0.08984904920352624
0.16027297750038635
0.14332306109116885
0.16027297750038635
0.12505894495119668
0.16027297750038635
0.16027297750038635
0.13230749493961136
0.16027297750038635
0.06769234376467287
0.16027297750038635
0.16027297750038635
0.16027297750038635
0.27048198789735817
0.13239218159108818
0.16027297750038635
0.16027297750038635
0.05575248818604705
0.16027297750038635
0.061920375827962754
0.16027297750038635
0.0620951777487544
0.1623220140155996
0.11957560632355071
0.16027297750038635
0.16027297750038635
0.16027297750038635
0.07090136377452419
0.09741469079437054
0.1502668853169385
0.10379878792084431
0.10733410477099627
0.16027297750038635
0.06486542593839761
0.16027297750038635
0.07330791899982576
0.16027297750038635
0.09191540261198818
0.08814126344310085
0.16003665652072613
0.12505894495119668
0.16027297750038635
0.05441129313624598
0.08966105724705543
0.10477070052902242
0.16027297750038635
0.10477070052902242
0.12109991353508665
0.23408826262617313
0.16169837092622305
0.16027297750038635
0.041182222854555646
0.05241531357043158
0.07085077491225393
0.12179142832298662
0.03521043812070317
0.13231050886755916
0.11845567037369897
0.16027297750038635
0.16027297750038635
0.16027297750038635
0.12224630245282175
0.046961129590398026
0.09784042233765983
0.08089347982403414
0.08153857321289507
0.08834709780581892
0.14722807819220907
0.16027297750038635
0.10880127225627056
0.2581131825077255
0.1602729776932777
0.16027297750038635
0.05850098191667787
0.059766497183801386
0.16027297750038635
0.15721839075916022
0.15560427777129954
0.16027297750038635
0.05121350073244097
0.09337853512367897
0.16027297750038635
0.08862964422358378
0.11639739470136799
0.16027297750038635
0.16027297750038635
0.11356767893929375
0.16027297750038635
0.16027297750038635
0.16027297750038635
0.16027297750038635
0.12488016958938518
0.16027297750038635
0.06688002573469151
0.14856893644443103
0.20356175946239993
0.11291722076582637
0.10024544343605643
0.0983933984437096
0.16027297750038635
0.16027297750038635
0.07625914579581407
0.16027297750038635
0.14127515183744493
0.05830804386721962
0.16027297750038635
0.18754695189616627
0.16027297750038635
0.07572152156675738
0.16027297750038635
0.10664156388118684
0.06363525575572969
0.16027297750038635
0.16027297750038635
0.04481032987010912
0.036667735739834686
0.16027297750038635
0.16027297750038635
0.16027297750038635
0.13800404967314733
0.11583848664986371
0.13393979938201037
0.04389033988686614
0.14775310520892462
0.09201201930880985
0.07897338922754639
0.16027297750038635
0.13935128899634322
0.05476108008217463
0.05192433063440534
0.16714975997449966
0.19749871312591874
0.16027297750038635
0.23596005545233162
0.038113273102735316
0.09372971399052245
0.11553561460804951
0.16027297750038635
0.052471903509513494
0.16027297750038635
0.0687288225178518
0.05702999841903237
0.16027297750038635
0.05443541853472304
0.16027297750038635
0.07096396136574408
0.16027297750038635
0.16027297750038635
0.10438191515035714
0.14049771800730393
0.17314793828723146
0.09235483084354087
0.05103857813233871
0.04656475607018587
0.12443142679921303
0.16027297750038635
0.2518430148908944
0.05345112993672842
0.05791984677102075
0.156531923163978
0.11497747780092771
0.16027297750038635
0.07835264751475007
0.16027297750038635
0.11500779648954826
0.10127964784012199
0.16027297750038635
0.08598477445013977
0.3215981987768854
0.06189422785520194
0.16027297750038635
0.16027297750038635
0.17902272028519478
0.06048859517394702
0.16027297750038635
0.11400115591503093
0.15248958926828124
0.16027297750038635
0.16027297750038635
0.12505894495119668
0.13048428373275894
0.16027297750038635
0.18171499469780703
0.11240731763711
0.16027297750038635
0.19453742132091845
0.06175364295815257
0.05121350073244097
0.16027297750038635
0.16027297750038635
0.14053962533905537
0.16027297750038635
0.16027297750038635
0.16027297750038635
0.16027297750038635
0.1126547382508665
0.16027297750038635
0.05632854878160852
0.0817449719938546
0.16027297750038635
0.16027297750038635
0.16027297750038635
0.3034880680291616
0.07770800652860353
0.061127937862671025
0.5335538482303823
0.06136423992725615
0.0752351572668757
0.05121350073244097
0.1355730342688975
0.16027297750038635
0.43070654349715704
0.1432230284475593
0.16027297750038635
0.08691754200493146
0.045426742721909594
0.06518212934629486
0.16027297750038635
0.16027297750038635
0.16027297750038635
0.41843334710793084
0.16027297750038635
0.2572219111066574
0.16027297750038635
0.10622962046285128
0.07993472352348886
0.08353762698059036
0.11434340767316074
0.09633202557728174
0.1069485054836294
0.06133033981856193
0.11685532985503193
0.16027297750038635
0.03914907313812764
0.15319880906566216
0.16027297750038635
0.29535646154071
0.16027297750038635
0.16027297750038635
0.10974195873426248
0.08073568598272063
0.15874606964639357
0.16027297750038635
0.16027297750038635
0.09468374504537372
0.059827928552695614
0.16027297750038635
0.04401680329034029
0.0512252626450166
0.16027297750038635
0.09607483101736257
0.14786481497470416
0.21663281855465955
0.12737796158768172
0.22082100348914085
0.35108304556910314
0.16027297750038635
0.05994661942393467
0.16027297750038635
0.0928533492137471
0.16017645217283696
0.1059126706386546
0.16027297750038635
0.16027297750038635
0.0599551471177025
0.16027297750038635
0.16027297750038635
0.16027297750038635
0.16027297750038635
0.16027297750038635
0.13252557816771704
0.06788860670286945
0.16027297750038635
0.09253964893757434
0.16027297750038635
0.16027297750038635
0.044603673484896064
0.16027297750038635
0.16027297750038635
0.16027297750038635
0.16027297750038635
0.16027297750038635
0.03987557404481032
0.05121350073244097
0.16027297750038635
0.19879978310614352
0.16027297750038635
0.07821874190984106
0.16027297750038635
0.16027297750038635
0.16027297750038635
0.16027297750038635
0.11992611008494117
0.16027297750038635
0.10319679485062261
0.04882545390194777
0.14623234478073843
0.03964959573648848
0.03175671600283088
0.16027297750038635
0.16027297750038635
0.16027297750038635
0.10797719399899537
0.16027297750038635
0.16027297750038635
0.18823081694566957
0.07288976870600997
0.16027297750038635
0.16027297750038635
0.16027297750038635
0.057943312193934234
0.13944917359713951
0.14192645303140314
0.16027297750038635
0.16027297750038635
0.14647761611488402
0.16027297750038635
0.10454055212467525
0.04675400383096748
0.08542242241389647
0.16027297750038635
0.1071958596139442
0.19012704052883236
0.16027297750038635
0.16027297750038635
0.16027297750038635
0.18344828334428212
0.16027297750038635
0.16027297750038635
0.047645979570144804
0.16027297750038635
0.16027297750038635
0.12620051854033776
0.05529970130425002
0.0831912845820876
0.16027297750038635
0.13331464858173658
0.16027297750038635
0.16027297750038635
0.16027297750038635
0.16027297750038635
0.16027297750038635
0.16027297750038635
0.16027297750038635
0.16027297750038635
0.16027297750038635
0.16027297750038635
0.16027297750038635
0.16027297750038635
0.16027297750038635
0.16027297750038635
0.16027297750038635
0.16027297750038635
0.16027297750038635
0.16027297750038635
0.16027297750038635
0.15609207228434135
0.16027297750038635
0.17623746725356945
0.14980684487831814
0.16027297750038635
0.05121350073244097
0.16027297750038635
0.16027297750038635
0.16027297750038635
0.1574604997173505
0.16027297750038635
0.1052872478726586
0.16027297750038635
0.16027297750038635
0.16027297750038635
0.16027297750038635
0.1467720496680083
0.14197449413623792
0.0599340022153669
0.16314234050605061
0.20730955308010557
0.06859087044241068
0.10632954231885901
0.19932687455737866
0.1293467059973732
0.16027297750038635
0.16027297750038635
0.14048027295285065
0.16027297750038635
0.16027297750038635
0.16027297750038635
0.16027297750038635
0.09235483084354087
0.2508954612673575
0.11494296948924854
0.09004055925728092
0.16027297750038635
0.16027297750038635
0.07419561551319842
0.16027297750038635
0.16027297750038635
0.16027297750038635
0.12072724375584755
0.16027297750038635
0.16027297750038635
0.12537772713066195
0.16027297750038635
0.16027297750038635
0.16027297750038635
0.16027297750038635
0.16027297750038635
0.16027297750038635
0.16027297750038635
0.16027297750038635
0.08265262927044795
0.16027297750038635
0.16027297750038635
0.1690358783058678
0.16027297750038635
0.16027297750038635
0.16027297750038635
0.5796461573867623
0.16027297750038635
0.16027297750038635
0.16027297750038635
0.16027297750038635
0.16027297750038635
0.16027297750038635
0.09617568865709128
0.16027297750038635
0.16027297750038635
0.16027297750038635
0.16027297750038635
0.16027297750038635
0.16027297750038635
0.1474297613778901
0.1783077902629625
0.1602729797814321
0.1602729797814321
0.16027297750038635
0.16027297750038635
0.16027297750038635
0.16027297750038635
0.16027297750038635
0.17630776207107957
0.12873690437419313
0.14377022919293567
0.142629708739754
0.11207667363875927
0.21909774586770284
0.3326108813533468
0.16027297750038635
0.02826067475178968
0.16027297750038635
0.16027297750038635
0.08216328968816551
0.07931440761689203
0.16027297750038635
0.16027297750038635
0.12505894495119668
0.05672078842262373
0.12505202958740044
0.16027297750038635
0.16027297750038635
0.16027297750038635
0.16027297750038635
0.16027297750038635
0.16027297750038635
0.16027297750038635
0.043381052106960694
0.16027297750038635
0.16027297750038635
0.2157574010007287
0.11732207969632512
0.16027297750038635
0.1840060263565399
0.05121350073244097
0.16027297750038635
0.08129482324765705
0.16027297750038635
0.16027297750038635
0.20757138243357817
0.08754505477853047
0.16027297750038635
0.08928821819692344
0.11728614201099835
0.16027297750038635
0.16027297750038635
0.04513279712788764
0.07278014870341726
0.05121350073244097
0.16027297750038635
0.1241091033299211
0.08623617322403446
0.06734621235010088
0.1125986421206928
0.10936800749919931
0.0472847110029536
0.2625228469758943
0.041979834547111836
0.10614675489579617
0.1689473000020035
0.16027297750038635
0.0787322973093141
0.051973807335988054
0.16027297750038635
0.15914080477566617
0.3099224490065643
0.13286916446916833
0.16027297750038635
0.08772003165731944
0.056938313196232736
0.16027297750038635
0.17235616167673595
0.16027297750038635
0.08841998236372954
0.16027297750038635
0.1602729797814321
0.127120473284079
0.12113675332020259
0.16027297750038635
0.16027297724759806
0.12617561650293813
0.06072812978417683
0.16027297750038635
0.16027297750038635
0.05607016490898405
0.04471024951517841
0.16027297750038635
0.16027297750038635
0.16027297750038635
0.16027297750038635
0.09667697675205883
0.16027297750038635
0.16027297750038635
0.16027297750038635
0.16027297750038635
0.16027297750038635
0.16027297750038635
0.16027297750038635
0.16027297750038635
0.16027297750038635
0.16027297750038635
0.16027297750038635
0.16027297750038635
0.16027297750038635
0.16027297750038635
0.16027297750038635
0.06313967683632384
0.08860489197346179
0.11428600270322156
0.14618966610578982
0.16027297750038635
0.09104610343834461
0.16027297750038635
0.08763665679526628
0.10153733389487454
0.16027297750038635
0.05905805570229732
0.16027297750038635
0.16027297750038635
0.16027297750038635
0.16027297750038635
0.1602729776932777
0.1382351676825774
0.16027297750038635
0.048857849279499925
0.08605630964706469
0.16027297750038635
0.16027297750038635
0.16027297750038635
0.15349231105646494
0.16027297750038635
0.056207306586660837
0.16027297750038635
0.07367206203117162
0.12255394779847847
0.0709217027192946
0.16027297750038635
0.08907529778905876
0.16027297750038635
0.08332392107594579
0.3409834696922045
0.06703295854168902
0.09006462305994006
0.08887138890144661
0.16027297750038635
0.05483743445113493
0.1337053236333672
0.08914627381741753
0.1287736625577535
0.16027297750038635
0.16027297750038635
0.04737988292347104
0.16027297750038635
0.04389724019025633
0.16027297750038635
0.08872148256488031
0.16027297750038635
0.16027297750038635
0.16027297750038635
0.16027297750038635
0.1531992877798564
0.16027297750038635
0.04297581291370322
0.10446959249606019
0.16027297750038635
0.09168135712204874
0.0430299247636762
0.06080008235627232
0.08625034630000075
0.07236072609145659
0.13927295526118352
0.16027297750038635
0.16027297750038635
0.16027297750038635
0.06044335116430964
0.16027297750038635
0.16027297750038635
0.026258791759967696
0.07589451811452831
0.11451768406119853
0.16027297750038635
0.16027297750038635
0.08820471263848462
0.16027297750038635
0.0942453438401617
0.16027297750038635
0.14695818445013661
0.10943464338897911
0.11918854178788317
0.16027297750038635
0.16027297750038635
0.09900888898602775
0.16027297750038635
0.16027297750038635
0.06270601774294585
0.09031237749473167
0.16027297750038635
0.16027297750038635
0.06921680363135015
0.11906352480032044
0.16552161985325614
0.16027297750038635
0.16027297750038635
0.16027297750038635
0.11207667363875927
0.16027297750038635
0.16027297750038635
0.05887093989647369
0.11728614201099835
0.16017645217283696
0.08727629334706076
0.16027297750038635
0.16027297750038635
0.06956332937776308
0.12389475120275784
0.030553385100737667
0.1769679489299395
0.10220409177771797
0.16027297750038635
0.16017645217283696
0.12505894495119668
0.1329012373683169
0.09098209285607414
0.08124788437779087
0.047322851907495106
0.11202336226120532
0.05358603182493632
0.1440181840059873
0.16027297750038635
0.05372199788339392
0.11896119135833066
0.1517361165825653
0.11838683294416232
0.26709367533328615
0.16027297750038635
0.07795214574095859
0.05984742449151052
0.04874647727816389
0.14302160555100407
0.16027297750038635
0.08830011550756069
0.04395290063562342
0.3051534621415736
0.13306756188571753
0.10428527445948009
0.05823826215096374
0.16027297750038635
0.07655383254345421
0.0682292413981404
0.03963911216761995
0.16027297750038635
0.06990018768889099
0.04660754077742777
0.22060594836659714
0.16027297750038635
0.1810568674331415
0.112251781385226
0.16027297750038635
0.12553858339868704
0.09736026426078333
0.0620565252900526
0.14242467674018944
0.1047150753524382
0.02966295146584011
0.11728614201099835
0.15118415756433357
0.1891765899167789
0.16027297750038635
0.11916586338985699
0.05121350073244097
0.17597770379876304
0.16027297750038635
0.16027297750038635
0.05176502289720819
0.09970548949587445
0.16027297750038635
0.16027297750038635
0.16027297750038635
0.1587059691821116
0.16027297750038635
0.28001656516648715
0.16027297750038635
0.16027297750038635
0.23693016988782883
0.16027297750038635
0.16027297750038635
0.11467768717702612
0.12330627967612291
0.16027297750038635
0.16027297750038635
0.16027297750038635
0.06401598410010169
0.10280557467008469
0.16027297750038635
0.1294858402672184
0.08542284001010192
0.16027297750038635
0.11442151413457168
0.08139397028227015
0.16027297750038635
0.16027297750038635
0.0931528107521444
0.10680338949063548
0.1999955107200688
0.16027297750038635
0.16027297750038635
0.13297172182538
0.11879536910037632
0.16027297750038635
0.04401680329034029
0.16027297750038635
0.16027297750038635
0.16027297750038635
0.0952578881116904
0.16027297750038635
0.09098348755053579
0.16027297750038635
0.16027297750038635
0.12505894495119668
0.16027297750038635
0.10024544343605643
0.1328565512921775
0.21904211442876032
0.16027297750038635
0.07378429175092772
0.1540734269641461
0.0921968075256247
0.14439810109357246
0.10546770057782473
0.07701209693997595
0.16027297750038635
0.06789011501923584
0.10680338949063548
0.16027297750038635
0.16027297750038635
0.06996356802453067
0.16027297750038635
0.1324023633616144
0.16027297750038635
0.16027297750038635
0.09393046141704
0.07391407946397535
0.16027297750038635
0.08740024073241325
0.06648654418901506
0.16027297750038635
0.16027297750038635
0.16419047533150766
0.16027297750038635
0.05612880112980598
0.16027297750038635
0.16027297750038635
0.16027297750038635
0.15914080477566617
0.16027297750038635
0.16027297750038635
0.08116148846638306
0.13067909511593465
0.05121350073244097
0.17334571255766856
0.16027297750038635
0.0737035670631958
0.16027297750038635
0.16027297750038635
0.16027297750038635
0.11081725364190455
0.05121350073244097
0.05121350073244097
0.16027297750038635
0.16027297750038635
0.09528456087195886
0.08206681255702879
0.06842082010785366
0.16027297750038635
0.16027297750038635
0.16027297750038635
0.16027297750038635
0.16027297750038635
0.16027297750038635
0.02654791180076013
0.036955904988712346
0.05121350073244097
0.07873525811191576
0.06095462251411323
0.16027297750038635
0.12263508773561851
0.12106158195415295
0.16027297750038635
0.16027297750038635
0.15319325678867923
0.27267462253765157
0.22082100348914085
0.07543561871626142
0.12320205957648142
0.16027297750038635
0.08307887606812416
0.1604317733446226
0.16027297750038635
0.13087658543151506
0.12446348859899709
0.16027297750038635
0.15077562186750326
0.16027297750038635
0.16027297750038635
0.09948964335622515
0.09392059029993849
0.16027297750038635
0.07776170621470689
0.08668207509223286
0.09719067701835957
0.12365435848808508
0.14654822946692217
0.0650631793512062
0.06816666037282372
0.16027297750038635
0.11137851532841093
0.16027297750038635
0.09207650812321316
0.06812784984790013
0.08733307819491597
0.16027297750038635
0.07748064925568597
0.0912265827296549
0.16027297750038635
0.16027297750038635
0.16027297750038635
0.048957231996906325
0.05286946765802031
0.16027297750038635
0.1362483251074056
0.05222637926906194
0.1280794192885615
0.16027297750038635
0.16027297750038635
0.07326130790863879
0.16027297750038635
0.16027297750038635
0.19950486453238103
0.16027297750038635
0.1157307464323942
0.26266181723415477
0.16027297750038635
0.16027297750038635
0.2016067741858948
0.07230847685745755
0.16027297750038635
0.07688561142621296
0.060142789429521316
0.16027297750038635
0.16027297750038635
0.16027297750038635
0.2080448822317101
0.28334811365066903
0.16027297750038635
0.16027297750038635
0.16027297750038635
0.09913717233078666
0.13893677600140045
0.18448991702617282
0.08220207488760124
0.16017645217283696
0.16027297750038635
0.16027297750038635
0.16027297750038635
0.10146821624631576
0.05771634801942269
0.06517052256347096
0.10862136645725878
0.16027297750038635
0.16027297750038635
0.06076408505869339
0.16027297750038635
0.09220161555666302
0.16027297750038635
0.09887638968356222
0.033884615064550164
0.3036621386830108
0.10618235496284169
0.11728614201099835
0.17887373459657838
0.12198157609185281
0.16027297750038635
0.16027297750038635
0.0798080186350474
0.15928829537751493
0.16027297750038635
0.16027297750038635
0.16027297750038635
0.09267192613807923
0.14648772129424714
0.16027297750038635
0.16027297750038635
0.16027297750038635
0.16332553238751246
0.16027297750038635
0.12864569507704246
0.10884474572410786
0.12537004180573866
0.11299976134993768
0.13195018498183228
0.09538644957192509
0.16027297750038635
0.10223286033748709
0.16027297750038635
0.1119908533211991
0.15004329921274834
0.16027297750038635
0.1668528837226415
0.06027374191336648
0.08237223998911901
0.1602729776932777
0.044597158607617995
0.06885487151262933
0.1727338827131773
0.05980309175280464
0.20130349217332288
0.16027297750038635
0.16027297750038635
0.16027297750038635
0.059897021300896205
0.20838605063722923
0.24877887767577817
0.1244052998614921
0.21763444375224686
0.05121350073244097
0.10727217312715817
0.16027297750038635
0.06815369216124723
0.061127418530780346
0.14938294656534318
0.132337972181012
0.11762844983334575
0.08518973145190079
0.12505894495119668
0.13480096085320173
0.09316277084804811
0.08325759155489089
0.13066354701908733
0.04401680329034029
0.12505894495119668
0.16027297750038635
0.05121350073244097
0.0978449426031793
0.16027297750038635
0.168452829138242
0.1726044202667542
0.07526682509616263
0.16027297750038635
0.20288571489471946
0.1217568537836119
0.16027297750038635
0.11594757178257134
0.25956759092192666
0.16027297750038635
0.16027297664369924
0.16027297750038635
0.29587036215404766
0.03510233397516631
0.16027297750038635
0.054553464022312634
0.17612409659344427
0.07224774904079032
0.16425915139173938
0.16027297750038635
0.09685476402979264
0.16027297750038635
0.16027297750038635
0.06250800801581369
0.16027297750038635
0.16027297750038635
0.16027297750038635
0.16027297750038635
0.16027297750038635
0.06787088972202737
0.14257817405040063
0.0824287282391656
0.16027297750038635
0.16027297750038635
0.16027297750038635
0.08393349429457762
0.16027297750038635
0.16027297750038635
0.16027297750038635
0.16027297750038635
0.11542134825721438
0.18128649662797808
0.05679133146576646
0.16027297750038635
0.08663621786852224
0.16027297750038635
0.12383789575588695
0.16027297750038635
0.1498822266972058
0.0628501196470256
0.16027297750038635
0.16027297750038635
0.16027297750038635
0.16027297750038635
0.2191399928535243
0.16027297750038635
0.0870961778736788
0.08964367902356683
0.16027297750038635
0.054229633526748505
0.09571073512707394
0.16027297750038635
0.16027297750038635
0.16027297750038635
0.16027297750038635
0.16027297750038635
0.26751536590741365
0.07827591325747847
0.09071168619034907
0.18308708609435886
0.16027297750038635
0.16027297750038635
0.16027297750038635
0.05103857813233871
0.16027297750038635
0.16027297750038635
0.16027297750038635
0.15886536628552347
0.12344006483026872
0.196734358137337
0.10680338949063548
0.0684520153081231
0.10827400150455224
0.18095681942360095
0.18077772125785296
0.05121350073244097
0.10096167683505723
0.16027297750038635
0.10706314986693528
0.16027297750038635
0.10171611171510946
0.10290769125781841
0.09209736780426352
0.12869106237092753
0.20838633710827906
0.07038213581343282
0.15238795855206835
0.06721060032768437
0.16027297750038635
0.05121350073244097
0.12443142679921303
0.21379070382124943
0.16027297750038635
0.1563795155152154
0.16027297750038635
0.06808407601956905
0.0536389875230066
0.042447327172107065
0.16027297750038635
0.22082100348914085
0.16027297750038635
0.16027297750038635
0.16027297750038635
0.06589018828414313
0.16027297750038635
0.0811502756041574
0.1521000860680488
0.21141964642624356
0.1528899156836497
0.16027297750038635
0.10614675489579617
0.16027297750038635
0.1665735497799317
0.07243661900610619
0.16027297750038635
0.16027297750038635
0.11793725052990287
0.16027297750038635
0.16027297750038635
0.11082206925872835
0.09994691723091717
0.10387809047422895
0.07662643490167875
0.052419540429164364
0.16027297750038635
0.16027297750038635
0.056455452633286954
0.05250088117865699
0.08642582938602261
0.16027297750038635
0.1516335086460445
0.16027297750038635
0.16027297750038635
0.11577759717331591
0.13187389546900602
0.18806883593535895
0.18820576952917403
0.16027297664369924
0.12133331885807125
0.16027297750038635
0.16027297750038635
0.16027297750038635
0.12195215823881293
0.16027297750038635
0.16027297750038635
0.16027297750038635
0.05588230965169376
0.09193595178720664
0.01749638369672976
0.16027297750038635
0.13161564257239083
0.13330512599291142
0.12505894495119668
0.06797494343269912
0.19374240251257357
0.15124790571782182
0.09446160931064627
0.09693594062037145
0.1408674159400778
0.16027297750038635
0.16027297750038635
0.12111485445794885
0.16027297750038635
0.11036657785049882
0.06717427809670254
0.16027297750038635
0.1602729776932777
0.05230135891959427
0.16027297750038635
0.09228485234641495
0.16027297750038635
0.16027297750038635
0.16027297750038635
0.16027297750038635
0.16027297664369924
0.16027297750038635
0.09687845991706928
0.16027297750038635
0.28634539507679324
0.1196017499137806
0.10673164312042573
0.16173698924284902
0.22082100348914085
0.10221138989681329
0.16027297750038635
0.12491024573170223
0.16027297750038635
0.14118088953315364
0.16027297750038635
0.15078423214448677
0.16027297750038635
0.10680338949063548
0.11310206230157727
0.16027297750038635
0.16027297750038635
0.16027297750038635
0.08638694187818009
0.03275968856855826
0.06143852045253474
0.16027297750038635
0.17405926861498155
0.16027297750038635
0.14076411367287822
0.21544663221207888
0.10294308094438095
0.16027297750038635
0.16027297750038635
0.16027297750038635
0.1022339160236953
0.07365935935628953
0.16027297750038635
0.16027297750038635
0.16027297750038635
0.11731098889725061
0.12505894495119668
0.16027297750038635
0.15612774773655003
0.14027821991166872
0.06597066495617246
0.1178574843572888
0.16027297750038635
0.13203584285564102
0.04040500862732546
0.12506336794676054
0.16027297750038635
0.16027297750038635
0.16017645217283696
0.16027297750038635
0.16027297750038635
0.08062779340084732
0.0736357885982723
0.11563379280746358
0.13475852815023953
0.16027297750038635
0.06894627209286315
0.11020733751669487
0.12473247930240962
0.15914080477566617
0.16027297750038635
0.10374374599938678
0.11642165931386238
0.16713260920325648
0.16027297750038635
0.16027297750038635
0.14249300684656452
0.0394295105860577
0.07143269968595527
0.37327431462388216
0.16027297750038635
0.16027297750038635
0.16027297750038635
0.16027297750038635
0.06253201834714878
0.16027297750038635
0.09014686839335874
0.21047310719566648
0.16027297750038635
0.16027297750038635
0.16027297750038635
0.16027297750038635
0.08229615627585395
0.1862244690905531
0.16027297750038635
0.11434576952974176
0.16027297750038635
0.10714472259689668
0.16027297750038635
0.16027297750038635
0.16027297750038635
0.16027297750038635
0.06654869558643679
0.16027297750038635
0.16027297750038635
0.16027297750038635
0.05610456465632462
0.15778594818852373
0.17102485945688137
0.16027297750038635
0.14942212532426058
0.16027297750038635
0.15523329670087657
0.05121350073244097
0.16027297750038635
0.11605459691157188
0.1590016497581247
0.16027297750038635
0.12286819506789687
0.16027297750038635
0.12505894495119668
0.16027297750038635
0.06466189211661656
0.16027297750038635
0.09317201545641081
0.16027297750038635
0.16027297750038635
0.07416192564782342
0.09794274298304993
0.16027297750038635
0.09412543145256067
0.16027297750038635
0.16027297750038635
0.11069064116962025
0.16027297750038635
0.14648772129424714
0.14510504256255985
0.16027297750038635
0.16027297750038635
0.11207667363875927
0.1952017826922409
0.06271983553814471
0.16027297750038635
0.13145875375298377
0.1408301589847788
0.16027297750038635
0.1224353190987258
0.07122658939846532
0.20401060927783266
0.10423854567032632
0.1315978107207263
0.16027297750038635
0.07396116908097293
0.48137741513552984
0.16027297750038635
0.18888727935747057
0.16027297750038635
0.20100267488555307
0.16027297750038635
0.16027297750038635
0.16027297750038635
0.1623982347320978
0.1447064786034617
0.15914662905891624
0.11231345100109501
0.12455201163216671
0.030954181741144886
0.0526439676191608
0.13044276033315677
0.16017645217283696
0.16027297750038635
0.21227845939253995
0.14514932985432605
0.11728614201099835
0.08673296497658751
0.12505894495119668
0.06352490387155306
0.16027297750038635
0.0978681526249092
0.11225525992414644
0.06010115301700114
0.15629418437068324
0.12248565706509848
0.058685677852725056
0.16027297750038635
0.07025642361506819
0.11348609121826232
0.09608490833239032
0.16027297750038635
0.1108309490590446
0.20690309693970318
0.16027297750038635
0.06206207873333877
0.21917177318339126
0.16027297750038635
0.16027297750038635
0.16027297750038635
0.16027297750038635
0.16027297750038635
0.16027297750038635
0.16027297750038635
0.07806351467440073
0.16374268545115836
0.16027297750038635
0.16027297750038635
0.16027297750038635
0.1134214966439326
0.08331860861214158
0.2347862394792229
0.16027297750038635
0.16027297750038635
0.17082693202794857
0.04479383654026423
0.16027297750038635
0.16027297750038635
0.2171600064492237
0.12830490079493018
0.04632236803800849
0.06492128207366181
0.12500531454164995
0.12322855670421355
0.058981043097454486
0.06978403022398477
0.060214761835091044
0.08508144500431546
0.11585796404529539
0.08890964818621495
0.10673040650244843
0.05222637926906194
0.22082100348914085
0.06685085888210324
0.16027297750038635
0.09617568865709128
0.12437640810934555
0.12113698106846568
0.16027297750038635
0.16027297750038635
0.1791867939954257
0.13488744958780904
0.08655027810015974
0.16027297750038635
0.05716096415162637
0.16027297750038635
0.25448675961900824
0.16947394443304123
0.16027297750038635
0.05893287579824323
0.18535870987356468
0.06192319712232149
0.037871874206155995
0.05000330568768328
0.15746142244502792
0.051087559125409535
0.1306386754061796
0.0875567839835689
0.19219151768752962
0.16211386089795535
0.15142116470477235
0.16027297750038635
0.16027297750038635
0.16027297750038635
0.16027297750038635
0.061528164691853036
0.16027297750038635
0.11563529899805046
0.06551109025927698
0.17569972628188787
0.16027297750038635
0.29229380381248155
0.16027297750038635
0.16027297750038635
0.16027297750038635
0.16027297750038635
0.35607935936324303
0.044798626892989676
0.16027297750038635
0.05960144993873487
0.08937108334688952
0.07148821425337203
0.08352023698905812
0.08619461245478557
0.16027297750038635
0.16027297750038635
0.12681307300827158
0.16027297750038635
0.1931630773812079
0.16027297750038635
0.16027297750038635
0.14913490612008332
0.09097926641202975
0.10316932356386445
0.16027297750038635
0.0943108270505145
0.13355572011898817
0.09210984493226579
0.08282228090587622
0.11506361037438627
0.06074458612488497
0.16027297750038635
0.15390504959804094
0.2546285739750891
0.16027297750038635
0.16027297750038635
0.16027297750038635
0.100822029527672
0.05121350073244097
0.16027297750038635
0.16027297750038635
0.12173885313289828
0.1182358109739245
0.06758628302940026
0.16027297750038635
0.15567516716032032
0.10261821057753757
0.07274779295278264
0.16027297750038635
0.16027297750038635
0.16027297750038635
0.06068340144093872
0.10872947287761534
0.1132965917390858
0.16027297750038635
0.06100176315045674
0.16027297750038635
0.13333923002585385
0.10405037586339679
0.060296481946466335
0.16027297750038635
0.16027297750038635
0.25538395401905595
0.16027297750038635
0.053970876628993546
0.05651330121189771
0.16027297750038635
0.16027297750038635
0.20177290802602676
0.16027297750038635
0.06704092502448518
0.16027297750038635
0.2087447862535429
0.16027297750038635
0.16027297750038635
0.16027297750038635
0.16027297750038635
0.16027297750038635
0.04289559908279012
0.1562768500435512
0.16027297750038635
0.16567789660500412
0.16027297750038635
0.10614675489579617
0.11226141667983378
0.16027297750038635
0.1602729776932777
0.13911040769282385
0.05121350073244097
0.07212192671809427
0.32314424236128303
0.22001382034845837
0.2079989186399428
0.148571215990241
0.1718483746713798
0.16027297750038635
0.11031993324177149
0.09193987329681542
0.16027297750038635
0.12505894495119668
0.16027297750038635
0.1390106231029899
0.07888367837860352
0.16027297750038635
0.13559418143878335
0.12774749780629396
0.06768559140917978
0.16027297750038635
0.11122719300941437
0.19220971906336412
0.09959700792090143
0.05121350073244097
0.16027297750038635
0.11207667363875927
0.16027297750038635
0.1475627238429473
0.11850846968111813
0.16027297750038635
0.11207667363875927
0.16027297750038635
0.1256706992373978
0.12313296193311825
0.06876988462557895
0.06037520214066979
0.12460470537022146
0.1684683037331981
0.08958147815928193
0.11728614201099835
0.16027297750038635
0.06025019014084484
0.059160281217630055
0.2115528726852381
0.06469848197957907
0.09617568865709128
0.01991507911500452
0.10665219220412424
0.10323553784593731
0.08886130984642954
0.05121350073244097
0.16027297750038635
0.12334637176090774
0.05745528275568933
0.13954016805919106
0.05668023248168313
0.16027297750038635
0.16027297750038635
0.16027297750038635
0.21156184419993154
0.16027297750038635
0.11970253141977119
0.16027297750038635
0.13374451731650627
0.19167429748384485
0.16027297750038635
0.16027297750038635
0.04978590515200055
0.11974254761852167
0.09186399966890185
0.08576014788634771
0.11728614201099835
0.16027297750038635
0.11728614201099835
0.16027297750038635
0.16027297750038635
0.06130778925467964
0.16027297750038635
0.15073383910957852
0.1082859329792331
0.16027297750038635
0.13089911671877777
0.16027297750038635
0.16027297750038635
0.16017645217283696
0.16027297750038635
0.16027297750038635
0.1032143812054677
0.16027297750038635
0.16027297750038635
0.09235483084354087
0.23593625745386704
0.16027297750038635
0.16027297750038635
0.06202012705031894
0.0815779559456202
0.16027297750038635
0.0801727638155726
0.16027297750038635
0.16027297750038635
0.18199350690588115
0.16017645217283696
0.07082386344711768
0.16027297750038635
0.16027297750038635
0.059495488638433985
0.1131284037469388
0.04573278847748089
0.059381860359959765
0.16027297750038635
0.16027297750038635
0.16027297750038635
0.16027297750038635
0.047326333985682166
0.08618466348216929
0.03498991187088636
0.16198352297330273
0.09541427656748079
0.16027297750038635
0.18711249233699762
0.05121350073244097
0.15253100469450356
0.11725716702272082
0.13405501981720433
0.05530101046102524
0.1054117742527469
0.07527705478560258
0.02470831324916905
0.08854661631643994
0.16027297750038635
0.16027297750038635
0.16027297750038635
0.09708879159342973
0.22251413849170865
0.16027297750038635
0.10228292345027008
0.12497763098314522
0.16027297750038635
0.1565426060948188
0.16027297750038635
0.16027297750038635
0.16027297750038635
0.16027297750038635
0.16027297750038635
0.16027297750038635
0.0613724337851899
0.18024032874282828
0.07151925954473934
0.09837167649908404
0.13663893643285907
0.1686242902209886
0.10158060633919755
0.14606600051472338
0.08937402678428087
0.08113289015853033
0.06293629889536186
0.16027297750038635
0.16027297750038635
0.017691745231864918
0.16027297750038635
0.16027297750038635
0.051413904560887555
0.09375999476401434
0.06888308166777564
0.16027297750038635
0.14744678729704372
0.15111043590148085
0.12605863960971006
0.05206216664525807
0.16027297750038635
0.16027297750038635
0.12948100283291614
0.16027297750038635
0.12505894495119668
0.02962015517074108
0.16027297750038635
0.046179233192459174
0.16027297750038635
0.12598081610582373
0.060879731982188684
0.1619333629484
0.16027297750038635
0.16027297750038635
0.06023908450905851
0.031146448453456585
0.15751050736877883
0.16027297750038635
0.16027297750038635
0.16027297750038635
0.03930748380018986
0.16027297750038635
0.16027297750038635
0.16027297750038635
0.16027297750038635
0.20592442836069438
0.19527162628363076
0.16027297750038635
0.16027297750038635
0.16027297750038635
0.036802463374783816
0.16027297750038635
0.1958039304373974
0.16027297750038635
0.16027297750038635
0.16027297750038635
0.16027297750038635
0.16027297750038635
0.16027297750038635
0.033591832734586595
0.06175364295815257
0.16027297750038635
0.176183856967753
0.1602729797814321
0.22082100348914085
0.0404418964658003
0.16027297750038635
0.16027297750038635
0.09723512997002687
0.2336224995677113
0.1249758147434055
0.16027297750038635
0.16017645217283696
0.16027297750038635
0.1106029280782292
0.16027297750038635
0.08558931583265363
0.16027297750038635
0.16027297750038635
0.0878385776075045
0.16027297750038635
0.09468162942968866
0.05121350073244097
0.16027297750038635
0.057194172453070374
0.16027297750038635
0.2260778038204175
0.16027297750038635
0.16027297750038635
0.12505894495119668
0.05121350073244097
0.16027297750038635
0.11221609807620475
0.21907765522839273
0.16027297750038635
0.27959675054083705
0.16027297750038635
0.11410222625069243
0.11500779648954826
0.16027297750038635
0.16027297750038635
0.0776850896811216
0.1369245399584089
0.1285207041769587
0.10142443108024855
0.10773057030568858
0.16027297750038635
0.1838476523089376
0.04381309105759582
0.16027297750038635
0.23489008522273414
0.17014194295228827
0.1263696073670891
0.16027297750038635
0.16027297750038635
0.08807216179505756
0.08947612519286709
0.16027297750038635
0.16027297750038635
0.23660748102037918
0.1007801716118043
0.16027297750038635
0.12543218401332498
0.0974459277514451
0.1695658829064633
0.07025281594456888
0.06444610078915931
0.16027297750038635
0.16027297750038635
0.16027297730165846
0.16027297750038635
0.16027297750038635
0.15845491439086704
0.16027297750038635
0.14839091671186413
0.16027297750038635
0.457791641710884
0.056900132967936
0.16027297750038635
0.16027297750038635
0.16027297750038635
0.13315852967813266
0.022658817778298215
0.09855390533523817
0.2463613035946576
0.06392701911989415
0.07903917465291001
0.05619101428457624
0.16027297750038635
0.15552409888099852
0.16027297750038635
0.16027297750038635
0.16027297750038635
0.16027297750038635
0.04973500294802301
0.14571163527427536
0.16027297750038635
0.061744698798613044
0.16027297750038635
0.10888640427999764
0.09070807480749807
0.16027297750038635
0.3215981987768854
0.16027297750038635
0.12915449698253056
0.16027297750038635
0.15969346761486616
0.16027297750038635
0.16027297750038635
0.16027297750038635
0.16027297750038635
0.16027297750038635
0.16027297750038635
0.11578549492306306
0.10127751591020033
0.16027297750038635
0.15908082736798462
0.13095412984540508
0.1668133271737853
0.07103419858141345
0.16027297750038635
0.10927484570053674
0.16027297750038635
0.15134920696425014
0.2539404320419998
0.16027297750038635
0.16027297750038635
0.12505894495119668
0.16027297750038635
0.28902205296575284
0.16027297664369924
0.1772368057328634
0.17631188672293757
0.08722661932264873
0.16027297750038635
0.1321568404521216
0.056936784200641175
0.4329403886440778
0.07176811485274597
0.2558077748127201
0.16027297750038635
0.16027297750038635
0.11836636257385362
0.16027297750038635
0.21797248818248385
0.10564536078431798
0.058226813358375096
0.09567902957703583
0.12990536180988904
0.20992818656763326
0.11645533299579994
0.16027297750038635
0.16027297750038635
0.03187848487254055
0.16027297750038635
0.1624603098108422
0.16027297750038635
0.05717771639091053
0.16027297750038635
0.16027297750038635
0.16027297750038635
0.16027297750038635
0.16027297750038635
0.1947223851616779
0.16027297750038635
0.16017645217283696
0.22082100348914085
0.1915779352593418
0.16027297750038635
0.1395005498463929
0.13671937699060768
0.16027297750038635
0.1574483698993989
0.16027297750038635
0.16027297750038635
0.17661001981310764
0.06930934650987465
0.1252083302911165
0.15519615421771238
0.17133744011341984
0.15662718819223054
0.02167046006764516
0.16027297750038635
0.14907174332065587
0.04053157593780144
0.08108210611082355
0.209744942576935
0.16027297750038635
0.2424671695271307
0.16027297750038635
0.050602781370149647
0.07972330005510127
0.16027297750038635
0.16027297750038635
0.12505894495119668
0.37883099708510126
0.16027297750038635
0.028227738579928285
0.16027297750038635
0.10203028975789823
0.23229729984004494
0.33156964431739233
0.16027297750038635
0.05121350073244097
0.16027297750038635
0.12515414320389534
0.13766313938780247
0.16027297750038635
0.05641222886202752
0.16027297750038635
0.16027297750038635
0.07491939073026888
0.16027297750038635
0.08039550232649442
0.16027297750038635
0.16027297750038635
0.07707367387692783
0.16027297750038635
0.19482272623388858
0.10993365618966469
0.05121350073244097
0.16027297750038635
0.16027297750038635
0.10822672383125517
0.05597029411780476
0.04747912986500972
0.16027297750038635
0.16027297750038635
0.1019151268473403
0.025617484465089577
0.05423406300585061
0.34724437293927574
0.12505894495119668
0.13599220329562184
0.16027297750038635
0.19192468117847786
0.16017645217283696
0.16027297750038635
0.16027297750038635
0.16027297750038635
0.16027297750038635
0.16027297750038635
0.16027297750038635
0.12505894495119668
0.16027297750038635
0.17668819582698522
0.1358427449607884
0.10752662590357036
0.0977914988992719
0.12117235061744269
0.1602729776932777
0.11728614201099835
0.20859218934847198
0.15966593783560262
0.07254433287474349
0.16027297750038635
0.16027297750038635
0.13910943846558824
0.0936340720400394
0.04401680329034029
0.16027297750038635
0.16027297750038635
0.16027297750038635
0.16027297750038635
