0.2082792487790575
0.1612621355715044
0.16870977608341237
0.18402258504517044
0.14704449429420346
0.17675987537706495
0.1795346970962404
0.15978453599464135
0.17158027689814104
0.1409162872716346
0.15401229038966682
0.1666803563856996
0.16941736381828168
0.1795618634808077
0.1337625627399237
0.16391507111977013
0.1452489103762956
0.2151379303748165
0.17305245990056586
0.15285190541171506
0.1426503699027102
0.19406749308476656
0.17956852059702727
0.22690538565700616
0.24217816756852567
0.20265665885752351
0.18039134958697353
0.14428603177411994
0.12471178924764693
0.1679231183950818
0.18141238978718027
0.1621860984813002
0.16606481245539897
0.16177078053445867
0.1536435834186828
0.15090788416111695
0.15252458168650082
0.16578357655922976
0.15923151023385979
0.167676452972241
0.15678453311281765
0.1514423573233853
0.1522736428457654
0.16872532292433443
0.14887810962504872
0.1456232641997735
0.17231554482122913
0.14824963179324271
0.1709935120442636
0.15895360202967262
0.15874672267312204
0.1960756819136156
0.15137986196085182
0.15516698384613392
0.16843116972619704
0.1593219884145008
0.15147217275773836
0.14767530005945242
0.14895491415660353
0.1417103180407821
0.16689722586811442
0.17282641500534984
0.15548158875990345
0.14710730351427312
0.16967801863168883
0.1515633056292908
0.14733116012109118
0.1681239731047955
0.18034441763033485
0.20427837199305027
0.16486888951245315
0.1478282199660383
0.15524656368401937
0.1591404972512659
0.1572097456701064
0.16756430243788115
0.1856276168372707
0.14931976158256127
0.1727028599081615
0.21117498660360112
0.1483381368347334
0.1671032606351691
0.17006514989638422
0.1732749935432428
0.16194505735934495
0.13021570084746356
0.14727926032468422
0.15116582826191124
0.20980610312626452
0.17961072108383638
0.18619871705579535
0.17212179879837622
0.17053298194509767
0.15314667278788208
0.17225482393969543
0.18895698258584182
0.16556565971238818
0.17560861216620535
0.16837405314338574
0.1478645317170426
0.15489293767688214
0.15012587611319958
0.15733751481595812
0.1747891179590294
0.15742000308069612
0.17353386317927685
0.15728467549046307
0.15549346424832292
0.1562495129269493
0.149702005422005
0.20203190305558694
0.17108994215927556
0.15187435517463677
0.15594867174657573
0.15428943364951317
0.18368512020136038
0.17719158150384395
0.15185911813694333
0.143447170172303
0.14145759318806037
0.13592114721514864
0.1870073187869989
0.20508732596131618
0.1598042737441495
0.16019388364626244
0.15315502691458144
0.16676269494511234
0.16860780905043612
0.15623631351350156
0.14649909904868896
0.16151455928573324
0.20635530781848274
0.1517321880204111
0.205625873332244
0.16185321567703015
0.20039164349527303
0.1637245808366035
0.16146551632510556
0.1573274785739293
0.165028301625049
0.1740474152498445
0.16201801990945358
0.15984804469517322
0.15550695616338842
0.22628199539125865
0.17800903612711297
0.1708862807124466
0.22764071317277393
0.16024757458561553
0.1454147070459238
0.178199472319063
0.18640314627558688
0.1748373364787727
0.16128848048765035
0.16443521997512242
0.14097413230158826
0.15880050869086962
0.1907038565554788
0.1788565160923115
0.1617233068776477
0.17380596437076754
0.15757442020301332
0.20098966896663278
0.1793073121632213
0.15970897043559418
0.16441365786900586
0.18392661557245982
0.15634714184107354
0.1671353605737409
0.1422304237716652
0.15066010974800423
0.14680895338667
0.1758562444023571
0.19319326477633408
0.15040810642001248
0.16302298048188646
0.17941130529503446
0.16106317263913017
0.1654537852750899
0.16463433411383765
0.16542299879026517
0.15705781802545923
0.1571052351428766
0.17923097991766956
0.15479619246949117
0.17284667590807304
0.18126296714728862
0.164630988268413
0.1860794644647466
0.17061197431295475
0.2032225393235314
0.15691023495485482
0.1874181331059064
0.18583812676260816
0.11927738199117073
0.15225765584912818
0.1610584019249236
0.1682624609225611
0.17215060864174908
0.14736192618319816
0.1648406077707876
0.17775114072710124
0.16518088373730763
0.1553032141866499
0.1597691165893965
0.17392302943682275
0.1983260011923695
0.15791254192014395
0.13962955263811716
0.16193233017549308
0.15214917179332724
0.2293202223820702
0.17569635535300202
0.161288896496413
0.1816197779096788
0.17507315555101513
0.15447758071207207
0.15186204981902815
0.1318838182329353
0.16059239580691198
0.15260820528466407
0.16117736829354634
0.151555873781314
0.20070434143506496
0.19478517594855987
0.1712632927722091
0.21464033687204068
0.17057728237972947
0.15878514337089134
0.15501343095726375
0.15271983279330187
0.1529713522896392
0.16524689271459375
0.1670659438392585
0.1882299397172691
0.16986104771785054
0.16982910669300813
0.17581910943800638
0.17287997241189382
0.15718697107583582
0.1706852608044913
0.16808705694534212
0.12438220597777805
0.14988234692091448
0.1578118773893002
0.16209838795499992
0.17147831001686215
0.17377963372382663
0.17400440648360924
0.19569641844883587
0.15437017215724633
0.1533951700426884
0.1677140424537471
0.15616982765078996
0.15006228342245437
0.16710729983090988
0.16109638723768166
0.15066814769401973
0.17204065344957833
0.19333495284216556
0.17694992439543616
0.14630505032268684
0.19633654369124737
0.16953647198648106
0.2011707774261056
0.1590316249893905
0.19324587132507823
0.14612585561450447
0.1505800221223536
0.17762742789551036
0.17105309027435797
0.15531907525431596
0.16056124626996848
0.13974814948842526
0.14686842780977125
0.18975228694535007
0.1594611057028809
0.1546176265606614
0.16622390581994115
0.14356237438578834
0.17713268830747356
0.19804929028263354
0.16452961593335164
0.17732414078614117
0.14043755505574915
0.1779641207183561
0.16450424576464556
0.1632855065476078
0.1629570298037057
0.1755222247890214
0.18104734439269057
0.1310730277944243
0.22378710565153123
0.1642091609239506
0.16057131775387037
0.1855132838259245
0.17482990021103423
0.14566241455067913
0.16742337586775485
0.1729096086240891
0.15704980437964866
0.16192004084572711
0.1595218352895727
0.19249600077701176
0.16399486698175564
0.1839716531353186
0.185977520654338
0.16373744008038194
0.17947278032640404
0.18308804577001786
0.16208364707830336
0.16035183677314196
0.18596223335519094
0.19824765886319007
0.1815625690784484
0.1647269786992117
0.13516326592319877
0.15230838530182278
0.18517610507478777
0.1529261304904939
0.20262053238386002
0.16406887444865917
0.1547596474647518
0.16509675290502357
0.20037360156636205
0.1593809980988389
0.1639120491124829
0.16062777881843837
0.16945713763126125
0.21521487577723863
0.15808808174016759
0.1665972542117396
0.21911365560176674
0.14753119713146962
0.161007964211463
0.17202110419247155
0.17418643775371123
0.2003771965816875
0.2032656595768321
0.19611650315246953
0.2032656595768321
0.20063904874342126
0.18727559020006018
0.19261779508364096
0.20735733158714867
0.19902832021939942
0.19625038824665503
0.18143636157122653
0.19749515336710352
0.2434402819612576
0.2032656595768321
0.23596384523588038
0.19010342445891856
0.18394529061358594
0.18185998384793614
0.19995317207822932
0.230677933843003
0.19104450197426137
0.1965742584320258
0.18016317573050025
0.20317981512659702
0.1757368603329225
0.19312698970649986
0.18930129244358393
0.18134591487564594
0.18822356870457332
0.18501617052729313
0.17841337058402332
0.1894251502562464
0.17108391473764026
0.19452587928002318
0.19402536047995417
0.18745769956785777
0.19841952528950083
0.16939772542604734
0.1886957134809889
0.18967977418424423
0.18039795136951803
0.18528183821789898
0.18695599020101247
0.19961249253430954
0.19901947385614385
0.18496594970648647
0.18749740107146518
0.19451126133313493
0.1815900224765443
0.1779007714841763
0.1910900884838828
0.19955984629598003
0.1854569476745975
0.17636681177398955
0.17643874873959406
0.19612703801139605
0.17082904886002998
0.18886848254916244
0.17100702191977496
0.16981694286424
0.18178318168770127
0.18496654932663026
0.1687676176228133
