0.0900792307992349
0.04428291326939586
0.09014262625997778
0.09008419859974172
0.014338704469377662
0.019190306844975427
0.08397518292039143
0.05077053703416094
0.028754438568264006
0.014266279509086368
0.031052749374601358
0.0392683782767899
0.09008005973625632
0.06703382798045025
0.05182586800679645
0.0662741627043298
0.017919923849335075
0.5246825638428486
0.03254670237120448
0.028193669600212287
0.09012791485311956
0.01955422358573408
0.07439961938851691
0.0038579193332901125
0.01994526349586378
0.0900792307992349
0.0900792307992349
0.0900792307992349
0.11732252926774676
0.01390721568996813
0.09007036290960828
0.07606812588194911
0.28364914641560124
0.05966861814256637
0.08374634169599288
0.0901737378722474
0.041599561093464014
0.0900792307992349
0.056006278429580385
0.011589184478267817
0.043116433659756426
0.09011181502141409
0.015197541140154612
0.0801143322033169
0.09009482711458996
0.04701962092952373
0.13040022445210578
0.2390821614965656
0.09013326020807493
0.04061100956508648
0.030347608369257453
0.006568545496298433
0.1702901832186828
0.8571593738678894
0.8320970814238575
0.2167910630833926
0.8322537059257298
0.14629999551470138
0.06672872548151276
0.020337297593495115
0.03668882341111322
0.07769841796973227
0.0696865076299608
0.09013815134900309
0.09006020875825986
0.8321396990431091
0.5841697277049797
0.8321567030078606
0.009604409850654314
0.019681347084387974
0.019681347084387974
0.09012623645443178
0.033444205266388354
0.03006962617379933
0.013486204157751466
0.5243604907293241
0.7326976694341565
0.8271078098660289
0.2813043638442755
0.7100835197370117
0.09011456809735137
0.04274568396580274
0.10586918741361545
0.09016037497770531
0.025207623219772005
0.12245178088864303
0.8322745289599722
0.7918988293962971
0.8321132349536572
0.6880681545101245
0.09015524185245581
0.5841697277049797
0.8322453356127856
0.6498141710701312
0.3958866402051058
0.0179470471708258
0.0900792307992349
0.0900792307992349
0.09015792938773691
0.6745369676759114
0.0392683782767899
0.057474524712306796
0.029984567921560595
0.03101077317970525
0.0900792307992349
0.03467997945600661
0.09018573052489502
0.01512907560659642
0.022344838954842808
0.041599561093464014
0.03696336661529001
0.06539979137450226
0.0900836030600914
0.02685618030574956
0.006486804233382438
0.01398964399494545
0.05728044454834676
0.06590475738321133
0.021907591144614894
0.05078261649348605
0.09017527068542949
0.11937375360017798
0.004718911768808511
0.09003112761810605
0.09007148580224081
0.03656125930455094
0.009316761896495275
0.040579673181674554
0.20069637182288927
0.09013547243222549
0.0359580338470517
0.09008265551193324
0.09014001242919396
0.018782478312648683
0.015376705750887155
0.042650417724697604
0.0901217460423805
0.09009629547907622
0.20113627319177724
0.060976456605222815
0.027663353272221226
0.02423393655180382
0.06288454494074783
0.07400857949854785
0.04952871350486886
0.0228861436780567
0.027773944119647075
0.05659092161584695
0.03881205251024337
0.03906009958882865
0.009629566444069934
0.02260927847444628
0.09014017832551496
0.03752451623288441
0.029073829088657743
0.0900701660621063
0.09012912561526332
0.21780979194207256
0.009458182149789548
0.06939528543026846
0.0057677818315139
0.057742848365541305
0.07248526913601633
0.02656690094124935
0.008344102654375622
0.4857511678499092
0.03080842129005588
0.06660695600294315
0.09010792006875781
0.027892673951202943
0.025726319516210083
0.04118180987566103
0.26177841537205965
0.03725899051108806
0.08285212551650706
0.061666163218292804
0.09010388005831162
0.11159751547546866
0.0900792307992349
0.03904905959933639
0.010766868789759227
0.03471273809272813
0.03112420361831771
0.14214124091847338
0.035680234119787
0.015067575418820528
0.1576430394251395
0.03785715961212442
0.017758839241949285
0.08832401595824889
0.05611674087767151
0.03537824009884341
0.06546819042423167
0.013754001440001943
0.04653279815118235
0.07966129618404989
0.01941786318351215
0.061724609086795945
0.009472027680688869
0.01265644371853244
0.09017912948888329
0.09009764288849043
0.025392396269549217
0.05063799339923437
0.0462354047515551
0.04725584512495013
0.06795385432737645
0.02404368607450051
0.03126810683857959
0.09010729199313261
0.022754282867736234
0.08666291615020118
0.8669825119063148
0.09018500556670472
0.09013663050316816
0.0900792307992349
0.04716408785788891
0.09013864086093164
0.021220235995554452
0.04076179103728815
0.09014595495700184
0.06254113919769223
0.068227817736419
0.007610485687247256
0.008864395044470183
0.04073017747846351
0.027529674474428306
0.032182738536430874
0.08521792261952396
0.0900792307992349
0.09014164739645877
0.06886037227907908
0.016804411453413024
0.3873866098122144
0.02253012599408507
0.09004139993522192
0.016647108359050526
0.2122290341622505
0.09011202717850639
0.09006902189489817
0.09006634387660752
0.06942661340662458
0.2895513741923776
0.10265523471356335
0.04349722512752772
0.09012941512874283
0.007812838642419004
0.020408615845091623
0.09009635639904838
0.018862830143686834
0.0836821858849421
0.11789021828074739
0.09016855111833809
0.25376216373450233
0.01733551283185006
0.090112794639436
0.06189913792304076
0.05300299868429772
0.05756983571848783
0.03644082961524068
0.007887355949610719
0.09011754528589777
0.05004275035961985
0.04581180212000351
0.07339841229519517
0.016404653610436304
0.0804734825691325
0.029317854077453895
0.8321717697700548
0.09006591464483082
0.06337112925331645
0.02159513579031122
0.6745369676759114
0.15449461632009776
0.05677052506690188
0.09014496590237463
0.08074365768337173
0.03155990919968589
0.09010600245138664
0.09008956891828263
0.0555705990242945
0.09013634203979543
0.011641777206875795
0.004069469913462738
0.01815499460318604
0.04268436178879166
0.01119272554780331
0.21999722612741887
0.036831983857052386
0.0901642422021103
0.015487635830168897
0.059170262507837315
0.0525588197800291
0.08817890276727196
0.0897763254074099
0.025888206158439342
0.010998933196787837
0.09011787495094963
0.03171763514623859
0.0074661056845871055
0.08025871320846512
0.08231889418400044
0.08231889418400044
0.12923426943659108
0.09012138853710035
0.05449750747872753
0.023410985406668434
0.012417244383883244
0.026252216315052455
0.015553077037036695
0.04330825287919287
0.12495318902450442
0.09013658510590451
0.051446482844832095
0.04248199347803293
0.09005376999536903
0.01580699409531186
0.0900792307992349
0.041716590206548984
0.5883890244732779
0.09015070371629424
0.08097897658292848
0.010178766733833658
0.015692200236551768
0.0845249549972709
0.051982163683692136
0.16204585441889402
0.06048240530650102
0.023078295106715493
0.034707121135266514
0.05084839373691221
0.023645637687777978
0.05811685597947372
0.028534981469496665
0.04707880979081929
0.21372077164584122
0.043121045533929814
0.09753597728392184
0.20811290142520059
0.024558150659794838
0.0900792307992349
0.025067077888518068
0.0900792307992349
0.08319069466490224
0.06021503987906126
0.060871474878302356
0.023857515456474153
0.020198109265468948
0.01908660663864531
0.011473364791646536
0.09868589866451043
0.01591187518542683
0.053261062870996335
0.008738393532225937
0.025580555313964033
0.03950262647503206
0.026345489277572614
0.05880755693582061
0.21453856879159514
0.07857875713935746
0.07857875713935746
0.09146184303614728
0.03903120092890443
0.05360796283754678
0.0900792307992349
0.15271006010344398
0.03447848331420621
0.050253441308386035
0.0353139953137416
0.32982487518572695
0.07415814691046943
0.12160975858652222
0.028542391387383494
0.10297416610607925
0.021359170077161482
0.06495363603329136
0.0900792307992349
0.0594609939637681
0.6448957807229753
0.020679729354437543
0.06111412082738957
0.012061217600870706
0.7840803900255703
0.043175780136477986
0.1253488409283491
0.04709220709006317
0.12564501750508134
0.09169375439509939
0.25556992887408153
0.07791992251806368
0.15945564503481902
0.14981426084118626
0.1905556344438206
0.00545047920549764
0.03327867517891937
0.04427132989366859
0.041611354019946145
0.03193931820706735
0.06838097161598622
0.06330001778266908
0.12917002450294182
0.013299152245179456
0.06019627387466973
0.10311194545891972
0.05572978396065866
0.29861445514143536
0.04084010079412427
0.00988395133320484
0.0018573128853793064
0.08347255227568495
0.41277782328274326
0.02254541985144239
0.055910730030386234
0.04243797840159693
0.0617988096964097
0.18570408391804105
0.0867220811882847
0.16512120728474763
0.019856674278281923
0.18525472813108648
0.07349411984003351
0.03262080163232534
0.05879926769773905
0.017800941407062797
0.06950474498495308
0.163807166137323
0.163807166137323
0.017220007650102395
0.10953354822493759
0.019125095001258464
0.02881440239506568
0.2537184012730619
0.11130256680135553
0.02782970391477103
0.06202897275269947
0.021507245890556744
0.05154928557034216
0.04457310524243885
0.05460426596006886
0.04512474894718637
0.17623404891321784
0.1358531540166182
0.1930943271946188
0.019995321099840126
0.10330965628441023
0.10857806796500605
0.6891638103895551
0.020402405717654004
0.023763680345703385
0.26066783145312905
0.06917375630396486
0.04006730883363363
0.011422946280491338
0.0093051061590652
0.7596564681611713
0.03136133810721358
0.0849166758894695
0.029890264585186503
0.020462182114439963
0.3279993632755545
0.06106130151417466
0.05996636528463432
0.01288865424958365
0.031018336561225785
0.005387597311549403
0.02447219700685136
0.4247413084978808
0.03163494159303338
0.020048665153346277
0.012889304685903765
0.06994281455886364
0.01628266477095834
0.020273664505196673
0.17781829838371108
0.026981587094672105
0.6076872694447594
0.06968155775428456
0.006561386057578438
0.09184243222206057
0.019843532016343157
0.02370077729508768
0.02370077729508768
0.03661759399925717
0.07776575222517974
0.06256531035875454
0.01773076425559462
0.020022039948704475
0.460727048648311
0.016592795423038348
0.021877635616450366
0.038223668536841456
0.008997707003714505
0.03331003236489674
0.05077555315213046
0.05592459987525055
0.049622277872285264
0.028953669021244976
0.1242927758915614
0.019075230280646834
0.05225511401568973
0.00874426766826015
0.08690625688781493
0.012134319799585335
0.015292277626454163
0.0317975340076958
0.03178613183300765
0.01590808515113514
0.01590808515113514
0.05717912883970633
0.01353538270063519
0.06672872548151276
0.08274251842997753
0.024560470989455786
0.05666674916687686
0.12292892152107066
0.16709301596055384
0.043491032002239076
0.019215828033157415
0.009517196808333959
0.2170822912605745
0.3631478524304156
0.06188672023456063
0.04037477199067925
0.06792667175950035
0.0043768360774653755
0.05635678029491024
0.01855885287743459
0.05460475965213578
0.023678390194603438
0.039429682212972876
0.18009927523265085
0.13345937375108838
0.18573654133853476
0.2201425811759606
0.16063194929934133
0.2399529746302432
0.1101292165248356
0.19948810419923943
0.02479609129306561
0.04708819870905871
0.04144278534341379
0.1872374250680634
0.1255787680420823
0.0464033079822185
0.015205719665268794
0.06726095128261171
0.302564399898002
0.04131082264189567
0.08747671644200608
0.05178839678440227
0.05008198906288342
0.06361093883365447
0.032288567416039006
0.036380512652648245
0.0238796243702268
0.017171207002806645
0.04869471480236188
0.04534649952627414
0.1431035635237519
0.05558806750938741
0.2728257584489948
0.3066456717125506
0.017473137054335584
0.021097094748574314
0.07761093091672099
0.026817890599512506
0.019897830307346633
0.01850467041976306
0.00539094159898671
0.09445862660849104
0.06817065703221091
0.09071132088600771
0.07162966600424854
0.018181394251818337
0.019580997376332742
0.3293046691339218
0.06136575608060098
0.016568640722393422
0.272627475708565
0.04838658868543827
0.011014184332244738
0.07326565217313297
0.11655200950652057
0.08701974549945794
0.14173891449147255
0.06155325562369701
0.0975167676142208
0.03638152366485916
0.0930289793681513
0.035902900621745004
0.12359976170440252
0.15969117365820948
0.08010827662465923
0.06669102795338376
0.26033800877128255
0.21845933548045326
0.05602981311335636
0.0778988832457999
0.06620413982118926
0.052430314324841555
0.030659971535167394
0.07669141221138391
0.1537631567082969
0.08501651844338147
0.022355054843174203
0.00570303734708024
0.27973559799305486
0.017256986667150108
0.0583999282859924
0.06304357125960876
0.006950071806527122
0.07380277767236731
0.0900792307992349
0.2571290920388512
0.2506617743856175
0.11905337967362067
0.024117583947677313
0.14259308762136993
0.06463674821424958
0.03537874337319276
0.051779879710404736
0.039125121449509165
0.22369281342195632
0.06553918323593604
0.02526486661410811
0.031305697894101654
0.019759565301034225
0.44856608478161103
0.0738865388266618
0.025491748847117694
0.07865193956963917
0.021670878487804145
0.037339956285266616
0.02455577333661473
0.2078477737050778
0.04603908650816868
0.0550513974131899
0.16348795256837134
0.06095542404708463
0.023401706610485795
0.36289265223271633
0.00915056145676887
0.05429102925452735
0.5
0.03438545440727996
0.059160442470855196
0.10295013237995948
0.5991533281599498
0.07792446519600316
0.01959638638177389
0.10844341937444885
0.03099744301926436
0.02000575258349123
0.01957639628594767
0.5176195896921036
0.10025577958564318
0.1267477610233867
0.1264877158759201
0.03349406817252999
0.03934036948730533
0.3077822124493181
0.21068889219569373
0.004867261639101589
0.011365130303805109
0.05193703399900552
0.05140232269246572
0.16794402958563853
0.04880541832664966
0.015079846772527983
0.2013519966709591
0.2185902210609602
0.047737926418919385
0.08191117440851269
0.05681574628811799
0.05532477714803727
0.025356369429455218
0.018265824935537214
0.024230628563576675
0.038252977047958936
0.06295763640379991
0.34047883922191724
0.5974135516795127
0.008682347903774779
0.05761649391882189
0.013492092431642691
0.02366781169807057
0.01803006752932116
0.023381853376009232
0.023394367652131653
0.09187281162125659
0.0473628344778725
0.31201534701384376
0.223000391144575
0.05994235336075528
0.030285006582698493
0.04524123904697389
0.18529086748385493
0.027691690824401042
0.0733690413507401
0.0582826468881518
0.1293294135074461
0.09581270095103064
0.10922168114025582
0.20834977494888424
0.060684576654531135
0.3134632457391628
0.061532795369265925
0.15280342878919045
0.023558503066392747
0.0900792307992349
0.1479426405428585
0.027685204902517413
0.2993836497918322
0.15906264167968898
0.046161720209747764
0.0436150701103346
0.0308378284012902
0.009420663867836007
0.09876470536652988
0.06200986059467419
0.012237414875593482
0.11390416197635295
0.02471387610194605
0.04324357276920222
0.2573212919184685
0.1421495178027649
0.04231271941603237
0.10004332836593821
0.22183030828664424
0.030424099256319455
0.3022579027002014
0.8865658655708427
0.04003114721848059
0.8322152429205285
0.877381340783747
0.8323018458311991
0.07666974160610977
0.11498325521355024
0.07528825805337352
0.01806000652418344
0.02520753489071725
0.020801413517141504
0.2050051361525482
0.021994279320958984
0.319213026701522
0.011623545243140094
0.039049241261947094
0.030531267870027013
0.02318366492378236
0.010582128052352513
0.01512907560659642
0.06945800144562427
0.060976137216496355
0.0900792307992349
0.09008005973625632
0.6226863077569378
0.8321132349536572
0.6957985829496196
0.8321345879930713
0.5200519952226604
0.06080073921931796
0.009126823673303707
0.01330976881347023
0.03330504024340969
0.07110931045745872
0.014109946805803367
0.06315462201716503
0.0353522695039877
0.061872667026140415
0.28830291423013066
0.09187877248981122
0.2678553753870148
0.0985841758466907
0.20997814677482446
0.022690221868995518
0.10229345501293194
0.18288247162975318
0.05889924018574319
0.2767339124628295
0.08310900878236174
0.07015169170916631
0.036405139984483845
0.05035846100212741
0.03928581242686471
0.05719433998061869
0.17314412557208295
0.09849875974339338
0.05268220470312831
0.036118935553323885
0.038070136070672604
0.06974532124114312
0.0900792307992349
0.11392180844037791
0.08196908781903142
0.08461277096150305
0.019462367912238765
0.009841269704090784
0.04242981489577255
0.022131934611839363
0.02485339777028111
0.04281407241866598
0.10252828638782667
0.10145970576822434
0.23101753501894037
0.061711992392856976
0.04161633846100637
0.05866731280385494
0.21295815695149742
0.1500778524342699
0.05563895463791456
0.0503967736710285
0.03634839509008428
0.1805466404819198
0.015287835270129356
0.08742362559948352
0.023841344152659472
0.09389196595682099
0.09140954320325646
0.21632974623469317
0.019458963475283992
0.007632219856415972
0.13253732331410695
0.06672893396186351
0.01233404142444746
0.02684995529958303
0.30342572458804346
0.06226760411471248
0.09009181392448316
0.011427830333704292
0.03308980907023553
0.1350911228106799
0.027552252674046575
0.1757164322269796
0.02403552440337689
0.09880878241130465
0.037495577797709574
0.29372168073598615
0.06759320055029897
0.060444338295575786
0.0900792307992349
0.0900792307992349
0.0900792307992349
0.2644145945934607
0.06389956072865469
0.010341785364036373
0.05400658074406791
0.8322152429205285
0.12834945508396658
0.17162407266944932
0.15318419024109345
0.14646031130055437
0.5720000081465477
0.10336014311827858
0.3068343223004383
0.03707144468666855
0.04228318571342338
0.8140843578185445
0.7918988293962971
0.05944045072109065
0.19803824995587574
0.10348793112179784
0.09089970193783933
0.05482376979092251
0.060106841408154546
0.1410951624874298
0.05667398837478688
0.21517528871925454
0.0029780586900812153
0.05663436959615218
0.017588786561749965
0.03483052195421973
0.023042249155914254
0.028999019487979463
0.030285614375586845
0.042781865565007425
0.02050641357391739
0.016529647361848962
0.057017317436575544
0.2967859566617883
0.08324416456413052
0.31157455486375973
0.31157455486375973
0.04841882539339205
0.018220512190036578
0.010601520528292371
0.008361446975664606
0.02407946164551321
0.061256333013770405
0.056243430114823856
0.04934685548651297
0.1142368912438216
0.026920525548416986
0.05665457744465819
0.11347310260088497
0.8320737623532457
0.7350604619030346
0.03322075207228488
0.39404616445319474
0.8322904925099559
0.0493050864622563
0.04809959394639444
0.06496416805810903
0.02461236984993073
0.05563906400745433
0.14578657013060933
0.08000752166422585
0.04905641776431181
0.09007148580224081
0.055599932703372275
0.012815167423512984
0.05828004916288466
0.285003233142333
0.06664894177393454
0.14480578095092556
0.0638260438663131
0.8321060932006832
0.3292907640332254
0.06608897606011153
0.04534220050220069
0.07990920037294365
0.15658818165842223
0.03065651117786948
0.00421959284064076
0.024808972069769595
0.12862480700294432
0.0413928818605168
0.04818858872665621
0.11320297674394514
0.17100770431296664
0.8271078098660289
0.1063774416234972
0.8323139082333545
0.8799690853840849
0.12699331188419752
0.08187023703858443
0.01830954987819242
0.26434231174801065
0.02573223703075335
0.05020531499484688
0.021099257416844003
0.1941947456324952
0.09636446202943608
0.36468733749348603
0.015068995801977297
0.05213865401412516
0.005926739376898508
0.07379798808905211
0.06760443490613702
0.06080063469860144
0.0900177773463123
0.06736555274374262
0.2577037397563289
0.09873938842434184
0.06799916925392825
0.06659190069653234
0.027543791245832495
0.027879492860343597
0.08240652480828745
0.016704316773641936
0.07019578424546319
0.4093384310693392
0.3016419554358619
0.048650218919730384
0.47854052746567016
0.08733647238525649
0.3961172903544267
0.07824137037129651
0.251713703703643
0.049836965787245086
0.0180769962660031
0.005907942449777114
0.021344410302099534
0.03088557961285643
0.006439289817614053
0.07185715051207403
0.023290463471152812
0.013968728500418187
0.01864747839253121
0.06789953859006574
0.20069637182288927
0.015481238681109205
0.2941038000386745
0.023672838113850264
0.08932444943064977
0.0901217460423805
0.023312720275215325
0.019791364166524973
0.06297369092743435
0.0900792307992349
0.06658521564860408
0.015802580813616227
0.38543223871116855
0.07716774864716616
0.38543223871116855
0.6994512128943754
0.01972649958019354
0.1263588743518904
0.014897036242681693
0.035191766550201495
0.03447603126251438
0.030425648425508038
0.01923056543665439
0.00859217236669445
0.07291873144214073
0.045034943694515446
0.017942573349972294
0.23037691728844564
0.8988931668638093
0.15396077315675705
0.4044230490083534
0.054897705063614174
0.003031854958859644
0.006951313070785153
0.1599363240716598
0.038820018286835435
0.06717687643134489
0.026280167093547815
0.040895436503581746
0.057474524712306796
0.04524142688838031
0.045089056120686144
0.011109724388401195
0.0900792307992349
0.04479911429720716
0.2534638371748642
0.0900792307992349
0.024106401894730536
0.02714350236667288
0.09013864086093164
0.004510626474416329
0.26773957071974
0.0900792307992349
0.10213494607264838
0.049993924630106386
0.024888146825097393
0.03181877831169816
0.021436040196796857
0.026090426302988398
0.028467201348387726
0.07246813925134525
0.1195703722320111
0.012570408564993226
0.06403414276490559
0.012311795619135603
0.0683871738470762
0.20246616033371148
0.11106427044854957
0.029551099044824777
0.10712538003846729
0.6277740008937148
0.09453202876217556
0.07422194391956424
0.1756625294726452
0.06535194744273892
0.04739041589663585
0.013927152841024339
0.0900792307992349
0.07634345821886937
0.010323720141964738
0.0225595432656746
0.06710788667909443
0.044323865776560084
0.13757418959202433
0.010076584683901588
0.35691948472665064
0.008278316715392664
0.043450688987061385
0.02465800788956709
0.0033681085547814277
0.02766081916002738
0.03060367330238592
0.009184603791594958
0.12065454179429612
0.02581091590364591
0.02274204818019743
0.014109946805803367
0.014109946805803367
0.01676409109123322
0.02647527736201621
0.2041371513241412
0.25903984593377205
0.06599673789399986
0.02835584481502555
0.03614304654492657
0.005095834506005505
0.3610872580601173
0.27670170480645195
0.05999490242123139
0.39475913344347396
0.05300767626956167
0.15752698949072688
0.24138943877034755
0.09076455915062093
0.11112050958925428
0.12978487247660722
0.008851412782459728
0.3167219942259364
0.5150345532140636
0.37075805434330067
0.06058390528906735
0.05339258083769562
0.09292101303886573
0.06357163232728456
0.03185915458013544
0.06646433202201933
0.05769787221631924
0.043006961048982835
0.029958456718980262
0.2477393463484324
0.056009549808072996
0.04310079949292419
0.029295681108619725
0.04371762218952544
0.07464664785936524
0.14024667512952435
0.18019931917753323
0.15023520615303937
0.06903241076467954
0.17906460042529015
0.07041128424069491
0.03288442707349774
0.08563509335303711
0.4901672097413763
0.20037124941293125
0.03853448977246066
0.008253981384619783
0.01681152111869319
0.037074434694904956
0.11130735120340943
0.04006730883363363
0.00545047920549764
0.08732924024575042
0.10201475648583402
0.10194443108982172
0.07116435660820707
0.18106622887352436
0.06436287781375477
0.06832946715242241
0.06352978100533167
0.0900792307992349
0.21679213445993137
0.06998972533398812
0.01799802406625118
0.06001641378176581
0.01634007417417567
0.3187989142135999
0.08697292674825519
0.04179455476275265
0.0779351139739907
0.3211005417936407
0.10787528743305741
0.006859276301957017
0.1642734913752184
0.20122599482006243
0.08020484194934252
0.07600111722222803
0.004099827254439104
0.06323972964954107
0.04149038316450254
0.014751405503034278
0.2198176767000417
0.015499362470990251
0.26763210598233733
0.4063715293986059
0.1736656307281509
0.05863573539015974
0.15192267774641988
0.13433346522784273
0.10940658003651572
0.029119006562549628
0.05855190069486052
0.01998909586582724
0.04551824158124772
0.03913997092370536
0.025073247068444767
0.11457833756189835
0.060709351989306146
0.08554904659335351
0.014401326641043872
0.021679317122178108
0.45880756518920124
0.003756987241776696
0.062135083161356276
0.02263708306136787
0.10564169266755258
0.1238314381383515
0.10132592611833244
0.3182336987022458
0.21923838280023836
0.039893025278852454
0.07705538813499678
0.03683185509853428
0.06090242997529741
0.17244096311111431
0.22643206624261666
0.006381662944322425
0.21365716548037023
0.016234605185609187
0.030586506617105675
0.0022944922753154397
0.013645726748873627
0.07458123346691455
0.08814071433619747
0.03872344186833717
0.004673807632765382
0.11698248526554031
0.1000957921834812
0.07134482194203652
0.06609850083718254
0.2646544033836425
0.13007678274226817
0.08219700999889647
0.19252136801321718
0.11822360733275646
0.08245163844067031
0.1774379911759978
0.0900792307992349
0.06767117680072819
0.01185867619448792
0.2785413043682386
0.018902535747571735
0.10515298170806746
0.051083628187244844
0.06226895917180872
0.025119526285384757
0.040662983795875414
0.020819042399418973
0.03648437284806814
0.215712657148451
0.12384672737633712
0.07416141177174364
0.1100209704829967
0.14026336066734865
0.1308212740238263
0.007345915969278193
0.056784955594025535
0.5948791453041558
0.07734849823251226
0.07550564402104216
0.10940768229450293
0.4101063080147533
0.08649274759049667
0.16801969937954286
0.10117490649920155
0.3909876174628718
0.06827711854027388
0.6126267525737255
0.43455073803976807
0.026019495784510998
0.08871568535571187
0.12214536175662255
0.012162404176193534
0.011316348517994642
0.1260833332645319
0.17545861665304663
0.09448773382386312
0.18959916700180873
0.008581762461750058
0.045445871979576606
0.0371275182976815
0.35865269472821937
0.9131319194594973
0.703190015969891
0.21008660887551342
0.013494852768561499
0.05128199197174125
0.05170967878050908
0.0333439972936028
0.01030110078541042
0.0058228521515159325
0.08833048113815795
0.09781621877049702
0.12985804981439467
0.09279067669598587
0.08131818888293436
0.17719728844960544
0.07704334451852296
0.10525903328893235
0.05606831560643117
0.2327217276691682
0.011480265188755112
0.011509056975157783
0.3498798710720715
0.007791547775787899
0.7109356298447855
0.0706517495253925
0.18541024009934137
0.0510088040821946
0.03894300427255596
0.05956884510402379
0.06145615956507039
0.011391944079333582
0.07314267432316801
0.6437686997351113
0.03595855631586011
0.021328255919434085
0.057474524712306796
0.05497883685180701
0.07463187339891607
0.01869712215069002
0.00804529624085389
0.09323147594226568
0.1333391113724924
0.08038459470692688
0.02597648754072241
0.015622119848658295
0.2239759366722443
0.006710294291339681
0.06960022996525107
0.06236566789734947
0.08213394103241377
0.055617657168202043
0.03738655149022284
0.220091374790558
0.42404452760216954
0.04136574101729327
0.057136393885634025
0.055442861552475076
0.7689286059494024
0.0324526513417925
0.01295846977957305
0.07289681298510568
0.020105768072969998
0.2806810834123981
0.06146005202843729
0.006989914387960727
0.010731631501275539
0.02147563425209243
0.08344974297826607
0.0442545806197845
0.03428177993697772
0.6603949035767375
0.5817784557205881
0.06462747604322416
0.14199664443448723
0.04967235144962334
0.02655330521592049
0.24197406458465293
0.06175121480936968
0.0900792307992349
0.0900792307992349
0.03393872193140734
0.0900792307992349
0.6334493780472561
0.08110661743431011
0.023209432951019973
0.030618408040348478
0.0900792307992349
0.6880681545101245
0.8322904925099559
0.39404616445319474
0.12394132222275911
0.36338577301721786
0.1886768170895531
0.11776851126652532
0.06060249874087925
0.3819218714001488
0.057016958237647374
0.02735525951415467
0.008183655026437659
0.010154904309619739
0.374788840536239
0.6181421779269317
0.12469379115931875
0.5841697277049797
0.19331263119981704
0.7059832170988415
0.6081240841876281
0.17552349662086725
0.2845677551782774
0.060006729692043195
0.14300336511419856
0.10700501594445155
0.3958866402051058
0.6498141710701312
0.31134498416795886
0.8322453356127856
0.469577607681885
0.014626966794347102
0.03420499918243668
0.01811222621600218
0.016142516793525373
0.016528577807617784
0.01616842122236418
0.1063774416234972
0.6957985829496196
0.04806654463783864
0.013364941851085606
0.010319026781300939
0.00820373122139513
0.3571067407154242
0.03440010008560053
0.04750363341673544
0.012223113496970443
0.32038914015984005
0.4399804655563083
0.13757245736648485
0.06872783839419831
0.6368585046673526
0.09002488329144104
0.2101867203609453
0.05857398874401373
0.08418996460081526
0.03792176966957899
0.02244238657210176
0.3474257759333883
0.011340435007027631
0.046639444151027394
0.10561147566535395
0.17170730858151903
0.14806822746837825
0.07064605172481393
0.009745634305371715
0.06703382798045025
0.06912192278672386
0.022614398986628308
0.0662741627043298
0.06567078751903804
0.015406318921759152
0.06054595598010778
0.008979938515950683
0.08572810805656571
0.017100777566672866
0.060078904698610214
0.014459767825245072
0.05213865401412516
0.007209215947044746
0.04846612227380633
0.06279101925089114
0.10751248869633553
0.37630491887845535
0.0753962898737741
0.0611191674836463
0.0392683782767899
0.0900792307992349
0.02283427307616442
0.019964109381834037
0.14889195741431602
0.027298610623551784
0.09578784155671546
0.03287031566580505
0.033304501077186806
0.15704837409191258
0.11861336452316545
0.06438735778646455
0.041584423225473836
0.030996212487198097
0.034597211092382466
0.05589786726215891
0.2015001493349629
0.023225884665778677
0.007599633160036227
0.11245449013153366
0.02517372607992903
0.044125950040359026
0.06399325324824368
0.02230573637790688
0.011093377332529134
0.08204168215641623
0.0900792307992349
0.614357836451832
0.7326976694341565
0.7100835197370117
0.256096923402472
0.041378339585193546
0.01831639118864384
0.05654575294943318
0.04646522911853524
0.07535526400330282
0.8166726386782496
0.00859217236669445
0.022431812256449652
0.017067050894561873
0.06069852100263999
0.057903650317714356
0.07638288535950569
0.18664490246571966
0.021037704027499854
0.04335796952637832
0.09638809592419106
0.08637722074439926
0.004396472749002416
0.062166449227695
0.02078745118331627
0.027543791245832495
0.0900792307992349
0.006472312550531283
0.18165580657443275
0.287347099149163
0.030842066927543196
0.053773348471874254
0.09964267293713304
0.04009286336989341
0.065897507635628
0.012653236084283077
0.00900733547305254
0.13557324058966183
0.06405994244539982
0.0394934167827566
0.003129548538344002
0.0710836154346962
0.595749003974799
0.021562007359426382
0.09822122856079472
0.024772652249539045
0.06530944513986599
0.025995211146510024
0.058272354152059225
0.013009167130794403
0.07507519217552681
0.05204608158734956
0.04304207588680057
0.00915104111252031
0.0900792307992349
0.09809160492188673
0.10999690234785363
0.01961411469975604
0.2129955031491792
0.00538167223179492
0.13467186652737329
0.07536117237026661
0.04664793568583246
0.13141607526058424
0.0297358753511561
0.00808346035012441
0.04481482374938523
0.025284355296492096
0.02821346730437312
0.059798415953192775
0.0900792307992349
0.060347008664069286
0.04437672174516089
0.10721559467417291
0.01934786402695369
0.8424461468696265
0.009895924965246505
0.012551355897332118
0.11504533738978374
0.00975420997549302
0.018615632978399292
0.011590223586923933
0.023047216894100577
0.028694503782877887
0.014807335517793554
0.019293277703519907
0.018336209355308376
0.2081110811614313
0.028730969903768094
0.06643485569198332
0.018636668738234084
0.024852848757411627
0.029675259724054062
0.2856119545683903
0.04663793515842014
0.03824582089042699
0.18295360548759548
0.006618952584367928
0.029332385217390407
0.1318237281686011
0.011327669609638503
0.02516459492696866
0.04067707749791464
0.014481812987626014
0.053549961623736396
0.03258374619422932
0.18783092863520354
0.017816918435195634
0.16404961420860797
0.08748817867421939
0.07810393283198303
0.07765308240361857
0.015830395028365578
0.01761332434877712
0.1421803869137233
0.006643952766732849
0.02856956665793205
0.007202136098506625
0.06006459668386499
0.06174303222839605
0.012218064673267137
0.20885894035336489
0.05213649038156043
0.15366642106514206
0.05019290009077381
0.030979853303049865
0.011694137612977346
0.6917815286304938
0.16390504008099246
0.031174760736659476
0.01998588733950531
0.014918585301732165
0.021246726342645416
0.6338147841409812
0.3279695595462494
0.03894789149011011
0.031013860451015125
0.0900792307992349
0.08473602519536032
0.023309554181929114
0.1667636265417472
0.015665075927376072
0.02665100897229656
0.03212603984313924
0.028804916637181655
0.0997287654360153
0.11937375360017798
0.014085004352643024
0.023191349633091073
0.12313675768396225
0.0398634033507069
0.032079905439405795
0.07977517589286287
0.04346968786028709
0.0900792307992349
0.042793872083703624
0.042974970204911575
0.09178520262163482
0.029790269368539096
0.027040773354736515
0.0900792307992349
0.018834011555269863
0.03515685013276623
0.17321505703628462
0.07151911752679213
0.10805316206938374
0.1148745328739138
0.04977325956368686
0.3455952601419226
0.09948716193303268
0.02999135506778121
0.06334629414102977
0.048017220372043
0.030364205642354175
0.013095612477848665
0.039370062713671494
0.18312044651945572
0.13176673685314164
0.014910330469808128
0.09858405088289335
0.032591691571194424
0.16912549764018164
0.5511338975154759
0.07516320266296779
0.04864499129937017
0.11301207432736383
0.11733192732529651
0.009004174497211399
0.04075145569582461
0.022876009819449317
0.026890741131135258
0.12141464935125884
0.03312172528950438
0.052022340864731134
0.05170516874333056
0.3278290430362463
0.1676822578650656
0.17509949823239812
0.03359848693291264
0.03423858364210801
0.00804529624085389
0.12867032365913122
0.11042373932459065
0.06188057166560598
0.0256473869028467
0.18251763424479348
0.21593875426407041
0.060132950744985515
0.11330828364349933
0.017858631230061192
0.01282814725766847
0.09310796150048897
0.10237764860992357
0.06478726318972261
0.9044048662139194
0.04703803738376172
0.5745621707713058
0.06502067706722972
0.07575793759905487
0.055760056191191065
0.03983979983902963
0.07228225575052133
0.06997886166513782
0.024808972069769595
0.010354993531712126
0.030913813307813606
0.3118571178546053
0.463147568802559
0.04238024284146222
0.0478219744507474
0.07730088645377726
0.0900792307992349
0.11031305203228314
0.15209753341683255
0.06365928858731316
0.11075252001567912
0.08600083174504727
0.09375503006825482
0.3048668890785928
0.06789953859006574
0.03736654344492731
0.05087102913443061
0.11090727802539246
0.00909117442867539
0.16015383431236102
0.13311049957574123
0.0683871738470762
0.03605693860223456
0.20103724982067334
0.013239511221167266
0.17854674991632033
0.035529950191364505
0.08748462899508012
0.007974148632604906
0.06758246751373409
0.01718232958554927
0.04653872139173157
0.06663241194833908
0.11538236882714632
0.20995985649447726
0.035956101867560965
0.34005459995306464
0.2010816083442527
0.04637352516923545
0.014250488881773058
0.18862086293427727
0.04514935296748627
0.08345177341508273
0.14968963169555022
0.03159056459638792
0.030774177673287172
0.025128459339434136
0.0707891830965153
0.14024676339112957
0.0925155106494852
0.2206131482796446
0.0357691323487747
0.036838138800458296
0.06348271078819308
0.2072114098101732
0.1766863017050228
0.5736519645886998
0.06984501063644152
0.030776808764430057
0.06992831491469928
0.028999316005489818
0.10751460195292713
0.014638279802008075
0.05529564492833893
0.06455742813315135
0.054602730914324056
0.09289964638823421
0.04083193837869559
0.04650832928778507
0.010719728492645193
0.01627177379791113
0.07980644466179697
0.012126842596909658
0.027878193029444387
0.04888515097171991
0.2690850274120828
0.0900792307992349
0.14332334661845153
0.0900792307992349
0.0900792307992349
0.022790301450048036
0.05121816042555446
0.06001956098408365
0.021513290555400286
0.098858001007443
0.06132334887448788
0.09768994020185136
0.05723541594367822
0.20099439675889474
0.0900792307992349
0.01788142201784841
0.6327916903840418
0.02486151955074328
0.037731631254952304
0.21205237234846994
0.21849258154193402
0.0439292328112392
0.04226224222598051
0.0900792307992349
0.01315298031718281
0.07927864110570024
0.02754461554909893
0.06455810767283625
0.04336963456179131
0.0900792307992349
0.03419484848570906
0.04469486357317469
0.01564964062216353
0.030615342080810105
0.07894607099347535
0.050045246619603
0.05820049505823407
0.3671158795148689
0.04346347985913279
0.08026744442949928
0.18794130081883292
0.14625679057359178
0.06113978088552324
0.1314823041736348
0.09267272319937782
0.03831936030339666
0.08088599162429926
0.05338263383375607
0.003855869589797421
0.034156530077990785
0.06580180612601673
0.015102792696064935
0.04148508414871114
0.06581584361100257
0.0900792307992349
0.05805603158344713
0.1093528056127764
0.009698651302131883
0.051429855063448514
0.0900792307992349
0.031639849822870776
0.23982240888389827
0.0900792307992349
0.17696668948032207
0.016134627172295777
0.26133367399763374
0.04164533438827908
0.21910959247891024
0.08854806108261226
0.030145294134877713
0.08940941498390317
0.01627814556847689
0.0590171527614512
0.018259682936584077
0.046540011879058416
0.09666716961366816
0.011136693257229414
0.059432509284613015
0.01077199161135322
0.012483807123414186
0.01589559258645295
0.026513518656068658
0.0030902275136524045
0.028073560705321746
0.021930962298134668
0.030151738634625294
0.06114652408390269
0.0043704246258902185
0.015224134424864512
0.6720780547948096
0.10430943850183545
0.12468216987537557
0.012774699682591284
0.5087254328603219
0.03458917894391514
0.061211806088500846
0.11084509160781475
0.062278775592835095
0.46184871366086727
0.13560853846382223
0.25362408564384126
0.11315946774884987
0.05011265119954555
0.11618092285707168
0.031040000550366972
0.005747451133804298
0.0326397593335667
0.01754414246355969
0.12412925634684271
0.42601773138239407
0.01460379745608265
0.04951988308617713
0.05729632435933997
0.012288242303152204
0.055067296358790235
0.07178824500354805
0.3665056905127238
0.03469315995440787
0.05447203189888595
0.15697743119986846
0.07008170136337251
0.06158887799773894
0.0402622825194477
0.15560246153144214
0.1317325688994366
0.024330590110713667
0.009603570904001334
0.04719861716699515
0.0945432600670305
0.05298658689224741
0.051655270784645976
0.0265563459481719
0.06264398795739003
0.01874955388449213
0.012689281338527095
0.02699063848188401
0.13721169081006054
0.08645510996915924
0.05406068810981517
0.04424831433741059
0.013547874089076832
0.0697567383176491
0.15615588899260227
0.4565428531886029
0.08397137294636897
0.05350063355326165
0.026921661357286464
0.043745837439410074
0.05833525104452033
0.02059190664387194
0.07505843018562047
0.064513596303399
0.4304241623013623
0.04208821536454971
0.07391905619063793
0.18489277468757606
0.4487464105043251
0.021824901620357228
0.031572377857572914
0.04857665616672217
0.2344390385023618
0.20516257580467298
0.08099558753692065
0.3209733774781775
0.45343861110989414
0.16572627586339433
0.0900792307992349
0.08792216029738123
0.027553124564162097
0.08678850376070238
0.06035483683849422
0.05605995520893525
0.0918543478728642
0.10746399588671339
0.030208190750751263
0.009079786492520088
0.06903159787099272
0.01199792285604752
0.009960763924575412
0.07150799647997778
0.31124094037508077
0.03781267694862863
0.03163933372972193
0.12615148274557245
0.18699669880315953
0.016229815864911772
0.048453499154411626
0.27770963191776493
0.0654769863807108
0.029758454114097613
0.9154993825927705
0.03679867861162467
0.023206459446637993
0.040597193523099706
0.20305850135293085
0.14096325658337788
0.029288134506937777
0.02011476002762081
0.08531992086408434
0.16534502907769036
0.05404830987066705
0.016879036013530413
0.04247687099914732
0.06840404340488251
0.07400636363742387
0.06091063027019744
0.20261962451638882
0.9347397606619564
0.11980913634514201
0.17104060661335857
0.12076107884512771
0.1732616977858614
0.08200950333941895
0.07617270510244163
0.06125654057971028
0.22018206276303415
0.16828029430604433
0.04307573777419224
0.025657170301308645
0.06316573251460103
0.3481533910162043
0.006770966119868855
0.31368355829245304
0.5219287527315446
0.0765666210063466
0.27547965072835456
0.010420612793928715
0.08562353387844343
0.027282683368698067
0.029965759827315086
0.2696125064300117
0.04948648652286683
0.022479477337332333
0.0060328236462776595
0.03807222654420416
0.049191601662775704
0.07920838988559814
0.04491282691854721
0.265473983255899
0.055669983921644524
0.0900792307992349
0.0900792307992349
0.21334074615540774
0.06058390528906735
0.05656487172554184
0.16165991737096308
0.06877824084680965
0.1929943077539689
0.1397709332313929
0.00967441254660403
0.029638500094869628
0.053383727385696134
0.12586974757603092
0.047732338184508706
0.026820050556431996
0.04803462090450868
0.12411698354215928
0.0900792307992349
0.09536481675023692
0.01929249889656995
0.03913668071730105
0.0900792307992349
0.005045059735102878
0.005254654543963561
0.008395422173747145
0.008670939617428377
0.02248929479959515
0.06712446828573286
0.08014971029411883
0.035692278436526684
0.09292101303886573
0.043001154814444394
0.041469732991347354
0.418966173758968
0.06506461120854633
0.10646721111998572
0.027555733791906543
0.024798089216844274
0.34182508379559556
0.059567012783606536
0.04710412334068584
0.22011165833731478
0.0342800962847761
0.039312538707162684
0.0900792307992349
0.05232156476735093
0.032284208779621584
0.06961663416734452
0.12990731972576863
0.16071341371221337
0.0821459740608298
0.0704419765214233
0.008829647133077536
0.10651694942397022
0.056801907214261996
0.0738423031702824
0.05068128821115036
0.0900792307992349
0.6734069257977829
0.005882659399049894
0.0052196155624103565
0.007699406268999334
0.16300633127777583
0.021950262848618403
0.0946365203379944
0.44632540811656574
0.04035266720746281
0.046378306304942114
0.08801971420297873
0.04474461384118928
0.10655771972774121
0.0900792307992349
0.15925919258568663
0.00542568716886381
0.05002847360913331
0.02610310749243447
0.025788047724261635
0.1153538303914777
0.06580649006570474
0.27454647364120016
0.16868831755378863
0.34994090305201425
0.026579915797104996
0.051017577511819526
0.02345394499168814
0.08063411850429197
0.10148322432000385
0.12547390369168085
0.02684469762013904
0.0729991901994724
0.04532028826811129
0.027337796776423933
0.004140749784973423
0.025958329803425887
0.047894341777448675
0.00970833054434729
0.05643305005881749
0.03438545440727996
0.02188495868200146
0.0900792307992349
0.011412313061770955
0.0032140335536622205
0.019679257123333765
0.022616273136284178
0.6084527253902283
0.23256541294422378
0.05215192765956612
0.22510950826924175
0.01717444694318077
0.08124924759151943
0.06168054714903039
0.06525269223139371
0.12818832751054907
0.19126557642963754
0.30793150880566766
0.030248841264869996
0.040277805017744785
0.07536102247925512
0.04071755650225096
0.00814981227100083
0.02080955917374286
0.09049150286608668
0.07233144778573598
0.016051941462252074
0.06845819509174635
0.1325933438511508
0.01499604404752885
0.11844597376116514
0.15081117871885036
0.20084136965245503
0.011316484556821917
0.09180022065172129
0.06185225372633921
0.041800138843024706
0.08678462174184493
0.05218916121820964
0.3091907848214813
0.058563623972565655
0.01488095257825265
0.0900792307992349
0.06998768390763405
0.2148604324096231
0.13296605311092083
0.011924479063411122
0.0060100749512185915
0.045410286325041724
0.12864619516793036
0.15545116023310493
0.0036833550912331583
0.010602964066339392
0.07463768042120159
0.09806060814655428
0.017834981227350995
0.05379539492859723
0.03161239238076085
0.15819427879520004
0.06346775771709573
0.03475026012457552
0.02521432932235822
0.014068057367423229
0.33568705551484845
0.20784078122092306
0.004801126702213338
0.4167241329199217
0.0706913580871464
0.046451943186830526
0.21074144505398734
0.03844430319919647
0.06184278370590519
0.008306695759789335
0.02090773627642352
0.009682181866823588
0.08967615163821668
0.16422352717221705
0.04820023130597034
0.1456902875017413
0.025929906767004088
0.37478970236653675
0.02665413883564409
0.08386898381877854
0.007088349105203186
0.06050610211944177
0.02060656789641943
0.05184491028101947
0.11732372401042394
0.2674708295027081
0.2315967751455758
0.012063652845831515
0.6440564039687517
0.02088215002245048
0.26617132333389254
0.5492129339988856
0.42786248566603463
0.7425685424271634
0.060831214464650986
0.3086206245894637
0.6839797336128561
0.6030656145439168
0.21846822153746503
0.20667469624118723
0.011913255681108448
0.009503865149346858
0.05911569311259343
0.0363808456043957
0.11502546792312456
0.06772409123729256
0.03140886918292401
0.09436866063746219
0.20771544076630638
0.12105936908798182
0.18705222194161095
0.09926869724094751
0.03127877411528526
0.23911841651872984
0.1955688144033435
0.1508137613193209
0.7212553632833274
0.05377877760824808
0.6695465337358028
0.08528164702406071
0.41477978373004254
0.050972837544797485
0.03797319724982581
0.015131367249077425
0.0839810466627196
0.055176048109312176
0.4158821401398087
0.036726383155975845
0.07450542548653281
0.10533260780266687
0.05511744396407091
0.024085382115245
0.0637030826918936
0.0900792307992349
0.06786375465454368
0.2581630384396109
0.012535137972055025
0.09228228109171402
0.14135392335540958
0.06140568268083345
0.1406143342098502
0.007664072170993169
0.06972711296324562
0.013137787305559236
0.01150111045739566
0.06976094318142202
0.07101295663438947
0.019810332668376528
0.01812150789949498
0.19820599655451981
0.2179820928575004
0.42333118958165616
0.0418907547625136
0.027661295341258392
0.43058471781990376
0.18863163860464796
0.0606562933327225
0.046725447892075764
0.029519313557456864
0.0887835522515842
0.2835732023927216
0.12066778138642936
0.027752910905924556
0.017751416774755138
0.07880551688641076
0.060595236107781
0.15771277494807898
0.028565086525652827
0.13641720301358903
0.005479795101731006
0.041929019651221755
0.29690167195856726
0.12267560909584295
0.0133853241007003
0.08036350333986345
0.058917632869170594
0.08673328820678648
0.5915286862040459
0.03647587871788931
0.033947944017086895
0.13544945986664947
0.14774144317282437
0.009230046100259163
0.08136625254462648
0.061943246550219475
0.05692465045507732
0.016143743571152107
0.01511211593490381
0.013025975244799976
0.017308848355498115
0.018392118131884905
0.011393951488241039
0.09396434769321152
0.028209643134905035
0.021460456522308588
0.3618401849259785
0.6060508978379104
0.06312472295844533
0.0899541868624971
0.06916370164093756
0.13358164167009498
0.07200391300993078
0.3554554624096797
0.07244338675432863
0.3634908509012884
0.09670430489331082
0.0827350865718981
0.04675787771808782
0.04193651159324102
0.1887450550566622
0.32122936458418727
0.03575422406893344
0.0242314923626919
0.0749704060210395
0.2548194251819346
0.036343880087092294
0.40940302493337216
0.13490057520738333
0.10751248869633553
0.17852768207278855
0.018069385388019582
0.033290970526583065
0.17000805844118735
0.006769147137084815
0.1638642445586252
0.07199651886049993
0.045839745818992625
0.031431985760812305
0.07650117835062648
0.016974238682272047
0.10620413632566435
0.033606570687408424
0.03513396084159945
0.08159036978391589
0.012995755149182952
0.054933433809676906
0.7393569908679728
0.06519862120827744
0.031358921191058195
0.07052507332842017
0.07362594637615374
0.06261851321017432
0.02843199371715209
0.08286644119547018
0.14615696633715064
0.02640863948338453
0.09951314223007574
0.00870654697594848
0.09215063356221749
0.03452607913541202
0.015445735153160093
0.2753713222733589
0.025124349122617913
0.10084518585927071
0.057588756938551186
0.04098967121719191
0.037259224773214236
0.03354741631442112
0.03651097015051181
0.0993693420727537
0.01482626525258207
0.020903123360437235
0.06470849511025756
0.6462713822213508
0.016023021930956012
0.027159453829466752
0.27079505845521984
0.2472283691292017
0.2468651930096565
0.01821142353184935
0.06152409360169132
0.11738059663565474
0.03636972947508386
0.16477165258455728
0.5286836134088845
0.10307350250755565
0.22689026932062312
0.694267437731278
0.0900792307992349
0.10541618991394139
0.020198710724302904
0.14446366684827264
0.11339102615646068
0.04105437131336712
0.08198566879796533
0.05037016124175136
0.03528064115283468
0.061668970328798416
0.04859478386947889
0.06918975907939341
0.09438357237830444
0.10123018484343849
0.011661352716358814
0.025590054729041203
0.0900792307992349
0.0900792307992349
0.04176552123801948
0.03236866872095621
0.07121061176615019
0.028915205014048047
0.061545985055163815
0.05392615279160871
0.020843296609731266
0.05946239185220081
0.056991942395668634
0.06024886707826791
0.2916268616162963
0.07615360328246723
0.02935600366340934
0.03150505873215418
0.0900792307992349
0.07857653251295915
0.02627515019147541
0.10328779839195162
0.26545880360711516
0.03214004622721276
0.13850824717660165
0.020319541887652812
0.579694890211066
0.007810308959963073
0.06372843676845993
0.008698612115067074
0.16802823124811098
0.016318007238111616
0.08497234108616974
0.13149966088413742
0.06631588614097796
0.05869552627766685
0.09141690902284695
0.14017442393306132
0.08928764813184435
0.11267446056100246
0.7753822526824133
0.031248231462142874
0.02292759518915754
0.018963162402253014
0.09072618508299374
0.08028004441949137
0.0900792307992349
0.19983243495277006
0.01533751995548666
0.03348415299922083
0.02444078488478121
0.10903919834769522
0.0790825687093429
0.03042741206129383
0.20533343663690257
0.007019224082015936
0.2046164163884902
0.060651792258056475
0.11542193430130503
0.12250530126716816
0.11444056074329238
0.03008861057625105
0.07728987517872062
0.050410213641777515
0.811410807744269
0.06225847466146358
0.06718598038184107
0.0939250080692842
0.09750853672099642
0.1962323340880394
0.027204872621771736
0.018776064412396792
0.01365463168756677
0.017227935940727468
0.1395251910518468
0.07255398151159836
0.049298403327883385
0.006492865619323369
0.04497728847644874
0.02449830204185648
0.12470438178025672
0.017916852896320123
0.034866114671834654
0.14973961102865382
0.05250869432017791
0.12084845578697433
0.05982213607607049
0.01893018506030705
0.28375162479642957
0.06129700762928219
0.7403081243717338
0.02029610253067476
0.01210935582741682
0.06082716590850848
0.03884025202920134
0.21196290888423872
0.0278109100027416
0.05929897564819889
0.09392858516556929
0.18307403698899719
0.27922026845990405
0.025313211589832355
0.10599360818738222
0.05590766800903682
0.030178105257920227
0.01894974888793317
0.044477455241057576
0.35902852974375615
0.0069339844485427765
0.028899125232630298
0.020429637300807768
0.016966120458425306
0.20563347413716027
0.04239062366373393
0.37217299478476285
0.061869997517409375
0.4075406419046489
0.018203290166608245
0.03149143233434659
0.023485205356006348
0.07231568464276836
0.0743421970450342
0.01841914835061885
0.07126736297619182
0.061239151836314565
0.04507555293016489
0.018351209262114285
0.004975094241755073
0.10073730981085283
0.04339775082718949
0.01563423218710788
0.03879302977815219
0.22010066276067
0.4492276527653081
0.0641487123207239
0.06826623269067529
0.039648282994255206
0.08170333635498812
0.07832386897002329
0.1446410980778165
0.011780238606605717
0.01913933106590101
0.044748330659340085
0.045139539717532685
0.12481409666047609
0.0770102592509154
0.09311298826863769
0.05962940761345589
0.12970227206978402
0.1294675093312292
0.043476030717226256
0.47973032387221265
0.0760931279655139
0.07485994857717851
0.1119995106840251
0.22678697838133507
0.05306354633094923
0.057196075725094414
0.006766040660834606
0.0900792307992349
0.02027011781938558
0.02004372273657822
0.027414016172293002
0.016279859226778243
0.06580439791237372
0.31859707688114997
0.0726016757349592
0.14495541104055554
0.022558685059602387
0.0900792307992349
0.02633482237593819
0.07889914834575305
0.10268578173094764
0.27500005763109187
0.1300018138025066
0.47939060432582187
0.017165982504305247
0.003285773500811694
0.21274342625497056
0.041244927332766364
0.0389128506102129
0.022841472933126775
0.2676025360521446
0.03648466224028453
0.022505652959500282
0.9029898048738566
0.044890907762945506
0.1332231165913785
0.13189838371764842
0.09049220762485868
0.007240371358530452
0.03452319148996379
0.583957285033685
0.061557639995864874
0.08059459115517958
0.03491901964250153
0.041881250907966
0.007368712057914803
0.061384442541832146
0.012358070918440964
0.30490558975041654
0.028299840477298
0.07571666095914395
0.043465584445767376
0.01301504524593155
0.15072197286205907
0.058242326600651935
0.018605558868281743
0.28143817095519713
0.016125904489415956
0.0512136471901905
0.03592415962954839
0.13984099018793672
0.025198838559502706
0.020873777445750766
0.06631497977605023
0.1166023906889381
0.03908741219259551
0.052025221032232935
0.006040323172320553
0.012362725882068541
0.0037178969081124906
0.05446618042029631
0.00872515000496427
0.013862481870595382
0.010578752350291362
0.0072342728267170845
0.07328694123846982
0.11529058459706004
0.0900792307992349
0.025116328409418808
0.5050755404711527
0.04014565718550446
0.053494937145042665
0.0777909992064595
0.13745077301423891
0.02724980394766138
0.018238535490024996
0.021264403763432735
0.03527341176838937
0.06747654837521344
0.032360597936226775
0.07510048258081065
0.029166798082318725
0.31611036036465345
0.06171276265106803
0.059681970345714375
0.08713598733270847
0.0425097434876398
0.05551813188173482
0.032480666638941336
0.01191165982730473
0.013579278194203506
0.011767235522266092
0.02594818260848638
0.03293365941558284
0.21075712273719452
0.1670132211885756
0.10753840545483993
0.2608013572125821
0.10565808946330894
0.489103419054143
0.06148954843168861
0.19918062048278537
0.2670931085733774
0.05836957597194176
0.021834147408573663
0.03322075207228488
0.12579268128304777
0.02372037789386348
0.4775160949955977
0.07153762944366537
0.015254221009716427
0.012859235000783467
0.7191753981139284
0.0900792307992349
0.0900792307992349
0.06118965099648287
0.12129578424217491
0.00945851800219762
0.3824906512211758
0.030413691221088314
0.04403436007955447
0.05053723634209794
0.05013592912934693
0.04551688245854223
0.10011408359292767
0.020341913439646093
0.27426948107718946
0.21255366288800376
0.06888758461639524
0.048936569039274916
0.06627496516545263
0.019211795274441723
0.0784444377160241
0.06080235083302294
0.07655863283065396
0.0900792307992349
0.038971682565321596
0.023650536044743462
0.0900792307992349
0.06175937817313986
0.1414341394764856
0.25838843731475303
0.143946944990598
0.07464664785936524
0.15965739355854158
0.09697542106588104
0.12286247193766292
0.6230480932174992
0.0037659442979247233
0.21269812302862431
0.044563474121159644
0.03162422032664419
0.16473163530329857
0.2672034213791933
0.2826809448303287
0.18983296801806426
0.08624185318160173
0.032652875777272695
0.18105182367471837
0.05081465337290968
0.025583675282126725
0.030519999214950702
0.002765145771008881
0.10169263766881279
0.11603807338830417
0.03901352089325279
0.007968576664511406
0.006953746025957768
0.04732195306332122
0.36061123011810914
0.08781939583263623
0.059188692891279156
0.00540824599230121
0.05023040619041805
0.6479032958339879
0.05328881522288844
0.7413428343622014
0.02175948915261875
0.04761939029112007
0.03268482990046463
0.012318721333054932
0.022996566188039323
0.07520579212100495
0.02913576500846154
0.06382654705422192
0.3038735450918163
0.0900792307992349
0.04239757824517602
0.09602098144561688
0.03719650872256771
0.08635056851947487
0.3341752160290387
0.024196973410560207
0.06671967475905574
0.018824194942215797
0.11476162208570229
0.0628145634075176
0.029999991463946253
0.04755670456768595
0.012127399195624375
0.09015407175103994
0.38895026532025767
0.04814715831233251
0.10100798303704284
0.031994088725964154
0.01453276961822649
0.12625975371454437
0.24997847729335962
0.07385476297625626
0.507395001085891
0.10250187110274248
0.0676243308424077
0.06127544971576076
0.038853279540455685
0.06219559787037357
0.18963021557062587
0.05862174937530883
0.02734842957742438
0.03177952634086738
0.29692449241457414
0.4003099813948336
0.09788156119241809
0.011515129086977204
0.2389660822601537
0.10303283727102372
0.0955976509618764
0.08958432003562604
0.16391423782324632
0.009453219836921172
0.11532321407958207
0.0900792307992349
0.06598591690750231
0.02741196236556732
0.17434619048204023
0.04597210123448647
0.11226026501320412
0.14438528220370309
0.2574113601280073
0.06802866494107768
0.21625115239864903
0.19151278519594528
0.02501434010437645
0.020099588530364795
0.08609112413056272
0.1020577483072052
0.03337039584205972
0.07525100598121895
0.053406878346063884
0.02470822074431854
0.0876751878937778
0.15566443115826126
0.025791259100567572
0.018410924402993127
0.1533704561849707
0.04999215756995039
0.5164590552287118
0.16441944963707808
0.47783230781221625
0.27086924460080136
0.049420312465455536
0.01946600615888927
0.23601420463756337
0.09724515633435152
0.18424821354204268
0.05774885355097531
0.13823892333448506
0.01938362996025875
0.017586392445303314
0.022383518363225066
0.19480060289882684
0.06971084791988652
0.043344928460153385
0.8621678114520113
0.1452510416963164
0.05172147433863971
0.01336989247006731
0.2823291044406721
0.05669235415802409
0.024266052228965013
0.05692652398077821
0.5
0.00649670906864913
0.174003662484031
0.15473959797506995
0.29088973059016543
0.013802624217876919
0.015639167797787092
0.1331556355400253
0.028573705320532387
0.027179358237810272
0.06020277440444751
0.019725436381351324
0.025011146847430655
0.0802229790648458
0.5609547861211431
0.037521922398475946
0.11283471082844461
0.05738412581092454
0.039578272893186835
0.08612030188971069
0.03625969449245214
0.25656951841419595
0.014109260220784542
0.004930678180279085
0.07541055869619794
0.09481957679849162
0.11757230876379447
0.00868884773286519
0.05039875644845844
0.15166142921949727
0.0852371145312575
0.0522789758475382
0.04316731008360362
0.4160412074014715
0.0900792307992349
0.09026611951304676
0.08213869392069642
0.19873300828334853
0.014824727093532001
0.04253408837406775
0.06057406117167893
0.1031500665181754
0.13973648653830664
0.04264288428932379
0.11733223072544605
0.07150904672207258
0.017245903275861348
0.05966482104116591
0.03530639974854332
0.03750338506064203
0.19865339101716273
0.05085021076377974
0.18125155779236382
0.08940535002949165
0.09267501567866361
0.0800056770106646
0.007716956821758234
0.039641274812155194
0.22048493214044643
0.2617340749672771
0.1937408863972082
0.14739677530095965
0.0085214914075825
0.05799071276946541
0.0900792307992349
0.0900792307992349
0.020458578517859607
0.05202677431228628
0.05346489395479712
0.10009554362510303
0.17727259822432276
0.020186153321059903
0.19341611825605684
0.5500377768806424
0.09305100249082719
0.0900792307992349
0.07794301692579798
0.0024666708769253915
0.03248009962196289
0.008035849991647229
0.0900792307992349
0.0598424448331321
0.05698668173263589
0.14228376003219742
0.04954239830413378
0.017819763115150256
0.02598294037449591
0.06644891882383772
0.19322916765791961
0.06001678199942771
0.027797017864938982
0.06610406543577982
0.022773375153833916
0.08513653386818502
0.1280154774239782
0.15992183829134796
0.06471835820301336
0.012917380945626413
0.32244233847793397
0.05234411789861854
0.6378911299910562
0.018909767566941744
