0.009263928480894244
0.013025622419036448
0.010209596998885172
0.025838396411962943
0.0026765387660184293
0.003332520711506896
0.012937342465685417
0.02033521932931184
0.008372910126805536
0.002688008241743945
0.009582341342992544
0.023566485356222595
0.02583402246970313
0.025818284188674854
0.005651449799660686
0.025822675309009776
0.0033086735270564187
0.02579854049028981
0.004323680214237428
0.010275745000359169
0.01170955306717988
0.00468694317318077
0.02581193560457212
0.003998744162500353
0.0028682357526572406
0.01508700402347123
0.025855081094663557
0.02585927658807787
0.02839609800171525
0.02582933527376884
0.025834608715683074
0.37587563836612975
0.027894698356443006
0.016747459529294483
0.02497976249663184
0.025813919914196532
0.00501137851308632
0.018985827144415116
0.015390076009135435
0.027576255599240103
0.02371289046808496
0.02456173705334671
0.002778647183652972
0.011592600700390528
0.025824020707943228
0.025849526424573752
0.02579165510554046
0.11442688315526267
0.025844747770394496
0.0013124979485825447
0.004840865533236198
0.0006527903505343552
0.025791144275284793
0.9629795872188422
0.9691481967722674
0.9691402734102289
0.9691418139835887
0.011163661652181307
0.00662022323448096
0.005187994007331711
0.025850562035023256
0.02579829682372055
0.02582032253161498
0.025826057290469887
0.008521955908884106
0.9691728086866283
0.9690955282911976
0.9690857650109782
0.025839984610375562
0.0035763572209538963
0.0037054042233589904
0.009339632052136485
0.0021415292399524395
0.025814686275442405
0.0038018744998015285
0.8461067521272057
0.9691035945299736
0.9691260112923693
0.9691057787710489
0.9460553718913399
0.025841840404764324
0.012196258796855028
0.04961945825983988
0.025805436379349966
0.002649177507350276
0.02581327390993299
0.9781495428884606
0.9853243529223431
0.9677924079600198
0.9691164914725467
0.013024468696250966
0.961837980934033
0.9691353131733018
0.9691066034042152
0.9624763058715223
0.002499542852169624
0.02255497043292458
0.007966081636077347
0.02582540980937136
0.9999867994026259
0.02580541680325376
0.023592006931183976
0.00998095717874334
0.007707024764825137
0.025832571756046453
0.013824012275227953
0.010619093733898102
0.004706448451392334
0.015257701334181086
0.002947822791007134
0.025815371559918695
0.018903577973563734
0.011559884455804333
0.002175174835096137
0.014911037414416925
0.007079636346084315
0.025833218137738777
0.017049228552880692
0.0015672455458608052
0.03392352799122584
0.011823522958639077
0.010833555347613894
0.0069287664534219825
0.018771795996697975
0.014687817911121693
0.004850187639567984
0.00600860739177919
0.03477499530692569
0.07322136276756742
0.02582000831957898
0.010505593102916034
0.02583364733757925
0.025825975612962317
0.0012416554545476965
0.0009260065767039407
0.002690320799887858
0.02585404264927412
0.025835343858646657
0.02582989621143685
0.02582153549020478
0.00509268981302113
0.024337742561280545
0.02189716785364034
0.025843157688928173
0.010480641336279213
0.0092774965045063
0.005545169271030397
0.013620416433971794
0.0021739229323494125
0.010324018789287787
0.006205777045048314
0.008024742211290667
0.02584418731282792
0.009636931127338858
0.002363834174581445
0.025808983546895065
0.016395484666685774
0.025824715908898833
0.01474110886116643
0.025823539718082576
0.00414199989658413
0.0058547892452116565
0.025812848594561653
0.013132613473206494
0.00902826616979984
0.1031408276840565
0.0018067912207056773
0.008966578742426162
0.025812807834993796
0.002167102738365298
0.012063875562712982
0.02582898256712235
0.01772729367973883
0.002823101956954313
0.02290774728647061
0.025803211018398827
0.025862964567209462
0.008974684629080434
0.010077196470477551
0.02583148889170348
0.006732952207564018
0.00676564502659738
0.02581607766057111
0.3930981228034789
0.025796356322940094
0.05528885845818223
0.02581178213756551
0.0021549000997919425
0.0009874763442514947
0.025787344131895956
0.025846516443722926
0.0076466245762047014
0.00959056160393504
0.0005101211606682066
0.01648525290899763
0.01142814011731206
0.014801025343013498
0.02217107970369299
0.005887507457772316
0.004453854211864091
0.008190131959625323
0.0064927393885620644
0.007213597058567754
0.015413247935439222
0.00882967179895671
0.009441367312604407
0.008218716252250503
0.019666137781208518
0.006620387278496439
0.012907746440693207
0.01836763405374644
0.330300413175464
0.994485313957891
0.02578739660070949
0.025849531041458443
0.007263769752134074
0.020265685689519485
0.021931565178540027
0.0024327784081544113
0.004517880414115656
0.025827362421614465
0.019466206001173374
0.025707709617104554
0.009156526029621788
0.0007909043052953218
0.008306525024207019
0.002394173406590147
0.0043227436449187985
0.025826953036493416
0.002673365056047242
0.00857860174027173
0.025845595124071453
0.008761039737611538
0.025814304732083623
0.004062745969901827
0.025831226317698013
0.00970398356172504
0.02583786371331721
0.0258447292141111
0.025827694032758673
0.025816038906913474
0.008639006476176903
0.04145205153056902
0.028121806845585136
0.04223601217256181
0.02581644570524746
0.004822454439342019
0.008124857802136417
0.025785388796598516
0.025825162548524447
0.013525469465102849
0.05110238234052417
0.025807885361182014
0.02585968992111128
0.025788222408245624
0.02580543522705066
0.016079084243082898
0.00496665752888324
0.025789975606515785
0.009707403840731332
0.00163305517428535
0.025792789930488898
0.06645147948655562
0.014194551439333663
0.025814543563392148
0.0038407870916675434
0.022321928603460994
0.004639113284026746
0.9691094959148828
0.025791935486197935
0.0105263522169711
0.025839844551844043
0.9962368377952358
0.20453725651203478
0.019225028878144288
0.025816244184455186
0.025791698311697066
0.0037417795080502197
0.025809007809571502
0.025825118587833644
0.025774846347312926
0.011270103612615167
0.0010777302839749755
0.0007215320965490815
0.001943281826457569
0.002096955903342789
0.007443362181907753
0.8026695665244921
0.027722875904056022
0.009114002915238426
0.0010162083395144769
0.012837493074037795
0.007326320666902198
0.016318621439471725
0.004400606156158462
0.002041882570004049
0.025823914828943324
0.025859912567618194
0.008483002448051813
0.0017348909256901094
0.017513744002712894
0.025856974070209836
0.021397722002289222
0.025821559529209847
0.01170935988129788
0.0030037109571671786
0.017776325502170138
0.010206483240201555
0.00813421449804144
0.021792144349458142
0.025830494373258277
0.028834825379620056
0.025860638232795486
0.024429653554940447
0.01257293079495398
0.025840676710615716
0.02584770307436285
0.0076322320689986645
0.025839982879734765
0.45460943711625557
0.025799960907106914
0.01793118550111686
0.007343641181053676
0.012276858106561761
0.011862819896793936
0.009406041079380967
0.05418253088453957
0.025817711159839163
0.006275149529961235
0.010502866927350411
0.032193877823313066
0.017452134718077477
0.013745222937848257
0.05863535913139875
0.28550166753708833
0.1254935471224085
0.004385873737897285
0.4807937455665703
0.6527948933125163
0.003192899294684096
0.012300915310666908
0.0043689562680174765
0.045384826399017454
0.03356475007133373
0.02958196997669696
0.031935844817217764
0.010240630817773537
0.013912720677618179
0.008637370159997083
0.05880330981575421
0.026477430958199353
0.004318672060614878
0.0043793838392753946
0.007116511915497535
0.010221889292539317
0.006145064499928237
0.00409060087609536
0.02220335415338022
0.4186600427793297
0.005484584244910063
0.005643520028915605
0.013779169626285429
0.00946858535136738
0.02929693278537277
0.010577737627809615
0.04853912997832342
0.001062155764539638
0.004529895430709437
0.00456203393156981
0.03536594087650669
0.024075188326295457
0.11649867457337308
0.007924899045031727
0.02798845612213411
0.009330515114555309
0.05433405813127816
0.011574787415495825
0.05641111371770081
0.47867597343377655
0.07160975799857858
0.013663560012753586
0.010754291064641573
0.2136799340922148
0.00932616221082817
0.014729592282279576
0.08127048862858889
0.037748697042653906
0.037615178763433454
0.05467198168458396
0.013927026796836127
0.018108365857272216
0.05009693500639111
0.10514332356095976
0.0053725065051025
0.0061722531476693454
0.01107162140209853
0.21384427838477807
0.0086473889811379
0.023982329708579893
0.019986560263646105
0.06981085374571398
0.024902667458982397
0.028090676371237275
0.03257281269574189
0.03413141290968583
0.291796586649625
0.0831181467169877
0.002989841365883431
0.002326286418130233
0.1874494720635067
0.2402729662394104
0.008108869651915518
0.009297446265747748
0.02293564692435462
0.04208851059140691
0.01751768568025745
0.017895825033818008
0.024231098882033262
0.006149072201860515
0.04900513690561048
0.004312906757460452
0.00467219844307039
0.02599273873627603
0.026297771652585598
0.16387770243566427
0.30272208534097117
0.18870129195090105
0.008114498009202362
0.030367966399278395
0.0073897643788837794
0.0025596368932067305
0.12328607579518822
0.12817872099443092
0.0034834135792061274
0.02454452495707331
0.015998690661569108
0.038853432004581794
0.013455309418992631
0.032623694020402154
0.022974433511515967
0.05703297589227078
0.20246119915004113
0.007843085358953289
0.05098049904954318
0.05170866306916947
0.024095371749800636
0.30921656793000035
0.005126699169013319
0.010186182835275939
0.036948829877184
0.025093972790005824
0.02202066814936961
0.0031219461729040596
0.2674375900214719
0.27394951656848204
0.003610542631173155
0.004770063273293612
0.00424149336023191
0.0021863961334239643
0.05007595861875625
0.028744974652233114
0.024971083176420272
0.028864306160713237
0.0017855023589132548
0.003490928007177399
0.048284695512117275
0.07885973919108463
0.010044823389727389
0.13924150525154202
0.2629673298025303
0.016746049329990204
0.0011354650039544108
0.002908787087819954
0.03519106667556859
0.002977259883350563
0.06045220231381784
0.027619215787278207
0.007488928470065875
0.015379790039810867
0.0067524805132869094
0.0031826361993960058
0.003698991818301781
0.011398642202774133
0.596372516183697
0.018930867924725904
0.014353229604879484
0.03716723853317125
0.242103291525065
0.020714806102016828
0.010811975764939051
0.00361962029464288
0.0025577100995965527
0.002940934429127668
0.007912492296977266
0.012853860058993631
0.014927549456513579
0.017169325349400515
0.03139835064907879
0.0035370168912041084
0.031076876311212108
0.01528398758331469
0.06502826584352477
0.006454589137349548
0.010954607580756906
0.08724071008823006
0.029129383300449254
0.004159436896465019
0.0034579733695324624
0.015858756213130144
0.0057374016625831485
0.008188323270095842
0.0024426293177833443
0.002261692656190582
0.012875413742591449
0.021627952491555816
0.0047104638394662515
0.05820140418626764
0.013667013727651283
0.005156103548234232
0.01418623339967255
0.10162484554730032
0.10796883565748303
0.03660536211233431
0.041432591910286504
0.030377226140067864
0.04937967105736724
0.0016471813733737633
0.051008197252905896
0.00598423899069291
0.04562768098990699
0.19897666401705058
0.06462863172844474
0.08038590952107251
0.10817309482640226
0.15223727650926244
0.1094172614767352
0.05877326914226517
0.0946669820919678
0.017253060355546527
0.014924811993097276
0.041134662018520306
0.42564056800017613
0.07537740833705896
0.014126857240527702
0.0020779599379949763
0.04852986500445188
0.1154179453706678
0.00468526376253957
0.013922192314138306
0.0307966375117715
0.08139776137415032
0.01774711418860341
0.011869077494689033
0.02401213041942724
0.0018342294832344
0.016409229986379545
0.01195085261232271
0.03065960175655156
0.18406552728120207
0.019922224534384435
0.05154920562568281
0.3399080157326785
0.0010370149303556835
0.0038610010161326995
0.030426089319541112
0.04638159222105646
0.007145350020928219
0.021162865471273173
0.022236784020410027
0.12073292890717836
0.03485604774795492
0.013167857393195868
0.03720931707466894
0.013800808361860015
0.015306289442673158
0.13779687547277752
0.017244240216380227
0.013328719210832337
0.1262061862129805
0.041198745979431184
0.0008403689197213524
0.020893842252388158
0.024266341985642922
0.18708469142216388
0.04903769636897031
0.07001573682266095
0.03972706878532778
0.008655702211114873
0.3979792762645062
0.6142940853244779
0.01995375676532199
0.06543905695620758
0.03014475169668414
0.11369863596656823
0.007568062014643
0.04461532878116933
0.0418591431002049
0.013435488985313422
0.013675448734191478
0.021027651949099394
0.009334196938950583
0.01692087274562704
0.042628148560676475
0.02214707077983334
0.010867625407350343
0.002710204366396674
0.0031602633743870075
0.003259342289312157
0.017700505158216997
0.007910437269886886
0.003837443833482567
0.013748859745880804
0.0033142297526295517
0.0640356494102207
0.02737922963954424
0.032902426826313544
0.0016560911369416717
0.02077714441203203
0.004237244437212409
0.016831531941568743
0.09328702159903102
0.006423089392059583
0.037092933658196214
0.04862645878344117
0.001309097043448879
0.0029226883287391823
0.03783372975724493
0.00882088462531913
0.0026554550968393106
0.039424528043573305
0.015159996640348717
0.002255319034992864
0.010822027209410823
0.05035504121358602
0.022230244377703823
0.0072069648570750695
0.016661911077114525
0.03286310893824005
0.015072963933656402
0.005595250805816952
0.044642412452193275
0.027140071578241505
0.13570998645821578
0.969156361032302
0.004288922077540041
0.011081777066149972
0.026191217106772875
0.5943660129136922
0.026557301488400777
0.08388080949727611
0.03620226438137235
0.020993303338658138
0.010075260620680024
0.0021450848469319445
0.23756873125710648
0.06198250940866404
0.009203742514365591
0.2835962407633832
0.009654029579474475
0.006825012729546387
0.025935194060597893
0.020520959477490382
0.0059818653512503876
0.0011734014689472594
0.007008304031825066
0.012793204807499303
0.041964724798914575
0.007643854819082777
0.009015239206301625
0.024160537214419724
0.8436773256296877
0.03138898972181403
0.058361027792054855
0.2218111633177498
0.020590923687225145
0.0023239604284543487
0.005363928667659532
0.003385598204186395
0.005431929703910213
0.013332581830361716
0.030523444118318064
0.482890593324835
0.006290387588673407
0.1025317368347616
0.008640595133591627
0.1404778671186254
0.033949075288566
0.02986584328591603
0.0036581136723742797
0.006365995644466547
0.02113683346906679
0.012284022555616054
0.032509857049384396
0.011037605195518763
0.007567426090745902
0.004533692730138051
0.05149144041402519
0.002218630940937523
0.02239699232293726
0.01630964096744417
0.06092815693929881
0.06683683970182927
0.0582888833427386
0.6692289420997931
0.01092719579203893
0.022615016450950404
0.02787282145828013
0.019559245550986072
0.016914283150099702
0.021365614957264155
0.019560129989635102
0.0014716215242621662
0.043824461056629696
0.3514904839253617
0.03086840479713361
0.022066938332512127
0.03648057406519516
0.0006812476671010162
0.025512342428510686
0.06393822800864753
0.002549543090494657
0.45851429299206264
0.44548534459467626
0.1036686609673731
0.920469352647117
0.4533894812781907
0.10089972925758456
0.04889273524819592
0.35497807878185184
0.006149177352146163
0.5361674923720678
0.9691392766024867
0.9708255205640877
0.9954122986301572
0.7794416257413722
0.96913881229275
0.038780995177782975
0.12564444302852748
0.010899176560833949
0.0035357993939053784
0.014323576699124345
0.002412027162469419
0.06004338970322968
0.004352298269065063
0.04514860701135262
0.004507685910833632
0.009564035403365126
0.014241857047791255
0.0016233307455016971
0.006893459073760956
0.0073548514956368145
0.030223706186840015
0.04644860069989349
0.014749300246047712
0.022037631868534854
0.9913757759894323
0.9691307045042131
0.9691260603535564
0.9691620190132747
0.9353927744652843
0.04003772605713541
0.0013203593366342013
0.0014288540450465687
0.002778021510696114
0.04025024673367354
0.02696365629168371
0.4618286057244371
0.010249851950931975
0.034087872168471846
0.04870975190917656
0.02309491619945716
0.07261129354751622
0.005195655783636245
0.03598035857019693
0.010440809268689885
0.019177557192073987
0.021681492558003584
0.02656040166413204
0.5892521574529237
0.01808556429212849
0.029057165849377876
0.03119282858428317
0.019759741207347872
0.0017108810407786476
0.02208829125863771
0.04019159652309988
0.23932727618976218
0.006028628034745726
0.01338589039951868
0.0015113160484116674
0.020326609155939507
0.005526584389147212
0.009316878995804726
0.013122179612730555
0.08035539710127712
0.0031835990009574573
0.006106258374592168
0.09949672837361363
0.009897798330136718
0.12689125150989375
0.0361920690285742
0.01384886910816407
0.03462106734581888
0.02961144410011215
0.024159131289591414
0.009747414830053773
0.007953542485008921
0.24995784788965222
0.2203186995352058
0.005865082478694319
0.029843940733874547
0.033532524166117655
0.012885078288797496
0.0031977028485710695
0.018583179121719643
0.010889460608616291
0.03993445100742948
0.028696772195199755
0.5993188742377766
0.13573867168229092
0.022964660432669575
0.02912187297762935
0.07752113339786947
0.021934260443426674
0.013718514504615701
0.007240972363537523
0.028653024550206345
0.06029544836594116
0.004491429508592025
0.002773662926610572
0.025958533118602366
0.017857596317528437
0.08537200322491716
0.0054924106901101674
0.0035579173057601696
0.004094774384361893
0.9917930509365798
0.024961385753555523
0.006114221781970835
0.009527225018760433
0.02092801226008784
0.033345432046972316
0.010940630871540997
0.19788403243950953
0.023395351870315717
0.01191413283145176
0.9691323153938985
0.027816005583962702
0.019068298956505803
0.10595500607434187
0.47292341438605134
0.0826706838112365
0.024326927214063765
0.07553330944458692
0.02089296933076849
0.1339749062871499
0.9438866604273123
0.9885608336930787
0.014340090943191868
0.3741450572169479
0.10056989662717518
0.026132918052572653
0.008571800201801712
0.005937132871129282
0.06177359641223986
0.004684777039183341
0.6325206997191659
0.00041381287400330804
0.37252391745322816
0.015047103655554634
0.33588931980189424
0.0037138689122583816
0.002444102917749825
0.007750683312389345
0.0035528748846515973
0.01860528447856058
0.02518697722594046
0.012857540861236003
0.21877308028433762
0.019288902489061312
0.09686198643787143
0.1830065926655621
0.04876424553779567
0.031160743822968684
0.02514009372077903
0.0007529345036344282
0.11296122931142666
0.05008417504466959
0.021755900906987775
0.0022512319797155862
0.0059403552966087675
0.06585135089703802
0.041411159203367146
0.04237521814880274
0.9691375620682706
0.9691177289583
0.02135815192083513
0.9691502158427251
0.9690956051248526
0.006988540650239658
0.006326052317584243
0.018817859211654003
0.00462511020316541
0.006381734165955068
0.011486596568020873
0.08035186944220048
0.0062690811363177576
0.015042733800191818
0.009358935298374197
0.021598480209223777
0.010574378734548221
0.040476577021891835
0.020919386428523666
0.03090784212993123
0.02366624592030978
0.9691060974541913
0.37473318584245835
0.030381197047613457
0.0020464908240957753
0.0373703578566723
0.010513412950766274
0.007180014852359235
0.023487890187505932
0.0022871226527153288
0.0699419468397392
0.005069236917559094
0.009006883387510689
0.9691083293102034
0.008089870330424314
0.9840036799986484
0.08935810458207533
0.9691874328976253
0.9947172762831218
0.019795672951559713
0.004165901910854437
0.009976867912990708
0.3884334231342861
0.03301196133364523
0.09056158299288655
0.0035106574105469575
0.010609513979625151
0.0030121867411633855
0.06251976675713693
0.047678909647308663
0.0028665442393830346
0.0020867527470986827
0.021252741838167666
0.01962854933082848
0.029664961409962214
0.019075886374951685
0.05489178640712067
0.149860484175103
0.016441038494955647
0.02257080173689432
0.022781599230431552
0.00999666564772044
0.004081944629620886
0.05952633992436621
0.02350277218311182
0.020172009421520795
0.06359466245330071
0.06020535646868201
0.0041044285955908295
0.30032037075749524
0.01250396243160957
0.17402540349026585
0.011963619066742063
0.060276939609809295
0.008308843540687918
0.0011759805159331203
0.006443742341794105
0.0027018231907674963
0.004036752616738225
0.0023111783695119814
0.013983010934443103
0.0848011244945151
0.0048691843163785565
0.006184760151027154
0.4308384783437689
0.34770650299243533
0.002765350072425048
0.05007589834296476
0.029636470644332134
0.03188043232972338
0.020216276902163464
0.0027757443139751303
0.005189024350565665
0.024478273634896627
0.0069788530799470725
0.07203611714737215
0.0012503953474305508
0.047869575242609624
0.04403805546406437
0.061528254117333134
0.0717319402384201
0.02058588688892854
0.04893567066045704
0.007485290184987109
0.018418210939607126
0.010233330088083262
0.008809646087846457
0.000620718369079471
0.008443975805715688
0.047926915382031754
0.0032524293263375913
0.004821941960307599
0.014792597554806811
0.786362667609849
0.09102316545500444
0.16738534021035748
0.0017308088421852431
0.006405110319882197
0.011664800926993691
0.011840090933442985
0.0026413479494676625
0.0487650808903413
0.00715477370919582
0.011726361379012843
0.023833371037380955
0.0017803228900986118
0.0019310427030084227
0.001638994099046795
0.017846694943272897
0.029958166462475684
0.11868264481923552
0.004120016982904356
0.005645380334684473
0.005795588862757369
0.021625368300865987
0.0014672616248171944
0.416471448001431
0.008824989903562227
0.04537472468712044
0.0076060953095387785
0.0034340985608823774
0.0015873825014356617
0.005941043802242913
0.008530323529212777
0.9150435233939777
0.03328863535209674
0.02292542136096711
0.01327235436503455
0.03686106914736275
0.007412317534379526
0.21528492541361768
0.2948496277837919
0.02343470339109482
0.02788424021405037
0.15440241648191633
0.057868192370717574
0.16897696751056349
0.08183524807247679
0.3031183448004831
0.06395437539771444
0.004290382463227583
0.0026233295376572384
0.006529024558402653
0.009782732645459502
0.027612577887800485
0.013040333914033428
0.008545384011033046
0.009060801052962
0.08725635674087266
0.003594308898870488
0.09248033533797209
0.00941518626649945
0.03698299159252251
0.005799018182996379
0.004030117866629678
0.04236056117544678
0.016611675186350476
0.005141762395226936
0.08902362740762465
0.002961205633061633
0.002230238193712462
0.013285399716816252
0.04063537633705917
0.002658987032590925
0.0031305770659181957
0.49230524872871606
0.6080384668025112
0.026199670310225916
0.002691964400578284
0.00616554315213828
0.004647183359676101
0.056487981805788116
0.033470633171490745
0.013440300552875326
0.03513648805912824
0.03196971478372889
0.06416433322888619
0.04544043897822595
0.013511200300035386
0.03586301743350261
0.01501905995113822
0.030278645632413583
0.14161363900441962
0.22180042352498555
0.07375477801229065
0.06365891306744907
0.026667655262945664
0.0463559743039398
0.02386491231125669
0.09162441108173058
0.022391624314732007
0.11739729629328248
0.016535824115031024
0.016519378961255986
0.20268846627334952
0.006259208816799117
0.017303153403560867
0.026995864478908095
0.012722573279000612
0.015139260032307297
0.04919432132936127
0.31726317414688193
0.0973635843222255
0.01717127097441783
0.025471280084968538
0.03255530978789642
0.0037998103992921465
0.03590253148511051
0.7730794159719224
0.023035661773425704
0.05186495475187778
0.02920331936545866
0.023688816817471415
0.010816708735163666
0.02858940148119604
0.042768505265791824
0.003224202627086823
0.0138840018385318
0.031702545277309466
0.04131825532385554
0.0340148178796705
0.06795528307737167
0.012179165674996134
0.010771818021117777
0.0255929525667741
0.02396672550126673
0.20377881830059386
0.03197727350762009
0.00673877825295245
0.005509731481173398
0.007727321576177919
0.013620530054052499
0.09733300751614042
0.0030885497334715616
0.05093452292454471
0.05559184343343375
0.023300210631975727
0.01678253008368871
0.07203535863664647
0.023859557655043204
0.027148678650056855
0.024902588262525373
0.007106870720717958
0.029035215075164846
0.0174801740942595
0.0038440743018110066
0.8091581203403829
0.005881049045450881
0.028923083206816736
0.09283601424488074
0.07942567971341202
0.03182209636780177
0.029852114245545163
0.02269020345906127
0.04887501179011844
0.007764741812742941
0.032373670312731036
0.028559846449440682
0.05932443207297735
0.013269347328047217
0.016361872663405715
0.04449450745914457
0.013720958878483822
0.024281133759937214
0.011628914633585034
0.011828540078372057
0.13942175954093688
0.0022090937060693957
0.043528469531619
0.06628522862407657
0.007654354212659907
0.015937985932862716
0.040707683432218644
0.06711442485698581
0.05397971566668808
0.010558993694731572
0.031099913810728377
0.06108744391135128
0.013388390705515165
0.020362184823437945
0.12631191376195947
0.05060993568505544
0.6813502547695088
0.005693479663848749
0.01098482274024528
0.001196204894429945
0.01559689143006801
0.021807150600789686
0.006011832239920064
0.058303652550312245
0.01581171864165077
0.058215386704982434
0.032618631919835876
0.01124130939942352
0.016950550104965774
0.05617031747363827
0.011691392555381276
0.010805771236413856
0.10353792319634339
0.06216905906354831
0.04516960124406757
0.06530595418128045
0.442556600802833
0.007371520971967327
0.005046689696665912
0.011928126960916672
0.007058981390044043
0.024351792438717542
0.06909187041424181
0.0033562795831052128
0.1425575482296569
0.19242956847437587
0.08688279078551132
0.08391046122968725
0.9691127514551166
0.042328896440849514
0.024105227013786333
0.004861131482022401
0.02075175041825855
0.012463897319751017
0.002704434722640999
0.01828756431726344
0.9525051537646592
0.8254692188313812
0.03583581702537562
0.46807475663028936
0.8284483705228596
0.02450440819100197
0.1799674247844311
0.0279988826995004
0.05610545754257324
0.05106508046842328
0.7452733099476508
0.08606702022403435
0.010621652867277457
0.0856349239548499
0.018260423816357993
0.02426076193032352
0.0013031384483166767
0.17361833525918755
0.3143830390921197
0.8692046481401752
0.16379701232939517
0.028863238565153184
0.0009505084124776564
0.017393080725043402
0.9223968238649124
0.9923488128762658
0.9490190869935762
0.09560652278725046
0.10483797559576195
0.1252096616614626
0.0015396962992000839
0.14804874364883935
0.06493741939231829
0.008882052351224403
0.025774700689145055
0.041418043405185
0.055235804700787414
0.008583992840195972
0.02109641341748712
0.07513407647961974
0.026569157233925226
0.02957652236974125
0.03188034216694858
0.01714181391377604
0.08046760387585358
0.00776376986557787
0.6459321524482159
0.26668743663819344
0.9896768256761387
0.36584206947848635
0.7449160148885976
0.0075254708978851675
0.002254900442887206
0.00923528486157132
0.03626960213390029
0.009253105230043383
0.018194820978486452
0.2468481856282008
0.034194792033163716
0.009678290382132254
0.02419987175950845
0.09961079443607077
0.017723989007679596
0.027229512907047317
0.02013818721962673
0.033980227396409074
0.030733960976069126
0.03962698402023543
0.013435098264456989
0.005635989009116548
0.009435688052705497
0.0017207697732994185
0.03552804329898559
0.007718262471120976
0.011151266870378087
0.022971840010335205
0.0018471224847508318
0.12398544816488676
0.3385286136514061
0.02358726317796743
0.03924175401441111
0.09163693228263986
0.8599219175039443
0.032927424675024214
0.006721998396033781
0.024350219070649756
0.015269403879932628
0.043464760640141424
0.015508536864615187
0.013853507427599861
0.007314981257073192
0.014775963044586074
0.017540565088061302
0.03146135992297331
0.014761211614730083
0.2706507006722359
0.24311719074118612
0.03181772278183385
0.26599522183529506
0.07671691579871237
0.02565561027364173
0.016190554002675668
0.01964232556126066
0.05851300908598952
0.021943036730521125
0.010085877679615407
0.03616166023290213
0.6365818786251886
0.02954187969408949
0.0028090467503848852
0.11485804373824082
0.013231890196997971
0.9575987916122332
0.9700687049765052
0.9374642334883301
0.6649468994497771
0.6883408147010224
0.8743616505329355
0.01465152370081422
0.008389771132571531
0.482202763565017
0.06948307957211416
0.0015077295923720706
0.0015055644271685371
0.008025820774861546
0.10145239936379188
0.9749894514801939
0.2870097549672989
0.8963505281815626
0.7466519366766944
0.9507420007128625
0.9243370727413115
0.02138193413346964
0.03516235824906466
0.02657780302690629
0.10745956796982319
0.9151304617361632
0.9541866054679098
0.9240387126763626
0.8815949723241154
0.8036263311503761
0.37773872622815113
0.011435960015640964
0.006106365118258697
0.01874897626890253
0.008483524427761135
0.023964210038978605
0.024712724228360933
0.17329093117060887
0.9275796415112376
0.0154019961548183
0.008665250256294738
0.02156008665258454
0.005727214602504483
0.017561682784475955
0.0054877706989942526
0.023898490441927153
0.008681153760930671
0.37544170478289457
0.20150992360544334
0.07397201969058814
0.02131504823733251
0.22517118404447214
0.11055139777058431
0.1835197236707418
0.012156603750583448
0.004854012178599609
0.02261986337559398
0.0024022850980444646
0.9080453764248622
0.00973914039451657
0.011116605517920593
0.012124362257550014
0.2168433602042423
0.16617081517152713
0.04466916625055164
0.06891290457207767
0.028596249477588275
0.006823896105644281
0.00918490942159307
0.019279861107780252
0.009783375699480358
0.003290376043202484
0.03173765221404855
0.004066070183810689
0.022132002293057184
0.003970766106642209
0.014416109839218315
0.001660348347819826
0.003758548122563948
0.009001761404558554
0.006198733193002208
0.007602191056698933
0.008659530177474443
0.24020995562233077
0.008365128058242263
0.017880949819315033
0.0266934452186412
0.012345809811382506
0.007509260674988732
0.003376928134021023
0.006815143637829525
0.021153376669622904
0.014825759970411044
0.007082077004861781
0.011292126976725755
0.03429822166288916
0.021052619523521648
0.016964859030048914
0.04997252235876977
0.004737448932935352
0.007909035672345351
0.013662299732054376
0.048091341020183566
0.09624267703307608
0.0024898074224655366
0.02150551120529408
0.008595937225376745
0.01377138536348675
0.019177777424466278
0.03492146382980309
0.019962985689005012
0.02448699408965268
0.0233275303470391
0.8870446050712912
0.9374952102750665
0.911273259779241
0.9347161816857519
0.022614436195896922
0.0025366151147565986
0.013606995225646337
0.002707919348737134
0.050372374727995085
0.06365712640291844
0.006865754387664547
0.0076231424676168
0.0019124535296532145
0.014838045011357492
0.012750334057304484
0.012960629927411095
0.0040326338258117374
0.01138813773199382
0.003899613518049212
0.059158962740177276
0.026317262115379145
0.0017227197914524448
0.011621352668264074
0.008388942008354588
0.011125601666782288
0.0034338757397619907
0.0007905134163715807
0.028322377637425112
0.020142302431903326
0.008096213926438613
0.00682946986073907
0.02867037055821197
0.02464144785308588
0.0289830305728071
0.015220396435772977
0.038384760637583615
0.04272686596664519
0.023274752045615098
0.007001817374483938
0.003680563000141065
0.05006066881449076
0.04261023339925749
0.009119526602406086
0.023510441075728365
0.02016272723592674
0.03870977689265803
0.01348161668987985
0.00965244183745245
0.0037565794586373012
0.03981155938635599
0.03983159697519649
0.023002612705673567
0.017858081010496508
0.010955542267041046
0.021935844145942924
0.022602305396418543
0.025230362150652295
0.5753975950438883
0.0032461733255497406
0.03045626100943137
0.1774967742657307
0.0034292890776100177
0.06917230559969988
0.015182865011410793
0.003252661267781692
0.014374707063676374
0.003947586576304054
0.0020835056330465868
0.0051831645510358295
0.01837852853414736
0.0073025131390799854
0.02754982531766885
0.01758291252639421
0.007374138294959247
0.11985083417275054
0.048947740833753986
0.0069538204866080346
0.003067194178430534
0.0009604870555176699
0.005662703320901959
0.0047609263739469285
0.01806348099403088
0.03442944857340627
0.017123229917791322
0.007202444729590927
0.008783078201934589
0.06063633081007581
0.006201821616960892
0.04491250997791823
0.006015474488210998
0.0066015731919336984
0.0023715114386082966
0.059485063569311526
0.005412118274293137
0.014789723011840367
0.03532058692405161
0.0021386434075750193
0.0037509235622775155
0.8931467841694906
0.0011038201990602311
0.0017733457059526515
0.009189250368574988
0.009288720690296858
0.16738295454466942
0.17310777593094817
0.04732568602116928
0.005324470862708394
0.01456333595598071
0.014708715598093903
0.01004783200233559
0.003099184917694549
0.00431225491679675
0.0066016454218342695
0.2766798409590191
0.0016735331656764563
0.004216174049063486
0.019068133639330766
0.021850711112593003
0.02319967715800884
0.013139278935452667
0.04998149590904227
0.00979587260953979
0.01368100400896172
0.023038978409869647
0.010379157557697333
0.011094096812089291
0.06041131651851108
0.06691583813033505
0.05838694607054144
0.0047892955873483495
0.027996847544232588
0.0016050844988837738
0.06394016724353373
0.7495041263117286
0.11049960023940135
0.06576688395276477
0.006135106504854113
0.3380468455347679
0.006779258763883469
0.15792352638772142
0.005384191537947665
0.03412229742543362
0.004923780637973287
0.02842173449459947
0.04893722711137521
0.01169841112954733
0.0025242736181126627
0.015041818604593128
0.027400385730443844
0.48890240129491064
0.12317646971539219
0.033049614766070066
0.00751923059132335
0.013318708445777499
0.03597242636904755
0.011984597517697725
0.06011374474313741
0.00561242706847602
0.00246020532171419
0.0027531710444155606
0.00909732409114004
0.00850182858997825
0.16043876682689417
0.02696777715762265
0.010078916887853706
0.021572273708378234
0.0118620327367881
0.1493446836229197
0.0207111037903348
0.021824981927733335
0.01582825151386681
0.018811123275830708
0.003946774392670191
0.00347221390735907
0.06916200363879042
0.13796798959881265
0.0177312373293351
0.0013248127990534268
0.0506301811470761
0.10504152155325781
0.044048363450392695
0.06448453913238027
0.03051418749318906
0.0838895461878572
0.009144322408909977
0.06341435951342102
0.009761393661728087
0.004574177493922693
0.005206543769087925
0.003871494959303185
0.008589236254050076
0.0198070696778831
0.0030681885166562255
0.019778459301033113
0.11185495270546426
0.016345742718324237
0.030062373999399452
0.002271140027341738
0.011721963407801793
0.030118436926747164
0.05303520485087511
0.04886590256900476
0.037963590355330167
0.037013308275160084
0.0403290028972147
0.022066354814259972
0.03894883947980919
0.0036580227228477685
0.0012684527656233195
0.015256480851219795
0.05925600908190937
0.07888636985662827
0.05493126475753079
0.8578601850315405
0.04302939752088516
0.3680343563340778
0.05856709826258141
0.024943377236732175
0.009643053837233717
0.06256148821880597
0.12347783080700275
0.034405496049045664
0.002596942147506077
0.0030249459656277516
0.060570541197391276
0.03374368653527504
0.5420423354739962
0.015776865772982023
0.010809987248474588
0.030916224425776708
0.009660022373809588
0.03331471489237798
0.05611217647995206
0.01911986352317246
0.08307101639163961
0.03848793292677215
0.14771279327544112
0.6069782777702357
0.3875075700349797
0.017263389198873262
0.05113901418887264
0.03710672144966586
0.01947851648892588
0.1939631561837717
0.0517924063274646
0.5111914181630285
0.018560937925789906
0.0839162129689376
0.022592747908044837
0.20186368483610664
0.5685390630054176
0.21380279839249
0.004061740819050101
0.03033188653707469
0.3586680630517414
0.006333022554934787
0.1332996747788337
0.02686530135285979
0.04126753581605636
0.025937896275060237
0.03714502103166971
0.03754662523375787
0.004332558048408397
0.007058422076389606
0.038502590434086215
0.03960509522010277
0.034027587634879064
0.03655678061807922
0.008447753937121006
0.010046633515632848
0.006076468671392739
0.02502023238890723
0.22050697065633587
0.08478012207098072
0.3317599030508049
0.09544114064564094
0.14866245500135675
0.02732770414353523
0.007818573820437411
0.019127891497437384
0.2547147097728774
0.1088434451387612
0.0063735976390751495
0.027741869018555184
0.006280465617576287
0.6835973676376168
0.016598542493733937
0.00530100030419921
0.013910779289980043
0.00356948257980942
0.01828215783669999
0.016380194242672654
0.004327825188538685
0.012772461429104777
0.0022842247431391505
0.01028349740324363
0.0036836793617517952
0.004991507278464042
0.014454455993018011
0.31914856722779616
0.015345067335649665
0.012029353491954534
0.005518287444119951
0.03461769448715807
0.009860679304887283
0.01412844804170284
0.024968182343738834
0.016589845998065213
0.06588868498893499
0.05618430219133865
0.08862370993712913
0.007925586407579671
0.2969816040029386
0.00867721036203059
0.004817301755115828
0.270844389265031
0.00834587472446276
0.02457030292170088
0.032412950353362
0.28265355215912163
0.01716390238876007
0.10311173258531513
0.010620878685053643
0.007394660973153099
0.03126199427148152
0.02382188438257979
0.014097623780300371
0.013497847797600078
0.007117556006563472
0.0056765992636586
0.047657096558174565
0.0033824443254282313
0.006041013659307566
0.003651955602813933
0.08112861028437386
0.0283736278973809
0.19758265320096025
0.038372125509748854
0.03476345630072884
0.01139253499098603
0.034492385630361125
0.018434019533832904
0.020437283876258577
0.012777707566001462
0.013759742826244904
0.022572211940273836
0.0071167454020274815
0.06163903970675825
0.010670414506545635
0.04082017311605268
0.002177928324102069
0.01228765611974239
0.09482592670349058
0.018057977043227636
0.006386940201869183
0.01871950680598025
0.0012680662236435557
0.01724883650290996
0.018168287865817874
0.2759330578719476
0.10211438003449225
0.004253449907846484
0.05384742008493292
0.0028649150160863115
0.2668854363019859
0.038947236556441236
0.7895360184585872
0.10482791606611525
0.005997674428555219
0.03827111139464273
0.05691672549474788
0.0040547158272275854
0.007347760638103646
0.011708103259938119
0.05120691574518893
0.0017260382041100245
0.025141140872252513
0.0018990694941100998
0.0059219491417117
0.003398532322154856
0.004876691995905784
0.0006804533478126675
0.01095062339245359
0.0021735324213566763
0.0057193230869653985
0.03548266409044115
0.0024350482464733257
0.001599156408718761
0.04851836757095603
0.028671246623163227
0.015022603366787471
0.003940404191643112
0.051055778721773505
0.007844782643873423
0.020774773802003352
0.017130014847870273
0.022024637213722886
0.027630955717844567
0.08186041941284013
0.21232112918723492
0.05916398858424612
0.019980795555028345
0.09092248497594135
0.002137837176577709
0.004193276146395637
0.04853627183274683
0.0122157620897348
0.017917105955758825
0.1257442338297949
0.005200111351960419
0.08584193536711344
0.018537380419880907
0.0066157302606628145
0.007940763828069812
0.015637789513628493
0.06529588326179374
0.008717917593000968
0.005818908542212132
0.0075696867055836505
0.01134454900667642
0.04804194953983058
0.010906986656576304
0.03217735375770807
0.03276605922215194
0.005453965698964651
0.00798510186943659
0.016479669285925834
0.010432921512472283
0.016807490094526537
0.3572103074845144
0.01563860989575974
0.026433500908336547
0.004762061036525512
0.00593808900845797
0.021471877047984738
0.012420245917134904
0.06334766800019313
0.023255406386748226
0.00631425585134822
0.0066474678312882654
0.0124115825931983
0.16170616533390972
0.28216764954063045
0.019792761092022087
0.045605024836928264
0.01540301998910207
0.01364694060414776
0.007900740588906814
0.004981912039138851
0.03927494735584158
0.014305996753780758
0.07332721792707345
0.00842207020669021
0.007559896731794497
0.31625098387974154
0.14867998562882975
0.016122844065888663
0.05160070957272068
0.06703234569662453
0.07428179466871412
0.03766307317247911
0.08684300259602677
0.33683332771645963
0.21328093476500512
0.09163471603118213
0.018627180178962522
0.02912336807083845
0.01452548383538489
0.083598464112226
0.02315069978685492
0.01916907285824059
0.017737065294031486
0.2853669930239836
0.14233578408691452
0.02112489110802786
0.031682997005317154
0.003970478821078226
0.011805037770043192
0.04550876908788712
0.07054471736052358
0.008756955049771328
0.029722411231889508
0.024174404574134202
0.15977864999244715
0.003753246050254897
0.03518539796424202
0.04258271325818693
0.01660124513255918
0.0032640527899702207
0.7820680402028618
0.0048589263756159285
0.011411355975698615
0.008265119451107642
0.10850034195824577
0.04803032002240554
0.005288760463140491
0.026857802711236153
0.09040960606073324
0.016822373095679386
0.02725622342988489
0.01955160211882135
0.041873307956275245
0.016461920040851747
0.014410133346923789
0.0394114893408166
0.053973651122409275
0.43024090438460955
0.04365318869885575
0.3363460576599677
0.37500477452855646
0.059188290270993794
0.022135320203668065
0.03130588042969595
0.030932401520297807
0.042034278678962665
0.00273808992649934
0.0026612052130426545
0.019940318108405682
0.018801474326651864
0.4739713453919773
0.010252468814407136
0.8739668027947374
0.2874313123563145
0.08195043179305209
0.9341426863867311
0.4114433259325269
0.18082226812033386
0.8296647995286305
0.03550488991924156
0.23343965558494273
0.06705671243327951
0.008534192514299493
0.010061015275240025
0.03398608856745931
0.009833225458669987
0.02273895342995009
0.00629209363401961
0.03485224096553423
0.009633353214193664
0.010758616146821921
0.003348858924973557
0.7699834594902363
0.06099450194785131
0.006963408081957484
0.005918202778358343
0.029317512328539682
0.13463836700975518
0.006422158376681592
0.057292956777078734
0.0035546225207310146
0.011261933150194857
0.019154406311408446
0.009924351658057409
0.008689851751826386
0.008424214513129072
0.03111184255699387
0.003730309623876897
0.0400554876872101
0.010816884058143099
0.010528352960923889
0.007679845372051805
0.0043133221691039145
0.005186604105491761
0.0045675180468541
0.0010968190426822008
0.07766066221166461
0.034666680202201774
0.03587797469315498
0.010360045572633479
0.0441133220153787
0.5
0.018954945589142184
0.09897747341776461
0.0253112760812902
0.06277932437369606
0.006087755910705391
0.007305503461397185
0.08192345469965306
0.0210420337416955
0.0037992300747786817
0.6998883594224922
0.06374248149411095
0.3626759929626351
0.029344597937082224
0.02117435174609531
0.0021517715268865876
0.091876709770136
0.026737490576827224
0.10564233534477112
0.009753891006957487
0.03926394965350234
0.0034244389875565206
0.9794502807155484
0.04472317091028945
0.011616409747879603
0.022903317270593693
0.03006862965862714
0.5413919891293018
0.012286795920223886
0.003300780368616866
0.0012953025404733964
0.02803473345704199
0.007215674135064216
0.029509746366004824
0.0334856268439551
0.020554031894016875
0.023028806683541722
0.032058491027051786
0.022547715682233606
0.10794941582346801
0.01790998543400656
0.12504085120692363
0.0005843233189384887
0.0026949837409044105
0.47249119990069494
0.1674824167201562
0.14280499910763905
0.9165988944703778
0.9483608099962427
0.6981348488996495
0.23440416571652975
0.009261708559390134
0.007684724739782212
0.03752222048435796
0.048936025360688154
0.029021258001493397
0.009251727088311967
0.02273257397700435
0.13961764624666864
0.02095368344726664
0.004766070398256474
0.004590770575012676
0.0064908298602572795
0.017011686432708794
0.005973990561036011
0.029154162173001878
0.006106022850195522
0.004788326165902299
0.008298971825436305
0.004251289055850644
0.0013712334267430273
0.009773542637920225
0.002468196859494338
0.3778543956829017
0.10825957800068138
0.08007704961792936
0.02433839253125475
0.05062888857968722
0.02014736549063597
0.11362798566219384
0.0037215341586997533
0.1524955965284243
0.050046502502917714
0.008836941061713881
0.01463934355442859
0.020091866604163316
0.03338611509960752
0.014708071420707364
0.0018084764648032983
0.0034250275334587327
0.04670067489555321
0.013960505881268728
0.002199220936861831
0.02247096271658029
0.004813053607235659
0.013389652731883627
0.034756811292959156
0.19658717741044934
0.022027143398130094
0.01917617433560322
0.022804538664072695
0.012746793206924319
0.010868442875912774
0.02317598598998246
0.029775209313842456
0.06023799289801235
0.0074340450210987575
0.014223584809687986
0.008253740391337356
0.004842964829872963
0.6337955391254959
0.00436047446169189
0.004903117896388373
0.0016323771067015761
0.016871495142298604
0.05927595849333715
0.07517138969892599
0.10140723786464768
0.01801411017257456
0.02033144906262764
0.44219060150093575
0.009467776028615977
0.012965170723878311
0.004714418392609614
0.2752077871397415
0.04995238008281714
0.008942330015558893
0.013213562471787987
0.011858291769410091
0.03216258664220666
0.06627362643711276
0.016608155148100552
0.17890660986963214
0.005674220360524741
0.03132830626016952
0.15063522585074107
0.01853492961416188
0.009169968882696871
0.005931774225758757
0.023626667162795264
0.0012284327341233893
0.007974588960381576
0.012122818980446157
0.020811895927563186
0.032813735223103255
0.006743625344554605
0.055675822044201635
0.006953322447176216
0.011476249006648443
0.011482395523782161
0.00877518953783463
0.004889694987923369
0.005946887650761514
0.04520526110242397
0.03762675125023242
0.03406329927695839
0.006367864838262323
0.17431465018798245
0.005181422194986301
0.04781762219301691
0.2401267957539072
0.36786382569006837
0.011879845953200503
0.005380675405984232
0.17669371495829608
0.3314787984029917
0.9892051623302752
0.16746882904238414
0.10350506968456909
0.011093892911500801
0.0016886210220498105
0.023696094184641296
0.022038758201529486
0.0315076367490823
0.03276027554780622
0.008716404488457377
0.030100888183866265
0.06385508468383688
0.05146226106885785
0.06049153568929775
0.037085305639160904
0.012376658774177873
0.12625580689118182
0.03232587916838091
0.0036777059542105897
0.3977832183226598
0.01944509522822532
0.16087381630013017
0.041868037799732624
0.03507242768011651
0.03102101342233299
0.010540884183693509
0.002429630056746308
0.08299775349679944
0.028270554673558823
0.34980963620746464
0.009778317459360357
0.027039099559641705
0.10382411353286716
0.012937988048075928
0.0061781751918574095
0.068022135440036
0.006766505685509745
0.026503816603927206
0.07337310525222973
0.014762205172740118
0.025852356011080206
0.0418864020019643
0.02220727878859788
0.01341974825761702
0.019452230910377552
0.028316773954195913
0.005771143570580294
0.008413889091909849
0.028592217028859262
0.018574216922801628
0.09182963964665118
0.006785747920869494
0.011851385000364286
0.11401160669427336
0.08981142037550956
0.001968230716926505
0.010014167611199562
0.10569197284995621
0.07105744289899181
0.007740141613882109
0.004288053568155841
0.0022898011207520587
0.011450787165334575
0.07697920511834543
0.015937060231837084
0.005218421510555928
0.0014817281757774458
0.04682459376758345
0.011653283578605612
0.05130945658915245
0.0037043319461782086
0.007340247524843737
0.0016202146782212739
0.009174067605192576
0.009810362374185769
0.03953911419731983
0.0011679274657434022
0.04003417195840437
0.010127322884561949
0.0371035894176686
0.006127781569652945
0.002902618013459687
0.04946595997556521
0.019214751182533064
0.33341721721249634
0.04108365531112817
0.058744246588036196
0.006049908980570819
0.032301041320739944
0.06826593170776667
0.024148002084398667
0.009231735960939116
0.002012274096557084
0.0146733286049016
0.008325819991026617
0.003202723590818717
0.005015625734804646
0.004562285253858713
0.025915556346531247
0.13998140690977598
0.026161486374159867
0.002008540300868542
0.03641564997335059
0.002840678321479118
0.04962584293360269
0.3608497037830148
0.01820543019816615
0.031400545786402646
0.076996756562471
0.012828533390605225
0.04219621918330745
0.04356248796876024
0.01996994219864839
0.15339073509142667
0.014592387460762926
0.006115170883456737
0.01784540307599842
0.16677011453667445
0.046580135899384714
0.09340929778945245
0.06516768670013746
0.006387698577781938
0.04936828407945634
0.011481266318687634
0.04008832944257912
0.16054183862874816
0.0026412298470781547
0.036328634863302206
0.00821844521038568
0.02244337404245309
0.018053717064563872
0.018241494047979402
0.004736090512345893
0.041542066336696465
0.020592099848940237
0.017373940321428156
0.028826447229381946
0.010020203392840276
0.03060241916434818
0.1373865989999322
0.015690652439861192
0.014758244547396174
0.03230830289668407
0.08034947668684317
0.04269052535858642
0.0321608032788288
0.036440417272617855
0.029738296518747286
0.06969761691929004
0.1701858474616662
0.002936755120833496
0.0798390142487946
0.0277838042372171
0.0023470200967046356
0.06770273310697784
0.005944541541462715
0.00883490479497345
0.009149415628713499
0.02864108540374662
0.013200171774522953
0.008958218384561418
0.010808588788076494
0.018324719923515562
0.020769661183208287
0.0025183678963404447
0.024095655937329378
0.08671913890197207
0.014599085681831858
0.007869248719531532
0.4118410052451347
0.3735872428890015
0.02913218500169224
0.006288941449777057
0.009403264625720926
0.03577366500873866
0.01726109551640975
0.10093227819872008
0.14548768907698847
0.04519388342147028
0.029597090658019087
0.1526096841421932
0.004994337471190701
0.1702542356907137
0.0029148271801882836
0.04642186506532717
0.008908283649100433
0.012027553199721997
0.022415896547331757
0.023645402727964615
0.009910036782999647
0.015669577897567545
0.005171997534644737
0.024796619120410285
0.06163530424292668
0.007898312562528325
0.005273716436150756
0.0007281369052648842
0.003087738571249568
0.04109332906145744
0.005712265800777407
0.008402817309905716
0.014659181221120554
0.013659538405428558
0.015000147838071009
0.021684331136427416
0.0038451097465562354
0.014247769886201968
0.004491309974672309
0.026111547459861547
0.03988976859645066
0.007875034626879782
0.0050325479460800685
0.006545371692358209
0.016615145560254063
0.026448023189887027
0.0026342751838823214
0.00913450128418822
0.007751269839940487
0.028985642961104466
0.03192602367070812
0.005413109337888709
0.03178379243593147
0.006668956966744593
0.031553296482270586
0.0003730268094189777
0.16915676154804923
0.004712999845656378
0.02713279305586239
0.006717599992815861
0.002642961265241204
0.008698606658817186
0.022629062825770836
0.0150121076043593
0.006783084867078403
0.11391893213618458
0.197249719901584
0.002093374052576064
0.003806639836423462
0.016487076371167704
0.2194171768277344
0.013532704495388844
0.005552992170248077
0.05663119233218023
0.007650720118053119
0.0027189010159950656
0.0029389378324719126
0.01685109826329474
0.013217752353947364
0.0070162246859875
0.0464479068942197
0.02737337988787777
0.008420137129492973
0.01919083108971634
0.08194566004849405
0.04125933531945131
0.007546212329799221
0.0032725699211219044
0.06281274273638364
0.0033952099711108347
0.0907278728173144
0.030870798977095916
0.0031334256679559913
0.01719866894107586
0.0436973062692785
0.017607805359792162
0.00284392661953678
0.013252234308738441
0.002916361072509344
0.020863840922776187
0.003002776089822601
0.028190243592842574
0.022900437168326616
0.008248600939872328
0.007866861952337425
0.0036336961027437064
0.039884418326883685
0.012698608332856345
0.027355768414197984
0.008927105195594181
0.004251025366064484
0.05755582249282563
0.01868963602357022
0.18246003222425394
0.08121488415855353
0.01503455002208641
0.6763238056631892
0.025835763525592945
0.0011159711129996443
0.024486052814985483
0.026827276835002502
0.0788200332132914
0.014619852085372035
0.06388654302216193
0.060856608414953786
0.03169303371542304
0.04397695587931426
0.02261459767363644
0.04083696045188416
0.021334833822683055
0.02760066783118009
0.0035888301192014923
0.025334722063054954
0.039179817926425296
0.0059000806261635865
0.004312586994898144
0.004522241044852833
0.000768594605605664
0.04485622703569919
0.017205321288898515
0.856568879012548
0.012152187997248882
0.1933834537352979
0.0025622958011840107
0.005959348078859044
0.001657768309098311
0.00906834322183283
0.062022329247435996
0.016368757059274038
0.031097849398249614
0.011347931550758191
0.006553227305465891
0.09380760156154085
0.0012955561664783795
0.023097013716939955
0.0075590629228922505
0.013626121293520652
0.00923362017371151
0.06820460464188927
0.2126539633771244
0.01723780425459088
0.01331088656615133
0.007812386420993682
0.025087914970586704
0.04478123407671701
0.018957025658057708
0.001290519644514959
0.020561328033781818
0.030414326914487703
0.014514219393955492
0.01991748742427465
0.007885137266842366
0.0088085352427244
0.007499309419477878
0.03462851036798442
0.0032185305798835434
0.024641587004805635
0.2852972251219589
0.005277119204334865
0.28851099898104465
0.18211349426402892
0.2101609478355679
0.09954419039267208
0.02844767320738218
0.01872804902870466
0.05528340212053312
0.01380907309324663
0.0022916765270120476
0.024528292098487316
0.023367526762139334
0.021468303787357722
0.05102633099182896
0.005546147653439102
0.020423051799918285
0.012517544011938659
0.04820412024262298
0.00855546968125333
0.18524358456910314
0.2375454316020567
0.06689702283191941
0.037097186554988865
0.6380150336986558
0.015848655669423613
0.118373212690535
0.06738164233722502
0.00238101413466236
0.011142872414887048
0.010025920269929598
0.15039486179099745
0.018499426832308128
0.003897524132415813
0.9880126790547863
0.0392604786075638
0.2861116554519063
0.060520763135156086
0.0158220103905846
0.002952534283456557
0.0024008126369488643
0.32356432737862106
0.010195746547141357
0.012483913763145647
0.01590551795180464
0.005905708095162621
0.006412882855886589
0.018746516259033518
0.07007248496456106
0.21369066293163388
0.004095056065647359
0.05139622184720886
0.008677699664232317
0.028942586629536502
0.056477558173949206
0.027184262793591367
0.016272919787060223
0.025489780814099267
0.014938998235104924
0.16842673262815702
0.016152170087897006
0.07935146831860464
0.07381010821093013
0.11181698016805969
0.021437994303878147
0.023297416837615402
0.004676488400355089
0.011900413176696331
0.008237708268476793
0.013317851466726479
0.008325510299809
0.0020733553602297573
0.002064977559695392
0.0011316093221072777
0.003389936224046356
0.014295947427859073
0.06261829637075798
0.02489788764080988
0.024425748692784865
0.012721773053971134
0.14113031007199536
0.020598181528431275
0.010714003979016581
0.008671661178810347
0.01572193655825605
0.005709329372010204
0.017856337790579907
0.018582700965322524
0.018137027551122235
0.016047719640170065
0.02206696735462324
0.14386656076508458
0.010826240512939735
0.03595318378855009
0.0111152682283482
0.023262269735340277
0.03374873396943511
0.012614083290905435
0.014073117040805858
0.005730049130537727
0.007942904611769181
0.004726624363979546
0.004027394159814398
0.021412600212045035
0.03163509128187342
0.13010781299586105
0.028114303138541116
0.24217099948665746
0.20964614816046548
0.12643413296020878
0.0036919838460069826
0.015399143766614344
0.05216988818866013
0.0646432476215948
0.018230690798763508
0.014516708235006254
0.025280252595253815
0.014172900912254299
0.005899380598904949
0.4118147113294756
0.03442472592112961
0.0037121551834887567
0.0034969009006134218
0.1022593144780626
0.00990989002881307
0.023800315469525404
0.03973752484244112
0.041819198826286194
0.0013969843886975843
0.48384925589686545
0.0405427459976381
0.03410933385441222
0.05882459989582483
0.5650743760441145
0.022770035303299418
0.007339517382009633
0.05559253421258523
0.17858835083666447
0.09280920700296681
0.06555541508441755
0.028709473833582543
0.04607457138702039
0.01801886172680498
0.03999820020042551
0.03304942659208134
0.02415463377570279
0.013445251823790564
0.005056980974760583
0.02216976483835262
0.009088085083111335
0.0022359443561552634
0.02938489920377696
0.025118890926191004
0.29449202384296075
0.009403056253473988
0.019017197473218853
0.08200020532016229
0.016228673107763335
0.07923316778693644
0.004674522353852262
0.030382813594371894
0.010050925141455518
0.0028896322136447534
0.02320692703580898
0.06817245285122868
0.2592833451698783
0.2449927256502652
0.11215275466044682
0.012102518500245421
0.025305238555524318
0.014827448515546104
0.002372390199346459
0.023936731586896708
0.0017465688124203964
0.007481729300199946
0.011126618526070171
0.01529559519466799
0.0019157354891447126
0.0009187800058094153
0.008663852468305701
0.063524342544014
0.0032405917125097445
0.011487871741873485
0.002142280334644959
0.014714237152393454
0.07972473559914776
0.010555680619522055
0.17534711073068548
0.006973209892796084
0.03068654902569072
0.0017053116417769312
0.025762983389383355
0.001514220575381793
0.0029820116627083727
0.0041445954584133655
0.00549364240446573
0.038976927143973786
0.003814307464856734
0.003708608206789677
0.016417748533113834
0.008771821601737055
0.039204290191147836
0.01900717781933237
0.005685245743002727
0.020334308306994696
0.014883230475034488
0.02622000544944063
0.026237690312304968
0.01742261370121194
0.008428841473342632
0.004920187340281949
0.021037190369562586
0.6182463662719933
0.012394484733299578
0.030261474936288654
0.0016402469383967476
0.011378750980650663
0.027156348307246395
0.08720218363065317
0.026332348059980182
0.06439487977423003
0.03019489233675501
0.04482715565634642
0.005289113034749041
0.010221145116157246
0.018932871557078877
0.06414236982328034
0.01922805013591216
0.003618289221746888
0.0015364727935062
0.6109856324659101
0.04014257960241504
0.03500091453907079
0.002383631077174501
0.20463451964085932
0.030116892029612784
0.013707549718944542
0.014115243063527736
0.045040092735725575
0.0018950341707782074
0.011059026426729318
0.023283947035405927
0.00386686021392207
0.001580197421138703
0.015160183398485265
0.03670193947475959
0.03816386572438241
0.1716527735655614
0.02549320483248257
0.025157001886663647
0.03622259713108448
0.10962234619276835
0.007745623939681748
0.001064147372944374
0.029574315122239184
0.06231305838414687
0.007172445772670598
0.010833363811244376
0.010220388283718693
0.004645591813031598
0.04630555628027411
0.02220776912201725
0.006562635801921068
0.035734312803815664
0.02123041436585124
0.0821943654545181
0.16129824952277205
0.061767425357170266
0.7257780915732943
0.20065898552902264
0.035269569791693815
0.0032113554457804355
0.03187548530436538
0.06014263061958081
0.019843536632357474
0.02697194041457615
0.05553945106969407
0.004650509301721138
0.005174470719551588
0.014571715142563571
0.05854810467010444
0.00977554160330799
0.007822221896949592
0.42389144187766725
0.057837531306816806
0.01936453654994054
0.004849978290468884
0.05000335992510714
0.012800268417542227
0.017258601316691657
0.018672725029189517
0.11530441105235507
0.0015203995658528123
0.5691712296335042
0.11861431604859407
0.19771246852688495
0.005446418849130261
0.002555872389422476
0.006228561608456081
0.0016782159806383915
0.001873993651273869
0.00839849126645103
0.0013304675294207732
0.0013048217539847974
0.0073746202432496315
0.1656440345069735
0.002874406335439126
0.0351852198247095
0.3101129614767974
0.013614223876043573
0.45597123279547397
0.03889189326777722
0.019604344288076933
0.0051557398746298775
0.027682306328123515
0.029370944736290046
0.03655186673674181
0.02017213129014922
0.0011919390829937752
0.0024983782649533252
0.11641753859070907
0.03588115204949176
0.007536788539549077
0.007387599728953337
0.014233351025194591
0.006321673343540815
0.014817857521455993
0.04558982833613166
0.04986665651521074
0.007470363034611127
0.00828804719893521
0.019625731757438526
0.016956178823100243
0.02647209498012301
0.008233053562796367
0.01968565636885874
0.06982503989806828
0.020524100765786698
0.03311982982598815
0.029015649575080998
0.024615662383947738
0.04409385884233715
0.023428824779937903
0.2975201250297988
0.2960459003719077
0.09899463670578046
0.5309130402141748
0.033732537421525016
0.05140125362052212
0.48986817623232115
0.3611890119844446
0.383352564109638
0.28151745293973257
0.0017882868484578821
0.058357609618781704
0.010996216386595486
0.005824751698375148
0.05705084754634377
0.08601800181517351
0.04671787659426534
0.06935063267152822
0.06353500883952358
0.11476353821658851
0.041287618092846846
0.06119341973484959
0.045721574580271464
0.024403977904948734
0.035268040439042525
0.008990551940959811
0.013845091823027409
0.0011366129719259832
0.007504615780757289
0.016172538339108734
0.015292053898701011
0.03205765376348842
0.021813131472796038
0.014973484060728392
0.009512877781588948
0.010712842846922843
0.02819941428373091
0.011083727882607673
0.02450784601284132
0.09358652380246492
0.009309412777797071
0.10777945686377667
0.014741560959812978
0.07688153440884071
0.009857765361195038
0.0022243149261292655
0.3066307334416854
0.11777888410061704
0.02314864782026119
0.004777061589252188
