0.09681494031425907
0.09681494031425907
0.09681494031425907
0.09681494031425907
0.09681494031425907
0.09681494031425907
0.06428494826036237
0.09681494031425907
0.08679789125023285
0.09681494031425907
0.09681494031425907
0.09681494031425907
0.09681494031425907
0.09681494031425907
0.09681494031425907
0.09681494031425907
0.09681494031425907
0.09681494031425907
0.09681494031425907
0.10146342962779066
0.09681494031425907
0.09437988473299216
0.10375903155954622
0.09681494031425907
0.09681494031425907
0.09681494031425907
0.09681494031425907
0.09681494031425907
0.08746528512366192
0.09681494031425907
0.09681494031425907
0.09681494031425907
0.12192964879191902
0.09681494031425907
0.09681494031425907
0.09681494031425907
0.08498196322278427
0.09681494031425907
0.08221142303130921
0.09681494031425907
0.08538078310213625
0.10269211862629211
0.09681494031425907
0.09681494031425907
0.06316750703134634
0.1051416922546836
0.09681494031425907
0.13921788030020243
0.09922437069121987
0.09087940318659277
0.09681494031425907
0.07871073018347166
0.10104845815985748
0.09681494031425907
0.09653359803713986
0.09681494031425907
0.08401754622498164
0.09323615999768585
0.09681494031425907
0.09681494031425907
0.09681494031425907
0.09681494031425907
0.09681494031425907
0.09681494031425907
0.09681494031425907
0.09681494031425907
0.06085429421420418
0.09681494031425907
0.10514053764159906
0.10635461099335777
0.10635461099335777
0.09238750616283224
0.06455181101109848
0.09681494031425907
0.10465074190680271
0.09681494031425907
0.10396050010423037
0.09681494031425907
0.09681494031425907
0.06150861292738287
0.09681494031425907
0.10328101923690983
0.09681494031425907
0.10376563411554526
0.13039877687937745
0.08643458956716983
0.09681494031425907
0.09681494031425907
0.09681494031425907
0.033112036525216784
0.10036979089160537
0.06085429421420418
0.09681494031425907
0.09681494031425907
0.09681494031425907
0.09681494031425907
0.09681494031425907
0.09681494031425907
0.04327859209208596
0.09681494031425907
0.10375903155954622
0.06455181101109848
0.09681494031425907
0.4758863613276816
0.09681494031425907
0.23769039744735102
0.06269019365366635
0.06686430647729077
0.10173279629717814
0.09538281910934254
0.09681494031425907
0.1007313943904921
0.09681494031425907
0.09686014246354177
0.09681494031425907
0.07129003240909372
0.10210997189841535
0.06437502769415257
0.09681494031425907
0.09681494031425907
0.9705320927542213
0.06437502769415257
0.09681494031425907
0.10091030797192448
0.38717558208725084
0.10692046879958203
0.10231133158359279
0.06503867962670086
0.09681494031425907
0.09681494031425907
0.09681494031425907
0.07745267361512245
0.09681494031425907
0.09666694618831143
0.10855459474051518
0.06455181101109848
0.07270069576436701
0.09681494031425907
0.09681494031425907
0.09323615999768585
0.09205017044781372
0.32746251309625724
0.045368817640005915
0.05457360503432865
0.10416841680420005
0.06437502769415257
0.09393199449942091
0.09681494031425907
0.09681494031425907
0.07710695757143177
0.10906546044117904
0.09681494031425907
0.09681494031425907
0.10029259526103931
0.10858451062421061
0.0930437070151498
0.02861626435565666
0.0985767767058139
0.1061764865465578
0.024328567707087776
0.8714222486657608
0.07499705113111171
0.09681494031425907
0.09681494031425907
0.089104507731944
0.09681494031425907
0.10644272577124997
0.06987983609031066
0.10197358503675537
0.09311768603926952
0.09681494031425907
0.10101370295894624
0.11765493851417463
0.10876953978747818
0.09681494031425907
0.044457001934415034
0.09681494031425907
0.06002405885386142
0.09681494031425907
0.09237474744766869
0.06204405292386925
0.08620266372522155
0.024328567707087776
0.08661260673352877
0.057552722506715226
0.2219351757869177
0.9629580600047286
0.8754697758572672
0.09466524363948199
0.09681494031425907
0.09457077421060082
0.8906554016928055
0.09681494031425907
0.09681494031425907
0.1807382548090685
0.44268178413561593
0.2798450124773735
0.12177012585972134
0.6690751122834937
0.3063622557212782
0.6897361491364044
0.10123919631112893
0.09681494031425907
0.09323615999768585
0.08491590985285316
0.09963674360118303
0.098057645778114
0.09681494031425907
0.10921549917335766
0.09681494031425907
0.09681494031425907
0.06455181101109848
0.09681494031425907
0.06938648134761052
0.09681494031425907
0.09681494031425907
0.09681494031425907
0.09681494031425907
0.09555962625111318
0.09881163761940591
0.09681494031425907
0.06437502769415257
0.09681494031425907
0.9821687790142793
0.1055306068116973
0.09845277755280624
0.10783676388719966
0.09638796969824066
0.03540427623366332
0.09681494031425907
0.08883525729233628
0.10068463532063449
0.09681494031425907
0.043878832767356137
0.14678808267962454
0.1264043250285045
0.09381717623102642
0.10017634183842125
0.09681494031425907
0.09681494031425907
0.0970453911095337
0.10459221337498467
0.09171305610158736
0.09681494031425907
0.030263416296414002
0.09681494031425907
0.10389954974268124
0.09681494031425907
0.09681494031425907
0.09681494031425907
0.08286842598515422
0.09681494031425907
0.09681494031425907
0.09681494031425907
0.07509898796778693
0.09681494031425907
0.10673321101830262
0.07468185006562875
0.10230097481374643
0.09777663856520086
0.09840585088624904
0.09681494031425907
0.09907657474106188
0.10178030081221483
0.1008223239747436
0.22194835907357585
0.9417193712455688
0.0831204038575058
0.09681494031425907
0.09681494031425907
0.09681494031425907
0.09681494031425907
0.09681494031425907
0.09681494031425907
0.022943082664355754
0.2093181162292512
0.10375903155954622
0.38879928299116795
0.10624937890495176
0.09681494031425907
0.1770338658623664
0.09681494031425907
0.5476169321778961
0.5119496185234244
0.6502856609935661
0.048794056223908505
0.09444140250277866
0.10375903155954622
0.200896140915815
0.09681494031425907
0.09681494031425907
0.12214226290550242
0.12336277122150986
0.10117066373378027
0.09681494031425907
0.09681494031425907
0.10365097476016259
0.09681494031425907
0.10058369024458712
0.09961060593923311
0.05155884686370163
0.0722000571879217
0.0722000571879217
0.0698720923790706
0.10292851230598545
0.07871073018347166
0.09839108326750232
0.06839254158284334
0.1040238739568951
0.37558955405657046
0.10116124107740336
0.09681494031425907
0.10192944836371273
0.09681494031425907
0.06559791878328432
0.09681494031425907
0.09333880240714658
0.09681494031425907
0.10180199846659237
0.09681494031425907
0.09681494031425907
0.07675805987727968
0.09681494031425907
0.09681494031425907
0.09681494031425907
0.09681494031425907
0.03158188031870835
0.09681494031425907
0.10024507823246989
0.10886275220821764
0.06077920417676597
0.09681494031425907
0.12704965665478202
0.17025262130731014
0.09681494031425907
0.09681494031425907
0.08177341248261306
0.09323615999768585
0.09681494031425907
0.09963629051994136
0.09681494031425907
0.09681494031425907
0.09681494031425907
0.09681494031425907
0.09681494031425907
0.2684564327614181
0.30992937278530663
0.14575752771819223
0.25727139480027733
0.08671316143297596
0.10372704415564717
0.09681494031425907
0.18765761391530922
0.09681494031425907
0.09681494031425907
0.09681494031425907
0.09681494031425907
0.10375903155954622
0.09681494031425907
0.1340058125790711
0.15130178569656288
0.09681494031425907
0.22244374423920496
0.11100043827982747
0.09681494031425907
0.09681494031425907
0.15545153266858064
0.056210868491856004
0.09528752511566667
0.06396404892717444
0.10375903155954622
0.09681494031425907
0.09681494031425907
0.09681494031425907
0.09681494031425907
0.07089679108441299
0.09681494031425907
0.14090372597883882
0.09681494031425907
0.09681494031425907
0.10375903155954622
0.09681494031425907
0.09681494031425907
0.08801473347139868
0.10501164364950936
0.10030247150687595
0.1272439286782316
0.09681494031425907
0.09681494031425907
0.3353894494509735
0.055499640883825835
0.14863269800633883
0.07081407339138648
0.07435490682430052
0.12663998827028153
0.09698147946411989
0.09681494031425907
0.06154707846414677
0.09681494031425907
0.1245485303235961
0.22132952732850064
0.09681494031425907
0.1554095672000603
0.14481302979754423
0.29174107534409566
0.09323615999768585
0.06396404892717444
0.08917462867153428
0.09610040561068797
0.09681494031425907
0.09681494031425907
0.19047984413914762
0.06455181101109848
0.10635461099335777
0.09681494031425907
0.09137682382739125
0.06986485707843734
0.36234495374608816
0.06362776690679613
0.12049253262086013
0.09681494031425907
0.1471183863713197
0.10739937182418499
0.27307865157491495
0.09681494031425907
0.1698738009371085
0.18650593612077687
0.21101183152801697
0.10042688802062362
0.2532797439516022
0.06502135322194527
0.09681494031425907
0.19740610468448289
0.07861941225715868
0.09681494031425907
0.08661574137099393
0.09623968967876673
0.12624599322729724
0.22196393971345774
0.21077645694478303
0.09805780689098843
0.038704249770553985
0.09681494031425907
0.18690033483763746
0.15622454464388652
0.10375903155954622
0.09681494031425907
0.09681494031425907
0.09681494031425907
0.09681494031425907
0.09939614255571376
0.12867081228951188
0.17286519490790794
0.0894518978829312
0.09681494031425907
0.5
0.11943511923441089
0.14021455303316663
0.09422598482618728
0.13414117951576315
0.09681494031425907
0.09681494031425907
0.09681494031425907
0.23651949667442573
0.28458044424857754
0.1530130754654994
0.043412203421830026
0.1973694369267649
0.09681494031425907
0.10881321604122109
0.17458184390657586
0.340912323918784
0.09681494031425907
0.11270458262007681
0.0759565976652093
0.09681494031425907
0.09681494031425907
0.09886109964833263
0.09681494031425907
0.13400838338249443
0.09166383573204259
0.09166383573204259
0.07392707340543415
0.11830611494796622
0.15160336054264692
0.14449439943430875
0.09681494031425907
0.09681494031425907
0.10189095687656456
0.08202125406570429
0.2114509315609156
0.09681494031425907
0.09681494031425907
0.12431935723999868
0.249565928980396
0.13164051452223438
0.18860547562461466
0.12192964879191902
0.16441496587377813
0.13938631422248052
0.12352530425088026
0.09681494031425907
0.18170710693964862
0.024328567707087776
0.09681494031425907
0.09681494031425907
0.09681494031425907
0.09681494031425907
0.09681494031425907
0.07713597482780075
0.09681494031425907
0.10635461099335777
0.10635461099335777
0.09681494031425907
0.07180617227188803
0.09681494031425907
0.12192964879191902
0.09681494031425907
0.06467959698005228
0.10338065155929925
0.09681494031425907
0.041737818031437786
0.0894108922884482
0.20154847354421293
0.12723894186150214
0.2050536219354634
0.2422838916315333
0.2532221159760256
0.11990555499119968
0.09681494031425907
0.09681494031425907
0.1929347691622477
0.15545180718121845
0.13503426381096262
0.08684393341404575
0.09681494031425907
0.09681494031425907
0.09681494031425907
0.1909844226041287
0.18632960841885116
0.188557081504478
0.09681494031425907
0.10082832910468442
0.16837405016009924
0.10369591301121767
0.12141190594060264
0.11965830389217835
0.2071498585717946
0.12234477292562027
0.2210153889736404
0.1085185925517628
0.09681494031425907
0.06396404892717444
0.09681494031425907
0.2364398599312009
0.1778121620723936
0.17997289752367762
0.19688874687601912
0.26182728339980055
0.09681494031425907
0.281782720418739
0.17055909228185487
0.11044173130106943
0.16186479865252876
0.3456881856775451
0.07641388501120903
0.09681494031425907
0.09681494031425907
0.09193593991112418
0.06016383255556563
0.043878832767356137
0.26724224352352455
0.08869904570013508
0.09681494031425907
0.17917863440823245
0.0609960247643815
0.0721881612140661
0.09681494031425907
0.09457457059393684
0.10375903155954622
0.11309099441609935
0.22788121423315824
0.09681494031425907
0.12813917420157794
0.08897332649589977
0.2853809632969327
0.09442810974319478
0.15147555134633292
0.09681494031425907
0.08414677568533734
0.06187884586783629
0.09681494031425907
0.33591917247977665
0.09681494031425907
0.09681494031425907
0.09681494031425907
0.24275397121310607
0.07743095016118204
0.09625244860821211
0.35490630128579453
0.09681494031425907
0.36416271251736737
0.08556374767935714
0.12789902282629328
0.09681494031425907
0.1353821962436883
0.08648461374183121
0.1395212559569742
0.08274661331086726
0.09170863109582832
0.0678407446244074
0.09681494031425907
0.09681494031425907
0.06323721539367542
0.0955412292832095
0.08943825398193803
0.09681494031425907
0.20201087217987104
0.09681494031425907
0.1673227840564932
0.09681494031425907
0.14592436140502327
0.14506294903942946
0.16962664080650977
0.09681494031425907
0.09544312754060603
0.06494193857963192
0.18268271182148973
0.10459328455805829
0.09681494031425907
0.11359034802655783
0.09681494031425907
0.09681494031425907
0.09681494031425907
0.15411605405526935
0.17366739343426701
0.09681494031425907
0.09408945190099227
0.048691033083877684
0.34780700429516065
0.09681494031425907
0.06455181101109848
0.11137368461977262
0.09681494031425907
0.051779697736157225
0.09122442735259431
0.12774452945344708
0.10654744069654896
0.09681494031425907
0.09323615999768585
0.09681494031425907
0.16823125845350506
0.10707779810698458
0.0627843254436859
0.12875306205239237
0.2812032889051872
0.08300250226404457
0.20011291859696176
0.11458234948589564
0.3804930626774532
0.06539938407874565
0.09681494031425907
0.20715737446610535
0.09681494031425907
0.11379519758184506
0.09681494031425907
0.06765215700407416
0.2318854977269015
0.11877510532115905
0.14189788612505194
0.09681494031425907
0.08169602744594624
0.09681494031425907
0.13123640989095933
0.08401754622498164
0.09776087201431834
0.04653734470363985
0.07766275197920654
0.15291522010513453
0.13106818180378077
0.09681494031425907
0.12192964879191902
0.17594461335110095
0.09681494031425907
0.09681494031425907
0.09681494031425907
0.18755266913356228
0.09681494031425907
0.2624153208721836
0.19138795531158365
0.24284117970898272
0.08411911305668213
0.0940341680802155
0.1703258624685703
0.09681494031425907
0.09681494031425907
0.1295455028758572
0.10019214030418007
0.2101145613821783
0.18314475738731445
0.20005621587921682
0.22643265030485057
0.32909781998953286
0.09681494031425907
0.09681494031425907
0.08802236473669675
0.09681494031425907
0.09733355330256177
0.10375903155954622
0.09681494031425907
0.09681494031425907
0.0785918582215849
0.155675292740321
0.09681494031425907
0.09681494031425907
0.09839370102795458
0.08616805530815065
0.1997746222688434
0.09756248119072852
0.3469602920193554
0.12976281515120783
0.09681494031425907
0.09681494031425907
0.09681494031425907
0.10635461099335777
0.09681494031425907
0.17759896714068105
0.10220745525917627
0.09681494031425907
0.09681494031425907
0.09681494031425907
0.09681494031425907
0.2708317520551388
0.09681494031425907
0.11723044583547462
0.12192964879191902
0.09681494031425907
0.09681494031425907
0.10635461099335777
0.15824992746056954
0.17255630680370942
0.15409688395325558
0.09681494031425907
0.09681494031425907
0.06437502769415257
0.0674462153451585
0.03108320749115586
0.09681494031425907
0.7696929565710727
0.09681494031425907
0.06707456356428418
0.09681494031425907
0.12830936631467085
0.09681494031425907
0.10375903155954622
0.09681494031425907
0.09681494031425907
0.09681494031425907
0.09681494031425907
0.06040773265678645
0.2894859653817755
0.3174584865701174
0.09681494031425907
0.33276414870908777
0.09681494031425907
0.05948700229720994
0.972586781507875
0.17900792572186863
0.06396404892717444
0.1622713801326828
0.09681494031425907
0.05573783804097887
0.09681494031425907
0.09681494031425907
0.33656311179458603
0.26081748514592024
0.13431300527611337
0.11816895965460442
0.09681494031425907
0.11315177521216051
0.09681494031425907
0.09374809604245841
0.09839370102795458
0.09681494031425907
0.09681494031425907
0.09681494031425907
0.09681494031425907
0.09681494031425907
0.10635461099335777
0.09681494031425907
0.10635461099335777
0.09681494031425907
0.09681494031425907
0.060531771261990136
0.09347556609570394
0.09681494031425907
0.17321121786396848
0.38972543227443207
0.0792915857310502
0.09681494031425907
0.09788008897800914
0.09681494031425907
0.073312942294126
0.09681494031425907
0.1059637716997196
0.09681494031425907
0.06437502769415257
0.09681494031425907
0.10345401052556712
0.09681494031425907
0.21317111095928698
0.08123891013143741
0.09681494031425907
0.09681494031425907
0.18286348818320708
0.1293519080151567
0.09627838246438601
0.1643751101779677
0.09681494031425907
0.07547437782333648
0.15352825139914594
0.16794552323809755
0.09681494031425907
0.07887411034165404
0.09681494031425907
0.0721750485444011
0.10821984202103756
0.1343837087027613
0.12597953458722227
0.09681494031425907
0.12330929143770376
0.09574275253683814
0.09681494031425907
0.06720456053457761
0.12439084344391316
0.1217307895079359
0.09681494031425907
0.09681494031425907
0.09681494031425907
0.09681494031425907
0.09681494031425907
0.09681494031425907
0.1282816437791819
0.07523178271867219
0.11464699951536197
0.09681494031425907
0.09681494031425907
0.10672752732459143
0.09681494031425907
0.09681494031425907
0.08504952944167922
0.09681494031425907
0.11830611494796622
0.09681494031425907
0.09681494031425907
0.09681494031425907
0.09681494031425907
0.09681494031425907
0.09320008052034909
0.13463840662518425
0.09681494031425907
0.09681494031425907
0.2802735177391731
0.10635461099335777
0.10635461099335777
0.09681494031425907
0.09323615999768585
0.04874799696318245
0.09681494031425907
0.09681494031425907
0.09681494031425907
0.09681494031425907
0.09681494031425907
0.08044300320373929
0.09681494031425907
0.09681494031425907
0.2610264672568933
0.08041220758420556
0.10635461099335777
0.16479562671383569
0.07161516852791228
0.07161516852791228
0.1110132303120331
0.13161232929066827
0.0629371901848756
0.09681494031425907
0.14452431264678556
0.08023127487144746
0.09681494031425907
0.09681494031425907
0.12514831225065745
0.15813186111219388
0.09681494031425907
0.2217445456445576
0.09681494031425907
0.09681494031425907
0.09681494031425907
0.09681494031425907
0.09681494031425907
0.25820340212735604
0.0796687231370632
0.09681494031425907
0.09681494031425907
0.27625127189880233
0.09681494031425907
0.1047409242920855
0.09639750914775859
0.44054793846844265
0.10149185739451776
0.05429276322942475
0.17478003543627646
0.17339140804723321
0.09681494031425907
0.071867136178307
0.09848202228135007
0.09681494031425907
0.09681494031425907
0.09681494031425907
0.09254382803577738
0.09681494031425907
0.09293016579151857
0.1154015742001446
0.04416294617401741
0.6013372993127029
0.09681494031425907
0.13401034585726718
0.09681494031425907
0.11399465385062722
0.7186905103753954
0.09681494031425907
0.09681494031425907
0.09681494031425907
0.09681494031425907
0.17863799331619654
0.1286108493212997
0.09681494031425907
0.12328425907741586
0.1688984437349084
0.12823558569196888
0.14834040849328145
0.09681494031425907
0.10369918285449727
0.09681494031425907
0.09171042571398512
0.23554506679043646
0.09681494031425907
0.09681494031425907
0.07377703740128934
0.09681494031425907
0.09675151562105624
0.09681494031425907
0.06437502769415257
0.09681494031425907
0.09681494031425907
0.3712992991795097
0.09681494031425907
0.9627349034245288
0.09681494031425907
0.09681494031425907
0.09681494031425907
0.10613483990873772
0.1385365501489811
0.09681494031425907
0.09681494031425907
0.3208818680220639
0.09681494031425907
0.7429413830575529
0.09681494031425907
0.45616296032240605
0.8271295932071674
0.9649596185440364
0.09681494031425907
0.09681494031425907
0.09681494031425907
0.3982782566523168
0.07543312157924911
0.39358049353041175
0.339301180886694
0.11009518630443527
0.09681494031425907
0.253459795314675
0.09681494031425907
0.15505044771263596
0.09681494031425907
0.07270069576436701
0.18971925617660143
0.06508252580083283
0.06437502769415257
0.09681494031425907
0.1717300651860921
0.2576270480517978
0.12617348355891392
0.09681494031425907
0.12617348355891392
0.10222146242711186
0.060413197888356876
0.4824698121498097
0.2867631343800037
0.8933113935820297
0.4780291122969682
0.8894890698903565
0.7266887975020412
0.2931157892454131
0.135849482340972
0.9640225278452861
0.09681494031425907
0.09681494031425907
0.09681494031425907
0.08580992512279034
0.1446529470654411
0.4627740497238715
0.2726723789708806
0.40367824079936426
0.1165604964346095
0.10335347996597416
0.3494804767657772
0.5451829496306777
0.9699399677607726
0.06455181101109848
0.09681494031425907
0.11395272490423988
0.16321633067981905
0.09681494031425907
0.06842560405460926
0.07828025338174548
0.09681494031425907
0.10375903155954622
0.23318810457176023
0.09681494031425907
0.28715931137919687
0.1957859125948362
0.09681494031425907
0.3800247640228889
0.07572726700858438
0.09681494031425907
0.09681494031425907
0.09681494031425907
0.09681494031425907
0.11279174335456472
0.22929992609194144
0.23630623632845085
0.15608284878297876
0.0893617536541277
0.31797755783175696
0.16024630856259242
0.08604428558224057
0.09681494031425907
0.09681494031425907
0.1274577632869999
0.0908707863380601
0.09590800322750659
0.06648003824661507
0.09408945190099227
0.060542053227457725
0.09681494031425907
0.18918420867159996
0.09681494031425907
0.06897034641680552
0.0956711565879715
0.09681494031425907
0.09681494031425907
0.1579755405321032
0.11633274655172232
0.10240723625209615
0.09681494031425907
0.09681494031425907
0.1082194839836833
0.1600263386001045
0.21021511506730534
0.1254233280642676
0.1305860568158123
0.202967549164057
0.2031394547737556
0.09681494031425907
0.07502451945776556
0.05948700229720994
0.061127767200007746
0.1272966870106692
0.06105661804104077
0.09681494031425907
0.09427813855081435
0.10440676525324336
0.22006650912705583
0.04223250149558183
0.09681494031425907
0.11959602761937331
0.09681494031425907
0.18632320275574052
0.09922191526652742
0.09681494031425907
0.19837626218818022
0.09681494031425907
0.08365861603242271
0.09681494031425907
0.09681494031425907
0.08399577241061386
0.20517132065261548
0.1841283072100109
0.10594429570460513
0.16702725651720032
0.18834426436911872
0.22822778708499886
0.09681494031425907
0.15547255645094205
0.08310209173406406
0.14997038998056797
0.11516704255511029
0.17196616511783686
0.15037993329491742
0.07700711087215109
0.09681494031425907
0.22055864600034614
0.1441859552210104
0.09681494031425907
0.05149040469529269
0.11830611494796622
0.08468745334444724
0.04610696983568224
0.09681494031425907
0.08017499884320704
0.1794575385866868
0.09644379106112766
0.11555435604553414
0.1724823319182581
0.09928260508871184
0.09681494031425907
0.06437502769415257
0.17264660288611244
0.09681494031425907
0.12867081228951188
0.07435490682430052
0.09681494031425907
0.08227338569791827
0.11501244051107755
0.10375903155954622
0.09681494031425907
0.09681494031425907
0.07000905809404326
0.09681494031425907
0.09681494031425907
0.09681494031425907
0.09681494031425907
0.09352794983557366
0.09681494031425907
0.09550872093818288
0.10718658716160748
0.09681494031425907
0.09681494031425907
0.09681494031425907
0.15425888323299444
0.11977547719455699
0.17940313143195327
0.07508304075859161
0.061831334547264936
0.12703832901481257
0.10375903155954622
0.10624092177142551
0.05166546169834889
0.0532800136842748
0.16877606846051582
0.09681494031425907
0.12212939109717373
0.13137546121660396
0.07610543591318474
0.1199567669995802
0.09681494031425907
0.09681494031425907
0.10217519337527817
0.09681494031425907
0.0951870436588902
0.09681494031425907
0.1728879175143169
0.1947294032570961
0.15444389709643327
0.11419933988514588
0.17748668287750555
0.14536030545551312
0.27421783339790523
0.12966177160242887
0.09681494031425907
0.09897292929968605
0.10019585422795557
0.09681494031425907
0.11226392735701837
0.09681494031425907
0.09681494031425907
0.08001657632189563
0.08924896988300503
0.15182963137744204
0.07281937623884056
0.09681494031425907
0.21941396385221434
0.08742692215359228
0.09681494031425907
0.11337554205314217
0.1506396083098871
0.09681494031425907
0.3183968470464048
0.4863850539824144
0.13724649890043084
0.08179915309186982
0.12192964879191902
0.2995108545795566
0.1445665484814939
0.08466713286367826
0.09681494031425907
0.1690293129159077
0.10635461099335777
0.07839468560039246
0.09681494031425907
0.09681494031425907
0.12460365884328807
0.09681494031425907
0.09681494031425907
0.09681494031425907
0.09681494031425907
0.09681494031425907
0.13979292537134896
0.1603650971550458
0.09681494031425907
0.13257649072476263
0.15097659671939082
0.09681494031425907
0.42312423798888543
0.09681494031425907
0.09681494031425907
0.09681494031425907
0.09681494031425907
0.09681494031425907
0.13822729494988506
0.10375903155954622
0.09681494031425907
0.07541144301836757
0.09681494031425907
0.9734705678486641
0.09681494031425907
0.09681494031425907
0.09681494031425907
0.09681494031425907
0.1407407084024862
0.09681494031425907
0.10060252703026788
0.0903780828891618
0.6376492358427862
0.09021347559634592
0.0596196212404544
0.09681494031425907
0.09681494031425907
0.09681494031425907
0.29612100777384776
0.09681494031425907
0.09681494031425907
0.2649424239660316
0.06410729439223593
0.09681494031425907
0.09681494031425907
0.09681494031425907
0.18270631144835353
0.10112772638565484
0.09031780866975417
0.09681494031425907
0.09681494031425907
0.08930968127835139
0.09681494031425907
0.15373780475093754
0.12233446934239436
0.14982009436599272
0.09681494031425907
0.10620329443291532
0.2590539001408862
0.09681494031425907
0.09681494031425907
0.09681494031425907
0.1640757445833127
0.09681494031425907
0.09681494031425907
0.14846102835015343
0.09681494031425907
0.09681494031425907
0.30454306608062304
0.3725963813187149
0.056103969934080525
0.09681494031425907
0.17707652345062325
0.09681494031425907
0.09681494031425907
0.09681494031425907
0.09681494031425907
0.09681494031425907
0.09681494031425907
0.09681494031425907
0.09681494031425907
0.09681494031425907
0.09681494031425907
0.09681494031425907
0.09681494031425907
0.09681494031425907
0.09681494031425907
0.09681494031425907
0.09681494031425907
0.09681494031425907
0.09681494031425907
0.09681494031425907
0.08157497387199641
0.3155535005089603
0.20501101543231717
0.04101540848864
0.09681494031425907
0.10375903155954622
0.09681494031425907
0.09681494031425907
0.09681494031425907
0.1105027336384564
0.09681494031425907
0.08180062692256819
0.09681494031425907
0.09681494031425907
0.09681494031425907
0.09681494031425907
0.1408033183689001
0.24027816242891656
0.18059671690879037
0.21311083170448938
0.05615334903426061
0.13128666588500262
0.1828881779610302
0.061097383833507435
0.14183008302663402
0.09681494031425907
0.09681494031425907
0.20659055052953518
0.09681494031425907
0.09681494031425907
0.09681494031425907
0.09681494031425907
0.10594429570460513
0.15452294113345721
0.05540870818120901
0.06245296000188299
0.09681494031425907
0.09681494031425907
0.07749755971699074
0.09681494031425907
0.09681494031425907
0.09681494031425907
0.18490007467758282
0.09681494031425907
0.09681494031425907
0.033112036525216784
0.09681494031425907
0.09681494031425907
0.09681494031425907
0.09681494031425907
0.09644379106112766
0.09681494031425907
0.09681494031425907
0.09681494031425907
0.08021653652732968
0.09681494031425907
0.09681494031425907
0.09274216413340695
0.09681494031425907
0.09681494031425907
0.09681494031425907
0.06085429421420418
0.09681494031425907
0.08036273229153361
0.09681494031425907
0.09681494031425907
0.09681494031425907
0.09681494031425907
0.05643422459384594
0.09681494031425907
0.09681494031425907
0.09681494031425907
0.09681494031425907
0.09681494031425907
0.09681494031425907
0.17377883975990482
0.0832838477362086
0.043878832767356137
0.043878832767356137
0.09681494031425907
0.09681494031425907
0.09681494031425907
0.09681494031425907
0.09681494031425907
0.23270010293549873
0.16107453721117576
0.18543984068104347
0.19939449459576414
0.06396404892717444
0.3093645390884205
0.12615882518861082
0.09681494031425907
0.08435693616409891
0.09681494031425907
0.09681494031425907
0.1459137816992158
0.1271119356222976
0.09681494031425907
0.09681494031425907
0.06437502769415257
0.09332883610343785
0.17183856941588554
0.09681494031425907
0.12486251920940807
0.09681494031425907
0.09681494031425907
0.09681494031425907
0.09681494031425907
0.09681494031425907
0.13446150119498154
0.09681494031425907
0.09681494031425907
0.10929326972351688
0.12231181365591613
0.09681494031425907
0.10550155111461555
0.10375903155954622
0.09681494031425907
0.17894153290430936
0.09681494031425907
0.09681494031425907
0.1529154957043188
0.2640388359348865
0.09681494031425907
0.12502507897900966
0.11414380166716977
0.09681494031425907
0.09681494031425907
0.0927858544154596
0.05133060622676845
0.10375903155954622
0.09681494031425907
0.1273096354414214
0.07663125052166862
0.11639134259136234
0.15130606351265843
0.24814344762327697
0.061362987490303784
0.23375542027796561
0.1417962650256026
0.07871073018347166
0.13321636379591567
0.1068179560767438
0.22992820128723018
0.17918626200140433
0.09681494031425907
0.10369918285449727
0.13753289929515766
0.28976894031881045
0.09681494031425907
0.13565646483965213
0.2509426944403877
0.09681494031425907
0.12977769216401636
0.09681494031425907
0.11610048473941215
0.09681494031425907
0.043878832767356137
0.11354722713864528
0.05584082259406771
0.09681494031425907
0.08883525729233628
0.14862934925999896
0.09416918752843582
0.09681494031425907
0.09681494031425907
0.05891300223247279
0.29968287386376663
0.09681494031425907
0.09681494031425907
0.09681494031425907
0.09681494031425907
0.2209412315369146
0.09681494031425907
0.09681494031425907
0.09681494031425907
0.09681494031425907
0.09681494031425907
0.09681494031425907
0.09681494031425907
0.09681494031425907
0.09681494031425907
0.09681494031425907
0.09681494031425907
0.09681494031425907
0.09681494031425907
0.09681494031425907
0.09681494031425907
0.16781676232633028
0.2115988252881512
0.14539314098313655
0.28967151371408406
0.09681494031425907
0.3555849846263301
0.09681494031425907
0.3748388416774122
0.2936146533160713
0.09681494031425907
0.08385333060544917
0.09681494031425907
0.09681494031425907
0.09681494031425907
0.09681494031425907
0.06455181101109848
0.09858401703018338
0.09681494031425907
0.10731124896368684
0.298584446648073
0.09681494031425907
0.09681494031425907
0.09681494031425907
0.07025100752619823
0.09681494031425907
0.08559161025811593
0.09681494031425907
0.16872172962676327
0.1154122332070635
0.11173982726058516
0.09681494031425907
0.06882192268215252
0.09681494031425907
0.3561655090605853
0.22356681761859
0.4751628655648183
0.2991930797313537
0.07078626066133517
0.09681494031425907
0.1363978287274405
0.22696014088234248
0.05043741858166749
0.1618300772538521
0.09681494031425907
0.09681494031425907
0.11604210210848848
0.09681494031425907
0.1558590513440935
0.09681494031425907
0.08832913989769373
0.09681494031425907
0.09681494031425907
0.09681494031425907
0.09681494031425907
0.05631155925328387
0.09681494031425907
0.11598289543375039
0.06929250585158256
0.09681494031425907
0.11309503688035537
0.3608567039419593
0.10994335662042043
0.2186254802485235
0.19922011954602975
0.13697746501814553
0.09681494031425907
0.09681494031425907
0.09681494031425907
0.25056000779938825
0.09681494031425907
0.09681494031425907
0.7152023766028676
0.11140476228683796
0.08289594402922909
0.09681494031425907
0.09681494031425907
0.14025027515998748
0.1325716815831589
0.3037716692959952
0.09681494031425907
0.16675049971800485
0.16520792152833488
0.11681463443034301
0.09681494031425907
0.09681494031425907
0.19010744534454635
0.09681494031425907
0.09681494031425907
0.5144428059311652
0.12281211450624131
0.09681494031425907
0.09681494031425907
0.18705250380146143
0.305359219205763
0.2679825297676172
0.09681494031425907
0.09681494031425907
0.09681494031425907
0.06396404892717444
0.09681494031425907
0.09681494031425907
0.165206338333845
0.11414380166716977
0.10635461099335777
0.10774891973536753
0.09681494031425907
0.09681494031425907
0.07949379383881644
0.09188510680222788
0.4352768524594361
0.09166514710291951
0.07901402711258317
0.16186479865252876
0.10635461099335777
0.06437502769415257
0.38522827693786477
0.107624674620781
0.08796351359960607
0.12773994754868712
0.15265225642820146
0.12789110336574439
0.18228561531195403
0.09681494031425907
0.5790362186804823
0.12033416247347897
0.0704188829566198
0.7800180618927959
0.06274665986444335
0.09681494031425907
0.12423694090658921
0.06073218707033998
0.09297232083896417
0.14429937970542503
0.09681494031425907
0.11238070035294871
0.35977328673231973
0.13262650871071233
0.042566697646862696
0.29421002840629606
0.14481435372107043
0.09681494031425907
0.07277483616065054
0.15991609160890435
0.0634256974242912
0.09681494031425907
0.061581906945929674
0.11942290345792399
0.04991525830443075
0.09681494031425907
0.11435572735627833
0.08272919430890564
0.09681494031425907
0.1060786660969305
0.11706219179352845
0.11802611761198845
0.19393063449905598
0.17074402264167202
0.2437048706231737
0.11414380166716977
0.11812463657054152
0.0553143201758334
0.09681494031425907
0.233274894289275
0.10375903155954622
0.23647442761737286
0.3494804767657772
0.09681494031425907
0.12038458286967242
0.1324341609553027
0.09681494031425907
0.09681494031425907
0.19789126705940752
0.05849406215853847
0.09681494031425907
0.07864093888726023
0.09681494031425907
0.09681494031425907
0.35199494459418823
0.09681494031425907
0.09681494031425907
0.1244616692196905
0.049194599364651016
0.09681494031425907
0.09681494031425907
0.09681494031425907
0.15485340188148997
0.1284365390547809
0.09681494031425907
0.3071537900877134
0.10957689181794981
0.09681494031425907
0.5935620470731209
0.2482518422611726
0.09681494031425907
0.09681494031425907
0.17891444401258905
0.09323615999768585
0.3876660322131383
0.09681494031425907
0.09681494031425907
0.10472412257103988
0.08869651829760826
0.09681494031425907
0.11337554205314217
0.09681494031425907
0.09681494031425907
0.13743044834654994
0.11439321033179872
0.09681494031425907
0.469361376200368
0.09681494031425907
0.09681494031425907
0.06437502769415257
0.09681494031425907
0.16024630856259242
0.08172229729017585
0.1746230690397409
0.09681494031425907
0.06587870352631292
0.10330360953648064
0.1076092276987919
0.05314332772506951
0.2977016390839099
0.16542244790217445
0.05985425984766561
0.15198698793973936
0.09323615999768585
0.09681494031425907
0.09681494031425907
0.135566341159608
0.09681494031425907
0.08056556073999475
0.06954347773964314
0.12024660675162427
0.0396341340138458
0.056764127209555475
0.09681494031425907
0.21380192207558169
0.1475270101239616
0.09681494031425907
0.09681494031425907
0.10648186890743028
0.09681494031425907
0.10108909394362588
0.09681494031425907
0.09681494031425907
0.09681494031425907
0.10369918285449727
0.09681494031425907
0.09681494031425907
0.07724285815120542
0.08034283513951804
0.10375903155954622
0.11624725482746026
0.09681494031425907
0.10642729962755215
0.09681494031425907
0.09681494031425907
0.09681494031425907
0.07622151066610124
0.10375903155954622
0.10375903155954622
0.09681494031425907
0.09681494031425907
0.09111467372913981
0.31420055117648293
0.22789168659689618
0.09681494031425907
0.10833691303918459
0.09681494031425907
0.09681494031425907
0.09681494031425907
0.09681494031425907
0.14611425948578335
0.12724318166641727
0.10375903155954622
0.06136224098359421
0.06471884893397792
0.2005298984096677
0.08637959223226464
0.15046962786617515
0.09681494031425907
0.09681494031425907
0.1228953822133527
0.15928894866051865
0.12192964879191902
0.12318662205206211
0.23096017144903258
0.09681494031425907
0.19295933303550908
0.10214189990734956
0.09681494031425907
0.11483759176151632
0.16924156075930596
0.09681494031425907
0.07892789160361992
0.09681494031425907
0.09681494031425907
0.06476747614532181
0.054704654421260844
0.09681494031425907
0.11441027116190822
0.23546690744972631
0.14718165312287654
0.1693447664922628
0.12342355784441723
0.20754827296564424
0.1843479356208484
0.10846837365447079
0.10807006840908889
0.09681494031425907
0.06575314665549263
0.0859661277864107
0.26995361034758064
0.09681494031425907
0.19227363094987637
0.2256085495392137
0.07950212915091917
0.08879852171913104
0.09839370102795458
0.09972345364348133
0.2960227026207066
0.09681494031425907
0.09808581277085612
0.11359034802655783
0.1939461516111989
0.09681494031425907
0.09681494031425907
0.2249439765803894
0.09681494031425907
0.09681494031425907
0.10961061781786738
0.09681494031425907
0.04874799696318245
0.10758219572969378
0.09681494031425907
0.09681494031425907
0.09678589107159441
0.05966853518067873
0.09681494031425907
0.2517057020707602
0.1416850111541524
0.09986871692786334
0.1099753457623246
0.09681494031425907
0.036379241052200216
0.1388368658054553
0.0766176245881165
0.09681494031425907
0.0935772228491887
0.19873190278641864
0.15077642055146723
0.06142552156225701
0.11273799675806123
0.10635461099335777
0.09681494031425907
0.09681494031425907
0.09681494031425907
0.18375047334833242
0.11395328426139038
0.1032923271095974
0.11909931608440762
0.09681494031425907
0.09681494031425907
0.15281956425944204
0.09681494031425907
0.10158808242044573
0.09681494031425907
0.11831673069797692
0.037422282921999526
0.10313999984588192
0.1987641575658987
0.11414380166716977
0.2399042403433041
0.11429323444766491
0.09681494031425907
0.09681494031425907
0.18113351017444665
0.13314942172222166
0.09681494031425907
0.09681494031425907
0.09681494031425907
0.08121520903405885
0.08679789125023285
0.09681494031425907
0.09681494031425907
0.09681494031425907
0.14575519751723842
0.09681494031425907
0.09777472694637294
0.1352318137861902
0.06714581711433708
0.210012768861575
0.15068598697164856
0.06890702153646486
0.132813601250214
0.1259187343966105
0.09681494031425907
0.07762085706130784
0.11405366474020881
0.09681494031425907
0.08687119770965149
0.0996467161038379
0.11629831792658657
0.06455181101109848
0.08437018423080012
0.15347111736580857
0.09804174303376605
0.06357577490063453
0.07217885945265272
0.09681494031425907
0.09681494031425907
0.09681494031425907
0.17805752592547236
0.19936859183171718
0.07458581489886901
0.08792523256610651
0.04285328163193077
0.10375903155954622
0.07869489154010455
0.09681494031425907
0.03468641339587728
0.065016902233634
0.06364692161427477
0.11681326382512738
0.1503425674050896
0.16439728259232134
0.06437502769415257
0.2065940032925993
0.06765854397018431
0.0935058243647582
0.06347238562317589
0.11337554205314217
0.06437502769415257
0.09681494031425907
0.10375903155954622
0.23053726920809234
0.09681494031425907
0.18159210097456452
0.16014701604597312
0.12537380127340536
0.09681494031425907
0.1965765817456935
0.1348709293728572
0.09681494031425907
0.147923335652126
0.18688201589512055
0.09681494031425907
0.024328567707087776
0.09681494031425907
0.25328327879103
0.0866591314440065
0.09681494031425907
0.14642462382601432
0.10062374058434165
0.3404040011771408
0.09208217377062418
0.09681494031425907
0.22008369113725676
0.09681494031425907
0.09681494031425907
0.15290943323549305
0.09681494031425907
0.09681494031425907
0.09681494031425907
0.09681494031425907
0.09681494031425907
0.061093816921772896
0.09571618645023709
0.08817027201510456
0.09681494031425907
0.09681494031425907
0.10145298225849254
0.14536597261841658
0.09681494031425907
0.09681494031425907
0.09681494031425907
0.09681494031425907
0.08337842111566988
0.03158674508294759
0.10084670770909497
0.09681494031425907
0.18994824584954684
0.09681494031425907
0.06942763990366675
0.09681494031425907
0.10494496389366019
0.04714416520667896
0.09681494031425907
0.09681494031425907
0.09681494031425907
0.09681494031425907
0.05942484635213934
0.09681494031425907
0.13514630089551294
0.13385183964035072
0.09681494031425907
0.09574346728936099
0.10382925652821683
0.09681494031425907
0.09681494031425907
0.09681494031425907
0.09681494031425907
0.09681494031425907
0.08495347955238927
0.34015347384620737
0.0513611827149999
0.12993310082843124
0.09681494031425907
0.09681494031425907
0.09681494031425907
0.16702725651720032
0.09681494031425907
0.09681494031425907
0.09681494031425907
0.08594761538424206
0.20469904540448403
0.13235734753273842
0.09323615999768585
0.17562328488326512
0.22996781628474822
0.18436602875183344
0.2080432004347386
0.10375903155954622
0.06312606046335063
0.09681494031425907
0.11964405328372625
0.09681494031425907
0.20575858283675655
0.12114917290928322
0.1682876628303981
0.16250432145819527
0.17405027838933548
0.17096875609138304
0.12223508949781253
0.19034476271834866
0.09681494031425907
0.10375903155954622
0.22822778708499886
0.13328558744051988
0.09681494031425907
0.3040173148383794
0.09681494031425907
0.13789028201023573
0.27965490931136233
0.06442034505792645
0.09681494031425907
0.12192964879191902
0.09681494031425907
0.09681494031425907
0.09681494031425907
0.051391093078882434
0.09681494031425907
0.18018566501238426
0.10695197307153242
0.08276175924440647
0.24083897150927647
0.09681494031425907
0.07871073018347166
0.09681494031425907
0.16529793978437435
0.10568594332418346
0.09681494031425907
0.09681494031425907
0.10436754887078584
0.09681494031425907
0.1068179560767438
0.11050587920911882
0.25150562481695554
0.39633432415846814
0.08032157296172493
0.26440976950404144
0.09681494031425907
0.12348538976647452
0.08659884485190776
0.10085887133893721
0.02614855615274474
0.09681494031425907
0.05598300399104104
0.09681494031425907
0.09681494031425907
0.025415442892837876
0.19038744614167122
0.09818120589034972
0.09642721615590134
0.024328567707087776
0.15087043849920714
0.09681494031425907
0.09681494031425907
0.09681494031425907
0.1378070439215489
0.09681494031425907
0.09681494031425907
0.09681494031425907
0.1504197525808842
0.29392056039623177
0.19993501316105516
0.09681494031425907
0.11488817147514732
0.2399189400421034
0.06437502769415257
0.07434768126404784
0.337635837200263
0.22202048962271004
0.16629688273015733
0.05025008314850648
0.06048043586852436
0.09681494031425907
0.09681494031425907
0.1113716409434433
0.09681494031425907
0.18797527054044227
0.08680301215750379
0.09681494031425907
0.06455181101109848
0.16455469377768328
0.09681494031425907
0.24864217146792733
0.09681494031425907
0.09681494031425907
0.09681494031425907
0.09681494031425907
0.024328567707087776
0.09681494031425907
0.1328914285251673
0.09681494031425907
0.25742178872169474
0.21395814040047068
0.23519171201037642
0.1025929043095411
0.12192964879191902
0.19269183237468288
0.09681494031425907
0.09193004588392814
0.09681494031425907
0.0940341680802155
0.09681494031425907
0.22929850052072567
0.09681494031425907
0.09323615999768585
0.10774791506467485
0.09681494031425907
0.09681494031425907
0.09681494031425907
0.229468212039933
0.09058753837700576
0.13382287784103433
0.09681494031425907
0.09134668259589258
0.09681494031425907
0.14148101952960118
0.3388919351900604
0.6863377511792188
0.09681494031425907
0.09681494031425907
0.09681494031425907
0.14619998719888713
0.28580276326306026
0.09681494031425907
0.09681494031425907
0.09681494031425907
0.12123766451925029
0.06437502769415257
0.09681494031425907
0.09816092420351522
0.11370677465024685
0.07470971560832622
0.222687117363055
0.09681494031425907
0.1732392220640588
0.22473380760076997
0.13707864603381267
0.09681494031425907
0.09681494031425907
0.10635461099335777
0.09681494031425907
0.09644379106112766
0.43172777432517867
0.2081722527560502
0.13252365294313445
0.4188919727391822
0.09681494031425907
0.15830478671528223
0.22957190734612556
0.4082591236550666
0.10369918285449727
0.09681494031425907
0.10155516162585208
0.11434105101706415
0.06930092543696968
0.09681494031425907
0.09681494031425907
0.14358121917502017
0.08373754328529884
0.2878745001664289
0.1155734424050154
0.09681494031425907
0.09681494031425907
0.09681494031425907
0.09681494031425907
0.052446340879139706
0.09681494031425907
0.3517503090275799
0.06718076028946364
0.09681494031425907
0.0908707863380601
0.09681494031425907
0.09681494031425907
0.1045863222775809
0.07026747059461652
0.09681494031425907
0.10796186619088703
0.09681494031425907
0.08610242312626248
0.09681494031425907
0.09681494031425907
0.09681494031425907
0.09681494031425907
0.06792131433314967
0.09681494031425907
0.09681494031425907
0.09681494031425907
0.0934508700247033
0.15329316129714735
0.25113678235045206
0.09681494031425907
0.0957872302833003
0.09681494031425907
0.09572626714008534
0.10375903155954622
0.09681494031425907
0.12876678882139533
0.06558706853189776
0.09681494031425907
0.13324923361770555
0.09681494031425907
0.06437502769415257
0.09681494031425907
0.09317363166225706
0.09681494031425907
0.17868905222402723
0.09681494031425907
0.09681494031425907
0.10220735948578491
0.04154829950617583
0.09681494031425907
0.15481571820047593
0.09681494031425907
0.09681494031425907
0.11282558077599199
0.09681494031425907
0.08679789125023285
0.1405820756794008
0.09681494031425907
0.09681494031425907
0.06396404892717444
0.12961565070429756
0.1650768423145127
0.09681494031425907
0.08543946926363274
0.08696634098624224
0.09681494031425907
0.08293407434225694
0.07447149266455345
0.4062291566314519
0.11760613730132767
0.15956784751723221
0.09681494031425907
0.15062638261700095
0.09191837766749103
0.09681494031425907
0.3126680119081971
0.09681494031425907
0.11764578162240776
0.09644379106112766
0.09681494031425907
0.09681494031425907
0.14402546930243415
0.191451187441915
0.17716492940127582
0.09658740013634821
0.07974965927443564
0.11137371921027597
0.11470961330113476
0.13534048707608656
0.10635461099335777
0.09681494031425907
0.11138311169515003
0.26163947917133856
0.11414380166716977
0.3084297980014227
0.06437502769415257
0.06332867663266682
0.09681494031425907
0.12854991153706935
0.2479902966107859
0.45249638464411046
0.4289469120908317
0.16690384304805134
0.21503596987021178
0.16840805856006363
0.09371323641885233
0.12627722105637118
0.36079199773852144
0.09681494031425907
0.17919878892630958
0.25495051703493926
0.09681494031425907
0.06957874202178148
0.16921799537417037
0.09681494031425907
0.09681494031425907
0.09681494031425907
0.09681494031425907
0.09681494031425907
0.09681494031425907
0.09681494031425907
0.13970523562738021
0.14987315829322004
0.09681494031425907
0.09681494031425907
0.09681494031425907
0.11646370951062221
0.15551016622817548
0.13553829457125635
0.09681494031425907
0.09681494031425907
0.14579924655802415
0.10951806591424072
0.0801282323951064
0.09681494031425907
0.11835282138716699
0.1715193209950701
0.1646361549147282
0.09402092460075784
0.13039199237695212
0.23336183567497176
0.07320392201818537
0.12250494644036679
0.168375071971804
0.14710672188019183
0.19888344307266353
0.15869635543060265
0.11627972298142004
0.11359034802655783
0.12192964879191902
0.06459749844413076
0.09681494031425907
0.05643422459384594
0.09029253926846913
0.24951923833218764
0.09681494031425907
0.09681494031425907
0.06880539004985617
0.080040483801783
0.10174336093974333
0.09681494031425907
0.14116368985710095
0.09681494031425907
0.06244248152551361
0.08766667292166022
0.09681494031425907
0.08859487723463404
0.0559414260553992
0.13101477403263936
0.08612377238496073
0.11013714496182615
0.18721116406888968
0.15979360630298864
0.1523617874885721
0.30621137899533263
0.09670927289336953
0.09252914005477958
0.09837480739377176
0.09681494031425907
0.09681494031425907
0.09681494031425907
0.09681494031425907
0.11693633862177864
0.09681494031425907
0.061481658072406985
0.0681028827399165
0.2386065254089183
0.09681494031425907
0.20163404966224857
0.09681494031425907
0.09681494031425907
0.09681494031425907
0.0843241765117934
0.10559338667307816
0.041389432448756903
0.09681494031425907
0.04730521116615696
0.11123856860253192
0.1397473829362398
0.09641866851741135
0.2176600237991263
0.09681494031425907
0.09681494031425907
0.19450905535836682
0.09681494031425907
0.26645767554097005
0.09681494031425907
0.09681494031425907
0.38096604288005864
0.2052498553409672
0.23973694981599858
0.09681494031425907
0.05956893297660652
0.09843946465104104
0.10426702914051095
0.05587908324787178
0.13600023407394504
0.12988598181836333
0.09681494031425907
0.12645403953005663
0.08615068231562396
0.09681494031425907
0.09681494031425907
0.09681494031425907
0.09000804075483981
0.10375903155954622
0.04187858568259739
0.09681494031425907
0.12388794425228876
0.12179642299077431
0.08891259349259702
0.09681494031425907
0.08138531479467767
0.14982656337304187
0.14298422752801412
0.09681494031425907
0.09681494031425907
0.09681494031425907
0.19519023878046254
0.20536792996938
0.08697658278936858
0.08659904800770678
0.13001910241289072
0.09681494031425907
0.26253919631123757
0.07145411287070189
0.44569668483979274
0.09681494031425907
0.09681494031425907
0.15067287310789843
0.09681494031425907
0.10061931265097286
0.06119045743707679
0.09681494031425907
0.09681494031425907
0.11606132639270554
0.09681494031425907
0.23333531978680366
0.09681494031425907
0.05725370920628712
0.09681494031425907
0.09681494031425907
0.19348339349640786
0.09681494031425907
0.09681494031425907
0.18541604607625442
0.19500713689966254
0.09681494031425907
0.08292374685318829
0.09681494031425907
0.07871073018347166
0.08534847031408495
0.09681494031425907
0.06455181101109848
0.19084868972928076
0.10375903155954622
0.14473758142833615
0.1557802937614479
0.042728389867337686
0.09481867212439371
0.12671307556858818
0.16336813494218905
0.09681494031425907
0.05978906595151357
0.16422720609093377
0.09681494031425907
0.06437502769415257
0.09681494031425907
0.17323445913976587
0.09048393243351652
0.09681494031425907
0.14412726175229792
0.16461911892058984
0.17994272506233558
0.09681494031425907
0.3462936042979362
0.13405710142205074
0.06080521279557553
0.10375903155954622
0.09681494031425907
0.06396404892717444
0.09681494031425907
0.09312533567592411
0.2555702395895727
0.09681494031425907
0.06396404892717444
0.09681494031425907
0.0901079010757807
0.33906054940829283
0.10535736539648986
0.10778677030154746
0.2169031338280092
0.20891255580639734
0.1240175846588676
0.11414380166716977
0.09681494031425907
0.23675308234880363
0.11178822883209026
0.12231661023376225
0.1692547897625812
0.05643422459384594
0.06896470852124818
0.08195893770776293
0.08156278909873878
0.21527205833949709
0.10375903155954622
0.09681494031425907
0.121598663887571
0.09546594315623373
0.09323446814833619
0.2656344293637799
0.09681494031425907
0.09681494031425907
0.09681494031425907
0.09457158240839804
0.09681494031425907
0.14727493595057253
0.09681494031425907
0.08561049126310477
0.10190216861780012
0.09681494031425907
0.09681494031425907
0.0695960342874881
0.08796292426728751
0.1728866257285713
0.09790472276883744
0.11414380166716977
0.09681494031425907
0.11414380166716977
0.09681494031425907
0.09681494031425907
0.2222582091109721
0.09681494031425907
0.06057376111810903
0.049454147467008984
0.09681494031425907
0.10932975765575309
0.09681494031425907
0.09681494031425907
0.10635461099335777
0.09681494031425907
0.09681494031425907
0.2934454802267348
0.09681494031425907
0.09681494031425907
0.10594429570460513
0.1554095672000603
0.09681494031425907
0.09681494031425907
0.04849004960468385
0.32787084313471687
0.09681494031425907
0.1329425508656581
0.09681494031425907
0.09681494031425907
0.06431629194798964
0.10635461099335777
0.09038455598208422
0.09681494031425907
0.09681494031425907
0.23716802116312302
0.141571902338193
0.0508321059683819
0.14873640480507722
0.09681494031425907
0.09681494031425907
0.09681494031425907
0.09681494031425907
0.39917368681546406
0.08501251528947183
0.12026359707951391
0.1423993953370502
0.0668884849314576
0.09681494031425907
0.12950279665765255
0.10375903155954622
0.056094793445756
0.08670876339883403
0.05505366885358297
0.1135669971556873
0.17092205224446563
0.19058617995722213
0.15682763546598913
0.2831305499690395
0.09141216965741804
0.11569233296167379
0.24504617821237076
0.13269939266733272
0.14433676838564072
0.09681494031425907
0.1507013835532383
0.04067114348156157
0.09681494031425907
0.32939012090391323
0.09681494031425907
0.09681494031425907
0.09681494031425907
0.09681494031425907
0.09681494031425907
0.09681494031425907
0.13842231988131576
0.060802362697123566
0.24523194504464285
0.322469449170407
0.2115736306670514
0.24308126336249544
0.08825865077760167
0.2122661530090017
0.1721051438502812
0.3432254798780656
0.21615273612530084
0.09681494031425907
0.09681494031425907
0.08567996899111753
0.09681494031425907
0.09681494031425907
0.19450182828846954
0.11684686245161159
0.16631761927000696
0.09681494031425907
0.08728770463749039
0.0988420428803295
0.5786285350029393
0.146502631171457
0.09681494031425907
0.09681494031425907
0.2214987132114911
0.09681494031425907
0.06437502769415257
0.14810861677817985
0.09681494031425907
0.15910453533238791
0.09681494031425907
0.10911524955997377
0.08033743798871228
0.10684053095269194
0.09681494031425907
0.09681494031425907
0.09785800193222902
0.07372734872386258
0.12575228380298178
0.09681494031425907
0.09681494031425907
0.09681494031425907
0.20130818178081786
0.09681494031425907
0.09681494031425907
0.09681494031425907
0.09681494031425907
0.10889042350501169
0.30979238404188947
0.09681494031425907
0.09681494031425907
0.09681494031425907
0.08268976707581657
0.09681494031425907
0.0877850664591479
0.09681494031425907
0.09681494031425907
0.09681494031425907
0.09681494031425907
0.09681494031425907
0.09681494031425907
0.0962718927138715
0.11501244051107755
0.09681494031425907
0.07471771131752772
0.043878832767356137
0.12192964879191902
0.10116802958902663
0.09681494031425907
0.09681494031425907
0.15077891950442704
0.13175124172255326
0.2022240182391474
0.09681494031425907
0.10635461099335777
0.09681494031425907
0.197893959294043
0.09681494031425907
0.09665776108708238
0.09681494031425907
0.09681494031425907
0.06464048885359926
0.09681494031425907
0.12428249429668055
0.10375903155954622
0.09681494031425907
0.18740950849041563
0.09681494031425907
0.14058987095716635
0.09681494031425907
0.09681494031425907
0.06437502769415257
0.10375903155954622
0.09681494031425907
0.22598546557626503
0.29250115291072937
0.09681494031425907
0.14694826146695283
0.09681494031425907
0.1200091704544976
0.22055864600034614
0.09681494031425907
0.09681494031425907
0.12283899745921885
0.18113214940841926
0.0896513671566538
0.09833249295017933
0.1163689206144334
0.09681494031425907
0.1984437802075657
0.061910543628577924
0.09681494031425907
0.12448271444476477
0.1380253558380119
0.08623375180664354
0.09681494031425907
0.09681494031425907
0.11267271129701566
0.10082832910468442
0.09681494031425907
0.09681494031425907
0.20263239510041897
0.1665559742501049
0.09681494031425907
0.13074242307252693
0.07436241398714163
0.2872040081909217
0.3493573496431183
0.3008294581469092
0.09681494031425907
0.09681494031425907
0.09794688097708415
0.09681494031425907
0.09681494031425907
0.0995713263374743
0.09681494031425907
0.2719411671214614
0.09681494031425907
0.1215822570912208
0.1192766922641777
0.09681494031425907
0.09681494031425907
0.09681494031425907
0.17063584984124713
0.1252061241745996
0.2602625347958272
0.13134443500311246
0.0762432626237011
0.09869650679255815
0.0796687231370632
0.09681494031425907
0.10321244714026434
0.09681494031425907
0.09681494031425907
0.09681494031425907
0.09681494031425907
0.1597270972803945
0.12876338326395628
0.09681494031425907
0.2306814303829899
0.09681494031425907
0.10053235164481547
0.2477181534916675
0.09681494031425907
0.11830611494796622
0.09681494031425907
0.03972484828338984
0.09681494031425907
0.15328894275363478
0.09681494031425907
0.09681494031425907
0.09681494031425907
0.09681494031425907
0.09681494031425907
0.09681494031425907
0.08402373653994569
0.09824393327973546
0.09681494031425907
0.1922634727618621
0.07416167245820593
0.34043597783220025
0.23492599211162823
0.09681494031425907
0.1491058069435901
0.09681494031425907
0.1098733801759653
0.059850211405359885
0.09681494031425907
0.09681494031425907
0.06437502769415257
0.09681494031425907
0.2723199928267838
0.024328567707087776
0.17297182361666474
0.2442672549353601
0.26103996975758625
0.09681494031425907
0.12591357352218796
0.13512737492634957
0.14789725549034458
0.045568181542767205
0.10490339284450424
0.09681494031425907
0.09681494031425907
0.3017948366360157
0.09681494031425907
0.08548688652565758
0.05655917894415683
0.1293520149452975
0.13800104671188015
0.122569818273863
0.09541065982603109
0.5548432062602369
0.09681494031425907
0.09681494031425907
0.18011357091340877
0.09681494031425907
0.20585618589976432
0.09681494031425907
0.08450168308594949
0.09681494031425907
0.09681494031425907
0.09681494031425907
0.09681494031425907
0.09681494031425907
0.476203536636551
0.09681494031425907
0.10635461099335777
0.12192964879191902
0.05869473485059235
0.10979279299505097
0.1524627541191529
0.09903162422548177
0.09681494031425907
0.14098291175060862
0.09681494031425907
0.09681494031425907
0.34984367893595963
0.21478484704165987
0.15967658718661693
0.07748042480581482
0.1878480312164623
0.11004736089745697
0.06935617830371574
0.09681494031425907
0.10099772223213825
0.18851026295098866
0.1411414763952954
0.048239769670771926
0.09681494031425907
0.1975706037913587
0.09681494031425907
0.15736437895531574
0.1943939949593673
0.09681494031425907
0.09681494031425907
0.06437502769415257
0.1189763906052293
0.09681494031425907
0.11834238188398595
0.09681494031425907
0.15440869961389725
0.19031593856571902
0.08687532604371476
0.09681494031425907
0.10375903155954622
0.09681494031425907
0.14919091309301089
0.11726947611096024
0.09681494031425907
0.10593993882884435
0.09681494031425907
0.09681494031425907
0.1261476157392121
0.09681494031425907
0.17076606582644444
0.09681494031425907
0.09681494031425907
0.15862074083988453
0.09681494031425907
0.07262512923276582
0.11442562565220592
0.10375903155954622
0.09681494031425907
0.09681494031425907
0.059743462653093514
0.07540614252156162
0.095911188514266
0.09681494031425907
0.09681494031425907
0.22780008909538924
0.13265489580432127
0.15167027501674768
0.08749212576893349
0.06437502769415257
0.11162239392814936
0.09681494031425907
0.10168076889151267
0.10635461099335777
0.09681494031425907
0.09681494031425907
0.09681494031425907
0.09681494031425907
0.09681494031425907
0.09681494031425907
0.06437502769415257
0.09681494031425907
0.14537519414134123
0.09133783737069741
0.18500386961468956
0.18642663636489326
0.06590722185086235
0.06455181101109848
0.11414380166716977
0.13933823995089126
0.061165644382707385
0.10989978987009773
0.09681494031425907
0.09681494031425907
0.1634344994401661
0.09877319955341599
0.11337554205314217
0.09681494031425907
0.09681494031425907
0.09681494031425907
0.09681494031425907
