0.15882925699394784
0.30187826611631785
0.12802251920574267
0.15884740434156788
0.15884252585585107
0.15695229586360987
0.15884464942327983
0.11315317383255472
0.10410009113029677
0.20831078041202533
0.0341701325888937
0.06834593367719244
0.04453025009411199
0.049681438544422196
0.15885680019543857
0.15882460519330888
0.15884319771633504
0.0718911230837155
0.11547662537757031
0.15882060575968543
0.11393828388799311
0.15884412348502347
0.045218363326575216
0.15884715432372482
0.15884702000287293
0.15882925699394784
0.15882925699394784
0.15882925699394784
0.06955790986294082
0.1588598734191425
0.1572896305896076
0.08939144525504297
0.22884201599039522
0.12236049678420627
0.15884884057793275
0.13747787116041327
0.1588338756378061
0.15882925699394784
0.1248300924728274
0.1843221487508052
0.158837737466113
0.13768894945427207
0.1640624487793956
0.11741901986487865
0.15885663134820657
0.01849337582101526
0.14994349629625262
0.08840192886587613
0.11441042827327483
0.15882448593025647
0.15883027062736738
0.15883957643492094
0.1434530199247417
0.07715694813085162
0.06180841239203023
0.04689462437169122
0.09199292055325309
0.19247852493240108
0.09122094223115186
0.15883062106412582
0.1588271849859468
0.09582681312463745
0.15884661129713623
0.07777992495813207
0.12467035677355807
0.15291980986431686
0.15883265230427
0.11071004918300492
0.15882056927470675
0.1126619826516431
0.1126619826516431
0.1588522974047023
0.1978404284008408
0.10154726559551949
0.1588405331369056
0.09812257422852626
0.12004787008956794
0.09478074234487076
0.10920809712796513
0.1588436959794067
0.07192526048851033
0.15882898382798938
0.17963122433729728
0.10733181208410854
0.1376101678996915
0.11592148319153281
0.11788122433091824
0.12082416755379508
0.08227444525857387
0.05909072779047994
0.08096310608823439
0.15883265230427
0.05479643905775809
0.1492806758875808
0.08998856536369737
0.13855765369039794
0.15882925699394784
0.15882925699394784
0.1588303273855652
0.15885090831317686
0.06834593367719244
0.06561682456455122
0.09476226852216584
0.3018580971452939
0.15882925699394784
0.16698383995695348
0.09004425900187908
0.14036187924349516
0.15885092615525576
0.1588338756378061
0.11155717784496288
0.14400311658054274
0.1588484094886074
0.15527262298783898
0.30185913694304223
0.16506104578536274
0.0548666952814782
0.17927594146948359
0.30185341392365994
0.09144142278152076
0.3018655160705463
0.07537018351276027
0.15882307278126825
0.07528742908764409
0.30186187519725904
0.15881789091341725
0.15883758612021712
0.23058271282432452
0.220448461258766
0.06348235630523648
0.1588236312322847
0.05965844041151307
0.057694447654049505
0.15881205064219783
0.120365715228719
0.09272164903020673
0.10580914058187268
0.04803141189742533
0.04696439860726442
0.07158401831409644
0.1588452538915241
0.15885116186805517
0.11639998860894689
0.1103652979031978
0.075970241387335
0.15882232332887217
0.158852692698243
0.08982706409724281
0.05073102645832239
0.15882978357107738
0.1588426159022127
0.11331457572902556
0.05984887155635484
0.11007845474513397
0.13570180975305954
0.029728702481173503
0.10520712497289715
0.15882966061250875
0.15882198070908424
0.04542684218943179
0.15883921506987997
0.11420459312605906
0.1588451528616351
0.11319120730628568
0.15882090746090427
0.0561329601022983
0.15883242386717292
0.09299288563741906
0.15882494832589003
0.15884008463438984
0.1588483616036734
0.030873206236456098
0.16047917415995774
0.1588337061274605
0.14842843296696495
0.05098692327947174
0.15083896211430678
0.08894372111203314
0.15882925699394784
0.15884313270959982
0.15885125494193972
0.10416417331200387
0.15885434052382857
0.16133740308453393
0.15882145434084358
0.27136931890230037
0.30187471560756607
0.30181996817425255
0.15883921946769597
0.15883100905729663
0.15352824833945614
0.301866779883788
0.10778473465941918
0.23957379149031893
0.30183829181503974
0.16464332266924042
0.3018731367635749
0.2629207487114333
0.30184274060809696
0.30182240243594677
0.301839812003399
0.15885149701427323
0.15068428564194203
0.09604904046190865
0.07284393809743529
0.1275359049313722
0.03437808420870099
0.15885161226181113
0.1588298820683215
0.3018343049471803
0.13818749999562446
0.09014038660313688
0.12859293970304855
0.04948369423289578
0.10030232756042985
0.15882925699394784
0.05985028018488439
0.15882311505220315
0.15882103652148635
0.1242750534705212
0.1297565829910582
0.1577213140209825
0.04535949243676063
0.3018289558177994
0.1262893787775874
0.15885317724762488
0.15885301528888138
0.15884687196388883
0.11165160663721573
0.15882925699394784
0.13882359998492602
0.15883722253687566
0.10311629477570189
0.1149783258189247
0.30184236970387973
0.12372077317535245
0.1588535662235315
0.10660188305722315
0.08633509897112394
0.11673439510256406
0.15885066122571645
0.06549749080397704
0.07043995939963964
0.06103126132910302
0.1440966947561503
0.04516717897234662
0.15884681547068583
0.15882778047409743
0.11832658796789432
0.1268763551652695
0.15439660211272307
0.08950639284965468
0.10348349146592202
0.09519714173329774
0.13072910243235383
0.06975169856155844
0.04737786871902081
0.06552258182526001
0.09580481252687442
0.060851683212780616
0.15881747243436464
0.15884003974684924
0.08950352562806331
0.15885205513689402
0.15846994372223763
0.305776779008008
0.3018317533953814
0.26798653454100013
0.09447205404515965
0.154863342200406
0.13746233369922692
0.1588550529059567
0.15885090831317686
0.2468737835945961
0.13072199018676695
0.15883177055208358
0.15885694050606103
0.2573935745829931
0.15884698447950554
0.15882705608222264
0.09332539328991704
0.11583896363897506
0.2765650456071159
0.30181762054432587
0.30182563714927757
0.08271291758566691
0.09494123862778553
0.04688135776937754
0.22055090407010577
0.08923327080946769
0.17438455209862608
0.09529146877381686
0.0906935065274564
0.12126914802374031
0.10269084883363368
0.15883853455435176
0.1437485482278504
0.08981192695005981
0.14092354247557778
0.15883881894705687
0.10569402192816017
0.1179535520033116
0.1179535520033116
0.1109989918494987
0.1588387137924949
0.11907076721962188
0.08838296404600147
0.12676069952629976
0.15884822814287175
0.1180509277837832
0.04438187036947121
0.04354382658377585
0.15882561522143168
0.04553967415168138
0.12879401206570418
0.062339310771336164
0.07216965849542316
0.15882925699394784
0.1516239241687554
0.13121164901744045
0.10090141307195281
0.1588592535499931
0.15882571814535573
0.10107500134767254
0.1127509743269516
0.07926173854667853
0.1863001478781684
0.06285816740295468
0.1588395348960235
0.07451236213589424
0.22454430362207303
0.11956702418246472
0.2773685837586564
0.16249603736897594
0.1574804300104147
0.046907055156049
0.08157066511587012
0.10043798565051498
0.04693148225070882
0.03432362021800428
0.15882925699394784
0.10729332340338456
0.15882925699394784
0.1674785868043404
0.04314951710212024
0.09309610174838288
0.0683343740851869
0.1336675385063542
0.1410757910581071
0.3477755500392197
0.0598427398071824
0.15920483207930197
0.19652909346018232
0.20975881797418522
0.12434149687425868
0.21699567242685625
0.10151794390545849
0.06676730918065447
0.04690437065792986
0.18378851079962683
0.18378851079962683
0.15850592049754372
0.04920770375111687
0.16428989837973912
0.15882925699394784
0.11011062408018993
0.1700101815640792
0.21274064374551588
0.07766028811122413
0.1154212821628344
0.08908349435259676
0.11980749509810085
0.07420764315622456
0.20051261650455424
0.11857076703246366
0.1478650137365863
0.15882925699394784
0.13309294171444863
0.12580054717272782
0.2126803776806489
0.06939081042043165
0.14172480175371976
0.09949626566745362
0.1242405335257788
0.12957997447610864
0.14093663306745594
0.3108600969949814
0.1356400203121688
0.04234320975198803
0.05772633303083349
0.1702176211414875
0.035069264809200425
0.03142684844115277
0.3133785749406703
0.11761882358182067
0.09590015865649208
0.05333589528472029
0.15334468431204676
0.04642666210402247
0.044500890737960284
0.23635261056907167
0.0945321632191078
0.0471572386816733
0.07645093724652098
0.1961119428358373
0.07136253510241876
0.32301718547434904
0.16791263397579267
0.13541958818147484
0.15892497391538968
0.19513893944076063
0.2890617174127736
0.13968764032947412
0.13438843970198094
0.04529042502750049
0.1509137178232279
0.11839141817778055
0.07919159287253111
0.12289853062055305
0.21638401373702992
0.0699786898618953
0.21993869299394384
0.15537277399655142
0.18553647793214845
0.08719388378749279
0.06006835836214127
0.06006835836214127
0.1349689332418148
0.11010285137048027
0.12687300329225534
0.3004790977084458
0.13280100027350977
0.296705490187201
0.1640875067324105
0.06131329613312597
0.16749044262884794
0.06465674090857002
0.1587895505260329
0.22582926045094082
0.11473716189889019
0.11182474016269808
0.22064220455198846
0.08347856571413623
0.2681767363093342
0.050702551897334996
0.17194448900696632
0.06771863891978687
0.2625245977638287
0.13958064728668487
0.09207133005660509
0.06095422719930915
0.2100961917759672
0.05673930162168683
0.19012042681245414
0.09711660979208629
0.3018082838596144
0.08530313338791957
0.17030863547752845
0.14099922111299296
0.08429185135202306
0.04924595501219533
0.04839710648731158
0.3489779428748799
0.1524489179143091
0.33817231508547174
0.06948200589093184
0.10571429901194232
0.2781710680243135
0.14801722063816186
0.18404175051921326
0.20576790073692458
0.20091420234065263
0.17835933098482867
0.10189290928844236
0.15916784885993496
0.11954405649055405
0.04654220509934852
0.21316606187982148
0.04638728996976955
0.09616008332644646
0.07237611632658042
0.07237611632658042
0.03797460250758059
0.09889011486045311
0.08317264025009914
0.08518669600693442
0.4545217963706147
0.1398628596198451
0.11526346056743432
0.21443622749547295
0.11550949208306863
0.14093763252601885
0.1640565207432834
0.1939663738753048
0.15620074200803846
0.10928852094551172
0.13220373025282003
0.13106581306760767
0.29160948459934466
0.2190220279716587
0.19791748743335605
0.3712450102092949
0.17723340150605424
0.11300332651403597
0.1917707957786851
0.2687440569482118
0.30224989066084346
0.30224989066084346
0.17356865361604648
0.20768954233383435
0.09122094223115186
0.24438219443876974
0.14544148255723383
0.1672473210010214
0.32349557834184195
0.19076552584690953
0.3190090164664035
0.37789686722550275
0.17470404537553685
0.25367818974299383
0.07833161817460323
0.06759174424910373
0.07136604623910456
0.046925773454143005
0.16188817864279084
0.06568471198465294
0.07356420381621945
0.1379533544365528
0.12273047753678633
0.174671770052942
0.21550871319887863
0.08582413067874814
0.05112694158986029
0.12949264189344173
0.17153476704364043
0.09015250995969362
0.05480525678452839
0.08348902811840749
0.15221220174043892
0.35134619446946275
0.1382163168169448
0.10632388005719583
0.052027816728621536
0.0930754708721667
0.08580286332410259
0.20634338351299472
0.16347542445198737
0.1418567462422939
0.18191348810318936
0.191972963699786
0.2289501493782586
0.04754670953800308
0.0622351078479121
0.14052900751657613
0.08814510530348443
0.061458479321979585
0.05112665783814472
0.06485205127162963
0.20086697454864544
0.07589389643953848
0.09406953843494635
0.12939512555364327
0.38503217408223966
0.0786518656949741
0.11584446124477664
0.17934035725178948
0.07442833128822021
0.24796919227727932
0.12444318044161982
0.09989324338228173
0.04255339355514158
0.17551888774506852
0.12015424568929382
0.0904006018227721
0.2461074542618651
0.14726376599468444
0.04813362474011962
0.15276130000673613
0.1741294776513459
0.15008924452222755
0.13739774489196632
0.24672114595233394
0.18144813745229985
0.14900583003769027
0.2029531429842895
0.04026416145264738
0.13340281313622268
0.28051878028709837
0.12281445023774658
0.1702540733714428
0.11617120726655238
0.03991778527154693
0.1787973525549276
0.11186517521981894
0.1414849352232474
0.13039616959880448
0.13215071868613484
0.24150774159506322
0.07708465383223555
0.050590901806361374
0.12619146764716654
0.1847490333730596
0.10858367117663346
0.15031480614928464
0.23373877179374053
0.21157501741193277
0.11063549545669492
0.11799192313763204
0.10979597655044634
0.19744195234559395
0.17275854147669611
0.06463085056047524
0.15882925699394784
0.06904519656108973
0.15677546789177055
0.10746073561287661
0.18690489922383305
0.2353779529404402
0.13433621577700905
0.2756732937040804
0.06937350786774095
0.1164101177440297
0.13834223791955227
0.14371442585361238
0.17158123441666473
0.19482598399591608
0.10582705468975023
0.11725527524000143
0.1926712890803362
0.17493899717228423
0.06363247450403713
0.19488384892935054
0.26467878334344797
0.06090719333027564
0.14844081052011696
0.2000863936382096
0.044949242319677694
0.24351876713424658
0.029296413445302344
0.1460121456259085
0.053174665536082556
0.07751774147364052
0.14513737162530452
0.0826699621133238
0.29280296079175366
0.12478332712388661
0.08622069152472442
0.04985238973761136
0.13780800101157306
0.13809210193960195
0.06090169761126545
0.0982592320869795
0.1774210605249407
0.19253943547302588
0.056973934847336434
0.10182651106757287
0.08748828784882487
0.2647339559330678
0.14436561215307117
0.21721552530559673
0.0979234525937966
0.18308304110258883
0.15341111324254417
0.2795434620176668
0.18312524645468223
0.04872855662873845
0.04946835003115058
0.08343632949381466
0.14597910725734958
0.030201298638748444
0.046887277667090145
0.20809395557292343
0.1532723790377249
0.16107893005450172
0.10862938718620452
0.23229280350945955
0.28031100909900847
0.2801189279772246
0.09830314890182167
0.22200928612880655
0.21544336236873232
0.0870168214215889
0.11185573002433527
0.15396910488568347
0.1619477136854353
0.07481022547703906
0.384126942721181
0.12564602746019557
0.18948025496652932
0.1964827207205373
0.10468947131054944
0.1443308249351125
0.10306033649192992
0.19874914536949148
0.08154282160844799
0.07685582743489947
0.13979274385459378
0.18487241375230426
0.23366983023654922
0.14378165527200143
0.035617763805713215
0.23820579843593734
0.0897512625526544
0.04693202375465177
0.05775645109763965
0.06132671018807804
0.05003192293852107
0.1390596081155166
0.09988417738209147
0.15882925699394784
0.14341482414890713
0.15446918453224878
0.0785722660058118
0.06371151863268164
0.10617083149779936
0.07795657505344533
0.10687735323274522
0.14555096237971885
0.18589583171835042
0.10129217744205704
0.0920232037134533
0.14336462543861367
0.21246554652512029
0.1539753221898687
0.1531281768582022
0.09974956973555602
0.1313346480994822
0.1533103019053629
0.16310762303271117
0.11673974956402577
0.1943241311272608
0.11584300241403374
0.19564035023216161
0.059938304180545715
0.13752000759560487
0.08382528731794713
0.13392514445754272
0.05438243082486255
0.1386064336326906
0.20083631403547364
0.33886211630642993
0.09287266944562547
0.04694807501687275
0.2953003792957547
0.0745108215769696
0.21107055499075647
0.1322161197834352
0.17577951876974587
0.1585134406474902
0.12231975030743883
0.14036187924349516
0.04660160292921373
0.12794899226175876
0.15882925699394784
0.04453025009411199
0.19905399352941994
0.08227444525857387
0.19464244794930666
0.12718501882735628
0.16890919596255763
0.19524440727623055
0.22615762578263743
0.3018486096439289
0.30183025845954486
0.049718333904083596
0.2817097467666758
0.0876535119136925
0.18942220466709253
0.05871227378985837
0.21653446991600456
0.0668497195162108
0.042704291485959466
0.19728746256348464
0.059886950824834514
0.08799704895149343
0.06658416602496885
0.28905561902708105
0.10524586171083614
0.2108926464954464
0.13705070188295107
0.16586643439733761
0.05839167681547016
0.07310965484561353
0.24671979176412295
0.10728739144767467
0.058689981774464335
0.06754331913874065
0.2325974906891142
0.1645943964366659
0.1601240512124587
0.06370288479862386
0.15882925699394784
0.07926727561282584
0.1320523532262131
0.25220054603462877
0.13793040821379565
0.32788705272223917
0.15469621458153124
0.10936928580467228
0.060233957177592196
0.053129110884707585
0.35684367478193735
0.09524012678086093
0.0718139748771876
0.2589021336213997
0.14196274807835477
0.13376697952510863
0.046911006667163906
0.11438971463236033
0.15225631338666426
0.09212519636462382
0.10094817281362072
0.130322531014048
0.20869258863777218
0.05979441584612843
0.18464281285492298
0.04611739287570917
0.13654192902597367
0.04689626901201899
0.20559959005884118
0.2152041138607401
0.14561993101056228
0.06795039959663036
0.2617461952556489
0.16311271724993306
0.08302901249290381
0.12273230527151588
0.1747734073136856
0.13227488088452538
0.18304323730915406
0.11472883369972829
0.08161931565563192
0.06892945770215392
0.16055178553151345
0.10072448266593366
0.08647714257276233
0.11833438082822412
0.05685064527113076
0.18136733882781936
0.15882925699394784
0.15882925699394784
0.15882925699394784
0.0739478441662672
0.17488163582685476
0.14562794109364186
0.11457896167783783
0.059938304180545715
0.2134926999343217
0.11769456818285334
0.1534137164899523
0.1283871896323203
0.12093918295648041
0.02932553627362673
0.16048409271544187
0.07838267825081457
0.2184033087731826
0.08434348488934572
0.12082416755379508
0.18251944125948108
0.17985455998622013
0.11197965330966807
0.047998728764983636
0.3018093071281196
0.32838531053195746
0.11722000630117725
0.21245102015231315
0.04490380678034462
0.26697879722004975
0.049992896036387874
0.1235374078401829
0.05329962383187897
0.2739366949339086
0.1933877921999773
0.3800568162556014
0.09730411053791096
0.2139381401205753
0.12584253575308002
0.24124518540414877
0.07759653506547935
0.06632438543458023
0.1501754883919385
0.1501754883919385
0.21251650052153157
0.25671660606306385
0.07573662289018533
0.21063604010951487
0.21772024276887467
0.2469096726108773
0.23690117417922968
0.22506272707241243
0.14369201280229027
0.13694438250579685
0.3115474047994755
0.12667184136810739
0.09754431565972958
0.0734640252998736
0.2116004966913902
0.0753341206863118
0.08121481312728518
0.16365034150862734
0.23685586679711645
0.07117580223833692
0.2078865419071784
0.15625590152317667
0.16785151028582487
0.157452329753135
0.41583815475471525
0.30186187519725904
0.2681413587810845
0.15390066435201696
0.21229514558252524
0.18826160594618804
0.049164873410685664
0.12868674760210203
0.10909108051721103
0.08373160034008295
0.08189774444315064
0.06375625853352754
0.14919673529655608
0.04658271628036023
0.08859295608752811
0.13371852714009927
0.16910852155703254
0.3018394198091399
0.15183742427160526
0.23635988378472983
0.06084914280528675
0.11149468631446899
0.3018604530916677
0.09478074234487076
0.3151160081659327
0.16510318353479655
0.08892521317500245
0.07773099110413233
0.13573225361374125
0.14053248079076583
0.22738299520890523
0.21777764069080024
0.1918679601511466
0.07652005559566069
0.18421818531186154
0.14485195355928035
0.03360158960993901
0.18590746888084445
0.2491000041255393
0.29463270927612234
0.18748029635405328
0.2506812192879631
0.04808915494241153
0.15408631380750176
0.05903678849702084
0.12111894678857495
0.09974470160469939
0.04666852982371471
0.053604244818430055
0.15471064491781078
0.13736797981716545
0.18271473767909296
0.18841812751752432
0.2175414144425988
0.14271468706584878
0.0899495166234497
0.1968041219142527
0.3194694326029002
0.3018118657801323
0.21389305068688175
0.3006493069943064
0.15559061148347936
0.24051988725637388
0.21056449796712043
0.15524568359395616
0.2507644051069125
0.11718542763391519
0.18091866795878175
0.20230422719951568
0.13558078396937445
0.37902224908389975
0.33913804881430265
0.07381000849147233
0.220448461258766
0.2346028774337515
0.11347302272544532
0.17617742380008936
0.20188913150809568
0.10580914058187268
0.1703663181397165
0.04044205989678715
0.052113378157537936
0.15882925699394784
0.16201037876224433
0.22615316373477695
0.08662650790730538
0.12361433216296486
0.08662650790730538
0.04902762332155399
0.16160509977816215
0.3018818595764681
0.20281533688428263
0.3018780279557756
0.2272835191898219
0.34296720353409954
0.30180628013939687
0.3018336526174409
0.1008284490486185
0.30181165783201164
0.20454685930153624
0.30184219254654887
0.07029583307723015
0.09348198333539627
0.14917205641429526
0.3601703850067914
0.22223824877427775
0.3018455436726067
0.09863521548523786
0.1302793461338389
0.15942418948093576
0.301838944971288
0.30183556139343726
0.06561682456455122
0.1347892406285053
0.16322644045898982
0.13083168305298923
0.15882925699394784
0.1073025053274477
0.150424624606028
0.15882925699394784
0.15340055206139722
0.1848453042233506
0.15882311505220315
0.31002833383531014
0.23114893252618243
0.15882925699394784
0.13545791353000733
0.06194300422090947
0.09793275862298811
0.11411201614533137
0.15919358405490125
0.11108253879919502
0.18159950295766564
0.04807739723255369
0.19323644882025087
0.14735835211022744
0.23173916113438967
0.25088068463695
0.12101975636736534
0.2620324605804739
0.07461152988491714
0.18537144556976473
0.07714937498090857
0.15114877679198296
0.17714594510881487
0.18520133753637377
0.21926933445312716
0.17781757824177116
0.30182552423039927
0.14019464872619924
0.15882925699394784
0.12540816206977454
0.11749229439203673
0.09280450563638362
0.10136996542421049
0.2073480592952412
0.04408933231827068
0.229999448436843
0.2964071513336498
0.15674787690068534
0.22264561863503796
0.16301350356819796
0.10820999157219316
0.19813188293063816
0.11021404486157067
0.3837527672951554
0.05935370830712642
0.07602980802404495
0.1785637755174218
0.2817097467666758
0.2817097467666758
0.060503080866877994
0.10250524144689069
0.04695011510269254
0.1703248744872104
0.19291392483284794
0.12419250383495412
0.06863189886838253
0.1992364506777694
0.08201993302063634
0.053398685464247315
0.12391160209593459
0.0847105661660979
0.06413044988302541
0.29161571837735306
0.07937300415643431
0.05953834056152137
0.1494283007907187
0.10739936780679496
0.1347157730442178
0.21507825009626585
0.15301164904977263
0.10902300162826663
0.06888920142817383
0.2214457166464811
0.05409806867473817
0.1844858265311474
0.146809547948362
0.14939475041109523
0.1468351044897787
0.15450096696229726
0.1660633089874611
0.13104182369537265
0.05388577386250559
0.04235847141301463
0.3623662160158154
0.24763782710757856
0.08115960071133414
0.06161667069567786
0.29067543604587587
0.18454900128781826
0.054332826299059576
0.20314652013233198
0.1530186185383393
0.12210787583292722
0.061039863038270296
0.1585165702150756
0.17938358590901524
0.16514547408213462
0.17189244845339777
0.2077002562980624
0.09208006498524811
0.0654053578147238
0.2100961917759672
0.3133785749406703
0.10574515808187718
0.1364945886077001
0.17371989587597406
0.046481505938983904
0.09059992539603026
0.1712672645713352
0.04407079092093052
0.05361375552388351
0.15882925699394784
0.04689435007989059
0.05338013911937763
0.2590880737590754
0.23450264216486902
0.04977602768813129
0.07984979419083899
0.06198871021918721
0.15000879543764967
0.0463718272431632
0.2292337429021794
0.0932935533939171
0.22765282987092508
0.2519972725765081
0.05069486398768692
0.06090889524892577
0.1590963829709879
0.4800971865891065
0.23556612617855993
0.10122245857802148
0.33195584372100684
0.046882094638674224
0.13181081156579721
0.11433270546622436
0.15221196326650532
0.19535248440390143
0.12407496575814289
0.06290515988530862
0.10519429075074323
0.06468089235842084
0.2828002840462605
0.03368470468188446
0.05435811442311154
0.05059622154666781
0.06073373305974827
0.056144926975501434
0.03659887508392557
0.09906074227926948
0.046819513936623924
0.10635048530027758
0.06544943783620519
0.06818395768828242
0.25658055202171787
0.06180632640909503
0.2167596517340822
0.17713771383401433
0.07068610909175556
0.2013045949102599
0.1929342422354744
0.1350227256324606
0.1142871458657404
0.022527975181725494
0.24343271090218063
0.26061507218392443
0.17023342305864309
0.10323623513267802
0.13188855711811703
0.046908237710658884
0.13019597253473433
0.26176968903551845
0.24092034225468512
0.19363791756772392
0.18294613153018024
0.04378914790802973
0.13849378313196842
0.25864971176326335
0.13554253910490988
0.06047612342396759
0.12257971574813235
0.08274129723579787
0.10427595042689765
0.23551233161166524
0.24810160106528723
0.05156587327497828
0.050583709917774416
0.051130541714203497
0.23600912979110167
0.15882925699394784
0.17253914486645036
0.16920541862122207
0.09014605346047719
0.09778164319676133
0.060370158500495534
0.05938827687429598
0.1274814624233741
0.06213884635689326
0.1673295239434565
0.2590655615083301
0.08550796076224208
0.04689946328847872
0.08572041558607674
0.04526930646171317
0.054803503853562106
0.12921767544029306
0.06907406394763008
0.3866456567806335
0.2135139362032926
0.12164428961137567
0.1008560988280475
0.0664404441909754
0.2292658003924502
0.2351465744541349
0.08102881809489222
0.28026664228987996
0.40608960105558506
0.12078398452908319
0.18757778955655202
0.062020697139005584
0.15411123340049393
0.143399696357984
0.15507354241016882
0.13557539867669047
0.1850817704791412
0.25966623552204227
0.197501661425942
0.09398817263384177
0.16499975062005945
0.10747232663434787
0.2326400363328888
0.12656964406290747
0.2073238787737617
0.13240517577485036
0.111224199247612
0.20165707303551442
0.18982783062247185
0.10397367862701479
0.22809809877568746
0.13185163415848672
0.16028012876636052
0.06167495104705652
0.20688839137814732
0.06560740639873185
0.053234657679054095
0.048771375846331136
0.18766210697853142
0.13289679871865753
0.17899627795716422
0.17320229590002553
0.1531594154451877
0.05828441706165671
0.1833789369327798
0.2349343274248997
0.09662161688279021
0.15635872679930773
0.1559314504014607
0.0630768526015571
0.10779142555327202
0.08824107389655314
0.19924804171074795
0.14521890741902269
0.11336446746878286
0.061453152252001306
0.186634706140927
0.3949448133140406
0.14550361755468091
0.197946853295279
0.08042861605303327
0.06561682456455122
0.32193995703675654
0.10451004108159907
0.23036559708127927
0.22548254646335594
0.24599141952888212
0.1366386378809845
0.12049431936430911
0.11094332362387375
0.2824434089002694
0.10884990264086843
0.18337757506751887
0.06503029852163443
0.19286495526008404
0.12102962978362049
0.11129740034714615
0.15908754304774636
0.18924563949452755
0.08081864595291655
0.06729932384179857
0.06925624566536477
0.09903908703636097
0.14043429175663893
0.12042028368844421
0.10034723602066485
0.16881834272993346
0.17619434649799695
0.15345288837611068
0.030425780970016192
0.14975739108473232
0.3507678173451209
0.14460232679448112
0.06663719381955106
0.07738522139325812
0.20014710360854057
0.15316525434204206
0.11588930657552172
0.05817771230704584
0.14591527080967934
0.06312010532445353
0.12521477617977708
0.03759764418832068
0.03667693234387887
0.15882925699394784
0.15882925699394784
0.16156611156637005
0.15882925699394784
0.13926596299565777
0.08418775927269001
0.1400101757592692
0.10725700206708039
0.15882925699394784
0.05909072779047994
0.08121481312728518
0.0753341206863118
0.15531816502978538
0.10549162283019746
0.14888464930123024
0.14817787387829945
0.03128907975047989
0.21145324586703687
0.3875157320461659
0.11220062329978613
0.1641159507260731
0.3766934813425512
0.1861582290086881
0.11142236660742172
0.1427796030400379
0.15883265230427
0.22943833787661344
0.16793451255400538
0.12490602163938574
0.15863485982815945
0.14742081623075656
0.11565818748236964
0.26472807128326825
0.05321466934932603
0.08998856536369737
0.1492806758875808
0.1472908755569916
0.05479643905775809
0.18790132240850208
0.13240345366421746
0.07728037916901394
0.12641797142219435
0.12406976998532253
0.08508147955492039
0.09961628603238024
0.3151160081659327
0.19464244794930666
0.18615765582344457
0.31706362245719244
0.07601971081657963
0.136683066638577
0.07968917946582019
0.13903449569862147
0.06280383048108223
0.20257254913750683
0.06922773538147707
0.08648330641095514
0.11964658957243648
0.3230569429675192
0.2663808998003259
0.18302691898271756
0.1617735189985488
0.050442666361750266
0.1010789271661202
0.05974118461830526
0.14026066111841604
0.17122983728651248
0.2596539272960268
0.11512430027413668
0.10845921516103288
0.06589260717451428
0.10664693213693437
0.07007312781272458
0.17359136344031206
0.049681438544422196
0.061345700721777016
0.23895940547434635
0.15882460519330888
0.07894217710238605
0.3033967993100389
0.059099671986173434
0.22745290805622825
0.21464563377454612
0.2778607871849291
0.18620772299798713
0.2248761464079738
0.2491000041255393
0.2044920032204325
0.18245810223501743
0.1003872846659155
0.1334512555519692
0.15465588405488054
0.16825959311978803
0.10650143806440186
0.06834593367719244
0.15882925699394784
0.19716071623326314
0.15856366576320408
0.026168997551719652
0.099110549556633
0.21119023131559503
0.2284279843582846
0.14027474269100276
0.09891851186422468
0.21866865614336614
0.04081843315185856
0.07198133720916883
0.2541907648788144
0.19916771030764707
0.041745469721485885
0.10802030885553743
0.06154480921635556
0.1620783926390967
0.12285146085321692
0.17112576888495487
0.15766643474318273
0.1735836459504357
0.12375748896220422
0.22143443938212895
0.09374955880482122
0.15882925699394784
0.042134181214407845
0.12004787008956794
0.1588436959794067
0.14032899251745196
0.13946413475504874
0.3031643762245435
0.13022033184985443
0.11748702356820322
0.166011331409012
0.11712910916038624
0.3018336526174409
0.27520693144407515
0.22323237227598006
0.15554725542362907
0.1254100933227495
0.06498078316486224
0.1808202544972595
0.09707042655091629
0.15859769287086498
0.055301610957018965
0.13402264159006747
0.17591494855002385
0.11355994442608451
0.21311012302289442
0.15471064491781078
0.15882925699394784
0.19334265625604138
0.13967641174766046
0.1001985670577624
0.053156867947484254
0.098481135103373
0.11391500714731477
0.18564461764185544
0.08753660581502282
0.1602795163065062
0.18086800311422405
0.1371284658319613
0.08844635696539638
0.17368630490024314
0.131028382699406
0.07639042539511709
0.09083972169226154
0.12166160278365543
0.06284069738901901
0.25062544850042984
0.18987597117447375
0.08151692637611244
0.05434219021329733
0.13054823286168923
0.2755501518681018
0.17211667320548651
0.09057823076890753
0.3045778368911036
0.15882925699394784
0.03337318611551121
0.05824705873219537
0.12397630080971883
0.04691084389180684
0.12596020625394203
0.11663788267014277
0.23192616862320647
0.09407432349766665
0.06043023022574734
0.10374448923897805
0.21129697041993553
0.14868184084875752
0.22723902388641656
0.21131591421733806
0.11634108792833632
0.15882925699394784
0.1717973651016666
0.22332372718873578
0.10416006097913437
0.19843548600623256
0.18453729425937193
0.23086636324223134
0.10701848137887526
0.15253376245860487
0.18358218564334242
0.28214759156065744
0.13233743111066182
0.12678074630076536
0.1484469841035642
0.12248090946392806
0.20173344045462888
0.12624392587206773
0.0469318504755417
0.2733507277815956
0.14631075631745352
0.10819243809721239
0.20245621512899967
0.3161950428405995
0.17553351854511257
0.05417112246594226
0.18486131317200472
0.12674887727605716
0.23791350221801935
0.07573096132706766
0.1388633355490365
0.2806403405304088
0.15449108210537008
0.15527078423692325
0.2487972664873345
0.20402659939086215
0.16466806447871438
0.05585074189237785
0.0816561216463781
0.18698324748311043
0.052541252551879115
0.35551214264999004
0.11625249941692281
0.14043279189469157
0.1741658806408658
0.1521377478658142
0.2744750221377824
0.094602677537471
0.20602614509427727
0.046974918676630194
0.04703159567257798
0.1884572939982513
0.10475610886634655
0.3200034101609185
0.0745673541913738
0.2458154207167738
0.3852745492700278
0.045837231916827814
0.10387068503180437
0.11936795581359352
0.22345924673309966
0.2999520620779312
0.2645160183010429
0.12543654297800896
0.20972376215183733
0.2154494110740313
0.09937977426847526
0.1629738412233741
0.15882925699394784
0.29913053220610647
0.32257247685175716
0.14612447006080978
0.24935953654480397
0.1285590675307901
0.08364236239558981
0.20438135144893393
0.05404418877308034
0.07537018351276027
0.2396289054639193
0.03363716370763327
0.11171747665245652
0.25728601707945026
0.2644048238784626
0.12453138521079786
0.20894615599526928
0.15882925699394784
0.2231705999337617
0.1189403263193623
0.11705441124063438
0.16505010661298464
0.22224629883514324
0.15882925699394784
0.268517107463142
0.06575226380078518
0.14558251365517277
0.1062165148716511
0.36069531759742623
0.06037859781830583
0.13255028896593357
0.1514807815807196
0.20308318869637026
0.17175505006914754
0.11681192078681629
0.1131600624364681
0.15654611671176513
0.3302459797662248
0.1073743516351569
0.022222627301455584
0.161241372017693
0.1608353812319353
0.2231916696726356
0.14948113731674262
0.0810060888610042
0.1487984559636717
0.054625494002893835
0.13859241981231865
0.09757029201533449
0.255954571889778
0.21275265451181063
0.07375849058553048
0.10951013245195673
0.059005319525955634
0.05546439790532005
0.1787234959421427
0.02908245798658986
0.06042761394627393
0.06882703762571006
0.21030954092413437
0.13986051990350995
0.011550315892217436
0.08151975831976606
0.22548254646335594
0.10556459028162471
0.07994474286715102
0.0590967977386703
0.17241097226024582
0.1717195588427012
0.2837343278480643
0.11060823616484176
0.11751901647598163
0.23618478273108345
0.3660003704884188
0.06582529374192883
0.13026239899834244
0.23822117902307624
0.0880630859901762
0.15543361436984113
0.09731301714579897
0.1192141475977232
0.2236733482418542
0.09876412853804131
0.19086537570746764
0.08814498709873933
0.04526986250776615
0.3018394198091399
0.2766180156800201
0.23079925997155087
0.178886073540394
0.12256360190301971
0.2387120333307349
0.4200418571168901
0.14083396121957079
0.15882925699394784
0.09934563800230069
0.07068066234508881
0.11944169674094994
0.044300306987772285
0.07204058966309602
0.1998556911367149
0.11030061075855778
0.07381000849147233
0.1503122909836901
0.2040660945175769
0.0886742652601031
0.19167047873678225
0.13179254874321789
0.04368173546118159
0.12101975636736534
0.14063307460788743
0.06686881154965856
0.2292075187189488
0.09880807980336694
0.1633536608378634
0.2298841477168968
0.17497271531182945
0.16410186859534723
0.30110895794314796
0.1715140733672316
0.20377160301599329
0.06644941556261116
0.046923288682777634
0.1148442154641205
0.12680534946608304
0.23434901391094784
0.15349929344245827
0.2545986691400007
0.16471709638234888
0.11020147981008027
0.15068084339872975
0.17295336136622566
0.381316849980817
0.11481464915020369
0.11993876296661005
0.16171294340992398
0.1655944305049159
0.06310685049851368
0.13017934750604196
0.151586674378464
0.3109712752269663
0.039289489079404855
0.09657439862895684
0.2177249612985349
0.08343750605946004
0.2599503366316754
0.2117295802617507
0.04713166125425317
0.1996093199500718
0.13378225256740542
0.20797840317582225
0.10110113361462865
0.07614878256695222
0.1700329522933883
0.1514443043978003
0.04697153873555893
0.2323148073717113
0.23784162785223362
0.12045792434289598
0.06436363410757381
0.0703196874008593
0.057956842117877036
0.060024944038401466
0.10242404840762562
0.15882925699394784
0.11820902499980193
0.15882925699394784
0.15882925699394784
0.16824707766915098
0.2202708683056831
0.041575169335516866
0.1267618557680171
0.12519121425373508
0.061966186652427355
0.12255153282762814
0.04495246174757471
0.28842965195561765
0.15882925699394784
0.16318917154175838
0.09623171228179989
0.16365691664313384
0.13933391070567624
0.1275224047054498
0.046887525380036175
0.05529630144336632
0.2704759494381675
0.15882925699394784
0.17026678544786802
0.0543343570273186
0.145766457465326
0.19854399893245103
0.15428785995138436
0.15882925699394784
0.052650196008148506
0.16503839878052434
0.1759653473782641
0.22295917056659553
0.1300005479786502
0.2349032255927081
0.12143371524969858
0.09374115379513318
0.08269011069295179
0.11942142979533753
0.08509171202898028
0.12158284907260217
0.1188381644698791
0.20338406875955528
0.09587281187151218
0.18269335104309967
0.1816338709039601
0.252390575215741
0.19993440466657267
0.05472953428713339
0.11778404357935646
0.2988309386698428
0.05645551579399625
0.1906002199180304
0.15882925699394784
0.11211324830614484
0.06114629754281357
0.14701009389628608
0.06790191714427908
0.15882925699394784
0.25287742721059603
0.2589988869734983
0.15882925699394784
0.07788829435884058
0.13496974733446895
0.05356048784937184
0.13076535551316323
0.046884985341748
0.13267240396098948
0.10534939086781765
0.12200710976122271
0.07575085008436333
0.1649360245324656
0.39717029034361373
0.26000813014459884
0.059822847863219585
0.3031672287897207
0.10420054269249422
0.24871506475048127
0.12056948731735119
0.2340456513709233
0.3797588574758556
0.1965078911898131
0.1911882551482322
0.15783351162531922
0.2071112031099474
0.04881957455605347
0.1301039148872715
0.20367477476806478
0.15197460930321088
0.16788015518345675
0.0829627574265987
0.2186758737598364
0.12583600017710325
0.18354081828103957
0.061226516787941755
0.1420188150931186
0.10459026580054784
0.1662723788650927
0.05292702440340925
0.1507034124521618
0.04899780114716013
0.1382135289737621
0.16111840964072058
0.11998177367648849
0.14904685362541994
0.26387951520441055
0.18891218317115144
0.1326497270070222
0.0875488369584463
0.11889391753872468
0.11591257823216958
0.09572550659837835
0.18387881887882557
0.05645001410038072
0.19878970016255418
0.04559597414867725
0.10823798386382316
0.07136930398504357
0.18296427755184397
0.11132761552668868
0.0835100414969652
0.10869344212511291
0.05636277922504155
0.05723689895006517
0.14842810542648466
0.12450335217408112
0.1351744204982653
0.18712004776086302
0.10358687191158154
0.07233589028662651
0.10696147272926951
0.08574482166109762
0.15155609037145223
0.17312340602442217
0.21062093037399918
0.07640023410055977
0.20493566299262292
0.24505923591464426
0.1209942967381782
0.3725687248702461
0.14753501383562298
0.10050768649211
0.121698748325206
0.09705711608191674
0.2392270275148519
0.21807451966374436
0.15310649044155528
0.13887973376150045
0.09726115868877405
0.04639193066985775
0.11970458935521659
0.09902350098182738
0.21010213080463905
0.04176998412385209
0.16872122806296433
0.12621380865199278
0.23017769315820114
0.16885557070630636
0.14680259711743612
0.08649874884153083
0.1349363830081689
0.17139216219348966
0.09965417101115956
0.15715465656291283
0.18398717928515534
0.15882925699394784
0.059142879363888706
0.23996442139710317
0.06185212425098319
0.15469077317876426
0.23620640737266524
0.2686409769036433
0.16295243793448955
0.22424384117292037
0.1509469693722787
0.04437706326078914
0.16929888936603074
0.2814621483542159
0.05642741906560243
0.16957444927880097
0.16133424799330937
0.10097253665750218
0.11954798778990712
0.14809877279176303
0.16169179928116684
0.09906810906338649
0.15265192788387966
0.22130835674190624
0.12739868420143874
0.06074831587967438
0.16125604599892526
0.280316973792158
0.15425319137649784
0.0469546879044757
0.14372272012524345
0.12541270998053317
0.17246347115605906
0.17112622909260894
0.08289893062865797
0.17361402174448384
0.16510144470763408
0.08350713716119275
0.07100676624655336
0.15640869424549586
0.33352271670940403
0.16902603522364068
0.12464740524620226
0.19517383456412143
0.13179499470443348
0.14210614610205133
0.12988121108380193
0.2018264268000381
0.0533217551396075
0.15251822583527425
0.04688050390557653
0.089045374924294
0.08749891064566238
0.2827046671040089
0.11259520670632808
0.053847003760808705
0.2192862655177518
0.09554924035171396
0.12990859605021868
0.10010703842945584
0.11665128198867009
0.1437403872165174
0.058835493099915426
0.14082037182341836
0.18018826328621587
0.16151668141480582
0.07679197493935085
0.23594923780449642
0.25822339175092474
0.1692017463358106
0.143907538301415
0.04769151599819277
0.08261443941055456
0.21763226998404345
0.13890752509518942
0.15882925699394784
0.15882925699394784
0.04690957765871629
0.06888920142817383
0.03223413796165329
0.10347625348165067
0.04679019164384196
0.20181244781238175
0.15865049693518865
0.3568145520890014
0.11792341610074335
0.188782555570987
0.20678492321385608
0.0853547151832981
0.22353472818703107
0.3470011229946633
0.274078542859055
0.15882925699394784
0.07105107151575316
0.1453962046364814
0.049220471868458675
0.15882925699394784
0.10950870976348927
0.11569483284301982
0.0869073416576474
0.18338160696256153
0.18227421552441994
0.24974491142076408
0.14538738117474648
0.06553984490394318
0.05409806867473817
0.22264818439777698
0.251820203106372
0.08637819136883952
0.06023766042797496
0.13490335795201294
0.0920437071387422
0.06801387769154243
0.16799449145984985
0.21199798107758608
0.04647869842545009
0.04688081969085644
0.09030493056638705
0.1873600369960586
0.15882925699394784
0.1462711904123542
0.1930700562172297
0.052720023048733106
0.1749748990808831
0.17127738265088582
0.16380871415915335
0.17111280216410804
0.16042215166295218
0.15975253953227148
0.11608408997477261
0.19339701661377803
0.0724161285658593
0.15882925699394784
0.12629774454702913
0.18210792939209738
0.15967151384267494
0.23052501022224914
0.171279239211337
0.338053413318679
0.17435196309917014
0.15973562392457144
0.0715427524122321
0.15692898898187294
0.17363403269668432
0.06949744399519056
0.2779516715217248
0.15882925699394784
0.19809121522545295
0.09454124684539308
0.25929903973828716
0.12439423629218418
0.1223003677095047
0.16354380364789353
0.1323155412750783
0.08091069745412577
0.16565886277541184
0.1303352389697541
0.16895699746924073
0.1551287940722726
0.06450583357673917
0.15131955436448144
0.16886858559800644
0.10090308647909359
0.1391636746809011
0.2563585690458279
0.15694816210681364
0.2128388400372804
0.06712607676655258
0.14061884360979043
0.30722431511142534
0.17441043012000945
0.30126635149109665
0.29280296079175366
0.09084469561124789
0.15882925699394784
0.18359980983625715
0.07743145884123603
0.2343586749999658
0.25643351945753373
0.15648864527032436
0.18059368607662973
0.19372395762478717
0.11331042564678372
0.22967066871470068
0.2702063188957025
0.07208456561913877
0.10492576662612924
0.18532815468148248
0.06938686359617526
0.17305591147601357
0.08514560064380523
0.16534230073730882
0.12924280904410598
0.10959480576247131
0.17270660980975464
0.19399390918342346
0.07358769189644092
0.16230348473156453
0.21192194187012167
0.0466032881137293
0.17472655401106058
0.1892449359826733
0.058806270570548776
0.10368802783355441
0.07105728926446986
0.18413838280961825
0.08707479305990566
0.42469083115504896
0.27902172971293204
0.050810548831961656
0.23257476269397026
0.178330698650365
0.14247046528968807
0.33789855337343516
0.15882925699394784
0.203868767350989
0.04690298194594658
0.08548433139425464
0.23384188444914406
0.12376167796533682
0.07858097965215795
0.10919521834811845
0.18873980191875278
0.24165828596271435
0.21687796064532094
0.1272042585340662
0.22432919898669462
0.23649952098127947
0.24187428199801314
0.1064669564912187
0.2945910916104114
0.1457293839065738
0.07639524627558411
0.17574637178235605
0.13785356416568656
0.09093088638253562
0.22208756081877468
0.2802692751916422
0.142168230026521
0.15230625639312761
0.13841756122904084
0.046550818625158204
0.07013688186009219
0.07908123544328073
0.22873885043083578
0.2570441329540008
0.16322829542918124
0.3856332893473515
0.073235596821929
0.25671392102312557
0.17531976156074194
0.15550919448178663
0.0715925268365598
0.2244351643610681
0.14371130734024448
0.11631674083445288
0.09806647655293466
0.15072074497455124
0.08339866049901483
0.05634696586692065
0.10045123215343953
0.21127711934793483
0.19789751258551322
0.26682353905740686
0.1796795688355891
0.10853600747303485
0.055985118706396636
0.16612781225991008
0.07618115782298984
0.060501235182491765
0.09097658999639326
0.052316097240453024
0.0769960696417063
0.08916321840929764
0.11767951402359973
0.1185922792228237
0.23087458681217923
0.1360805177810802
0.05962166873205461
0.057868409037083714
0.046925676201256594
0.0645825075855847
0.10966418897880824
0.13622634148856919
0.1223900096047751
0.2580310458628278
0.08811305538370978
0.13443259362196786
0.234827617384154
0.22887462106483375
0.14122399194853752
0.11310473036973079
0.13218454816864775
0.13063018189928394
0.04590914930628053
0.1882093116955004
0.05008747568536468
0.12103069114604083
0.13761623553002658
0.10657545596925101
0.17409158114054235
0.17024093327190476
0.15780982453020925
0.0767645008028495
0.12164399579152986
0.11757934335416215
0.08231672010465832
0.03920202729803601
0.15882925699394784
0.0416123994573485
0.08547042604359809
0.09143736356138914
0.061159433287140304
0.11251471204802983
0.086205986260371
0.1382081333577965
0.1772199842915826
0.04654125691142852
0.1953519759296112
0.1878394702722212
0.04654476651651442
0.06088430991348852
0.10947535803635586
0.10152640151778132
0.26510478962448253
0.14224941558583484
0.060734060207198674
0.1074805036114159
0.10171104968181248
0.05638992750849429
0.04801263474201893
0.2317905341674148
0.06251887591825504
0.148618661549495
0.2035637960495412
0.11734796516138396
0.06427604348459384
0.15738645084440933
0.25259071605156735
0.10776648982303956
0.17569783282380763
0.052221148774309965
0.2206311324599553
0.18820657846861227
0.28917159054843566
0.14237588018165642
0.09936852816427469
0.16656993241949022
0.32931090610245833
0.15431609945697716
0.14856402006011069
0.05969030607975103
0.08000608019307946
0.1690084281889739
0.08236283949043297
0.1485755598149484
0.13799177584269526
0.1935020406023717
0.04603865936836804
0.1160451870562932
0.15193485721046818
0.21143885380046695
0.09488947570716132
0.2006799171805814
0.36653547057558816
0.2198428010750013
0.1701642795013455
0.04792003473602482
0.21424870830758586
0.163975593819755
0.07382024548402856
0.059064393802909815
0.321896841894219
0.17337517785389575
0.21001723514239207
0.05920422507526005
0.18628242650350524
0.2637210481181472
0.07258916837585438
0.0925752962613504
0.09016737877102134
0.056780020813389155
0.0754717155201232
0.3371787354920636
0.07073139308476666
0.20973769859880959
0.15347318354579756
0.152561377242857
0.12364600597124498
0.17053559129954526
0.22723388526763277
0.24065250405638494
0.28012235029752114
0.1334512555519692
0.14667565493000695
0.11813495495321041
0.10040778299422298
0.21132331999229137
0.12414154203550365
0.061930490303993495
0.029041842774660525
0.0993097632235373
0.07660087994806605
0.05127773916986632
0.16678701705011176
0.04957927203364994
0.13245962416095622
0.06033098309380998
0.08520104893088497
0.08811486690915878
0.03615267016530065
0.06686229776235442
0.18036646858385416
0.24848581244521678
0.046502955822552657
0.3668107922260314
0.1577581115066937
0.07006133527184501
0.15008719508478596
0.060534779350303054
0.2324695302907538
0.28227123424079475
0.19567528654638985
0.113690885919819
0.23541293895170212
0.08150704273519319
0.01738411943135655
0.11745091406080806
0.04673680460466244
0.06661998167778371
0.1989432099375621
0.1060132411291126
0.05371228675840727
0.04782867655602902
0.15999772032770398
0.26685686750641263
0.2528191776939836
0.09096115009769135
0.16770809227357095
0.16005164506158015
0.27718425676838104
0.09051681120931754
0.09055398991208588
0.09077404935631826
0.13384955800990547
0.24054920325710388
0.10678783698380392
0.1191440931798639
0.23294889344964145
0.07943243669005254
0.12074029597390933
0.07595394309779127
0.09839390584301916
0.15882925699394784
0.16515495614665146
0.09708110003084691
0.21265086430899505
0.07906258116844962
0.05801050766623486
0.1106940264428617
0.12223031032018564
0.07912749503436704
0.03582164182116102
0.20460331385927472
0.04665215562619069
0.07546500145583629
0.21056559860591922
0.18997977371733055
0.2645889211277996
0.15882925699394784
0.15882925699394784
0.11070790251352823
0.09488965442369364
0.31854304899096086
0.14842399521900826
0.2731242664948154
0.36894179348900075
0.1782267324616834
0.15400041146672122
0.097799491417391
0.17711694353979723
0.05405880475393642
0.10545113390879307
0.1452563611332805
0.174827430664616
0.15882925699394784
0.3278604528504858
0.14618874980736116
0.25566870605068315
0.13365381264249718
0.048568697185895494
0.0740727261725727
0.20516242509100527
0.23310026075741624
0.2600404734211765
0.03120823881702699
0.17970316934015834
0.10690584877957385
0.10676705075556467
0.31478796211877086
0.12033124455783072
0.15596944564408058
0.12676167276418357
0.12624340309678944
0.14273077359107617
0.14337607509945474
0.09547930896995968
0.053091712277054406
0.13237158945388247
0.24441303329605732
0.1405421445798908
0.1297174483244029
0.22566992808199973
0.15882925699394784
0.182578178599763
0.17226463814945073
0.16727883492781215
0.1710263605309404
0.16254374605200878
0.04341204889382594
0.06807425776693134
0.22976981030379634
0.1451486867651793
0.077798641572447
0.041737845557407276
0.14500703590873207
0.10773884118338634
0.35277200014868554
0.191218735688838
0.09484857892204245
0.2894672349622515
0.18004774830940193
0.053057832068815064
0.06063455107185652
0.25230357245519114
0.04701271371613038
0.24890215882097128
0.13069128917737133
0.1876237501394797
0.09558458717760757
0.07549141210517264
0.1507023698339889
0.13755474820568162
0.10558710486198725
0.15534560770244418
0.05993676559535936
0.13530899713235886
0.19135852711589446
0.06971598428785664
0.06367588591050527
0.11186608171938883
0.06027051656839902
0.053632616394690864
0.1811557381860553
0.1579766796949135
0.11326260682735041
0.19194395440896525
0.18893604608111694
0.2705726929801866
0.18104682322045082
0.16975525071682912
0.3133854617583383
0.19964784946678094
0.10339191866560801
0.13936725326216554
0.12101006361120913
0.14644952575464992
0.07867298519920451
0.17078645507675574
0.08709987468156734
0.13263344383479972
0.14120288079266907
0.20104112742157493
0.10788739647459887
0.09800177854672423
0.20154473538431725
0.2382864825267124
0.11693161158889497
0.1377601607771344
0.11494218687683268
0.16176274310382177
0.1472943581761475
0.15659279935077655
0.05724209888180369
0.37420090525082345
0.20810176569442101
0.0888187382253228
0.0886630602784115
0.0575332307465306
0.27311916103647615
0.18259817680964693
0.12343455543024455
0.11857222768346533
0.09492472758205663
0.22125826608388535
0.09603170358795332
0.23452507316537696
0.23318261096873852
0.09718497572735783
0.1677403632093974
0.19497622248749732
0.0703935594402124
0.16673032641005492
0.13852920762490126
0.1509622387935973
0.07366365252843647
0.07033933017544027
0.2328350998937832
0.1630856728791274
0.12859883433577812
0.062245923586597515
0.14526099826870512
0.05499613687655969
0.14543473121498732
0.16857639974701713
0.1106494176701969
0.1539151555034029
0.0778144793135239
0.06464375518638998
0.11890168559513582
0.11671485207332771
0.095933515335701
0.08951027664627965
0.11202058337080119
0.1454048398745418
0.3106682720630368
0.15882925699394784
0.200614746463162
0.07064455851942772
0.0622191047900803
0.07158591854492903
0.05270960117383295
0.14008082502103336
0.34940355441041526
0.039138462573278306
0.1026751424780994
0.15882925699394784
0.2859346657953894
0.2351191229538316
0.1080163083829068
0.22083436012814128
0.06284304285576733
0.13029431427323168
0.18917354949888507
0.15773686407314408
0.26909891348445314
0.08887634038535115
0.14288747369510274
0.1265941782911584
0.14819417727657985
0.3481122895143295
0.4075248221430016
0.10062841680043925
0.14594243012492392
0.3514574221637953
0.1617309504458572
0.0702783626103732
0.1581115075951918
0.13896545282925196
0.14420650822217576
0.22790912075858838
0.11083559515884475
0.1438142751983343
0.09640030577900077
0.15083131354257093
0.29879514412349445
0.1960321661569743
0.17919803471930817
0.09011634326249336
0.2061264322692879
0.1555071117847048
0.1868625892648847
0.14444181334443246
0.14773604899596937
0.1399423432544835
0.17658202331641631
0.15389854237356795
0.10657448762457168
0.137667248965728
0.17564152470627245
0.2668254132177529
0.05737104539587063
0.04761809143967846
0.23258054584645838
0.09940360333546505
0.0671545888050594
0.39832500908665947
0.25087754473229884
0.38407289198632943
0.07246979220288574
0.07875775375595737
0.3027403758127713
0.27969430395393474
0.13685041527846217
0.21762404541812788
0.0853613381184073
0.15882925699394784
0.09801520864092099
0.2947537187848643
0.1208621826075152
0.040157238492945196
0.26366214077091954
0.1152031507341575
0.06701854197737463
0.12990815157639754
0.1949183831714326
0.04745155275907319
0.09444426457778408
0.1252694578131479
0.22459886850423053
0.12648599975459515
0.1125809155684913
0.12409314464539879
0.21359720992897482
0.11883178148741697
0.054706689094172124
0.16998003401997155
0.12691532426791535
0.2171230476526356
0.11743695355976923
0.1663582946552596
0.0654034253809484
0.14652820772597372
0.07826250641843822
0.06179181497933209
0.16142615937952648
0.1700443004881891
0.3614006109339112
0.044102100282638335
0.06389600520720434
0.1695881833880076
0.1095096663470299
0.14634966983175132
0.24478807080078044
0.2116004966913902
0.14900727609071152
0.060926663808469055
0.13187516842245686
0.06773388236868884
0.12758868364194917
0.14120885674669836
0.08356314204563223
0.15882925699394784
0.15882925699394784
0.28006270568449976
0.2578324522357414
0.2532290422576391
0.16800026952129668
0.18729006484300012
0.18503853536916084
0.04864649296232017
0.19013779016943982
0.06363065778038554
0.06974893830253028
0.21866924486409706
0.05813313170888364
0.13046524220362032
0.038575257900631835
0.04873881286184551
0.08405845303820783
0.11373664365771277
0.0693908123522023
0.04849510295678655
0.04775510329662722
0.15882925699394784
0.05374482019252684
0.22382881071718383
0.15882925699394784
0.1126816611854953
0.05261606225214911
0.10870380011317744
0.3935533473350738
0.08115960071133414
0.15084678811812297
0.05793338247417154
0.09965774363466481
0.1987516430518223
0.18328742080609564
0.1509844229617001
0.1352548303946132
0.127661549466238
0.11189808213169591
0.26105224290082
0.2190614963291046
0.21140784632323012
0.08999539774217567
0.1811161033896033
0.056996758343562284
0.1985910166999204
0.1674040495770462
0.17053822610076452
0.2277069250504498
0.09050067125484755
0.08160836270609181
0.09241269372979795
0.22501965136908048
0.2330225551439634
0.10801767071550852
0.0611047905414313
0.3316030660431087
0.2809670537578748
0.20362161311698174
0.07325616758441275
0.22507622501878202
0.2935545467576679
0.08734041427296357
0.19959497484619085
0.18969712784602918
0.09283843532723016
0.2106128084709186
0.1664745412208711
0.11390520980572567
0.12971958704976114
0.08005161534657844
0.1371571730161937
0.15882925699394784
0.11426765462633662
0.24809567374015065
0.25610812940929745
0.1921315524379519
0.04500519861942645
0.10388623400633949
0.04701404928329187
0.14208007513028933
0.10799461190604331
0.05963016665275901
0.0744790101362806
0.19668840368467713
0.15627707882231565
0.14500918566414345
0.18983295986125906
0.19185649779559946
0.06426586544864193
0.15604741848164772
0.15944515623130517
0.1370015325231759
0.20157419267348017
0.05470142035283482
0.1314793740895974
0.0887282005002893
0.1758859839970709
0.20065133572982843
0.1806730948749234
0.1719108324324928
0.054177827285906734
0.24305578079319676
0.16656384543201147
0.208203807945457
0.08912787263820057
0.14250122709593893
0.05079141125339807
0.2868252423040708
0.21191086514522878
0.016266498928174625
0.04412190555725914
0.3302880850587488
0.1524643741628608
0.13353199585869244
0.10899271507914489
0.15882925699394784
0.06456229850050725
0.2323234323998891
0.1412821852707006
0.0793408391932034
0.2657363681271442
0.11629476167559746
0.14450357896005467
0.0573040434930056
0.18534868077606817
0.046748936871611114
0.2843557050358652
0.1745142499692235
0.061904958668147915
0.05293699103739182
0.1286355741283635
0.14706335485762906
0.22587309225155675
0.11326368176543697
0.11216548644331793
0.08417813898963718
0.25366706974413006
0.37010878690205945
0.1908114387358763
0.23700075135220916
0.14736350400092876
0.13443993711995747
0.08171523746253591
0.12317169479755705
0.18690809664079952
0.2762321087310653
0.1413675068135877
0.1930247374651785
0.21111239702835988
0.17789318881054803
0.2838230363426471
0.14220808766838167
0.24458961596770906
0.02353063534045741
0.30062334592488277
0.15994291269875763
0.14274974460752093
0.08328343064409978
0.23087482766094777
0.22414640747589684
0.24723333111081633
0.2057364606235504
0.21091480318131478
0.12496658909612618
0.15436538707936895
0.14609794267904005
0.14441465725904515
0.24454886976980833
0.04999374293257236
0.3114155833145037
0.19498418627442232
0.20377495389547173
0.12700218917314154
0.13465800437939665
0.11591276707918247
0.174808805171548
0.22005071225635933
0.10546805742568986
0.1752445470792912
0.17621721878051438
0.10084119773522347
0.24486204939383874
0.162996191597254
0.1778060492997675
0.1295008947898599
0.17042696902403165
0.29754922099383224
0.11774065811459583
0.18609766076561587
0.180030978756074
0.05565266423936915
0.2072376952173507
0.11027600504734243
0.04862428876332793
0.2798277879934381
0.19092983519701606
0.07678390211809993
0.027518400793896492
0.11949799200087388
0.15882925699394784
0.06590874858510944
0.08864010161141578
0.06103152844235181
0.14335884143532626
0.2697339214680107
0.10969403461262124
0.0830684147721097
0.07984847178717958
0.12901900780143616
0.1125159281633659
0.12383271404514072
0.27417421499212097
0.05634421296758413
0.12020944985135865
0.05515084946125239
0.04697814034031346
0.2601952934636063
0.07365924967861566
0.0714268997731995
0.11762616884429765
0.22263673495594027
0.22147184411327833
0.1608595174364897
0.04687941190018782
0.1857082086162133
0.2698359148284829
0.18362560296205924
0.2585164280402761
0.22253934630913066
0.15882925699394784
0.15882925699394784
0.14841290224233672
0.08693771971092425
0.1898736073612227
0.15485440865654074
0.1379671061616464
0.2625616319763635
0.05991509330023425
0.06838454385125821
0.06070347116615431
0.15882925699394784
0.04666449103293356
0.2703512943404796
0.14331505545001508
0.15840523230983244
0.15882925699394784
0.1592563559444355
0.09874934976721202
0.09861298442267005
0.028033463163919765
0.08968011777549226
0.16601196709019775
0.05358454557522917
0.27441421777155145
0.10941231416200788
0.032804196090606856
0.1606286159789673
0.2306674872015532
0.056872614810481385
0.067945573247301
0.09088686791765228
0.11385126294677855
0.16493914543627566
0.1406024446258686
0.048574913646508545
0.07888366259951395
0.17175956730262593
