0.03389117030274022
0.7055276006261816
0.05057205324965093
0.07573498590364017
0.04109322300883728
0.14046492820291573
0.06761212177913418
0.07442420279496093
0.1327002240155366
0.18419699983368804
0.05403797308795106
0.07433694674836361
0.02481903568401198
0.021218223748527693
0.09413100765393316
0.11785017861547914
0.07758310756277823
0.06256133594912852
0.13670318370696777
0.10621435045416636
0.1332978808153296
0.09192159423195895
0.014491698824161544
0.14412786006904624
0.04010615922899013
0.029252860852879436
0.03065881065432805
0.022730451665954263
0.03650275434909605
0.06745645193085882
0.0634665041714422
0.014857032285078387
0.09796464675169274
0.06541520755366974
0.0770607381476617
0.04626504112993831
0.07305287601042533
0.031385695255724565
0.0719500053311961
0.04041895969263808
0.151979173894238
0.30566890795102886
0.13168801233817376
0.1416906059938124
0.0965388739064763
0.10904245347294622
0.06941993461994579
0.39446066846345507
0.05154658561435706
0.1010026834056694
0.08146377019369969
0.10815773632201699
0.09589605387861636
0.12832951852225988
0.11959209696297922
0.0022108120944977407
0.053026689328324696
0.3875555216281625
0.12575260653504233
0.13637927683627973
0.005426853652568184
0.09340115201724586
0.15212319519012288
0.07290086826683145
0.11780365637974298
0.0302412169582302
0.020601986487429984
0.13684946765163006
0.006996610786947519
0.12469183318660633
0.09511108136876857
0.08422404008450889
0.16266544441423425
0.010983300722980205
0.07228381331101924
0.027321183132686222
0.01596054834587196
0.07648943414295672
0.030250787723206343
0.023633612579315382
0.06126951896830712
0.1699341235035518
0.05243797251076037
0.1023264216654791
0.17484070639724875
0.06692645735210127
0.06568392912293311
0.03127209462084235
0.03176134190473718
0.044923805662374396
0.019187399897269197
0.0349326169735843
0.03524415715157007
0.0663037494077643
0.07110932586643096
0.04550001991047862
0.02937585714513964
0.04880972813455143
0.14921624689823954
0.04832393887186616
0.07532027357296532
0.059647545764925015
0.010723200844053074
0.6649840124115366
0.03291473161741764
0.08752413562279338
0.03878851301842846
0.08036405746914299
0.08864806960409762
0.047442775297448586
0.08074349211300651
0.11847326910724644
0.4485290340372176
0.22950209833335683
0.26616567879734643
0.48148443113450473
0.07953670012985671
0.5844800112372862
0.6289442910995426
0.15174245026704866
0.18662272680897082
0.5121538192567431
0.11335568771167003
0.12670845548237666
0.8146662376157611
0.10639198836020042
0.11709649676206911
0.045136285974974204
0.08188809293580807
0.11022936601927442
0.09191789486729934
0.09783743709616771
0.09137603139659833
0.1539038729462909
0.04996876560952615
0.07087326840305415
0.10618817564914627
0.003555759794675303
0.00507464315094256
0.09618102232094933
0.09931754819437899
0.12555679142514975
0.11549040365482767
0.04147453692498447
0.05110259975235897
0.08665611106444325
0.143321543017222
0.08112271564935132
0.03356831855533886
0.11572160044620139
0.13052853985150112
0.19132395963813825
0.03758105355935532
0.08143606005597583
0.3395998617377024
0.06767456960062251
0.09648104282479265
0.08716392495683954
0.08847372080231941
0.05837701304475094
0.11716015077402794
0.11945063496982009
0.08058806350918042
0.02624279070407556
0.12548401862383826
0.04673747355259488
0.18310893189610525
0.053269337047422316
0.08685836868586837
0.1512868298901612
0.08069713162134655
0.04454818048156742
0.10345890377668765
0.15514658273260729
0.08984712629010765
0.05237346120765396
0.1129253503561663
0.04658417563030187
0.0470665796548571
0.09852666303445122
0.042757530982113254
0.07625482804706897
0.060628199163691276
0.03366430427063085
0.119479284046354
0.06995092935776116
0.5485823908259136
0.16041960142400372
0.22787822908329455
0.26560406863839653
0.059553733630777914
0.2825370064630668
0.4013197144523383
0.8812087340662496
0.5141128473293402
0.9447259877559097
0.38218300550986173
0.20350945068231788
0.358207334368152
0.7013228198858865
0.9171447408073474
0.36648922641114373
0.09751542400899488
0.05971403930507217
0.10205908375584019
0.14225214167294642
0.12232193762292319
0.10980093251495153
0.1268960239708181
0.7777421059995068
0.13113575710566516
0.03145024101522629
0.02594110064941741
0.09231011246444161
0.04737538474005642
0.1178162723321688
0.08592403276396177
0.1200314588364902
0.14794413176280186
0.11378664310416199
0.08888592412984539
0.0499798189685123
0.06994534933320887
0.6483773183138855
0.4678806125041666
0.9440332121924851
0.3087574910726913
0.12089342298518982
0.11719033699584205
0.14273379396920954
0.03846278392786155
0.32914041522299214
0.08192999710190414
0.03433793636660098
0.5640561587147478
0.03736783511797467
0.1275530989479914
0.018496554325417486
0.08556290358038701
0.007290234854241843
0.11798064672981884
0.05949007532409079
0.0872164781648645
0.019210635200911597
0.041292708686630035
0.09653869843422576
0.1330891507734575
0.07129647834645839
0.043658041801569986
0.10771586636970513
0.11051543667459722
0.07953030891513249
0.042415182217553374
0.031754416216343555
0.06202170557545871
0.10311730983245566
0.01352051715627378
0.04737055600557799
0.16894718502984402
0.10781803769020824
0.34356202748987447
0.09251277240822145
0.07183010854331999
0.06869993325135332
0.017219620455340125
0.5292182906209896
0.3435609069831732
0.24207765261954994
0.09979128001389347
0.1378463964820475
0.03362577413493067
0.047238073898321534
0.055243905966363874
0.1459384437263796
0.07303721702981043
0.1374189266464695
0.06916210772606872
0.16736609105915948
0.09995784400047913
0.061352678059616625
0.008907893802629815
0.09523114006778524
0.6366129406658377
0.19129204813782066
0.9079460586057675
0.08296752161192644
0.08573601479565876
0.005458541567145173
0.44530933965194375
0.1009673633657769
0.1181126826218574
0.9746899845148393
0.08918407803923789
0.11442940309768308
0.13995927104332806
0.15161597238215155
0.022356120249447272
0.07137800968365772
0.0768792686994927
0.14249013451352943
0.02012917934870792
0.06259247080466415
0.06522715895338126
0.06218873547444369
0.047820415433574355
0.16738059344851244
0.1375301169897967
0.03747103407746936
0.10597977169409023
0.1392914004682955
0.08403599410292871
0.058980460935146355
0.11096333079206275
0.0431726228543927
0.05992424094331418
0.029127236754614504
0.008701868939476345
0.0525149333711478
0.037823171701247035
0.025098717102182148
0.011525115878426065
0.2458246182865135
0.11364517371403697
0.032733419595285154
0.046214678752376497
0.09214676272430432
0.3963997950969219
0.060022454328830466
0.060439473057939314
0.08904094817107226
0.09821567835488805
0.1725429813647204
0.12665271703949268
0.019391943026055028
0.08682400771210103
0.004283916128944276
0.042333071339957354
0.030101913621069266
0.0038106651578990475
0.18137412795242938
0.2284871996340474
0.0877827144111527
0.07819623451263812
0.025097673979578263
0.027189995592837315
0.07931040982272819
0.14354991973155495
0.15861731441591206
0.05661862703646779
0.06447130366220098
0.01334147273730638
0.04738979013513865
0.630351807326894
0.15574827647556258
0.1869287716685464
0.5526608226722245
0.01976625509791469
0.13014249342137957
0.00363354491081699
0.10958181301864997
0.11636342483102413
0.1019984003093625
0.07092305441473236
0.21616629404547458
0.2029075711293549
0.062308037374834604
0.07964755112864479
0.37114725390414455
0.5
0.029212264052189855
0.061678584325058225
0.11866730178396041
0.11950419461980241
0.1127963566768673
0.013202409301406249
0.0961352153832011
0.03338167846388313
0.021505923496889047
0.05733000503017487
0.1174596356406238
0.13123716110452005
0.051096990188237074
0.1077603672410228
0.39038898269625566
0.17760086857689725
0.11511143530101897
0.09096672460281585
0.15072344419966116
0.1317411793586952
0.12721534443158752
0.16616046132295706
0.19231350826800164
0.07034507434939431
0.31389247562568345
0.11168524664564787
0.05999530367655371
0.17298863897104463
0.12068170430288477
0.043715908324924065
0.06770762990043032
0.08891566333513283
0.019035186796836384
0.01175245516468943
0.02359073027108993
0.04411087692115618
0.06852452179466943
0.08901423821686877
0.09153749506960986
0.033948967603645464
0.06737045253599251
0.03515639747081714
0.1410679715389131
0.10307467270963967
0.02186743604869043
0.3226731882522253
0.6461827812408691
0.03713639677030058
0.056835055165968484
0.09188119217536898
0.13721247541408865
0.09432006512655836
0.41313139466357984
0.14639732106171924
0.03654975713911943
0.0436406050559214
0.09690267815435794
0.07378239551940431
0.08590724131475502
0.008827547084820787
0.09742307657064891
0.0979903438321029
0.08468782307029742
0.1354365905618545
0.06411771522447579
0.05744474085089929
0.18683721047531718
0.046599873569465634
0.07897836377278876
0.13389201273615872
0.046699182904889794
0.07055931525740378
0.09318989774565895
0.0397745038787349
0.15960888595036632
0.01957644846544312
0.07217655024410394
0.028073869400537948
0.4608403703139302
0.061069806567510224
0.03978368600775595
0.018477424608973895
0.9738288944837027
0.22409766509296286
0.026128366701571298
0.03408109285331531
0.554482503560142
0.3200807261960639
0.16593033101176777
0.04715066175591367
0.11592570281344099
0.01965740992649018
0.016030424201926158
0.07642527361136069
0.09255823774874097
0.15449851258267217
0.06141549866203139
0.06441805536761333
0.44567161545008355
0.06998285084491515
0.2011348821180181
0.12280617862584885
0.27931633802544936
0.04321133745956251
0.2541929033971893
0.15769215173838488
0.9005222856970253
0.5383848683254072
0.1519227161472305
0.04505932856271028
0.26973484541547116
0.08327771818025845
0.11823165254299282
0.09948349789583034
0.11782007773816927
0.14562366574902547
0.014457722521754717
0.12444351607350926
0.1250922485294101
0.0608778226196651
0.11557784779240977
0.8215503517619199
0.08714032138877505
0.1338950857829888
0.1319348625140109
0.5131619988573434
0.43728815755286
0.16504052680141032
0.03818567808938768
0.11362138487873705
0.12362713667942014
0.03384551825027387
0.09763217843758075
0.1842694101325166
0.009502108033560825
0.03131125330186624
0.5067449735323653
0.26946809936559346
0.15486014342420698
0.022436668975553072
0.04431480406238836
0.11907380587210513
0.19166788998146114
0.1690066395662579
0.5474917859565603
0.11272688709999447
0.06946721341500156
0.12427492378300248
0.24167315116444618
0.12815504398291208
0.2134850089598356
0.08492753458250019
0.06555260435186304
0.02760729288300291
0.024469181094904584
0.2111713893955404
0.06416715701682774
0.028429129708519414
0.03346250766396881
0.10267307081165099
0.12526538458079423
0.2116438432239335
0.10623358506301622
0.013380560232505907
0.05576599096496849
0.09519791619117289
0.052211840053342215
0.033521703154279436
0.01924839105341699
0.2987948976468218
0.06890960798460992
0.04929908973094523
0.12894359378318085
0.07855614960162303
0.06203128300682095
0.1184031118652009
0.18940209189341373
0.14194529811518095
0.08170933829277417
0.12506613555548965
0.08500452964971804
0.04737099853953829
0.0006957950032409203
0.06539864769501005
0.24032611445435234
0.30809915210224115
0.5646154560604789
0.2436550977933484
0.15789481244382533
0.051099824821087214
0.037024345406619696
0.09094646074199172
0.06024742896262507
0.2423158694053884
0.45176425064679626
0.049316095587616855
0.17123457432120132
0.019409482786928098
0.049491866183630266
0.009511110355736332
0.05974352388018127
0.026069875408721705
0.04459541571111812
0.044254939213674425
0.0653609164797493
0.3978752091524683
0.05627170724068688
0.26452856852186696
0.35350458737248375
0.03164348667808066
0.03332924281782095
0.14956756391806736
0.10163747130497933
0.07028782617068684
0.09561917906391859
0.18396382034740508
0.052607417664466895
0.06445165890132949
0.09553042676433277
0.08702298407498692
0.1839719184990678
0.18474755864517828
0.04610497673348264
0.05994005539736727
0.06158443786942135
0.11563845437954895
0.03540240828151225
0.10090188512043906
0.301432029046213
0.07600545888058807
0.020530100334201766
0.13503244618034033
0.517847395616603
0.055066232136743734
0.5261407047960487
0.20768488835487153
0.020678361095469288
0.07825308785489594
0.10960118138731133
0.03960926956081062
0.2554193167372515
0.11201268047924799
0.07290388043664194
0.060459066029314036
0.05960545845929136
0.6075877510340332
0.03500432392633046
0.16119226197522882
0.6543568413534021
0.18942984791351666
0.11083956900957491
0.08260480556093575
0.0528553825467033
0.37008706448817236
0.19522103647750338
0.03923186447452079
0.13160725511786545
0.03888061606429242
0.791961130150391
0.05279962653422471
0.03750452660081937
0.17317703726882105
0.09558582620462343
0.36908679943320805
0.051214113013483005
0.4908039432644921
0.14705633328814294
0.20164507436397036
0.16900021245634117
0.11690791207702388
0.12762664316026084
0.01982360456753752
0.09226743272927945
0.06909626358285817
0.05873244672956894
0.17218496922066892
0.026814686307047638
0.014447381192104236
0.1391300249549105
0.03135918842936337
0.06471360742945866
0.05970690306862087
0.024239175588449794
0.08547725551643472
0.06635469905046923
0.11547874442369235
0.059414473061009505
0.10120758067508978
0.16898927302771927
0.0417310949745921
0.09911096261859455
0.03773080093815489
0.28876266903230907
0.6255800312420049
0.31220369155105737
0.18903453782029955
0.002501160682082855
0.08082033782174568
0.1512214330345019
0.2580454024157648
0.09948646987148091
0.002622233170002126
0.060212239019710144
0.022394101488303012
0.07065318935305423
0.02164922514067482
0.7378403717229102
0.32794199476309704
0.2145055655954014
0.6239364437733582
0.3060706736667131
0.1152264532723495
0.10735354444153745
0.12263795069403399
0.03354192154105674
0.021457295949337908
0.014087956757630013
0.2001794682524076
0.22512701187697304
0.09618243031793508
0.19534390085650172
0.07185074687487013
0.059008788318471055
0.07944334420523137
0.06158106965488548
0.04280208478765394
0.027229766598925297
0.19924658094141692
0.007625027207723006
0.08685148715890235
0.39948192202956967
0.07078650888112309
0.17860837135574473
0.03946341791051797
0.0032885733166327495
0.01732084411695889
0.01885870372951868
0.009797313970380278
0.08283349609463789
0.07947728944440209
0.04523523535293411
0.06152863541981244
0.10174989077931924
0.05281016469912093
0.04912966220646026
0.02384428792497451
0.01968803929539766
0.06985334666923003
0.27409513283749276
0.41420714494863015
0.03772079957242418
0.47002506062740423
0.03810937687061711
0.034775580188558974
0.027230637791556066
0.06174920296703336
0.01852668172736384
0.039370612440523464
0.08816190775350276
0.055866168700067075
0.11472173925661551
0.09382318173202227
0.03160086034349681
0.015382695483522384
0.03494485907760536
0.07949483059914642
0.04393342481566808
0.05666124346109931
0.07232915590058638
0.17623231296699574
0.10512780535587124
0.08216388217398331
0.20498709112483635
0.000811110375198969
0.03266020579208417
0.025397924388228237
0.04569513170571426
0.2090602764003854
0.11666694745928398
0.23948703567936666
0.09547048796666421
0.05423619440811033
0.022462071919183247
0.09017584248821217
0.040778246047453996
0.023955502556755787
0.04961627000569566
0.03173260469118054
0.027907825448549268
0.046509867554303676
0.07066443621205805
0.21829940717970753
0.8260519401680583
0.5247357775339252
0.4707914630738131
0.3632560930140792
0.22018543946718103
0.048510691863588126
0.129629114095501
0.04196278608406052
0.11514324033566684
0.055036903679668736
0.38728251104947425
0.068872969529975
0.20715639164584826
0.2871999496346361
0.017232256631202137
0.23058054406201942
0.07502862625808351
0.09443869429051174
0.08848668540701221
0.08645820999137135
0.02139421151873732
0.017445805337506573
0.05604930230789413
0.33045263961836746
0.01960538615136852
0.05243317739986769
0.16846838845991619
0.10445398137723501
0.12715769054855977
0.05081132330541189
0.06705435474201041
0.02375710758773826
0.04958817714283482
0.0639746856673646
0.959110410809648
0.27154129665187987
0.08084798750970205
0.3527268833022136
0.017053473941994295
0.21922063258818247
0.07151557164028274
0.28285796384374756
0.07510787052821215
0.10847620685249282
0.06796013600939539
0.05357791263254366
0.0033855756348558884
0.03334229444599683
0.18200124138124427
0.10307729638424289
0.09428903911070166
0.07866912305999747
0.014201961271527841
0.025117664746891283
0.09008452176778253
0.21530190254071327
0.11729476411884594
0.0029754177094208968
0.09025944671532699
0.011592182997249078
0.031756033847474816
0.026585953744091683
0.12815511162332965
0.05122625706027761
0.09797212691272036
0.04525976529826554
0.10673038451448146
0.05925568004585424
0.07076856173625018
0.08372074034790393
0.017717573997718068
0.12663214786349283
0.20045444418588867
0.09131052474692937
0.24548339396330346
0.0773838146766986
0.020876383617614607
0.2178284933831186
0.04176490039468087
0.030000681980866424
0.039034111970347195
0.17708085275239022
0.06825367949283369
0.06973340175275954
0.03853375914027296
0.03453128305840425
0.11027420456825661
0.08181340822249003
0.09910381035122255
0.01824818110324016
0.13012250101203707
0.0037745665346938266
0.37555298219023514
0.06423606792554112
0.04717332723014367
0.05279772594446171
0.028624014423350844
0.061199286134861065
0.08108077582780665
0.012245880551805645
0.026470346134505374
0.859400428676678
0.16423550837819104
0.05792332800272042
0.16337509600212502
0.05457300994538637
0.19531641299637728
0.005501432147309957
0.03907754109365876
0.002817677833660192
0.029885721574933723
0.10939886954987076
0.1423638140893317
0.1963455186916518
0.008370002200479025
0.08694444912556527
0.09670697670357438
0.05266169306154386
0.09970414300620757
0.0587193264315386
0.06282972670705934
0.07681533377947186
0.07573530875779334
0.09249415638016509
0.5
0.07482782771277219
0.05988429060482591
0.11680348346389582
0.12929024408013193
0.11642495019600216
0.17401829583829412
0.09529642008981351
0.1278102925843812
0.0318213352769959
0.0231139416311574
0.061254130554160346
0.02021647513968413
0.09302443958733213
0.06203268629085815
0.20478015092891474
0.20042156058994592
0.12236729965403371
0.25720943662794804
0.23327269047014873
0.040710174568068705
0.21567805970610734
0.6943474330734363
0.13639863580544423
0.03706238123382177
0.1718314695562209
0.22116426486309598
0.05961380583152582
0.036411532434356866
0.21356162818795704
0.13448695245530676
0.08816976328704655
0.035860261900034544
0.09130815507640161
0.035022955261586323
0.05991410036613686
0.13072054745336145
0.0675753117454937
0.5650348180804505
0.0496813779624042
0.31035614064880823
0.019863578629172245
0.04588312023675727
0.9372822890980954
0.0713515765635548
0.06473892156544349
0.039393583409707174
0.04564888356088093
0.015332743820014164
0.07873272153057798
0.005874876696017425
0.062215080166251366
0.057114272079391286
0.0774184947008782
0.029757556638699063
0.12570098178895953
0.11915914482896214
0.13945021898362725
0.25822264541621226
0.42385890799613685
0.26231315880001244
0.23959885284185364
0.2833054313449694
0.014112410411808746
0.19668615462082217
0.040416872341185496
0.05970676518954985
0.017757665984767107
0.3821143373527347
0.33773804579408334
0.5479279768097192
0.2656314024961631
0.08274649705192465
0.0290426947844661
0.4571636742115671
0.17501261949554017
0.0614223633423292
0.4659813789142639
0.42005312219195867
0.759573878194945
0.08200850314854209
0.3330121222185027
0.6610297445907336
0.14189575337340737
0.2777537935757862
0.20853406809791525
0.2025525127511311
0.039711603926365614
0.039286165278681076
0.43486466841730526
0.06124696935780728
0.9498936923301194
0.758582895277058
0.013357172591410279
0.044641358442434734
0.06145067057214703
0.03757517062346782
0.0879158482715696
0.09907965136770029
0.06980501557699278
0.1091013517877061
0.031065280913716964
0.006841577475368344
0.3396708137330062
0.1369800992636524
0.6810480012264274
0.07297833737693196
0.06446799553500214
0.05946932397898277
0.3277971526744239
0.04584403674925918
0.7271515103256558
0.9999986422814415
0.2517255980237503
0.922058973352095
0.8259519014767527
0.27907398958847984
0.33741679546235775
0.31885681256401477
0.7653236283911236
0.6678963121315249
0.8415087633045839
0.05791407907089818
0.055312591015757896
0.11055100355812855
0.42550427404290736
0.1507916975426984
0.999999423137198
0.026887573082570206
0.5284679129064704
0.027422965831929772
0.897587806684154
0.1848535144950814
0.051793442042647464
0.09427941545831577
0.37967268378912306
0.11356511017489597
0.03769680884918992
0.05000075078594365
0.06247737411119848
0.06851234540714933
0.10679830141540965
0.10612937146342134
0.13950300097497031
0.15684797884459684
0.0768244475013389
0.04051496107675637
0.0383073448749845
0.04285319356282773
0.6109608429268828
0.6778346015926938
0.13718686687023884
0.24746490441619576
0.038324100233566485
0.037964928136912324
0.10611371658575608
0.07525337045423813
0.10132717680320853
0.28348069483855143
0.06547899559879769
0.04341275993494549
0.002874957496818128
0.21175627717382467
0.026831634715706692
0.106241259251711
0.0669015614793374
0.05505972206111423
0.06762331665246389
0.0773968091640248
0.9634746981010756
0.9783215270671979
0.3298204056402161
0.11855257794419063
0.0057204467309904
0.16360473489630897
0.07815262133547286
0.09197185970984288
0.07045943272972113
0.16572084307841964
0.09761476782868306
0.07795412120995546
0.12528902182487772
0.13388978927202677
0.10073608965655323
0.3015548318305686
0.057962676492739264
0.22019767776975
0.0641330157162065
0.10527125046358597
0.10747214271582178
0.18599252703808794
0.13041187093604986
0.16711555883053733
0.13329437002192607
0.0031605007665574418
0.03597556654203569
0.1933214950258184
0.13590609197873355
0.1631294543462257
0.17383347287288026
0.052948049184374575
0.1985589735001095
0.0497578384671452
0.04133318825048208
0.03401203426842694
0.16838182292573609
0.05887045091046732
0.03423126413086511
0.11344447289614717
0.02645968816748281
0.10628534217662021
0.10200213025045521
0.13634315281678827
0.12886559315044588
0.06382616816054577
0.20076607800297766
0.08017012881905508
0.20384471997600712
0.15286328365543492
0.14447535031460113
0.11350871403823197
0.05378248604073855
0.11888459514349047
0.08995165787581719
0.08328090870125275
0.2294608723850288
0.08350342114888333
0.0608555222972059
0.05694649301954774
0.019954531047810233
0.1164120892956909
0.0803355674301595
0.038882746473982384
0.22082790515225637
0.12818047869747864
0.1755867220015491
0.0705561579199798
0.08151895908076426
0.15358110509876816
0.09474153993088089
0.01196903661773925
0.15540871663857891
0.05422678598590758
0.014234577395094023
0.5390544367880664
0.3542032676258756
0.09514396364620648
0.020314072375768648
0.1376252190454031
0.013426251902895026
0.14611206574021987
0.04939031200362205
0.029872735640547217
0.3285720451975126
0.032071730572054716
0.002066907818432554
0.008011210919015145
0.20758116377915636
0.10413163509182534
0.14352229196423552
0.049894778085474656
0.10488221231403964
0.0970745874122049
0.9999999433803731
0.13268822833732674
0.5
0.13522383967719148
0.0384483577450108
0.06055699221233821
0.025794084232037193
0.08661635893320901
0.17919591118114997
0.12800492543377456
0.08563234785794606
0.2836991027773193
0.0025827354500521224
0.03495927090585859
0.14904436828456835
0.07079062802170463
0.12986822388226962
0.10924800820985332
0.06118349022369003
0.018741747604682585
0.02222842805644404
0.11912851359956562
0.031371797290969713
0.8089137764263499
0.4340330485100354
0.32332667756168404
0.2490827881548667
0.3854714143273533
0.23162311312961362
0.2250788385575313
0.09195184759210587
0.05759882247051598
0.1163073670676764
0.170922617489096
0.05935828052016728
0.05647532260752137
0.2820238451648593
0.011424960078470305
0.08062986552141198
0.03406215891030908
0.0716211193793606
0.18395779583577387
0.057186126968329094
0.2538890153221097
0.10470306603331224
0.10050137325431793
0.07837756455457347
0.09489907953563212
0.006423766035922319
0.033032169539136916
0.28321346019914057
0.10604794346158568
0.2716809463601817
0.8612812461051298
0.11748816270431077
0.04493436872203074
0.0705815070651364
0.02297675116605014
0.060946767315743194
0.06095131709559133
0.31853125696761825
0.4016124909672561
0.9014973230800314
0.5594985272550574
0.014892642004007979
0.007606642585684985
0.2177079813398646
0.16873867565630732
0.0158756065508534
0.374963199480299
0.059723898375636235
0.068150069946459
0.267961205366626
0.039005723851952924
0.07792984422190403
0.06185733795879329
0.06509457747858698
0.01693539720325115
0.06911825662655087
0.02065154574196612
0.003581273442455596
0.022451637467891108
0.02898190504698286
0.10443366909689926
0.08910577092528227
0.040406337125875776
0.6070824254581694
0.14815182224786533
0.0380518686549403
0.07860203666920285
0.03400895859305712
0.050966745596222746
0.1015883533533382
0.05827944507692249
0.09078008938454939
0.28861145099634167
0.06445575317227793
0.10113240672159836
0.014266211269344872
0.06468478240369416
0.005090571864480274
0.18098976364505856
0.030152798338351616
0.07993499632092754
0.09482614282073061
0.2101133181217072
0.07075798405616267
0.051696068535062346
0.07380226494880295
0.2295740630870436
0.5189631916175028
0.2197771999825088
0.02640025859879818
0.07228970818505638
0.08596359249294344
0.06636761727060497
0.07627332892333898
0.06954519440661792
0.07189493191353562
0.14304542487820582
0.12079005610697895
0.10241333008320719
0.08123174771578855
0.04160752562645479
0.09041731199789844
0.18074959133200758
0.17008255400383182
0.023413694050319237
0.05144569832308173
0.10474061973312683
0.15180685244156636
0.044314453365454406
0.11179497900100534
0.09655523443882193
0.038778662174160025
0.06758130978169259
0.04217680228437664
0.11216618965763009
0.11517074876097295
0.38593912030681826
0.09836336505963446
0.07365023474281251
0.27984808125401256
0.06365957082106237
0.1728274154307003
0.038776767835262606
0.1664707770625448
0.0946333451745875
0.05974634986157553
0.11719201354450592
0.05361645250409949
0.03381733347980769
0.08447010537664788
0.1451923249902941
0.03146013215422112
0.05673471340065283
0.22521459270312086
0.46326598786356293
0.0886199855764339
0.13436080704453027
0.11455353003009487
0.1392739136109896
0.03573037003541768
0.11169037420578418
0.6116673812574885
0.0863625542120052
0.059459434418066434
0.00881707043637146
0.13473070749785435
0.1797895749714946
0.07326438791652734
0.3058660170499573
0.14368894801197396
0.21471249056023722
0.061381125309557
0.0734493195777339
0.053441869672894556
0.16148514688431964
0.08241069599267596
0.06104986704232842
0.06855896822146482
0.013505223039263338
0.18186911647645576
0.06361899464987258
0.06174688592116118
0.018870147758320206
0.13286915907841493
0.05948274842851441
0.05485089956988663
0.03122405799173905
0.05688470616021262
0.020943349423624975
0.035225938051092975
0.18646098996640242
0.04157831158851953
0.06315158701226806
0.051571078358247216
0.19336580116265897
0.05649943449246462
0.2147899291837227
0.0461055660566689
0.09578034796795207
0.0237020389073978
0.03206126329161611
0.023952737620558343
0.023717013232779884
0.0577030629571798
0.1568926623118029
0.020118230722528028
0.07367125914404947
0.09169671599763103
0.0665862664947187
0.05637416369826767
0.05887004425094307
0.03502526756233232
0.11463124544046036
0.038608623159913875
0.13358995760127548
0.13594983593582818
0.06234237076214221
0.4333145346886943
0.3095573352038074
0.06663104492070195
0.11723743344702599
0.03291511179083245
0.049309108245678135
0.0740296608740802
0.045684870105877136
0.036771887050649675
0.12463264111138318
0.003988412743084614
0.11201479185534911
0.011448593841622745
0.03190897983819449
0.011071375613595048
0.006694512110057566
0.05750170354379222
0.027666873703426676
0.07276303821376603
0.05206041470693787
0.05348445322341785
0.10808610114899295
0.022637817705183808
0.09570068745371295
0.13679174839443883
0.13116307679054034
0.10799599334008797
0.08966583077433009
0.13888389466593748
0.08257206386621477
0.16043039824006936
0.15677882404566337
0.06604740341476327
0.004208828759675491
0.05522198407613707
0.47494701676508616
0.15077684931905
0.03934794617940109
0.080753642937389
0.06849939228637512
0.05822591551706179
0.025809623467805926
0.042926376532607745
0.6309585225425964
0.07467605222173265
0.01980671572152781
0.015654375885908654
0.10401784063654118
0.12830348807913322
0.11738972287468614
0.014701618116326325
0.06583115837587958
0.13416579875837134
0.11298177948462639
0.010589042540527576
0.10303479953210574
0.17020083836896668
0.494497910595306
0.09453409740885008
0.1001543568755784
0.4273801066614483
0.06189741498634397
0.11855931132520225
0.08244732796642028
0.999990951083226
0.0663161449069049
0.04265578823262365
0.1596049613365481
0.10924123210023394
0.08113121792139769
0.1333553346621766
0.1451903459175779
0.11692548245244491
0.16715058507213756
0.04831070468589191
0.10896113321471507
0.06663421184654755
0.03462259446039337
0.4431750785814047
0.04342332269375495
0.052054809927177904
0.21681606752172922
0.030315256758682674
0.20339113458130353
0.05916779027577248
0.08450399401322795
0.0969696795961016
0.1409338483074671
0.03567830061298631
0.13053139464350155
0.06040331314834008
0.032929466787239625
0.008881774515174905
0.02438232673031389
0.0261399253330525
0.03183379911320284
0.0801290224948691
0.5720862196343787
0.6020643039188834
0.0842362221281231
0.1263602865477672
0.18263871147374208
0.333500125735668
0.566302772514002
0.5915923606723278
0.16929186293917015
0.07947640562542911
0.6939930506030266
0.9447480671836059
0.01825969961199684
0.024060558483636536
0.014709966268178864
0.08346083669413068
0.07370534178113017
0.08438437971184341
0.2493588645716789
0.4934936706403821
0.12649563057372798
0.29189009219935114
0.37581650473961675
0.6646825071119612
0.2189240607547546
0.021595788760077
0.013561616598071993
0.05584047921493547
0.007235221683349685
0.2609016121601683
0.16824287061551524
0.12798985246932926
0.8092608353964004
0.5737744185925511
0.8546338387400222
0.13864086437575293
0.033168250956962075
0.013415515521108453
0.023540090937263995
0.07692646583212229
0.47064548017591734
0.07661837430567123
0.06128379693860599
0.017264835895565534
0.08963731749205729
0.14472700237015215
0.14222967351156315
0.14491724953644927
0.0940328933926766
0.03201885067085802
0.03638761517556334
0.08825217232270348
0.004627477937610798
0.047680619804952806
0.1584071425532399
0.23271117831008192
0.263043779684833
0.22542012770585024
0.026515370656727013
0.24823453255962222
0.08088956871527349
0.5075960220156127
0.1115040166009061
0.14429635351369624
0.05957412122524066
0.14272271743530923
0.11166847941503645
0.45077302525095075
0.2495923908926896
0.02708387692115121
0.27714406622512905
0.07537393145887136
0.039116287551972974
0.06063042736825251
0.08412821003417806
0.07947164884298596
0.10437039112424192
0.03285813430425006
0.043170578776448025
0.026578610349012113
0.031712816088256254
0.00076734708878695
0.4249749325364484
0.1736226149726939
0.13652730408549987
0.8308966640517566
0.2774691335543436
0.18046959519174938
0.06752023026438561
0.13507675010952427
0.6420518959091968
0.02531175404802016
0.05263181987887121
0.019627862564677002
0.778416933250263
0.7842840396625734
0.08668818593420068
0.2537245460034649
0.10501319059686814
0.09393445963985475
0.056355188546938266
0.9163495032379683
0.9907180163763165
0.9321274113617779
0.9259443188158002
0.09719783382105711
0.6481891082133145
0.058692015766801414
0.06161135151027308
0.12043946849954404
0.09416291958243053
0.09815521882225643
0.2248072137469172
0.1481206926554269
0.7787673355601299
0.2214420444052196
0.3212157914443414
0.9915698399616655
0.9280858368624956
0.9999995706118531
0.7324763004354365
0.06129185126320697
0.13266858359546962
0.06374164259016726
0.9688110616684009
0.9999999820507143
0.21904469012501207
0.9927435133428256
0.07477766446722543
0.0109070316820032
0.09531539892408576
0.12080404702085304
0.08417819615849528
0.0748443729042482
0.10018808076578957
0.12524937133539416
0.06134608651912391
0.10214501204710018
0.16793520683033447
0.04860633499231939
0.7001549380751326
0.5365426711058338
0.29893054861901175
0.0741125307242275
0.09153676311753005
0.10434006128575829
0.254839790665975
0.07078157157288097
0.7451971392150564
0.6231387442758772
0.12023135147822005
0.658354097787669
0.5418320744436955
0.338076672579572
0.764428377625471
0.4044986399996111
0.18865859010556085
0.2043232856252871
0.05050065316855517
0.846970427795271
0.6096458677440632
0.08448378091439891
0.096614602591482
0.11038698479438443
0.12347474605198216
0.07337429499647177
0.06956760069800286
0.22790679028294314
0.3867009795190545
0.05685080061158516
0.027916436952735747
0.3369184804989019
0.381781139568149
0.05806528865593853
0.11369916898964212
0.027695562741176107
0.05988359212081726
0.15398124920493284
0.11513644258179749
0.03777046761658664
0.05002226585090385
0.11042264259009461
0.04247750693522728
0.1595274381674286
0.22268211048256747
0.3702617073734128
0.07141702925556567
0.12025999421967894
0.058445633289501746
0.12930986109110099
0.09227225244335914
0.08247936679450303
0.10898442758066768
0.3448744542981046
0.05907932460267479
0.03391551465896442
0.050344089545491806
0.048119251550854926
0.05141777893122539
0.47605115821886484
0.9964235025365233
0.03492423951721664
0.9871652141479187
0.0798864083484083
0.023131147109314555
0.028032771896810055
0.10622171390294781
0.04982120662180021
0.09996468200610772
0.022440148313812393
0.0318950589531302
0.07316658839628454
0.07787728733765846
0.09521916923896104
0.018464040067936293
0.026199510367488535
0.08824145443852004
0.6916874258720986
0.23504265165000396
0.06987516655813975
0.5910395353230388
0.05659638215398006
0.09715942359799622
0.13931318529434975
0.060294657348005064
0.05596262660168718
0.06080082517498043
0.08170097050886332
0.1703568469254448
0.03295756588520471
0.062391888550012216
0.03459956586980665
0.08393777962348714
0.013814053894140236
0.00652116566738575
0.17184488440877427
0.0681632707581579
0.021004786826058684
0.06041955901706979
0.0037641446437095445
0.0381971801771963
0.0931457261247352
0.03760904444659326
0.022532899801968955
0.06670675356972372
0.037878639171816886
0.03505732411554646
0.07098179729618327
0.041851818419691905
0.08908230316220513
0.10109036451902442
0.06856869785354425
0.012125652606205878
0.0005621636620480704
0.032177416532160684
0.02234985925027449
0.037197245980978205
0.08807885188805827
0.18555473525430172
0.06310923856155232
0.13802010307542473
0.020083732519752737
0.05617612069394554
0.9999974242251533
0.8324441567027734
0.16574358446397103
0.1651859802768516
0.10930667247972477
0.03614972858096757
0.08333173892460961
0.033522767243063044
0.05913226059945761
0.045093056707475675
0.05953272899383162
0.11016760277281927
0.023962263007463888
0.050927326893254785
0.1329564183877789
0.3349239529826039
0.14369061567453809
0.03513163811127664
0.08757355432826876
0.09408153149169698
0.034601166452999946
0.09849277855928011
0.10082605829557927
0.6795793329316043
0.29827684439155827
0.06691577545785231
0.23240988394663128
0.08234210033705576
0.4887848021041657
0.18050931990865052
0.012421086424587871
0.1811930830238823
0.051755884898040026
0.3426942151739882
0.32975061016410295
0.06923685564592638
0.10282006602573301
0.13273249100850484
0.7946875707522872
0.1618592214111309
0.03469873032490765
0.08577698972336492
0.05013565545562511
0.365839136390338
0.09776309131695785
0.05080791913137991
0.09487462675783344
0.09844857249728255
0.06768795969140178
0.10112058333148177
0.11346424595065512
0.002288602689523674
0.008872788536717836
0.10955057600345793
0.04919187702725594
0.09600207983308177
0.022342937029999312
0.050864347000436155
0.061637370940029336
0.0675676035832847
0.07197889236591398
0.11886913647672503
0.01842283724867042
0.10291322531310289
0.0718378293546977
0.3414600834747957
0.17690527546353446
0.07723348441170422
0.03415344771567506
0.20178595334490546
0.17152170513092815
0.8219299839272265
0.14521590599065232
0.0668476926943448
0.17533281374486642
0.07797963022418343
0.0694064312133318
0.10108869928216821
0.16249344363630558
0.2634801447507703
0.13150678172373845
0.12071519217596266
0.06738823906719354
0.043093681966575245
0.07117522317887368
0.030588760386153605
0.169694277956202
0.14547839865805848
0.027943232747852893
0.02055623330910285
0.03814077024105884
0.1045268169021063
0.13091115663822966
0.07458848091877752
0.2377860262586562
0.15842161517504305
0.07859992277860282
0.03057071826071098
0.0018894641454026242
0.05895878426116155
0.09935783250986398
0.03574249213642413
0.005329456529757717
0.11725636108554631
0.08822612484550359
0.11579252150930062
0.2750129827052606
0.34828960250011876
0.0609994818340452
0.43127981607604216
0.03860382072005069
0.5961730584812671
0.08357066971551234
0.17082762744750252
0.12236298401096769
0.17992862859259784
0.12038220980888152
0.01410783852971387
0.2784136780807329
0.07629559408333858
0.1805427608352705
0.10549709178910201
0.13545716457456458
0.26912065952397807
0.12784293246813813
0.17244605074917965
0.09406543758679985
0.09124475441988206
0.1467713168695669
0.1356563750113759
0.24022892384978511
0.11123129575765166
0.02956776023599376
0.15114551906143728
0.052804454004149626
0.22403537966743775
0.2042326099697242
0.07503587189615474
0.14066328026288763
0.19950277922673712
0.02066810347213282
0.03604588713695873
0.14762476362566648
0.09410887033300344
0.13501272699907355
0.08784007959766395
0.4779587503155607
0.09052283370339484
0.0798968662661071
0.18460573495921545
0.24476790055119296
0.3489021148850449
0.04298367961627189
0.16993915862430603
0.012414053753269427
0.18705572676200763
0.26611991006582564
0.13839741909277112
0.089304115267195
0.06689617343945754
0.050989825484747155
0.10048682036102889
0.0640444176343397
0.08527706733967487
0.028500025258956254
0.10667717482014062
0.08650933606576697
0.046424569893704075
0.04567875216180013
0.4538707087583855
0.07510917309734726
0.3803641213280846
0.08259973946201374
0.06327871115549633
0.0297039298558606
0.13375046619378064
0.042103946883119296
0.17742457448695578
0.07601423448967481
0.1972823010059942
0.1970379893279874
0.017688783853595166
0.1168574537215823
0.07036180986138912
0.2022830779044768
0.3172012850031903
0.10142100046475921
0.09421358123688134
0.13434961171448745
0.08558794454459336
0.022845747506621227
0.05265086065607935
0.11782977803147393
0.12332193386311979
0.1575284056479923
0.0558239546525301
0.1947739074475133
0.01155425941039617
0.013221688629717343
0.07431906025992445
0.04163504346104643
0.4813246547176445
0.1075690817088307
0.974537566049898
0.10331835149575927
0.14346822118778796
0.07528551662227377
0.011316408683497743
0.06598430557998945
0.3139249137800598
0.10618755570012038
0.08712520182381336
0.03175397943089078
0.14952066632321642
0.19556054201314976
0.14398271157908787
0.09768318946557085
0.0689893456772377
0.024907764615310073
0.08497623955729512
0.08800190773243735
0.06178986523202128
0.151495912131491
0.13137165309021478
0.09815262585129521
0.0005006269567991951
0.1192159936092802
0.16240863655275242
0.02548320350410759
0.007737282526399989
0.15521789232191743
0.09324027310581988
0.06700395576871877
0.050173224254436447
0.0779246677950906
0.061625143583102976
0.052365128708463854
0.032709749454159914
0.08117967542884093
0.08943134018227475
0.09547367520731952
0.06604626818229793
0.10189526627052906
0.17527312359100292
0.9999999573949622
0.9999999996200348
0.9874213748219253
0.16418639304469432
0.5998273854403305
0.999995002448528
0.9999945161886532
0.05339639345287287
0.046018650452856184
0.023177176179876205
0.1325550060557699
0.08387221314558875
0.10112284988385926
0.09700885369053866
0.04394400857032143
0.02895770645984049
0.04692995286612034
0.11966719176658769
0.008745455442884667
0.04390665009059889
0.1201790199569454
0.04246605949024197
0.11073008359892035
0.019320857036402884
0.07591620631222401
0.0873701889764974
0.13040313498642314
0.10181135290287825
0.05643978806970181
0.0016167420681813512
0.049824967296192846
0.31014804276632446
0.08217889655629837
0.35983128665094916
0.05086414257082739
0.04002109515492047
0.7427378611161743
0.08813985571524516
0.09117623193313251
0.12852476289627743
0.19300740998207036
0.12045604802939333
0.08148366381027067
0.12458724545742346
0.062447560968372486
0.018230670325113076
0.02329936180967464
0.08276383243089828
0.05555803748613091
0.10763506463793485
0.2490120676533004
0.29005834890950993
0.07668101001827779
0.07849420118295419
0.22678405102264404
0.2977251378337553
0.051509608110264435
0.08181298896414331
0.13864522299299795
0.07021166374365115
0.07416242256397719
0.11039389111586635
0.2121528951294378
0.11377744334534269
0.3110848724111853
0.11831561742137377
0.06361976396655088
0.08088586861677459
0.003944919752920057
0.051539279136559396
0.053466416440417254
0.05087360771622774
0.059876675584849465
0.14755799177054363
0.21449544501114745
0.364562243752884
0.22040119511868883
0.06497832698381831
0.0725891101092815
0.21573298114014228
0.06584190767570036
0.31957144564747375
0.2576430235727027
0.1144648228386819
0.99713172350604
0.11518438836293007
0.15897522562413385
0.14726058210135168
0.6974549793246092
0.020607762478928288
0.23810866358847446
0.04133888879031254
0.02721152280431433
0.18545213803610283
0.02297843818751353
0.2598140844171294
0.02878638301464302
0.08970816556267759
0.08691223454765706
0.10906049072207165
0.6477620396407232
0.20452956813098475
0.04276156927387421
0.10356015104688655
0.0486527837175513
0.1227407665017649
0.03065197692812757
0.037772530980537455
0.12205107729442984
0.08589223148950365
0.02823740463673664
0.008801624018134368
0.07966260727366406
0.11533336785917982
0.19928122692497938
0.043100131515929056
0.20123491392641543
0.2758906199609811
0.13916578524318463
0.2834254079687861
0.10182370221825658
0.6542143573793279
0.19050150147606867
0.12728807596565084
0.1054707000481709
0.33324001214804694
0.047271672327902144
0.029307122701008582
0.1837916938387076
0.1318346150110989
0.19913640092402105
0.07559014329387816
0.1685746138406377
0.16474840480032968
0.17613299511259345
0.041161487111645544
0.16980237174305257
0.031062185462010998
0.06225718182847619
0.07014598172787567
0.0033873923513594896
0.4610535474400994
0.13291611522958618
0.06688648456474688
0.3476962618592171
0.206139589309315
0.3279604698101798
0.48363484328724093
0.380495027329609
0.7929493371324701
0.12696594595384328
0.6750429611261941
0.11969373659957308
0.10257573411491706
0.013756423182992656
0.12151711951510022
0.8995444601509274
0.3513905400732914
0.33950453315035206
0.21891793262035686
0.4043557640377442
0.590425184761362
0.2525953482391698
0.11709616555266918
0.15542042864999747
0.21669095389798507
0.1357458093628461
0.6422563101259006
0.003043374624917211
0.07884408800291444
0.9827805598990708
0.9583283947028595
0.1364886199127948
0.03620146513913491
0.0727180198245807
0.08401571110553815
0.1381883546495885
0.22822620453610112
0.037012234813936645
0.18991110919191065
0.7851158892979339
0.12369819107245952
0.07666583238373766
0.11468766232538415
0.05945293519825494
0.9591565986578714
0.10536554636803014
0.11742759559880214
0.3299912479083901
0.2888007395917986
0.12872438085603186
0.23875840925595182
0.01942365447341456
0.11847377744084726
0.16569905185584674
0.019844526376583585
0.40049894092856547
0.3088083382886501
0.2170356153080648
0.26205621305439064
0.2327240164657518
0.6829280527963877
0.06009985057860769
0.24083991063439608
0.939397662292053
0.302891821322204
0.08035185524405737
0.47760618707846914
0.1702932662486115
0.9173048956120811
0.20488623064363112
0.10764902569682196
0.056918675505129704
0.039330243922943944
0.49474293584877205
0.1553640305105027
0.14263245820081144
0.2636508623809601
0.17360017363770472
0.04446200682207258
0.04479943663868676
0.014692062338624324
0.038258899722282934
0.0221377351117664
0.04639087940660995
0.24843915483807655
0.189964597527118
0.1800368013285532
0.11674940692815608
0.08653142456095525
0.11994834663645017
0.013601956205733998
0.013477549636329696
0.0049888957594338606
0.02980428015040209
0.055503022434997426
0.06001913807694758
0.3590161981111597
0.09136654065780205
0.0693964573795121
0.31780819590982967
0.18223762792587073
0.2158481995285922
0.04598555832218017
0.04954149563891615
0.012944636299315802
0.012494132883220006
0.05570122919583931
0.19857351115713465
0.1213529702632638
0.1366849939169579
0.02582829534118802
0.05205341846638878
0.05511377833940563
0.03228977763648296
0.0061924938105432075
0.10127275031176725
0.09768777859373495
0.007396916193302636
0.03940971049864386
0.04169055308861611
0.1461967877278888
0.0464995712599964
0.02763899524473406
0.015465689997223713
0.07962246092310736
0.04862930129529022
0.047849933037922454
0.16574079256975213
0.5112660265199798
0.03458435813798735
0.11982836269051593
0.009258173311050942
0.057523133130696846
0.059471525873127006
0.056380931323841484
0.11382459755800389
0.08400492932272743
0.060675245868133734
0.15033191601595458
0.12768879913851683
0.04786547558185132
0.04634802285181379
0.23551198887965435
0.12262252694737126
0.5
0.4503468171061064
0.1703147044203982
0.9606399624758981
0.060507593669565866
0.6269657797917029
0.06339664170738102
0.01963771951396607
0.1004182133460971
0.33062128170081473
0.12128622346661183
0.3796083105585539
0.04613990865947649
0.0482659563490318
0.10649250405142144
0.1055064406936213
0.18784715378994798
0.24715829967539207
0.047700343548792705
0.1399433790431929
0.3536740082253085
0.05037255735621205
0.5810489956826482
0.03418461721933178
0.10460272644220309
0.5
0.12116424970187253
0.1490407583507072
0.20354432656965618
0.19732089667545094
0.24034209448000116
0.12769633658129478
0.12249151590837452
0.17848879671951828
0.08769819627433266
0.11178243369226659
0.1128690083939729
0.03651673476525977
0.0643827619803092
0.1370244945848395
0.05021509337284566
0.07979408478807819
0.04981081255769852
0.05969043914741212
0.024535209557897085
0.02826436060711534
0.04121055812088955
0.0630186410560373
0.12561379358935054
0.057040397242173455
0.27390911854755545
0.09156048867436163
0.07586589668122903
0.125887109140774
0.13305290197948022
0.05029132188224994
0.06385025128615224
0.13184527274374103
0.08391461390100925
0.1470801037525245
0.15819179692075142
0.0331482509356402
0.2855474849497302
0.10299773465506858
0.08220003752207451
0.06391929893993732
0.021634973349713548
0.21205534455379604
0.04342979681729035
0.36460251763186824
0.16659381972343007
0.09350424109721332
0.4228449041846605
0.17579934008316955
0.2573113492595247
0.18033629223812525
0.3537462327204139
0.2177616265717865
0.24514952342644392
0.11173393085522441
0.10505402381294311
0.014182087476835161
0.08396064229101252
0.02546038073554105
0.07914599610273801
0.029123285639310627
0.0515533727837019
0.09485711186197397
0.02405347030639361
0.21629598320079035
0.03899791520068984
0.2239803677044155
0.7570384113656925
0.035845466148598
0.08006584362892996
0.042518542105510086
0.0873899752363196
0.1395008821671624
0.125461223606916
0.2056724034808301
0.8281146674720045
0.09202514505038166
0.05237804703527596
0.06353228112275403
0.013298859987166955
0.07950022772590395
0.8437144235766455
0.11943127514571517
0.04068499007661386
0.02887426607456805
0.08047736603900511
0.0448844506292316
0.17025883510799233
0.044328215648622535
0.036852992694714856
0.06218377336877081
0.18037735043986114
0.07135292140490757
0.053351773787643025
0.12526024965613697
0.07639464127166555
0.09668604672496843
0.13919566462412394
0.23296513127422222
0.07389517697090897
0.010944561005785614
0.7591403862847936
0.25903143127611333
0.015677898635507646
0.07555948057354524
0.16304216096249777
0.0030545275374885402
0.3413333427614646
0.1647738233595519
0.012351015948712052
0.07897990691240044
0.08335749456050329
0.026350661427575917
0.07613887667781026
0.1897550140483424
0.11496609481507883
0.583290416615307
0.13450830072493014
0.23463495727383712
0.17015436156030497
0.14305325493769935
0.42876426369308945
0.1608824821826751
0.09859570358618389
0.10292569927066623
0.189672305662648
0.1358752551069745
0.1403280525465041
0.08088434858865717
0.23159611556457732
0.07477857040294791
0.4235917438402788
0.002492625663293097
0.01926626246278072
0.28839729180199886
0.03307865960871167
0.03510023697802533
0.030746822539414336
0.08131343329965007
0.32754320906550366
0.19463335716445412
0.20117803360995232
0.09920564006278572
0.1766595007605083
0.16278923914036084
0.2534415060897313
0.8525260988611134
0.14986034024288425
0.3839422969491231
0.7024550458063777
0.16195874671369942
0.20756018498147005
0.06295952601149667
0.1243983442378324
0.1443846862189179
0.03999018489562903
0.10208339517104378
0.02365579862454597
0.13114582473347086
0.196054646121975
0.09443965169837275
0.2915587376617937
0.1484555461428197
0.04504900741822772
0.12525580796267954
0.05153138460975094
0.1399501091193851
0.09492556010264898
0.018287269816421252
0.8207196762646035
0.2667789161254948
0.0388749288969665
0.17543130071099047
0.6486141197973759
0.6639191902831426
0.10912090316043391
0.27843312333833303
0.04080832223491802
0.8657664284853608
0.07866769852868064
0.9999999993672274
0.7775472024941203
0.04365577154763173
0.06108190336340553
0.1171966154224785
0.03415135270822788
0.07611635926706786
0.19436105489751201
0.0446517186200023
0.1393589116626062
0.10183466139443274
0.1218770961141598
0.12497587185725818
0.12895837958956027
0.04148647904679328
0.08466993654291338
0.10225868692805212
0.1646595589132721
0.2830573815204795
0.05874565271870466
0.08484268775206764
0.15237063430593115
0.044618568076788184
0.08440867974292832
0.07821936832672116
0.24372938790718748
0.07464818955183526
0.09294840938062222
0.2590366055622608
0.0840288451947484
0.06032786657856646
0.2070622351516488
0.10555547516488893
0.09195258001871166
0.1588773476556131
0.14851602092208885
0.10061305152178548
0.1547294644760269
0.07923241415424785
0.14061649269511362
0.23996056782950978
0.0934258537995218
0.11688130118847788
0.06266494024539247
0.14198153629062643
0.7017000168940791
0.09200770890111762
0.08207279685841395
0.5569585664513029
0.0780868699834954
0.08225743878302556
0.04784502343470546
0.08926998399508347
0.08422847084191076
0.16298170788913482
0.1824271746482699
0.109028366441287
0.07386756491353763
0.07734762533107672
0.13861265557908162
0.020147594999014036
0.4464147808204812
0.3739749177645148
0.09762411438256488
0.16997354483469507
0.08467427416299948
0.1631102860281193
0.060584928445925425
0.18555107237299145
0.21443560043791343
0.05782283955295834
0.003597543529103785
0.09652294459705413
0.163877419350034
0.25783015086543387
0.13159981268775578
0.14028431575843459
0.11027945184281317
0.3870304926720648
0.08252189828668142
0.07964284984003288
0.0351212285960714
0.03582967287317533
0.07057930077431218
0.0850968045504087
0.07131780266089278
0.07110391050481217
0.11752583547531557
0.03190065717672231
0.05892804731468663
0.3846899944319989
0.20855515908146013
0.018541463439515352
0.0096801366708837
0.262080848108032
0.12626571294674016
0.09134785090594995
0.20108927792248577
0.029783950497962865
0.18577237958254963
0.14425145402855788
0.046370122624361604
0.04158649106861771
0.025854907941741466
0.03312716343732942
0.06081545456807689
0.11846422198099456
0.2704420615537995
0.08786592149304079
0.33470266879086397
0.20938088099465046
0.07996361310280298
0.4300700466916624
0.6640136777790656
0.0730248460751305
0.09493111077542152
0.06608652062523704
0.046775908472704956
0.14029179810102096
0.28907405584889917
0.12221191449364002
0.05932297100249728
0.13468025917801577
0.10899612039592059
0.06802601872763404
0.215702173727571
0.09814165086962412
0.17042683252890517
0.09848407889173559
0.022452697667698203
0.12638738645247505
0.07815747420226929
0.04788648021133685
0.03136150175493842
0.04460628861064122
0.03602690370562387
0.015558211867228057
0.015096535811012335
0.04048044352461939
0.010443520116311342
0.02659054241242041
0.05711078710523905
0.14369109339314245
0.04330590114877004
0.14458566750467852
0.07962840659785018
0.5
0.14161531577726616
0.14171044211216882
0.151606480273345
0.5448126975154538
0.1802822661485864
0.09537750298125947
0.5409402395702851
0.40212170559626
0.20608983995420646
0.2719473271322108
0.19894781703732412
0.046273009662099025
0.012712096632365803
0.1035205912221217
0.09253782349517976
0.11357423148948076
0.2868455076053806
0.17031014305098482
0.01493481037027232
0.0998710632215185
0.9841416556821945
0.17447577775482653
0.1324513401900512
0.12339509994347674
0.25898468666472324
0.311307947588239
0.07638751251160451
0.10809651856513743
0.061823326745403286
0.10582574560602571
0.710534104112918
0.06613249538623184
0.0437999234749728
0.057685926952100744
0.00766097047057485
0.003703250662762034
0.003834147675266083
0.057543046811901574
0.03634758147784343
0.046631555258168145
0.04679257453577077
0.13416223219244697
0.10888670886494257
0.048541607805458624
0.13127430259457532
0.060332966436791084
0.026109135557008514
0.16584820385362128
0.23669923611486546
0.03602399383527988
0.04238013577643686
0.017476308853000874
0.07482790940419767
0.021431250819803127
0.011991097750748213
0.03309614795191989
0.18441508555387237
0.0525352224121491
0.03784809900762578
0.06461521874072135
0.11283144031053673
0.3620439822210176
0.09858883337783016
0.1654237678927
0.028090158063519072
0.06018934075698828
0.06118273658909682
0.010743568492406144
0.06194741395347203
0.06322905717836562
0.02202820569232252
0.029419283568734026
0.17714475095353488
0.1604455384784865
0.09360988211995533
0.010003507071100932
0.4675786272041679
0.016836308526396022
0.009360044686562336
0.04638248900662524
0.29904689076661445
0.14373065847699987
0.0855779845282996
0.19204153239709693
0.04242784801410388
0.0762658881485649
0.1901285130023216
0.06399381141520138
0.1430168962222438
0.12745827390325043
0.06700262104637855
0.14182180260806154
0.07193516181145419
0.1672182839693917
0.1306535240142239
0.14946223823646024
0.04939170985843332
0.30303285121209417
0.44343663085422047
0.27817172368468074
0.01906487551559852
0.5732827951716502
0.24296897060946632
0.21200037118683934
0.09219587639339268
0.057619277114959185
0.04807460682692124
0.0986962416710171
0.13208748627216815
0.0934170528026188
0.18819614848001873
0.04754766964856044
0.11018232637892657
0.026417223711842575
0.1428945685643037
0.08432840510433566
0.06996662781507232
0.06575764256401602
0.20640568239639928
0.23773938041617002
0.03429790510849854
0.19005401456847518
0.1823418522033256
0.3293746757183249
0.05532383413930488
0.16107113805829543
0.16724712599725977
0.8962633643905243
0.17836222933144666
0.5523197583668227
0.17053676836864098
0.7937266410155529
0.17684572566158918
0.05980763604792057
0.18300178755185847
0.07491674371073043
0.12491227529911215
0.001183704080646078
0.011477789845867151
0.06015096127857547
0.0646894303901187
0.04024553562824926
0.12945148970449272
0.1333862670306827
0.43333285045679604
0.05665848113324372
0.13621273266179576
0.003103738208458379
0.09137146260767902
0.07013290601000112
0.008050362646605129
0.033360270876825526
0.012867976971823352
0.06093584358871596
0.15660053531225046
0.09672877111800171
0.13385346718624722
0.08051814890456963
0.37655735200623375
0.02839572833564791
0.10233801427963697
0.14521079462162584
0.09653196078736656
0.18848688505924507
0.0435506186558011
0.052045794614484185
0.08130644068962042
0.07660403244788525
0.10502762068504226
0.024936515710120535
0.07829979598749011
0.03776782641542346
0.045915762336228884
0.09570268811805323
0.035211532474853244
0.010331181437598484
0.11901341063961061
0.2924613275358755
0.047628167733997695
0.15827730705656118
0.017744339061598335
0.06860006926219178
0.014162015941129757
0.1156798096503875
0.016925592881069946
0.09112671404172712
0.2472713009581377
0.06829573632283978
0.022822557635646494
0.06456816582837034
0.079429451389506
0.0604805134364953
0.08176820467377294
0.1920118040614673
0.057615507901853845
0.29595758954180285
0.0587792929879988
0.12226789195810177
0.13237882390710873
0.2885610682379209
0.09816408402112643
0.09213976138385951
0.09843788002578625
0.15374994666519665
0.12453093425927979
0.11357770229469173
0.16433599950969074
0.11952256040134933
0.027726741607306087
0.2232533444110878
0.540665870009362
0.8388101994902399
0.6312309586801514
0.1410399962739086
0.4338876792873178
0.3412831495577458
0.15307029336310263
0.26731482982370164
0.12796952496340286
0.17525555773072096
0.3954659078129689
0.10126011097697754
0.01479167059023376
0.05477094250841861
0.0813719432721038
0.1666342100980556
0.07312704983123602
0.021626692894680354
0.06108341360606406
0.6558028981813332
0.1853855898541202
0.061953594382910135
0.40825295241931264
0.6179517485543482
0.443067057783605
0.11297482529319058
0.14579432864670794
0.11946307321001777
0.15007498033388492
0.14828920761764422
0.10603120806024066
0.0826010730194423
0.04490062056517885
0.05602754951988576
0.07414291300192707
0.9739447008522949
0.23762676342706612
0.13341590685586519
0.026319414483912815
0.023133970264041712
0.29962184199073283
0.022950286792335087
0.1448794272430725
0.11510486325073384
0.41666636008113245
0.07627755001673978
0.046084183620954906
0.08804040559134105
0.05343920577542643
0.08649847210637021
0.17310776191625168
0.07205480940371027
0.01972504930404514
0.17308143266094533
0.04019830734087355
0.03796704385961248
0.025721932467116584
0.18605495404971342
0.08441076572745715
0.025807786224417577
0.07368507423644143
0.015010064351296051
0.023825963573788824
0.0013087567952707988
0.00045912997795987477
0.024205836612114586
0.06439414036452365
0.12446037785010164
0.08240725039880253
0.07407282983600004
0.08029370593924219
0.07741123191724408
0.0009953646020206303
0.06236316117117829
0.05987085439615662
0.037956124322003154
0.4586680703289374
0.07402056993015634
0.09513992037753255
0.14340530826525935
0.06340380715622677
0.04676264054031303
0.10209884895942184
0.23786939041332492
0.06160577918084529
0.02336768170597074
0.026638888420395707
0.023067654439350924
0.06581080202816125
0.04713239106083649
0.02910665552305469
0.16399401443160486
0.15040534517092763
0.14999872065749545
0.03902159884148407
0.2819959189050534
0.020115300652853246
0.02091057532105312
0.01598261243677379
0.1862962196808576
0.13137011560838108
0.05747764517988018
0.06836999517502568
0.19568899415357047
0.07233713324638975
0.06764138581461764
0.21163747230593916
0.2597487288145918
0.036548278480145226
0.1146774549660091
0.15197937705006023
0.39914139092356926
0.11188417171324809
0.048483686078943655
0.05248965840446441
0.025553446354204847
