0.04003062454787846
0.8058963195630104
0.05705500254639527
0.05937417393278269
0.07647604745391526
0.076477800069818
0.031543297612710845
0.06679756667153332
0.02776476349961486
0.06519411445250818
0.060755925523233174
0.04588920541701243
0.03734564297633008
0.021983050197585917
0.07647431103539236
0.044740140403876145
0.03714465349682121
0.04455277515469499
0.07647954778469307
0.07644452487217848
0.06045101498955146
0.07637373991129123
0.04457191884158251
0.07572092192176133
0.0036411808664497582
0.03801809726748862
0.043539201430696416
0.03947103783392383
0.07898563482855558
0.04296601863846574
0.045156001697785886
0.0331005600592487
0.025919713240373152
0.03371286494112064
0.007792323316730098
0.061258905555382395
0.026085135836930336
0.04207669174380878
0.023476588140720164
0.013536054582981434
0.052437345964756715
0.07647067033925328
0.05980538757113706
0.05089443167105317
0.031392666995480656
0.052547241928097004
0.035947186487059656
0.3198670335932733
0.06894689000580996
0.06154885954799531
0.039226219790425065
0.06879707801538563
0.02496103333262831
0.04606896354817838
0.07641635813963656
0.03665894835072948
0.01358089277411316
0.027028630902945414
0.05030994337372353
0.044611204018842665
0.017873369363590907
0.07647973225167468
0.07647508622541746
0.007036359881552881
0.06176361360658157
0.012598441540197815
0.00772733741858431
0.041867949504435883
0.04018806152126758
0.030544827971774772
0.02902472746696611
0.056543934798980476
0.05868090964355567
0.023929656638436846
0.07640050947184218
0.04230112705377039
0.0669264079478833
0.04745563090940293
0.04175103831268578
0.024488843774147406
0.04143054622520837
0.07640097366607021
0.047616638771352957
0.07644682939070409
0.037589127019649345
0.017757858286622286
0.04301400195707953
0.035891384751565523
0.045516861266952036
0.0021525408532348423
0.07020410828607686
0.009707732273497343
0.03502724082446208
0.0242853006406008
0.036340631685244644
0.030309208511936175
0.05042078642336631
0.051762475852452736
0.045798415362484246
0.026060865068814228
0.04207344549379252
0.07643891159842976
0.06131053902505885
0.8058377876085439
0.05052274642204575
0.08151518978887949
0.05612136752130566
0.07641323298512184
0.07641609397952999
0.0037700233096834047
0.06058564607665148
0.07644010438057179
0.07647159964210293
0.04061683546913581
0.8059054963593539
0.32900292881463905
0.07643464985886994
0.13917414898068034
0.46739365908346286
0.041867290586381584
0.8057904703837035
0.27230632278035455
0.07646716585401944
0.0644616489229504
0.8644429143538434
0.07644103165102062
0.07644445449230994
0.01290781850044108
0.06292278220758309
0.06349847774865734
0.07647374710189467
0.05938137659216978
0.07645065784204906
0.06090092269777108
0.07647237758425376
0.07198037065573094
0.06145796664818288
0.048186550247563555
0.07643435942714184
0.011495550607797559
0.07644765232583373
0.07644632286217808
0.02254678974188593
0.0087715579603626
0.07638426408561666
0.04375846654290729
0.07640426410478174
0.060541772729933954
0.0571115116026554
0.02339280053630748
0.07646214494253233
0.4319560221260369
0.05675767620208302
0.036223328619863174
0.07640666612405166
0.04475350748788763
0.009604656333890021
0.031937984302173296
0.07641285664465554
0.013176602044550918
0.07644610314337442
0.07645573834808454
0.0626220990705813
0.0732659917143741
0.05124719923485847
0.06019659730468674
0.0764183598846529
0.015112344923335774
0.07644900110076275
0.07639461116802922
0.054701596745345936
0.048055498973597316
0.12055792323859933
0.07635780176588085
0.05590686831742023
0.017550922939806573
0.07647811829477397
0.011996824453954138
0.04760087708070657
0.07640517013983218
0.040787572224003844
0.04052572487638761
0.0069756032743149635
0.011450994249714389
0.013571167899366392
0.03477402506922908
0.8058464276396872
0.8057904746490573
0.07647467178477563
0.07646066245797982
0.0764208042432625
0.8058076833437966
0.14663880216149244
0.7465851613580266
0.8058088993025898
0.9454388755259819
0.8058443723329964
0.12188337241798763
0.8058412442968746
0.8058060779258838
0.9838889504606747
0.07644930834643245
0.056332124998097755
0.02105220602870492
0.07232130939119993
0.07635914638794991
0.0764686877347955
0.045970248645381295
0.039183277699975504
0.8058817999618247
0.05849656639948412
0.10699830388648277
0.02869167925243002
0.07648146540965023
0.05415196744923407
0.07646099229398344
0.036383347241052
0.03708150605531344
0.07643684368492788
0.07638308940168884
0.05937414266203397
0.027475495600298584
0.05112074548975007
0.8734985487671296
0.07643560768336294
0.0764031445921624
0.07645376991978738
0.07635404098222352
0.013790060549634739
0.07647735562846965
0.027756952949087213
0.0763653078416456
0.035073594397026765
0.003047743203755911
0.8056536726804848
0.0678152428973002
0.07635610513072923
0.0764140832379874
0.052167960709132176
0.02033047792074314
0.0644593949970181
0.04487705425240784
0.03826193700753727
0.04519599766475658
0.009955565335633729
0.07647977493101009
0.07642986805513034
0.042414700049306565
0.053849394848673154
0.05348608370808956
0.03476222620664437
0.042156685778699805
0.04897453757908557
0.024058839121607486
0.02804129313322895
0.05810033441040718
0.060082371263363896
0.03921533271609313
0.061149351903821245
0.06076511371864806
0.0763688460110478
0.06246388078253194
0.07779870898428318
0.037088138135241
0.061523174390412036
0.6441836010906491
0.805748744562152
0.026778080825292126
0.03907845660275388
0.07648041156249206
0.05316205424768406
0.041539624705623335
0.034739855378563445
0.0717541354611179
0.002940891765578147
0.07638739909121783
0.03315934691064801
0.47566915600916126
0.07639325988035943
0.04704053473448283
0.0764192226621945
0.04744669152273868
0.805808334896408
0.8057460809565615
0.8788400900759378
0.005127356094209069
0.076407062813919
0.0764087727061197
0.3302291483961115
0.05398236572973505
0.058463196722434226
0.9441382326733606
0.0839625214385272
0.07638415692059461
0.04166354766187767
0.07646822016387646
0.06679803304548325
0.045998463656248795
0.05004071931390626
0.07641118169364712
0.014649921801360457
0.04342847852885451
0.035132525076718726
0.021857542843708524
0.039966879124542
0.07640697897097232
0.0764141551420529
0.06918675044027996
0.06814154292434706
0.2755658091426595
0.07639790959887979
0.038937255816185144
0.05762601674698181
0.045071686554863356
0.0342794331912105
0.04654741228048245
0.07647552943033512
0.060261862514517914
0.04873132437947094
0.03156380161473629
0.04340496238083518
0.0764221961165801
0.059378930608745426
0.04150808458751772
0.049549738979896084
0.046320182639840224
0.060212991103095866
0.03377583056700601
0.07638632534866287
0.016403601208338142
0.014194830693945957
0.04109539192069573
0.016550615217767916
0.07963922769725158
0.027683781353194502
0.3150080278614713
0.020399814111323408
0.015540917139401504
0.14938775541415986
0.017670021618934592
0.11378850769348095
0.05101423510684474
0.30830377392267866
0.043201707764172696
0.0580561453124277
0.2186404864433656
0.19634856679335902
0.09137389205848086
0.26177266077999384
0.053435051681178944
0.07424375353616029
0.0578584501721202
0.7067262057010641
0.046752276700278574
0.04072219956811543
0.15436446873841442
0.051492823768968854
0.08609435622735115
0.05266570490404954
0.05303437351185262
0.050048792489718344
0.052636446897348615
0.27509927894614034
0.24338362971026464
0.1215151156088577
0.06192980080722599
0.224234565004059
0.025412470565661885
0.341533247220141
0.024232234442405225
0.02777228489023482
0.08474729458210112
0.04722252013501162
0.02990121693817338
0.07913638473618125
0.016018352763017576
0.06251902057999739
0.02805685473551019
0.03544429762191432
0.060673008402647985
0.048379326420210984
0.04818738459904094
0.11086061569643815
0.1975823445307028
0.07383029630342329
0.051509574629389064
0.01960368808959914
0.06274738528967908
0.07992859037483112
0.14244055418687065
0.06867868027444296
0.11697724881534156
0.03338137076611357
0.011080432703559158
0.07424046592103958
0.016140052824001213
0.03395558542621731
0.02999297155010698
0.03190638288673309
0.07356586502906973
0.08626782202816291
0.06755870867537409
0.09015224634014941
0.0798291333187284
0.052726795177469546
0.019066311312024707
0.034486368626971214
0.12235623394182124
0.022211594883349357
0.057610689280464825
0.04760462458757072
0.2691277367335616
0.15027937517280449
0.016554950503506236
0.24917875937255243
0.5
0.022033998653478885
0.44467407582042573
0.05653314128270465
0.023612418305945168
0.08091610632186742
0.14853372494229286
0.05870434945425442
0.4273396603535598
0.03350018211659766
0.15613976129410478
0.1496628255536192
0.1520356544493872
0.01917690759921267
0.20742726229557876
0.04952362075826452
0.04722890641764827
0.11654660311191366
0.007825344261787553
0.05949488264675474
0.017624485881922055
0.130726151563482
0.0197415692550158
0.2192150170704952
0.07491954244417609
0.06059460605518713
0.0078117088796376
0.06675340650034563
0.18841300851693077
0.089931884597368
0.0377557615475502
0.042014269931363854
0.23872581887595198
0.05962706563954003
0.04702305386145058
0.04268397647208578
0.8588123218593381
0.20988585077108862
0.02625338887700319
0.031978902045251216
0.8058890416256533
0.06506581977494841
0.11314909863267004
0.02776267410982469
0.37487868027283905
0.053391257252799584
0.05040911997335295
0.046775880073657926
0.21842236533031034
0.06188489292422518
0.05584438354431661
0.023479651570875542
0.27548304224191167
0.0850150757515961
0.07095956036892523
0.2681467035767147
0.2365376890359229
0.050778305020284215
0.04121440558490313
0.04487434284979492
0.9140085694646946
0.05978353843122728
0.02311146251948476
0.07763933442709411
0.2081769979553099
0.007917625074730315
0.012667358505232538
0.03305478863313049
0.04845418269329548
0.1543978404827652
0.018908209709332578
0.0555523712646508
0.05487277247312569
0.07662206571943478
0.03687417714420747
0.4013707919873695
0.03742844980003677
0.053496036249484305
0.10795594583652184
0.6132105947908495
0.1838723697915799
0.12115149360181976
0.02124489562762042
0.2599008782199427
0.07769395978865819
0.011726519241678272
0.050652142703162345
0.09422702652618185
0.00971765660422479
0.01679088502194904
0.3441679745414476
0.04249684381575885
0.038696319016305325
0.046600042562996144
0.017446707621155175
0.03182342591978589
0.01354083180369659
0.03659363620719287
0.2960999088119122
0.018393228728598006
0.03225106115088895
0.039361363684268014
0.035943286855669936
0.008196678640960239
0.01426785618286882
0.03580378572045165
0.09387511070315681
0.08079780935519124
0.05298085420970845
0.11829233771153828
0.08356627540246639
0.36171505310950464
0.49470555359382756
0.04022791652438821
0.04871899622874288
0.4693297044022727
0.4469445482448864
0.0615263162890054
0.06530222696602707
0.028320093497072714
0.029295282078922527
0.05499256147067498
0.04084351484888677
0.21503767396289167
0.23823225133585887
0.051530428597975
0.05449227192095399
0.05270276347490192
0.07991389271545714
0.047867698862073885
0.104884721746246
0.05910176277849041
0.1331660621435649
0.0523083940754022
0.2676748431699076
0.06604812458669723
0.03774087047515693
0.032057336585479886
0.09042740201179486
0.14204900146081648
0.196472031850039
0.20129100450735096
0.23063652929973613
0.2272790719749091
0.04685808213407266
0.2273649763799046
0.10212933320194877
0.2204568108318757
0.7605043668382374
0.25602343175785397
0.05832458461576375
0.06984358850356359
0.046277813614540475
0.024690810966874355
0.020337488618796893
0.004582708174952727
0.060841016169078076
0.04822283424813336
0.04847242172241432
0.2060406582959295
0.008551843126621243
0.044764189338884756
0.08339843326361604
0.07617520739191781
0.06044620927538468
0.025042626346364005
0.10974332763185958
0.04133919307074191
0.06200939492291678
0.06053684745331818
0.08934427608625853
0.07185372773158284
0.07246712888151853
0.04046278163850924
0.06226720520043341
0.21536846358502107
0.0419907485285241
0.6649815815029642
0.045974756531660096
0.03262391901839809
0.06707359345533483
0.35723973587757313
0.009428106819711334
0.021662138149875894
0.2605097174377107
0.04435602979104311
0.9632111560026048
0.11999756678041565
0.48339663870597355
0.06557834189910751
0.14581190363676388
0.018308338143966735
0.086617036848639
0.07340026679095482
0.14531349849072459
0.012244723691463611
0.09799844466937109
0.052135281778176695
0.008101699317707123
0.5391976283943699
0.0070742556802721466
0.07242661383441999
0.478352302931677
0.08778647604752708
0.12478781917975747
0.10558828244854868
0.07805068816763253
0.23993367208904062
0.20014456844892323
0.03754970686432446
0.028247524997885954
0.03436786242887974
0.6385099280732478
0.11042821768837449
0.039786916124518686
0.060997461278572876
0.04791518379607812
0.11491872331879044
0.016699257589213902
0.4004359826413172
0.545161060072689
0.10849806905720868
0.058225254783240615
0.018140484487264606
0.5811260931304245
0.03244099816015188
0.07324535429240432
0.07697879810771267
0.03502577777909812
0.02824887585295112
0.02803195132969086
0.004598639356336951
0.02871270104275275
0.019440228194391094
0.029943366999712506
0.04521642175906459
0.07030225063032476
0.06127965960626034
0.08310455997106186
0.18742723601975092
0.16180026514119697
0.013217184494964071
0.139128487663296
0.07438749895898238
0.2998101444453594
0.0016699316399856887
0.2292038688220417
0.18477402727643538
0.18663001749735667
0.11647383396051252
0.05243182655768972
0.06453275463969922
0.15251671082049567
0.10322017301705157
0.11681207493699804
0.07032569261373366
0.02595848744832177
0.04053463803718694
0.05640947727034205
0.028957310949297585
0.4772165078242608
0.051612705517831536
0.10462864560390579
0.06085399594523296
0.089335135524662
0.0459783572873217
0.051016115768071864
0.06139921778452451
0.05995466672925134
0.014812035048845863
0.04173495380077666
0.0957806145822894
0.33605637685632933
0.23983556428876054
0.03372773615259603
0.12311271626944875
0.05077365474549811
0.04022383291430016
0.11093303114677719
0.08493643168456462
0.09498910651219714
0.336510620439212
0.015145774057517297
0.23032208880288874
0.05332990496163913
0.13561466345677814
0.10664588950413349
0.19637710903319508
0.06892727312828321
0.1377216947129301
0.007260447220243773
0.06296280874177909
0.041822767308526944
0.08415037408969905
0.028571134428654568
0.02646161343456577
0.06142492085191365
0.09978078319601438
0.2701615936718231
0.04292091529834351
0.11887351218735348
0.021100333050129767
0.11562007291685837
0.1993391316385499
0.10096319419502572
0.36491690313159836
0.01784201196196579
0.02007656378792404
0.028315501603948898
0.020181130965359333
0.012698241898388536
0.05919636670942682
0.0764276609263561
0.04230839389250092
0.06088258190390745
0.03678529737494221
0.04519386469601026
0.22465845380652685
0.03439163383570113
0.05041320677785642
0.026521810798463476
0.045390886317462714
0.04286003846008638
0.12147276686326476
0.1287353145908527
0.02805742065236748
0.26532477841833735
0.029504705077085303
0.09285187175081087
0.02820234022729956
0.09506468696846213
0.009450424998229621
0.05490539441603266
0.15215026726544506
0.047874782371092134
0.04836181231530197
0.0404240875320102
0.07709787588915443
0.047863758966144414
0.0345495036661159
0.0339855877269348
0.045761667878860074
0.0311130849729537
0.027827693576634244
0.030311626838490993
0.5196809163657421
0.6296617853521466
0.5064926246513972
0.8058629346234221
0.19307175699970083
0.06264633896310566
0.7422783374181108
0.2975206395804062
0.03876552411135205
0.1881616674927931
0.092682039155659
0.6798397535981411
0.08037256923872119
0.0953205284828736
0.9052501951863227
0.2626194226767698
0.2590394755624527
0.04005841058888934
0.04825975984073975
0.05465050394452086
0.04171413056902235
0.015315719445037231
0.14416872052942262
0.05940150200244442
0.41295626068182867
0.024803838041431662
0.04109674567402502
0.04010795762123058
0.06136819445735446
0.06332240669065671
0.05975428151298117
0.07947495619825493
0.04078602947284558
0.01117505843444898
0.04597383839260617
0.7369447412562152
0.33655837659270293
0.5419947252393319
0.11084659722814899
0.04526574620532749
0.9608102121730671
0.051771400523986884
0.2579668855831414
0.03257800743529011
0.027282285433121597
0.03664312759330437
0.025623384315111315
0.06320824946639611
0.07568986903526288
0.07957203281690929
0.21272122916077055
0.0378125274063179
0.03718248923679982
0.04686004032554722
0.09147141895636339
0.10149903419095421
0.2650960087434455
0.2757495134856224
0.07587138085599829
0.053282372902156726
0.06429568875420398
0.09016468998382397
0.02681390697056425
0.05705213350489941
0.03660837094892553
0.1872822832021954
0.06151391096105254
0.08890754748929224
0.04270127213072724
0.0385724600270429
0.057234024253874756
0.01887073180233376
0.06233011989750665
0.0368865330770691
0.11186122591784245
0.11111813211764861
0.03355811830180874
0.04894937264895548
0.05863263726913724
0.05591680410155963
0.04343193585004235
0.05871418302116136
0.025800650099482302
0.029515422171261768
0.15648403542617778
0.04839520494808294
0.050531247351034696
0.10173954843958545
0.07365264139040367
0.030708192785917295
0.011968947498491925
0.04083237722252693
0.011955014151392062
0.0937999416695567
0.0656616181977745
0.04114283601356703
0.040600140921537076
0.032432486239440624
0.047507607626457636
0.09973996795468917
0.009521748666511306
0.032184332300000486
0.805789394183021
0.06360799233123378
0.060802333849743
0.06508513625821918
0.023027655642162272
0.0363020133923273
0.05419742521612216
0.04420413719156411
0.0617325511865481
0.0454199824517618
0.0635311201291232
0.0531949598169845
0.04656776963999625
0.0031925923212082746
0.12247909767753201
0.014853396690861798
0.022497531833812742
0.18180330021618554
0.005748944111351248
0.009018391209992956
0.02745888550662591
0.0653735960413128
0.005618967444815312
0.2770006273087026
0.023387293236165167
0.029765765779034677
0.01565716214326577
0.055595409453300694
0.12491511481080284
0.07811684212357292
0.15792674361242529
0.13698782472958285
0.04166313695384421
0.034639169904089266
0.053291163034301446
0.03961442667250225
0.044169211163726
0.28318755073241747
0.028683667612626827
0.09774160356155226
0.04781530910600625
0.2186944334292844
0.11940426865484183
0.03914621539437728
0.13500675205575657
0.8057995453195972
0.059689096721295944
0.002326656829372461
0.12041078189852603
0.40459818766911726
0.0496447966582644
0.026027857488093383
0.23375871084773453
0.062044386918487175
0.03629335163071953
0.039955689931138176
0.06909365245114109
0.043705098647820954
0.04338564404648105
0.11255438322100904
0.01245890605313686
0.8057788671264252
0.05089818697122551
0.2618393509116669
0.020755549033546157
0.04006287836946952
0.8058041820441534
0.04276603211274337
0.04999215726042983
0.04288217308807268
0.03691183306156527
0.10050792729137191
0.04712556244958342
0.048080932083202126
0.044987681323093276
0.12450009947625396
0.09870831020090248
0.09678782401841976
0.05550046857043558
0.0975556195691936
0.09036760442532821
0.02853310943236389
0.4006947304573725
0.09678217582413379
0.03737732312149035
0.016668771294536533
0.0418167932736102
0.22193910274951456
0.04355468858229072
0.027830779939327165
0.0443335848786408
0.04548605920002936
0.4285480130669919
0.13348901346229072
0.7344192130612859
0.05390918950813957
0.09274546582117624
0.3366026657161997
0.160511070330522
0.06121756626246273
0.1418139128758627
0.2706986660795607
0.8058796679189042
0.06865696990552257
0.7541845814905236
0.41090316203620497
0.4091171139101996
0.29770992755489495
0.7034038116152478
0.08396876165420707
0.058486773050824184
0.05408665785884876
0.5899079040114316
0.04981618927836783
0.8557360576293466
0.8058135131911289
0.037748940657002315
0.03281840256518589
0.21252570641993748
0.04823625087495144
0.1312129902715741
0.03351014840703287
0.042398641248519324
0.20427544943182274
0.11435610043072517
0.023296742299403175
0.19185813985257705
0.038562408260586725
0.9572271078843263
0.03954601970819502
0.02741788367218289
0.029457258825792074
0.5071489781296061
0.022196976466540733
0.8056761496750521
0.999999590824034
0.8057312192679437
0.7996144098257483
0.8760732102737205
0.8059082185029065
0.8057938841031874
0.5330186995522206
0.8056606518218583
0.014650025629932235
0.8059165831210717
0.041617611353098216
0.050346390217245365
0.18276782076012252
0.8058881233844959
0.445796257272284
0.8058810242360112
0.06794452845961733
0.388397197731569
0.45086770312366264
0.8288858103955388
0.8057333852877755
0.07478732294147021
0.05655290179018717
0.08447918409928548
0.08018274872360426
0.039481759310643565
0.03558683998200021
0.013558728270464194
0.06569072121131105
0.03642572531780144
0.19872022195024838
0.03285937690213508
0.38449563279994275
0.15051298319341336
0.04893359844329084
0.3201538650797645
0.03167246207967658
0.46638104246635176
0.5937968326777844
0.06795642502819202
0.13290258475103764
0.057513963757555624
0.1588548351313952
0.09067479696931828
0.07580738535161596
0.056969328284916056
0.5493987105822231
0.0987882187101909
0.01639534288642775
0.05069226611396631
0.06036689654720369
0.03776694092857943
0.07771726942425913
0.0401662135934745
0.029240035888879055
0.03416775707004184
0.024371032954456463
0.8059156700371592
0.913154095942294
0.2476953383207699
0.058761958795915795
0.024241681536506413
0.05947421486510025
0.07296873125826693
0.028899140341067022
0.2562495926054897
0.03820289668301131
0.020732522295389483
0.04268499003208272
0.11036910043944727
0.061756234624867706
0.39340670561300295
0.8886172969406348
0.02865124898385865
0.17536749779762617
0.14295996073937847
0.14511988536944084
0.14645834036851788
0.07269517702293447
0.049082134677329095
0.10896106411027073
0.009380578889278936
0.05975732619635079
0.015599796619842878
0.12174727991834607
0.1920178324851642
0.01936463531138918
0.054786729066862015
0.30625346855080465
0.0925574042718551
0.1232782394768118
0.03535828258665988
0.022990415948070404
0.24514715230863465
0.048071598496461615
0.05798294104570589
0.0418248599630174
0.03392465975176635
0.0062048014336764995
0.0492186880640608
0.05543276126108644
0.06469053315383494
0.4822541805602133
0.18139567272449353
0.053479282342744364
0.1086444847108039
0.2054949054991567
0.0426501368464659
0.10995099727434882
0.013965950045676476
0.08553142174548521
0.38793618551990816
0.03668581151346646
0.05535894706988229
0.2621526592879933
0.10372709531832566
0.03583038543173949
0.06042091254214223
0.04710676208769277
0.040559979475958345
0.01681023490710445
0.04156503952022391
0.028923914980808946
0.0996634987731345
0.0468642455182208
0.05489384737036176
0.2516166883862621
0.0491744282455425
0.04323382003352846
0.027827875396556023
0.203868898077366
0.008222755710247767
0.3079664068777102
0.014123167770828117
0.06953589932275599
0.006398115784715242
0.018396935364057697
0.05249891331076392
0.021473246264157985
0.034256718739199714
0.023622175446028165
0.05999977125923452
0.04930648196175192
0.028388276020099395
0.03229628849996632
0.06018210444930314
0.07058357882072727
0.07635638527180963
0.13990676239567565
0.05462739283668468
0.05985858317766903
0.9340407470614754
0.10765682737138216
0.16324240674502513
0.0744005306170572
0.013504022963954405
0.0177713076202033
0.11190023934764881
0.045720320156195975
0.06650518012500026
0.039138154597898905
0.09546858684956892
0.31206284477637997
0.06621381579989204
0.05340592515824304
0.12072322908411333
0.018911173413359662
0.02951567715680968
0.06054038900025379
0.062256789233237624
0.029135912636058005
0.020604683758240573
0.021935719339587337
0.06117013312627199
0.24557842843232325
0.702097921082015
0.05174202914708374
0.09120627014354478
0.3150022567782614
0.14562325946574664
0.10033339839992612
0.4934981465289
0.14517991461232665
0.26736512100332827
0.051386782852555726
0.043133443237219155
0.0497731036238229
0.0729388902717946
0.03600174365678771
0.06161552746185892
0.04881361080593598
0.2778733857691851
0.04828527321149993
0.06229132181711261
0.09860027847255536
0.0979433400679439
0.03985601779028401
0.03811452925911756
0.16387788231617012
0.3678488251601623
0.2881314134421199
0.34286855989755455
0.32359249968667503
0.3338727582900885
0.47726286865912354
0.054403880236463635
0.06110038216521896
0.06519379148376479
0.034101612645632925
0.09776888468544116
0.0718468931814512
0.057264676727955974
0.4377792080294559
0.743024644825618
0.6031398253113266
0.09940127563864906
0.028819980898873398
0.03796944080964631
0.17331508140250879
0.03993137789481968
0.0556511513683397
0.04833572904339907
0.14550538707820576
0.06681572133973165
0.10373677510295098
0.09681426395711133
0.3870200044453696
0.03842976951381861
0.03897859485316492
0.03856770487817614
0.002683947681780828
0.06751406026718504
0.07481568221802917
0.03636120140523163
0.06188955798912164
0.012059413900288049
0.05158838963395813
0.9454416897526257
0.10616005070322232
0.039840145540422284
0.04252926897104675
0.0875918530996273
0.04205912864502737
0.022334736977935123
0.045813211871611144
0.05763036863297795
0.3610347918955598
0.07958009982859754
0.10111873272399317
0.040818163280835526
0.05870730018893859
0.05742704588011028
0.3922837767538738
0.11449054763988796
0.03320179250896987
0.5
0.06178737507861938
0.035184629099794494
0.042218927825218834
0.06071938113922821
0.061209718376567045
0.35967529299073464
0.1903989986386807
0.038936801190562774
0.06994710260768712
0.1400979345352302
0.05233976133173277
0.13918760059958843
0.04192107114020701
0.1523570471068135
0.050181010117436343
0.04495760789887816
0.13322223455751864
0.07933816284389893
0.04765205543683209
0.03690653792023067
0.0938544554124782
0.0738518806118579
0.06381860983685402
0.11171121648289105
0.04041995250097501
0.06203248548495953
0.13159113423970417
0.2527476230880471
0.026501497201990902
0.03412254880259172
0.08059020476870986
0.030333527769924706
0.03532341646420865
0.046973779275336774
0.09939674496244318
0.049089005191891466
0.0333743047929093
0.07356384995403414
0.06010553585841141
0.028824758311699002
0.055001237855924826
0.05224288383869359
0.05145017894969596
0.04406464950259468
0.04060943674186303
0.04490968088544833
0.0276535677972762
0.05505812034553252
0.08898245413716492
0.010398411222216757
0.10437884132869094
0.12911839306424563
0.4090607579955931
0.02496780352260762
0.05945015448937982
0.0591256355776668
0.052856921418754796
0.004506990786799213
0.026306005995372077
0.2940356274402144
0.04529555824722116
0.049026747245194166
0.014102934760348637
0.05108121787595491
0.053502549735785214
0.047164300636511766
0.7264822238884707
0.47541277448974906
0.2749707028765312
0.13407311925494136
0.018619987412526195
0.05585555835733234
0.1502560223174099
0.051634418777030115
0.07674316300737462
0.03206525707931753
0.03658918455976298
0.2784102708938303
0.02504886245053092
0.06406954949188144
0.038260240090228964
0.09255798543507232
0.017098308244949307
0.06710548563406109
0.06190721367799494
0.015437669709226016
0.03624794934780421
0.049441014036992866
0.025852720029445553
0.030955364758175164
0.03937886608138534
0.05921814638195131
0.31449279508970995
0.026606078372674518
0.2684169386134608
0.0022230464171039354
0.04606851492585227
0.04426367512259742
0.03764039142179884
0.03032281683564108
0.037605010209814216
0.0027879904379808497
0.10879432445520472
0.0416651482309012
0.049574093310584696
0.09379679623377553
0.10336071251040219
0.07223248523323518
0.03581644818066305
0.040357956506545924
0.04555945711412782
0.010660162170532955
0.04983113910981596
0.04122754863421625
0.029895562031022664
0.18251444767276537
0.4004386134782545
0.030595788585121995
0.052299599273201804
0.020389199023396885
0.028817777163136996
0.018648735042239257
0.020183917202743495
0.0439333090762054
0.03830596973324614
0.15826257688540557
0.07970435067731059
0.001728500682849318
0.0048030965134979895
0.07112110793843686
0.0424809851903687
0.04998428677853545
0.03456254099176916
0.06487555716271726
0.10694744165585837
0.07624976575875583
0.0944961159399984
0.2835527065621325
0.05682496296040891
0.8350123541545609
0.09149262760337394
0.053615228331320215
0.07039658799142699
0.04623385200555453
0.04619154187600894
0.24226748659085676
0.08189224865897109
0.06394108432969692
0.10573629317294587
0.0093026916806476
0.37964502952117035
0.07386752216277262
0.03438441888504211
0.09890064665932655
0.04515342698003867
0.061104639792122786
0.04052754325663422
0.04745975250964233
0.21648082567108723
0.06694294880588031
0.02571993924544976
0.029189298763922823
0.07669298093755915
0.07480885566555551
0.07579359777909608
0.03663210738018575
0.03929194309702119
0.06480723608160135
0.06125568600472117
0.00771823486352755
0.06726060117263398
0.19356300810244992
0.5715931367966528
0.021621108997947815
0.11695762657052036
0.14405457511492906
0.015211185469508016
0.10083346502093463
0.0317720447212188
0.9965834823202162
0.037742847305523006
0.044155258583754596
0.3198978824687494
0.06849306100124963
0.06431458343740369
0.08723561111597754
0.3028654674707554
0.04270166310765096
0.19416631328847886
0.07109220260166575
0.05230798285380632
0.058197879317985306
0.050448300032496673
0.2464558996574361
0.06269340852747225
0.03674447182194692
0.26246222316756374
0.07622273682122903
0.37161146449440496
0.045548424930227344
0.06886677041623929
0.08093154961114359
0.06547622817504428
0.055640086832596615
0.045681108811760865
0.06331448530282358
0.035385107746886336
0.0034603392998382517
0.09777517202967179
0.02618121987854752
0.03932606791312658
0.027545112288833794
0.2779034765791544
0.010057014073435804
0.04565544096579922
0.056135927025696086
0.027364916699411736
0.8269961846298702
0.22146269408757158
0.158911617883623
0.012509290897018611
0.04316986784758195
0.5363579454212111
0.9214071145121258
0.057967276007174634
0.04382993659287681
0.023719516021009388
0.19616500754172872
0.09485929898891386
0.07674605589514401
0.08324817057087631
0.1573022297647103
0.07134920316280827
0.08892613708291618
0.1427463380814952
0.7221729478171616
0.08320231250430957
0.07503041823458843
0.09534664893243994
0.25342918505007356
0.11020479841586166
0.5349042798012141
0.06259086315482416
0.5798456198360741
0.648989343494289
0.29028722557146075
0.5135124816364587
0.07620147656775556
0.001400731813243128
0.07354876209452382
0.03984967095415769
0.06520354795766965
0.14072718088595676
0.07614090650489375
0.04742362533959774
0.05272259974757356
0.0573675713446826
0.23859916568236805
0.11974705700562352
0.02207902196551893
0.13805447668883347
0.03560007268390433
0.04264277147548676
0.04279392702717623
0.08700856280866202
0.09002155674167026
0.09608050252851308
0.7101892582172348
0.14611392926232536
0.4560908810497572
0.09643050859151682
0.26292885354399687
0.3140880475622658
0.5190878828893094
0.15766523947955702
0.04237047507294445
0.030468557979035454
0.1641652806956521
0.7523386124584076
0.11332781016741122
0.3524760023534415
0.029349405052211404
0.4016365906910961
0.15306765554313426
0.05387878469836888
0.12433221836065385
0.05514654375650557
0.059903033114205036
0.0716514315104143
0.05255914042410327
0.06565294476982969
0.04942541592124723
0.025056892485721398
0.04982767201042366
0.10473253894597068
0.05910045159387887
0.22085825141167373
0.4408685201257367
0.3321542546024838
0.11813014819908961
0.1160281086410851
0.21326003135917485
0.8010641178334765
0.060327383786767205
0.05922588567058283
0.034993318975062714
0.7972841841480751
0.4302125923634231
0.1031198250222537
0.5431190271119811
0.08181960126627068
0.04410080823620082
0.01372114025325765
0.7937338910634222
0.9999813028469181
0.48439561335316306
0.9999879847989733
0.09818273456387293
0.27376657211018585
0.06118391495793861
0.09035461496170367
0.04620514420460645
0.07175401204386764
0.2481582577293999
0.20729698722745635
0.12016802839249473
0.7432028113246864
0.05529294352633593
0.06508329109727756
0.9914919478401855
0.5877335730745089
0.992032464481089
0.4686946405987955
0.048331318172572926
0.03466498956127263
0.0458413460765007
0.9785610795301101
0.9999999993790982
0.10697681356323575
0.988393998241319
0.03052328906095948
0.067942429482336
0.04882468602117699
0.16960408132217666
0.05302446732656431
0.03733539054248969
0.05189627052418555
0.42311260292714475
0.16623436037651187
0.07650260271261367
0.08979146009570968
0.06720503614150738
0.4311656888452718
0.46191557904942376
0.1268482833052739
0.044456511342362816
0.039139221806823686
0.05208473238526357
0.20042982110081828
0.020131731946600916
0.7733455136325388
0.42899306477955385
0.19733063862610406
0.3736069455472822
0.8987668882401526
0.0214899954247848
0.6445937533666704
0.09365488366323688
0.027075238183209276
0.1332855997363967
0.0497047887196725
0.2886752957361358
0.2815027270290077
0.5396946018310531
0.11873510704442941
0.016529541103920197
0.5965466495946039
0.0318037658937633
0.0826785615254672
0.05727408557450591
0.3038687636783416
0.03351248097913553
0.04343557743265205
0.03422670666957316
0.02454734062469591
0.018596652423228825
0.051033997738694825
0.060571247908018516
0.07329246714380636
0.07526334799012886
0.043891669566845815
0.043544921089018286
0.031131443903938898
0.13481182570606062
0.0744552914465885
0.38045487317250887
0.05745521292531508
0.1268022817136167
0.025085724511666723
0.14859832526649355
0.30010068947161855
0.06948817935359991
0.41536951325329863
0.28810276195937784
0.0522240881533647
0.05110024556266587
0.01683137706153277
0.03715609629566226
0.03501518919955752
0.1571580365156496
0.02398948431588788
0.11894558507216159
0.5233767376868911
0.013885299279251667
0.9503272635755156
0.27942425454103226
0.03068962202671145
0.048871583317918
0.08647819692269869
0.011152663764544123
0.03811844222502733
0.038683601678859536
0.10926997366336091
0.06290703153117293
0.07903760770631013
0.04035040054616323
0.30314007263203246
0.04782119802656362
0.0434655066200347
0.9080808846374405
0.09517878086144645
0.042006211840964314
0.13441467480488842
0.21080286160447897
0.028388809578586423
0.3173638139913057
0.05019024994212387
0.06630397233958099
0.05327171518717307
0.05717400630763236
0.05552025600801349
0.06869364018937787
0.04622273257573658
0.05029899207795465
0.08308303982053195
0.03985740426841703
0.03807341163051147
0.5599356834008934
0.06188982592472508
0.03880029629961749
0.019117336237449732
0.05072316260570991
0.07476486076926443
0.03903716618639398
0.1325571606699557
0.051970550234789394
0.03580196539965625
0.014665810396242667
0.0899057599992649
0.025500363048122244
0.2716219273153597
0.09981024869086237
0.028031577746017868
0.04875676965262143
0.024920370282538757
0.04662426985313
0.04690926229562264
0.034110181369386997
0.045928531116943096
0.05839432685890554
0.05155690268620118
0.11034686659447485
0.009923685975792339
0.008401343905056693
0.04578599633098101
0.9648024334347824
0.8342224062652499
0.06211936232182516
0.06925392580877586
0.03780050785885354
0.030040508811625614
0.025657352764516722
0.01849319841096205
0.024514389324613976
0.03388352147047404
0.13202081022123027
0.06253415394430048
0.05403680426464726
0.03142134909672598
0.04113584155834837
0.04344869569608622
0.061402201728049305
0.01987363884468352
0.13713388690290093
0.05578469716765283
0.031003105786949852
0.04882308113052978
0.22745949868043133
0.26924465091930994
0.06282248453600196
0.06277956542333474
0.09214698380044713
0.17881811286322702
0.31997691485278357
0.13200542546822946
0.10793699342892434
0.05612184012110284
0.12690383605150196
0.1694086750579986
0.2629410769465658
0.04280091043162049
0.15795804314592818
0.0641298104642937
0.141996719664834
0.041643156588854736
0.040511699527733806
0.1172310665407415
0.06352170146699067
0.16482202795150888
0.046917695226424326
0.06202996254902816
0.04202905894164517
0.057553464804956135
0.038639823979178395
0.15012987392231347
0.22781509042663692
0.05352122429291529
0.0760417112641199
0.11363623514185722
0.06028417990372792
0.03494886673238388
0.22961988065790598
0.060021867486618086
0.022731175148964014
0.042292307463802324
0.0721507092149465
0.1085319517027415
0.007889375023053799
0.22808633369432896
0.04329075101865947
0.3029716056249956
0.11701460453564248
0.1410978230274833
0.050737638779630584
0.2470538451527734
0.2043613867278584
0.35385925454410205
0.06533370542733426
0.06359333355711952
0.12380161659127348
0.05097462427115492
0.0859504722072035
0.0609983860823933
0.11632539817301832
0.722223560992835
0.06358733169605282
0.02323630065552132
0.025522869149747596
0.036757379306312385
0.18824555599301357
0.01963650421349066
0.04653132777846458
0.052609544845691816
0.08452390979787652
0.05407165511620647
0.045796888018644046
0.6185903919541683
0.04459392344220725
0.07038443512631602
0.02336921379537027
0.061580586118455655
0.04738771984128554
0.07995732882865626
0.04929826807539913
0.04409034769476732
0.05596088532130652
0.009036017625511173
0.047529283972279
0.09909248146938976
0.031174933118688217
0.01902231856012039
0.14966061227242666
0.07300826419430063
0.002300826258582959
0.4762689343215023
0.041601205082654164
0.2985221706839488
0.06289864423083841
0.12886694648321864
0.2669494152768933
0.03577101712539279
0.2568263657507302
0.2744270092366743
0.0922950840053275
0.060126481438860714
0.04165568453173224
0.1498149829815055
0.12337481822872115
0.10238052670303639
0.04772850523881159
0.04857443387211283
0.03792649657197487
0.032139880155033336
0.0520081837926893
0.02882046566751989
0.13354322958014214
0.052646334556644074
0.12940215611512576
0.047390310609108775
0.05679230382743961
0.05648437391284315
0.29941226440553537
0.1111801713931865
0.06063012163159607
0.05902720357975033
0.17206230045114707
0.28283236756901897
0.03486450552876847
0.046390593117433265
0.06213114275584681
0.041044618570230444
0.1440346422391558
0.03618544924729665
0.0640548808211182
0.05100037036204231
0.2418248919377148
0.06297407069059657
0.032438802947361164
0.0419943000622241
0.02794906815472701
0.21174940184280244
0.12425746358010377
0.0915264149918505
0.04816772984665498
0.03570482508355078
0.0638668915570616
0.04482476006075318
0.09844235742119213
0.040685971196453015
0.04316724304678492
0.021373136246596192
0.03909776261102762
0.10685963053366417
0.01624891385405729
0.23328999079682783
0.07104844988724722
0.055709186616694474
0.013096035944713971
0.09610421901861152
0.04506513131788079
0.04026795737540212
0.37828957500107685
0.19677522423333052
0.10438083407329758
0.07678249355172401
0.009000567513994995
0.04847192175721033
0.0613498127585535
0.04457005540411488
0.018113583791774177
0.02429299943453372
0.05615403355364257
0.044767105565241924
0.044239060997890815
0.05073134386024202
0.02597201836493101
0.19983515766966506
0.017713674804990944
0.04371649145873188
0.01592170285000628
0.06052911071488382
0.06434074604299962
0.02118576992295022
0.05149505499944733
0.058334888886711254
0.04586229280724995
0.21880965721202725
0.12681348079392518
0.9099552840170722
0.04837676841854777
0.1857279032186633
0.06086600786360003
0.046415812224636074
0.0910981804303107
0.019309899817860725
0.05385889979679941
0.013683760883636476
0.052209653047382065
0.12781725567248994
0.09891066108414999
0.06524238656121019
0.08753831655215362
0.04076695591891533
0.1754040882185592
0.07733917637598645
0.020803689250911066
0.06669301411302885
0.057425649491909175
0.051349929665740084
0.08011581093781815
0.04371477365344183
0.029575045364493898
0.08276905708963264
0.05235648922702375
0.03558489657327242
0.03548903366132027
0.05602691757808933
0.0505201342066076
0.0501122842879753
0.03599772655725797
0.04373888886477102
0.027495391428956
0.044926598357638105
0.050812934029185054
0.03347553071684558
0.06324465489352615
0.04178400793246718
0.015655073845928368
0.06626406218118112
0.9999999998555182
0.9999999995016758
0.9999999603397557
0.02627291742443097
0.314069658362259
0.9999985990313676
0.9999853322224497
0.03515276357869651
0.04098281822891588
0.025376583844937135
0.06706840366922487
0.02725974418656761
0.04220243946519666
0.03424799003831729
0.06741619324315465
0.02923753107550433
0.018864514555745362
0.13116860147475373
0.036534362802275636
0.036263876883366776
0.06595267108918396
0.06572403384335006
0.05953150679880203
0.03000059206368355
0.4731462933521532
0.016642385325801135
0.15420907626708968
0.1348497760028402
0.06954030995435696
0.04925529104214395
0.4084723904920728
0.1305616599828806
0.058798786307540325
0.054634809588703336
0.024452315443310887
0.0661170670561915
0.1218422128775484
0.05415685405535889
0.18946472039474196
0.06519217085294686
0.0885937822671298
0.08969010000901743
0.08188969321683064
0.034020100349264525
0.035604940860448714
0.07064038634019186
0.020879449912004543
0.0461009364214415
0.050132598775172635
0.06967633122243481
0.05918080478885771
0.15246984561963592
0.30501918869069083
0.03580379609855018
0.22144897105606406
0.05742537331305398
0.06885515387100655
0.05656565699220332
0.0943795806825007
0.03610388855236418
0.23805195888870895
0.04642329126507595
0.23105886820162705
0.43276568789006953
0.04380314697872223
0.052083358358735274
0.032371226569057325
0.12097529833009088
0.0635213308996683
0.0372899634520324
0.01161908130986194
0.04624944399073311
0.11238024426828053
0.1568528132901071
0.1149433276705699
0.6444535269855556
0.09029519914658994
0.05425667434386037
0.0474808472276029
0.13551739720671233
0.13188654374472317
0.5779094607956121
0.17172181148089297
0.14819001352852762
0.9999999999993883
0.058549004778503964
0.5068433829938527
0.31601687928698696
0.8918179209181583
0.012870107541332861
0.23967259273488561
0.0667558646509555
0.05229228323888342
0.17734730204619184
0.14690710754823333
0.22203818929670935
0.0898044465427514
0.07640690785078325
0.0831446306288377
0.04622282301864458
0.016659557292536563
0.21257307513561674
0.04962311847469898
0.11079331937354978
0.00825376714076712
0.10790298263455504
0.030683286240760287
0.04267098208215229
0.05110087243809585
0.1365981384429055
0.04759023513459824
0.0479443846913473
0.08913021815479938
0.13439314314801437
0.430102193677036
0.17563983450834625
0.06911507807540251
0.1661485350258968
0.256008354873643
0.03327048870887098
0.044971902299604835
0.5
0.31191814701401294
0.03116811419402896
0.01513212764040324
0.2983777847217427
0.03873934965398339
0.06068841981259843
0.07663726249997924
0.039844427008484166
0.14261580331551346
0.01914877641711055
0.08829540908174456
0.13082449231003518
0.1529030777169923
0.0473559926234037
0.24475895105707088
0.03346152824249598
0.0041095634770327225
0.06537211750294039
0.020209467196659975
0.04150853505193339
0.10430580280742392
0.06008607516226747
0.07485192520813234
0.045362382983606835
0.195759575042667
0.23004140397921144
0.05636131626819096
0.7465176938376331
0.4643839163193691
0.1514626024557186
0.027568468171574573
0.03336359707186062
0.019271315879418917
0.04943223193105552
0.9273276383675644
0.15141184275485117
0.04705650808687854
0.13195713064661796
0.16995200421495832
0.3596690611131666
0.07513461622120841
0.22876085441705965
0.09827262909170552
0.07103875782233647
0.06842203461396038
0.3206435842173772
0.053173934482797225
0.2096581523067817
0.9709869238579897
0.9916061674403889
0.03541892675755696
0.018045748384149286
0.05182482730027958
0.04155574276587629
0.11705188157071454
0.05555451980526974
0.039794453122022136
0.061175294307693535
0.8412909959161113
0.03307534916088618
0.019784726621679755
0.17026342472169897
0.06815835804595116
0.32807152167248194
0.08448597409383996
0.03613777995802812
0.2340341346756553
0.13398280713624594
0.13216255332254698
0.08657000448835928
0.020586772152726814
0.08166328870236661
0.05091394981813362
0.0008775889466240601
0.5660076317446259
0.18440417807594994
0.08391718116674139
0.11804056144755853
0.06489979061834032
0.7593855310828928
0.12317761246555445
0.4001747838680754
0.9585217600676922
0.15098383658044068
0.0841360364217437
0.3302341481320388
0.12657253310524264
0.4341643487491427
0.08112569766192937
0.06626338470154852
0.07418466369877759
0.15114986139799527
0.9040580505334261
0.06993856621687557
0.05716620683263819
0.060328061546771956
0.05281197581825206
0.00673144078266137
0.0334348925761198
0.015342434942840832
0.026427465642760252
0.024038960208962776
0.0749339949055375
0.07561768996627923
0.06929091913238204
0.06333998961736419
0.015865161146949254
0.06743364253737259
0.1399669065209163
0.009100838681877079
0.0517775161899141
0.04474775212415482
0.05952160504902293
0.04148481298832003
0.025911465006988436
0.7656677492376933
0.1522224469393886
0.09905099973960778
0.08063786886832681
0.059599448045765745
0.058527849973672115
0.2927867447952008
0.015558788499991474
0.05115959513971324
0.04788560916796487
0.03552485124841879
0.023359683326856256
0.05727212496719282
0.1350650736096792
0.007077008335680647
0.18615432024773915
0.06278127305628668
0.043449285781091924
0.016889208324319647
0.052284762973940344
0.044050922423253
0.050287397789840906
0.09156196977997107
0.050364784376575406
0.03422770687225439
0.01074980659603985
0.009731246488940602
0.04526150261043828
0.12350221073067472
0.04116002473821656
0.02481181020079768
0.05618448846808469
0.057471950854259914
0.05617233569819726
0.07125352788646197
0.05598379482105284
0.05545041611683706
0.012638223338019793
0.05706476655026967
0.1325750978026094
0.05576399444106279
0.03419708980666107
0.016640754256957276
0.05885256492052267
0.06068285060474906
0.01681818504499951
0.4492204690656951
0.07693241707615495
0.22842346183355813
0.0889695607426689
0.17518387605667068
0.24806569519127097
0.03994616194696114
0.42654517126579833
0.02945995310893898
0.10455520702339792
0.10971751070921942
0.14928484474715303
0.023758840872608995
0.2597512810531297
0.0922545360849049
0.16771441908931345
0.03574599674390056
0.01023376425420149
0.02379887863735052
0.025125695820782123
0.033277116574838866
0.0321515246218607
0.029524284520523705
0.06890383034090743
0.4429844742553984
0.04150423993809692
0.17725481717795538
0.03364722235582227
0.04255297427494184
0.04907809761138852
0.07675589266244716
0.3223934707039195
0.2621833357316076
0.5303014888181031
0.09715209923084618
0.09966605923551548
0.1305454586683171
0.015455880181225613
0.1144202096473269
0.11753539478537654
0.060109659449358296
0.10416071061018724
0.15872183937575782
0.05712643225881696
0.016492570242049334
0.04055896136494994
0.04186331081179563
0.04043824383386994
0.03554933613637949
0.04382929168153241
0.06321463037901205
0.05413311544902851
0.1438363505762071
0.0805286342592117
0.08377787295923789
0.06104581508362673
0.06158558474250633
0.027934767638129035
0.03299524748466354
0.5
0.04536916638914323
0.033483395282262275
0.06854386762892342
0.022643309525980846
0.09631508522049952
0.03380088041205491
0.053675481629079716
0.12136654012447498
0.1307837284052619
0.07623545179077461
0.03928364109055745
0.12352342452593683
0.06416558958659987
0.018410199268742895
0.2386954834218493
0.0737441596150433
0.2714690075952787
0.2842144743437121
0.231268910344762
0.08047045806308947
0.06529360839900163
0.030699522812489485
0.07564443655076755
0.038018703210379375
0.030369632815148907
0.02338733662153903
0.26343776160850024
0.04247091387460013
0.05320538864189465
0.0531365905094244
0.06755589384294804
0.022140191583557484
0.04644784032495897
0.052785498303956596
0.2903580895713376
0.03276981792800593
0.012558550146723982
0.04597729942177881
0.15765761306357867
0.04891187207835917
0.23034290137817648
0.046554760703513484
0.7575305972830515
0.17184054954169337
0.06721877403916061
0.06551163485919151
0.35863505936471884
0.06096830004672346
0.32780873549421796
0.0415732597377534
0.04517547114073698
0.043435809380997135
0.061232483132668145
0.04086742623702862
0.04534089258925123
0.07612336545906222
0.04307331291020782
0.02251633968413132
0.465458070720423
0.06263403423761155
0.14431302444251667
0.046741646299340196
0.07983991185564021
0.035370057230771974
0.04426884392922092
0.07327942614699831
0.021582063955267593
0.008279927642577288
0.09664245113463689
0.06802933594817273
0.05546294450988688
0.038775736167730356
0.33169117825816946
0.06679337276429191
0.5644039515438999
0.09336593707033385
0.03447342427545878
0.1318628351131814
0.06200266759419217
0.09911633373101904
0.2744314604268238
0.4886823323944477
0.15048755136988673
0.39324120533513546
0.01567771425313719
0.1688521089954897
0.06520671872083998
0.06873624375172623
0.2531175284957136
0.10268604228860213
0.12707234379611346
0.17591663203897756
0.036353168107287684
0.05759746838605801
0.20733234446912238
0.03996052060541084
0.10813193087759028
0.06046899252313431
0.15029800022437706
0.026485296778049262
0.03996130325645192
0.1570686074945803
0.0655784593421899
0.03784707168268916
0.06138972879582909
0.10080326977192572
0.18243858208519226
0.07166342643691921
0.06799004191633042
0.03373406804529016
0.30490849992627067
0.3945440576540935
0.07722050864318478
0.6289267702602744
0.08373011381235052
0.15164131980190435
0.5546479754522512
0.015631664769866927
0.3696502031648894
0.030954836962252364
0.07237227091395398
0.11435188068937988
0.06459236644526309
0.09460882106184924
0.06879721375153403
0.10677622089335659
0.06918083901937104
0.45400866599686923
0.14646005966939174
0.6257670639798419
0.05074325586870458
0.027400364502137432
0.04365346623648334
0.04033505413744687
0.14468405668545045
0.04036063222028758
0.38989743752594064
0.1492469643468761
0.3546419727930578
0.09578827356287155
0.22512878364954356
0.2362513453123633
0.03867431068091892
0.045881756654108194
0.055544643562734294
0.683308687452419
0.08782920073349916
0.9911140453459997
0.25283773418935024
0.05031282917623157
0.006642504811429288
0.033875884941232316
0.03845209742244778
0.11985646599499661
0.0608688309167692
0.029189869698892184
0.5788407747549456
0.057859866274003954
0.023758659630696625
0.0776238469020325
0.26067608074890647
0.04118579929660908
0.05988186282952054
0.06413929022739791
0.3052931704115081
0.1698352372017931
0.039290854615503544
0.19950784668959487
0.09049947823456479
0.018479608387309394
0.039357522143604044
0.04960018545384318
0.03733171033918906
0.048893223340518314
0.06442374243820856
0.44847977283035523
0.04414198159655811
0.010154990626372854
0.06931094010761947
0.1040697661458511
0.7893430830230078
0.06589203738484284
0.7127159423571546
0.05320311578787081
0.517934422750628
0.10780890966441997
0.04833144352666469
0.07031689260893834
0.10337476237767336
0.04199299837433968
0.04041242888339831
0.26364345625145785
0.45482796395666447
0.04194902251528548
0.04067446423550958
0.29065516130589425
0.7368613339060169
0.02744074422225912
0.03742847203058905
0.02783318758239422
0.01107458480732591
0.08904790855846888
0.3112170644936671
0.05954186513713506
0.07355730206266332
0.025254809846430994
0.05473874092695575
0.05299149440785518
0.24787319252162338
0.26003147588919684
0.03703324266040186
0.48402740073304645
0.06989071273286859
0.07366783462781809
0.08740451313692413
0.13985961357926793
0.03681308985057605
0.03904339882054789
0.012510811021068277
0.20948059465191182
0.14404464892616328
0.09007396035885308
0.04936204523695054
0.16629850070035107
0.06105916687288356
0.061774981602715336
0.017533004265456346
0.04917235939673912
0.05549530437967312
0.037078790254799536
0.05954746277109907
0.07302348102120963
0.06974733399852345
0.05400557194797166
0.04472549636039679
0.029642735717166385
0.04705819554730403
0.1750279291273966
0.061731734205833326
0.02282298666629266
0.0466563421763701
0.03867425589873292
0.18132424660280225
0.02905210066436942
0.07050999897312357
0.05984535534222123
0.03736777059549453
0.08736001397417688
0.03469226065468429
0.042417009047364854
0.060575141262907535
0.049906678066876535
0.22638480179785617
0.12422960684087224
0.029964488710779568
0.0838740848456036
0.13563048583879048
0.10783481102874254
0.043099505690128714
0.17744033916423013
0.8376600720353812
0.01624149792712763
0.05550067668990549
0.061650093158707876
0.05206146029859985
0.04914374404625394
0.11624850551104982
0.05502503801977744
0.03598442145116805
0.08821939117984225
0.08792893147385682
0.0784443175120084
0.1996853283582688
0.20720966123479773
0.2704543568738185
0.14427100512251
0.04095489513761656
0.21318203793749135
0.1435892251870432
0.040069512259708735
0.057785923506185555
0.050795173502741896
0.07763045602727751
0.04858784230661813
0.04451386425527238
0.21369421232315336
0.04683795185236973
0.061069079446861574
0.029057554508209474
0.06853753723697059
0.05183482935158535
0.043600566260669715
0.10229753012360814
0.12082715245497459
0.2360813358954951
0.18868791812820468
0.06184343261723761
0.3886838011685799
0.06428803743231676
0.08395398651773711
0.3810074561084169
0.851281531792545
0.35222957336504973
0.5169977860478457
0.12081063974237244
0.028183322994137918
0.09664412959119215
0.0654455829803356
0.16913903914496095
0.22311171892860407
0.1570328638372709
0.15535499648848064
0.03963035100477553
0.08665898414664057
0.8045201328020181
0.17780077011313913
0.049254932464098816
0.03817202528875152
0.8809620891677974
0.06180817704225244
0.0330131262331286
0.07877611546334808
0.025277842704111066
0.09057890730723817
0.8796251056859619
0.021562859874004865
0.019676200899523648
0.019571885086467018
0.0245394164093477
0.02243547414532893
0.01610156933196941
0.041065856175898745
0.06995402431234157
0.04832426765728439
0.041335745733685994
0.02951203080380444
0.060420689791768976
0.03264300680682846
0.06370640154943973
0.13693922112751813
0.038024018838120587
0.1256073176692154
0.7285826371185733
0.027879335228905205
0.01540475222099565
0.06835997257058277
0.11266633137583724
0.0378220106279475
0.014285826664009136
0.06167436230938502
0.020457178920112968
0.060552594560542926
0.04638266226626809
0.05116369103668509
0.06885366646405537
0.22705175519562018
0.017391804644857733
0.01823515364899768
0.018711200042643164
0.011698674485838745
0.027500161415276926
0.07914895479339493
0.04663577535693138
0.041663276445157084
0.07995968768282201
0.06025265415827951
0.07583524628468924
0.025597059711255185
0.05064476826330186
0.0633989031318109
0.33586016711974737
0.08367784954659542
0.025631666955438046
0.06046275079813628
0.037911241052402234
0.0836323095787554
0.13816192349567724
0.12562333765711575
0.053607464869458644
0.03439179443885216
0.04568505888471213
0.042856034721770034
0.0738964194306362
0.08431922037388274
0.06241582954580651
0.04108738453542171
0.046651385509315385
0.03251663647045981
0.10715087525447238
0.5834742263942073
0.019938608935500386
0.03128244127486692
0.1641108323074396
0.07601606078906709
0.3219182460460409
0.2782353754143305
0.12302476309157394
0.07905724570953676
0.0810690226477292
0.016251948520062395
0.06491432580137264
0.07083118064742912
0.05158363361297005
0.258898266052236
0.08918239228602128
0.03743881355505863
0.12803158104691187
0.033224151259182946
0.10049923907898003
0.04219280179798851
0.032909181777861264
0.05899161829948219
0.08510966956400405
0.053280710515078565
0.07055159200158699
0.5615549243870203
0.09358311354094309
0.22370658399811552
0.015026221552189661
0.07510528346760341
0.2063408442698027
0.9718297738059004
0.17786732022883966
0.22331333505371737
0.2268612404412762
0.8614901378943046
0.07199496513987855
0.023477000615726763
0.06463821235810904
0.05173336256906964
0.2704658014175464
0.049172013027396884
0.03245786025035858
0.12220117262739325
0.061846180596940636
0.06180070224476317
0.06423227341372413
0.13446858384414748
0.4595239289114148
0.07925367571339849
0.055850418617139776
0.034208830684324454
0.015912794249957334
0.006627721128636953
0.04528944189468993
0.05601754794158259
0.10620643318903798
0.0500383309586052
0.07052348220312203
0.08774239589518966
0.1921363892250649
0.06101059077223012
0.1137717895886459
0.4802853787945385
0.07799676333693845
0.052312749707913414
0.2776098116817231
0.04659942984017897
0.04667530395141581
0.05533677161607798
0.002691769918580367
0.05663405976974891
0.2249731724022686
0.07086661255162408
0.043837285945494145
0.062221871924661325
0.01694778503195018
0.030872241077555696
0.061854212078551095
0.0032390600118502484
0.13506761542594856
0.15011792938835702
0.35002111441472855
0.06460866757542241
0.0890190094054452
0.11031285570787194
0.055451063552607434
0.13174026213986906
0.05046501837773541
0.023447188756991675
0.031865382054741494
0.05031920993616976
0.044534671181971845
0.002234730638374629
0.10254118685546094
0.24237597945170672
0.007113945747118005
0.5243142039669916
0.08910164227828467
0.17367889731121425
0.02974016021363525
0.07357713156241207
0.07491451240918623
0.13555042303147555
0.017977411616303677
0.04792085932240377
0.04846620162281296
0.048600579208062565
0.09654002439981497
0.07314252187000195
0.07468170746856581
0.053184139552411656
0.04438624862928947
0.09527044997530776
0.28940124612358087
0.5
0.9560512252919953
0.1409277669862999
0.5425941844774312
0.4027382507322365
0.11182821792998321
0.38215499868603386
0.08679844822847049
0.08768180255834455
0.17869706039408742
0.07787662351847369
0.03171024997744072
0.08660612100089571
0.02418895877991828
0.5900690567135668
0.03544754241107379
0.05142166505108927
0.020591306256370914
0.019395327166900685
0.06348688741832359
0.0882707134437657
0.02187276572390867
0.10693246725002543
0.06194243523294756
0.058821307524627955
0.05517295626054376
0.0958004312417795
0.4172353468890985
0.012599036272143118
0.03131148059444498
0.00921046946798373
0.05044690226962725
0.013088218404481137
0.05523331204525836
0.9440932898758122
0.08169230213293115
0.051996313845167876
0.01111675980698454
0.08893508908294331
0.2776083338805385
0.17922484043494763
0.17981820763663564
0.11168315340683481
0.10933441198137667
0.08307684151574832
0.032219400908076616
0.05220670971519249
0.03550120455359143
0.08933893057575015
0.05802423843615318
0.15165432828381503
0.11523804504963332
0.10211080000239099
0.06446940126688117
0.049769814688468916
0.0228034033424533
0.12644432059813882
0.22646392551901864
0.036175435152403214
0.04011335140403236
0.04396668442047643
0.043888672740555607
0.04188889335261369
0.02351414175810679
0.15031665191869284
0.029311475135459154
0.031987352572217846
0.09228265054461808
0.02968375690564035
0.09700041005046345
0.02788517447177559
0.018796935963956565
0.019839645844701395
0.007768359447754278
0.003786777570228028
0.1553600004779367
0.04483020492372325
0.11566404307997952
0.20393052006224924
0.09483521744463652
0.02655952232370797
0.05876562797756442
0.0317630494883436
0.024440791322021704
0.008787050870359267
0.04546061404444197
0.027821011842327194
0.044124132891845025
0.021457011503581237
0.08079783489963997
0.0601392305586563
0.060440150912095904
0.03300907207209251
0.029684364488457304
0.08324383609918509
0.047451454042093826
0.06711590235747245
0.06684910727450151
0.1402559207056327
0.13259251399720934
0.04326580077244295
0.10085100212008917
0.04692873840980015
0.06684758780822642
0.08476536617496817
0.2343365749745117
0.05132587027768979
0.05796863226603153
0.11283038112955458
0.09089692849794609
0.07972007084364559
0.029263149560672996
0.046753334296821575
0.036680279376340406
0.04325990538146169
