0.06078147749221086
0.7155843491645062
0.10927350570868229
0.0983360212083962
0.14776700575360613
0.08453266100722778
0.09506027418970117
0.10531393895005235
0.02017758818113824
0.10206824048102749
0.09242680324560915
0.05721643306871037
0.05951111612250484
0.04598760676912929
0.13427615489685674
0.06090683711609037
0.0168519390133661
0.07895147378745168
0.11915572804305465
0.08990664031726374
0.10240915947766754
0.06092122934375994
0.04778133630438412
0.12849838784148676
0.027398532666417248
0.04973165408721481
0.053176774543515465
0.043581769359567105
0.0948994971002143
0.05271782113398297
0.1299291636582425
0.024376744455793686
0.05238649394223172
0.06012542639881014
0.09391082426123476
0.13453133091686628
0.09412452376227139
0.05627136761293571
0.05490163452361152
0.034103794970499125
0.09867166261350872
0.6635969951090792
0.10683788287179681
0.1332642139034509
0.11102099772563004
0.10904193150160187
0.07332716631016521
0.41125391848023746
0.14753050301403284
0.11112376634278334
0.0615836076751622
0.1158401859552188
0.0831917887669796
0.06722227255354274
0.10075339772382623
0.06868650597190205
0.02113528688630298
0.28832782938602397
0.14686358839889901
0.09227715690191896
0.006359855546657163
0.16597377217003895
0.32053963666080937
0.022739253754404803
0.11627206678005757
0.009705578573588728
0.021553090058989224
0.06477270299163655
0.011080796894314614
0.09816369331357556
0.0800202305985435
0.08671259683517182
0.10543439283001728
0.09770146145903022
0.4596412856431736
0.04501645922898006
0.03779327059393123
0.07658899874808794
0.06064488637364169
0.07414527353728047
0.0658222732789952
0.12574326830007404
0.09250063253984235
0.08424323596255193
0.20440083076121154
0.1273351999187167
0.07035291892129614
0.048683207027290044
0.07164070671805389
0.07738515615516481
0.09861037875239737
0.039793242679042246
0.05527876884436108
0.04316390177703927
0.06339880803712496
0.08546810812735732
0.05975457835902624
0.09745616327133676
0.11433521461623747
0.03768093166355701
0.05849994588388542
0.06036201153555381
0.08773545879345919
0.7905216231764792
0.052433680817117786
0.07662593972910316
0.0862325017104636
0.08891044681711348
0.09514934480942225
0.035196604040896716
0.10236635524426572
0.1289631654406989
0.564581564478112
0.1448827690796171
0.3432946183744948
0.43235138342575635
0.1382725739302463
0.5399088003745292
0.6410898699510791
0.06293361052696816
0.31864091761872565
0.8311108297444854
0.12622174448450824
0.06964625692044996
0.9231184733370938
0.13908064372521456
0.09979493518009114
0.03608620008157378
0.12427661465349221
0.11427083559366519
0.11676587266902327
0.06964622128762253
0.5169424944355707
0.117253348551195
0.03425606831872269
0.12920608542641485
0.1454654702779083
0.11415704141797715
0.11096581763870426
0.06129635871157704
0.06330908095441935
0.11136570430284462
0.10251901148261484
0.10478911973239935
0.1032709996060904
0.11585639719752451
0.13339390750641006
0.10082628562928285
0.1024699593883347
0.10054651252480644
0.05721496309955483
0.532829287427883
0.1324474539592258
0.09229660413960851
0.25398635080519716
0.07326153838698536
0.10030265417209035
0.06442097507321766
0.12862297581042295
0.0934130165536206
0.13758509198951763
0.0968150056201944
0.08978738903632762
0.12494858285172518
0.1095251939066231
0.11140473793892539
0.10042516550676242
0.05963780648085819
0.07191611814163214
0.11837144524714542
0.0871329914451761
0.06612231928970819
0.16009597418249183
0.10180832689140117
0.13685213647604866
0.06019864555197604
0.12434802806195845
0.04385852521747067
0.05148938855235623
0.11004053676076528
0.017113019890671037
0.07506846638331308
0.06059712281575993
0.03561900366459944
0.08791682725233152
0.06776055146759064
0.5566700412684714
0.2012192550583256
0.12130598748181441
0.150770539293729
0.08264286683418917
0.21181082608230659
0.5
0.9390786138881746
0.610549927478717
0.995547116974972
0.39398010519056975
0.31428733659473934
0.29279215177306694
0.6245407283932992
0.9724322612954521
0.46805348950111925
0.0804712479894147
0.12497211509657305
0.33677101049989083
0.11767519299915559
0.13597504648571904
0.1299468493950776
0.0786861664573691
0.8169842610635375
0.08440322869933914
0.036565253658961086
0.02970411955102492
0.11931496694385371
0.07426983045165013
0.16257063754064072
0.0936037073118154
0.13275561419718407
0.08163670651243662
0.14202340149865714
0.11076099855402073
0.09719074371362141
0.09285002121312858
0.7977778854687962
0.4401206388166595
0.9914798313759838
0.2906765688119042
0.0743471662745228
0.10360941781565156
0.17714725864645303
0.07045183271834277
0.2219503265440372
0.062258907252714914
0.04771774295720241
0.5
0.07387045363578727
0.11704693933391937
0.1000367514508589
0.09905807354229425
0.06551678844291878
0.07534891701119147
0.11072173990618465
0.08164488884970061
0.0773700470602577
0.07699995603711612
0.1145269099837562
0.11913437332813154
0.06264775411693761
0.0790438572469504
0.08327778455351857
0.07753417316602104
0.07104005974296257
0.05687709828151368
0.06839991368582393
0.04419643536632564
0.11191759081668602
0.03498072477316161
0.07562041939191443
0.16391192804525348
0.07614299202543387
0.30719898863887823
0.10659919779611442
0.06505790775514421
0.08043129705909073
0.0037411507864307265
0.7425107810437496
0.4161090623800826
0.10260419221923162
0.04849842129797859
0.138575608367326
0.06963840142749697
0.03527216923729508
0.046203339419257416
0.18868454156909453
0.1066219246462275
0.11387019306329184
0.03330194421628886
0.09736550500539758
0.10031100141140978
0.06244225457737396
0.032502762103786255
0.08295357125898305
0.5987521036693166
0.3340127329085773
0.9547243895074693
0.0671287240935414
0.12204507966347283
0.1345993879194666
0.4611680177369312
0.09635867399744258
0.0873366961029143
0.988670948501628
0.11262540986209887
0.12461623776796289
0.08800290987071932
0.12074088628415987
0.04962934376708623
0.06813801214757416
0.07299053074970455
0.09203176979589833
0.06195817364225082
0.12680001421613354
0.11236584179904995
0.10856143260495546
0.10097018066050611
0.13385125816428295
0.07040812197453625
0.057068253890993445
0.0572898141790959
0.11979302610881531
0.06761596120104629
0.07927980263629009
0.0859157699317774
0.09465524317080067
0.10298397366503059
0.06704764514220168
0.11320282138846943
0.11965678856381831
0.01955832931535668
0.02189829784038861
0.07965912613512852
0.18014946843656873
0.08788434577018706
0.0672473919583057
0.06644397155485894
0.11213370959785267
0.33513328673606957
0.05983537078024857
0.05617576577265958
0.07701613390963911
0.08616014443647126
0.07540675619352005
0.0966533452983169
0.05677579956541721
0.058232322111774745
0.2161012327365828
0.10136348293061373
0.04171959375335167
0.16752201044108925
0.09180852171117342
0.6449515023371261
0.11286554350839881
0.12348570241880713
0.014298714214642206
0.09627784942339265
0.054089906252539635
0.11852335465225929
0.09568315065428178
0.09099498475554672
0.06772614295107358
0.04748208176236047
0.022013581465111044
0.7074998509708323
0.08334784553384107
0.13294173912002796
0.664766608031939
0.10687428952315717
0.11942522274801673
0.17646191287350016
0.048082837248520215
0.051865556720921906
0.07892393287720036
0.19623584194258484
0.19660003505878926
0.43860178271665334
0.06770118097798809
0.11013849025056943
0.473672098731104
0.7166739819552268
0.08942104303451741
0.05620079903320795
0.1514841644367418
0.10100902968070723
0.07235856723123124
0.08526590157425173
0.09726995687657976
0.0723657923857268
0.056971124506820764
0.058199338873426806
0.06012123884151637
0.11076771559825199
0.02497050718859214
0.30063826815517714
0.31603383317266276
0.38131818125448347
0.05948252708803121
0.13776013417982969
0.0938185955978184
0.30531521719222143
0.2133088214324381
0.1170072760951961
0.09620151288685194
0.04882933350239039
0.13743892733625804
0.0965877097944392
0.06586125267596663
0.05706067343104737
0.07493469996319946
0.08106632478687231
0.025610342665119714
0.11480695417847835
0.10837787443298517
0.13272985835991843
0.05477075627028305
0.021899211500452306
0.06159569720090552
0.07349519115437586
0.17640594328898646
0.029066352056998104
0.07018941346686726
0.09308123327736872
0.09139343580190927
0.15879411270011495
0.04284382387077036
0.4010317670155023
0.9112141339599157
0.09097794443472706
0.27989342401937645
0.08107665266082767
0.1040974257642411
0.15752417388289525
0.2340280964602435
0.11300979178369573
0.06244421983097419
0.036327950688377755
0.10273754974637557
0.07724939708387833
0.08454509191504668
0.013825715304051023
0.06478454654236361
0.07196139824371153
0.062280631371306426
0.09384110352344632
0.06396408059929407
0.07805818993999204
0.08391114800768364
0.054313209903054466
0.07259194776207573
0.09065437959583472
0.05722654451436112
0.08846399959772709
0.07308857501611249
0.08837486544768464
0.0804843932749902
0.052625892394999214
0.05719891594889303
0.08762020174304844
0.6733199683165827
0.1215375057383771
0.0840524280618126
0.08353726891460923
0.9999908201582316
0.3073083681213752
0.012345196461825353
0.027630495487989935
0.42915097782530376
0.4905456831311381
0.15662188988038098
0.0696636500837968
0.10828092636553552
0.12560366435464523
0.10197441897555394
0.07518762194222028
0.060983848496579986
0.07195967349208977
0.029164629658045692
0.06325508298215862
0.38998749001293787
0.15480689056577582
0.11587564475536967
0.15238121829550327
0.15017833944683298
0.0824238606550763
0.2691826960438981
0.08049333508048707
0.9958670539170579
0.09786084193107633
0.07665003874389173
0.14350759232878996
0.2356041675449145
0.10358284308712076
0.1488975305377752
0.15016456119032362
0.08246617093636968
0.07383828795880769
0.08034848940806848
0.059795766177273335
0.09392067334599548
0.08813895606424445
0.06873035053243859
0.9004891763146062
0.07704460079068516
0.12233748241330321
0.11915152515517673
0.6089507743825592
0.5563096304920107
0.1255810501520455
0.09444129268937933
0.13301407262665652
0.06491465587627948
0.0034454352681061342
0.0738437283928931
0.07231408094066966
0.09145346186955303
0.013105738535203498
0.449244937526407
0.1537303512430863
0.07269772153566484
0.07397650815125452
0.09448655558586502
0.150254333141407
0.07261949608100132
0.11156908099715726
0.7644399684547002
0.11433623682242416
0.07596837864002681
0.0674631197083859
0.12825420874936228
0.09631838319604354
0.07638678243586863
0.05625799223419136
0.0991255377517572
0.07696724498939155
0.10841409539999448
0.0862876458505462
0.10684075109233619
0.14582482303990693
0.07166122072136917
0.06187965013862736
0.07024399349325461
0.17716564936203494
0.1201379039412655
0.07726782135322607
0.07142162972513252
0.06872537659078141
0.06173631014145729
0.08234470147880847
0.023018507284431413
0.24391301948938404
0.05723130916370414
0.07105358395136177
0.09912109688587892
0.10164645019888763
0.06103593516838271
0.11451752475512242
0.109777222572239
0.10533912264927686
0.08865364318383123
0.08197434850724226
0.06984602315910923
0.04786737730047127
0.051987999628138756
0.08697691395694133
0.12946707894988227
0.2401494183856899
0.6000441696492868
0.13791463820918115
0.04925616239555395
0.03655067482461979
0.07999883134912944
0.05411587873497963
0.08380586000644837
0.18082541661404283
0.9328873794067486
0.0723007937614106
0.12014166816446477
0.1144661145518359
0.06412717080755062
0.03231726465037321
0.08000117113829792
0.11469329770347714
0.04407163927575417
0.09925062627449575
0.05241882928312074
0.5360039938012912
0.07775109700984188
0.1604694071665444
0.22758087500133867
0.0526195256237054
0.06407646009548826
0.1214622636812156
0.07078336172897656
0.2104628807608164
0.06869015978792672
0.1448720151519597
0.07350695760260309
0.07680875775039075
0.08797145369073199
0.01592983862936879
0.16801807038927746
0.1070830341904067
0.006696090891698619
0.09925615847043569
0.07993395104359895
0.11861241004285938
0.07548355601387244
0.09246303436463921
0.23138031164985856
0.11220778323107432
0.0906673711572608
0.05915524256240962
0.7980827886263411
0.08212883860827877
0.5440713683970942
0.1523771556923713
0.07458740788311159
0.19811764329196607
0.07993488148557519
0.10292272632572641
0.3366566317359153
0.09228006577133491
0.12792770994358546
0.09778229241134703
0.039725614621819956
0.609377381629861
0.020715579468498564
0.11342679693953653
0.6913759736291295
0.18781415236441826
0.07281295994349786
0.07488875029902219
0.09055438214961976
0.32036674755401834
0.0964464431614875
0.039550214487074055
0.10132583791879568
0.08798883444793193
0.9489365262113321
0.08676720275962592
0.08465576655599127
0.4778557755112354
0.08361927061601314
0.37536305817302
0.03335827262815966
0.6906861346325428
0.23298130239961817
0.25686307548622456
0.09413806937368696
0.13727717180940993
0.09224784984103734
0.05914610899402129
0.09873870626729547
0.07652112482265548
0.04314026945472869
0.14729773282240616
0.07728225751439463
0.004035104539655082
0.09462651337524612
0.025651068620643064
0.04005483043976032
0.08675377660098482
0.12877090793510765
0.06230839900134552
0.08047356731887013
0.14378648337523212
0.027330262028859586
0.10711590159586827
0.07282223045148685
0.04893506748039364
0.14033734332703068
0.03194727417048353
0.43284244513783465
0.7829163017253923
0.24771440076691467
0.08027798120642207
0.07070884292037556
0.1790470260368421
0.16841456245110945
0.13924219510659702
0.12521548349346895
0.07215086556065406
0.09586240615063461
0.033899947146560035
0.04305698716921902
0.05046376333652922
0.883699388128943
0.25150570522017957
0.22227863419953364
0.443466072940188
0.26416531258703974
0.12366027386541119
0.11089808012456023
0.08895826304947202
0.023892011579404
0.03457567592106081
0.04267952975036884
0.13589114123242224
0.12761866105505454
0.08667123945957943
0.08166918966871467
0.046600782529430965
0.07956341221790603
0.0889073568548037
0.09252374580821766
0.18513355920164132
0.1375069814501302
0.16178083765226545
0.06305303740111165
0.10222475507192101
0.32813452431112655
0.13160907051503548
0.13743468532097342
0.09328456171966434
0.16340347233400068
0.16732055574177415
0.07531640100662992
0.10636905080906976
0.06987757052091788
0.2549269592083799
0.06952719515754328
0.05660517916568228
0.07837967234851094
0.10251064081349388
0.17460817257757638
0.0006641050966315371
0.006722293452109235
0.054027110136475376
0.20982806714727417
0.4192379848652802
0.035717126097030205
0.5478461344388963
0.013289588746116911
0.023548334762678588
0.033601775308294335
0.023236052254802016
0.006347881212028092
0.04492611678212354
0.10613986664770307
0.08545057378393343
0.07258119580099753
0.060749551136757535
0.06657275232891646
0.02755811257190742
0.046584391273116955
0.0711573367013386
0.04299533968347347
0.0557415075452054
0.05335727908040832
0.10784094386095046
0.07649090003133706
0.04924756979351646
0.2392688655409516
0.1083816665496929
0.119760096369142
0.09612736680186901
0.08100708139056025
0.11359591886252839
0.08147582322353161
0.37996926303228445
0.062454255980863564
0.05347584707207784
0.05567668805952564
0.09514083667514209
0.07292279242277505
0.05423062798933684
0.034039655094973906
0.07194477295207895
0.06352228433879499
0.04158634986221813
0.05199754288703902
0.2220534146828849
0.947735235080159
0.5
0.8154474934730926
0.8106953869920762
0.1138416144567677
0.038626947397951146
0.08879914752156398
0.06290540010773983
0.12696339880854454
0.11363515725772927
0.7881793804410682
0.08982067865333059
0.25619058684649404
0.2629403790731336
0.10622406391572412
0.25643335952342383
0.1377366006260402
0.06969129424143103
0.09682147272323399
0.05331061523963144
0.022469872758629442
0.2284684210334819
0.10201800653478128
0.5099653866383457
0.059577953347848094
0.04724894023243286
0.1310449783114138
0.0872612999427548
0.09333366760592039
0.06662868412144392
0.16126958302028027
0.07327442205328673
0.04838088933246641
0.09909409558621679
0.9999964619923883
0.2761588139644057
0.1323155650466696
0.3126281006370578
0.08547375903379183
0.30434712862123275
0.079573245818358
0.6023616324083217
0.06482435946099684
0.08554935563976462
0.054453386291608265
0.11597023599172268
0.13054510342886513
0.05412237332700879
0.10995970999323543
0.06101436491449174
0.06091395087708254
0.11539008752302574
0.05660192844002018
0.11236089130067783
0.09389153542313998
0.680495152162115
0.14961344623249842
0.11296152276357062
0.06167368907246292
0.06704395632231235
0.016123315914799166
0.032108510615569685
0.11044218478466862
0.06953457701313706
0.15396557675632316
0.06576881320372588
0.09908128607924858
0.06782860119350707
0.0597515856539705
0.09900083008949534
0.17189174119961542
0.10289910071168748
0.14532627795998324
0.22357063063894203
0.20503374512028405
0.04593563790256552
0.0833236726348055
0.14770719246016345
0.0911017482206716
0.05300504010836561
0.11255182486510572
0.09662282869064459
0.031920898411525275
0.05287782214879014
0.08978373483666605
0.057634050668280055
0.10879305751702302
0.06688676233126674
0.06445512267035872
0.045517158114340414
0.0789351447926462
0.003014899376452394
0.31909222344341986
0.1187562156032513
0.08064530864111646
0.06186917172494627
0.042968809709143935
0.06915174816333755
0.07298729293038438
0.013592994864123143
0.07404244418796707
0.9629229580406861
0.1293818979958688
0.10340033835788871
0.1057860418955926
0.0684514912433667
0.11305077757754423
0.11474115061725323
0.21339811874286743
0.05911130209309687
0.10150702007257983
0.12411690486568462
0.11065406153919746
0.1251988945302552
0.010626418647344767
0.006342823960370389
0.1234550501729561
0.018568343126527706
0.01914129331749343
0.042827176353945035
0.0576732685187106
0.05785443565937116
0.08817695917412519
0.053309256402204866
0.48235127205226835
0.07916584154008116
0.09512328538142394
0.06149507771842399
0.07820209320520964
0.13362590773900743
0.11217845572271724
0.1285869682535389
0.08100241086537927
0.060960631841222995
0.05649787983709658
0.09344499936905874
0.050620766523203846
0.0700945740383682
0.10910554519208336
0.09104788861287794
0.15532037726732975
0.09760712122349903
0.1271554499987692
0.24233567481137575
0.06914207324699201
0.28299513098873735
0.8015549079161745
0.12328905845664533
0.010166298238196071
0.07905502218513129
0.16328205928512235
0.09474655533374779
0.08758538661752661
0.43041845383142496
0.10371455707209565
0.071044378772546
0.05690661124552125
0.1669817419585734
0.11641604485125338
0.10192962331642783
0.11378747594623136
0.050803125607246584
0.6572908463071504
0.08876046764953531
0.2527765712669042
0.08180382322058104
0.035885737703917835
0.981661392740019
0.07384749079402213
0.0840373898481056
0.0593734336643467
0.04542382377129781
0.004100528275930805
0.09108060075212596
0.08677230994733286
0.14437675828752425
0.08272547811189127
0.06400426091013854
0.2235864449894231
0.09603377507522017
0.12875327484910315
0.31637674624701234
0.14993461878442077
0.2587955060346509
0.16657639398050333
0.10726572909256857
0.09335198087417754
0.07470704964674857
0.2980894395824554
0.07707773159352757
0.09786161385126341
0.06132575605109524
0.05722905034389217
0.4546360508462583
0.43146201098785636
0.19561443749089208
0.0774883257853162
0.04203816840651765
0.46685485704140006
0.20167686172370813
0.10448840173483577
0.43457901345647154
0.4095809958463605
0.6749308940142752
0.11348377359486889
0.2922356105938093
0.5459265959932906
0.08560177514579724
0.18982106674073146
0.11904688039472568
0.14624746837259045
0.0992998082171832
0.03110609753343654
0.4221456423860105
0.07840603175933068
0.977023761541747
0.7574622342715809
0.08074827525061828
0.04341102603679057
0.061470203880870114
0.1594759991783406
0.14863792151423263
0.042606144432775446
0.07179596464225373
0.06787569108174338
0.09202538771491439
0.05976831904480112
0.6833446896324292
0.11073846266695414
0.7294969886417608
0.11722910920355421
0.12827486644927844
0.08939372565355301
0.6494365971265477
0.07350683295811822
0.8650690498471509
0.9999999977278946
0.218865370228631
0.9803845523059033
0.8582793373140049
0.20607609928937431
0.22075993969428528
0.7507588497012476
0.9269602505357558
0.23110185166971622
0.9584826462023782
0.06129212683390153
0.12745795379651692
0.0881061137221018
0.5476333461207038
0.10254603432320955
0.9999999998324376
0.06837266940427589
0.5
0.044285733821213785
0.9712585826388687
0.21110928114734842
0.046715288515688826
0.07394111129635846
0.26611678196202687
0.08988850143839332
0.06597754509287494
0.053539632076932575
0.04125648610623274
0.09797739612377554
0.09308080594117851
0.060296936943725093
0.07609989909003625
0.09042321863436725
0.09166390614269859
0.07518341875689262
0.0819423959125554
0.06331383690384364
0.8185705314851597
0.941818835871339
0.13719635365510877
0.23640411278437137
0.02940951989773989
0.08343637617004206
0.10668811107899419
0.11785188777785854
0.08823504878920815
0.3186464126026542
0.04297359420476256
0.061497467237692276
0.018070457184212158
0.1347098104301714
0.07994432644878097
0.10048452955725401
0.05619520000873941
0.06520105574752116
0.05503477518032876
0.08665284085003878
0.9999809954632094
0.991188085235139
0.7308879777896683
0.13821598274202726
0.006068351955020701
0.08381604978281161
0.08158283265054517
0.06956326113395503
0.1571589105384604
0.15251399846532257
0.05954502722978569
0.07765448406818298
0.08304561207417187
0.07411780343227994
0.06495993689064401
0.28107395007403413
0.10696528005643226
0.08336869533003766
0.09989454898361017
0.20495417976071317
0.13180121984766285
0.09613308030396245
0.046402560742267694
0.048899581567884
0.10936999938808387
0.1208901207353882
0.06460051867541307
0.03944504495141539
0.07113253789501559
0.102449234993167
0.12604011948401042
0.11418267412979456
0.19188244704826998
0.08066025209002733
0.023172826585882593
0.020338368300604506
0.11238627700288219
0.06488296837984518
0.11520777358883762
0.05197685691003493
0.07395810174939417
0.09238972848252494
0.06526192682436845
0.08667649873156671
0.16950996271531302
0.1594904466654846
0.16622964083566807
0.07262830115590584
0.21121121223117373
0.0974626327361498
0.09058993766170802
0.11825022088952067
0.03158904509242107
0.07917432881776851
0.10724550434230441
0.2158154571445204
0.09445819923870608
0.09704555023908581
0.08750903490353595
0.020863775114413254
0.11382336546120338
0.09222864192486312
0.08393604380619646
0.08473284299924311
0.2009553960805438
0.07042150669872037
0.15314322175015743
0.08031194362982114
0.08145421714542925
0.15183887612976366
0.08924408485670861
0.052226394331751816
0.09170196340055788
0.07956038085831539
0.04135606165031614
0.8099253239191425
0.15367226934968103
0.17968234587355197
0.005207387426030149
0.08388789669420345
0.09330952837571324
0.05191880877820964
0.049043041092122375
0.11581097703006547
0.11316664718531784
0.0760711265264676
0.11026162535388956
0.04867010855532225
0.19200164201877426
0.08729705601619125
0.11568709212785057
0.09056762542307954
0.08507252733207414
0.11086935486186325
0.9999999995314689
0.08600250919077111
0.7052608756301547
0.0807690563149905
0.051236495706581085
0.14023539218388636
0.09459471490333761
0.09040768569512372
0.09890953680528097
0.09211218079561843
0.11427788570311102
0.1754032835637524
0.11134525462665394
0.07203931821568424
0.10682429554440409
0.09482580959736202
0.043186575878024804
0.0876438628149979
0.07971325784020052
0.05519141171729521
0.04910775093677217
0.10178855440575951
0.05444290913729966
0.9103761850627103
0.3823426660817481
0.25590437163770746
0.15813996185021437
0.34739667644165834
0.1577626153167451
0.1738029580783455
0.43243781525968844
0.5470143592376832
0.1919587106587475
0.10091622060930865
0.08680782682977961
0.06524975318412903
0.2169737636419304
0.040225533095252626
0.1269027768876922
0.047009760383737186
0.12164221169394973
0.12879957411991147
0.05234440111714777
0.21255732161636592
0.14837151206167473
0.12161215944505364
0.12975843892330502
0.10228683954459764
0.23979678149807976
0.06274916460261952
0.1790777521446106
0.16921371864297277
0.23207674868615646
0.9903741980946904
0.1921852721224863
0.09987605914903185
0.135119088493469
0.030593261006056475
0.06839915935995747
0.0901607070439013
0.13141183998353378
0.4531712288237841
0.9481290817385638
0.5399676849293814
0.06939890436701217
0.019205149338125924
0.059738989458329124
0.2843088482253165
0.013282527138486835
0.13171582012403402
0.03518805161880525
0.11648243177947243
0.17110277293796525
0.16095514086294752
0.10044747254042471
0.10037209568787567
0.042899092521333
0.022628116241459193
0.04717627878819243
0.009514504919893408
0.10953089204924857
0.11450163298180363
0.05252529172786794
0.16250977818396037
0.07407598211274911
0.08282199209996237
0.600194199608839
0.1861757181041989
0.04995884639458221
0.06700757378989719
0.16844571246069062
0.06429827820403025
0.05082061391698253
0.06978344943199224
0.07791277114915295
0.19008726568545256
0.07060206021951881
0.09830899475410532
0.10038556221228398
0.08361041835119419
0.08194633937173856
0.1484958331055934
0.04221164625162981
0.09158045214770484
0.3626860134442429
0.15764058260788186
0.08099315531554489
0.043529926489151397
0.15258253576874573
0.16763019712903468
0.6656887279673738
0.1474087034959207
0.06156863570494205
0.07948691308378315
0.08669094518580421
0.07447801324314492
0.029609244242523154
0.06301290816395023
0.07910712219349322
0.09505435875029576
0.098185283683402
0.07553370251303636
0.08485228217071207
0.06411819185275845
0.06523896537500799
0.1628133553058608
0.10388327546464506
0.06681471066502406
0.037679595413691966
0.07506372851070817
0.12383503066479613
0.08806834120914354
0.08302240433412676
0.07696179666489703
0.061142606176969365
0.04076461220060653
0.04489039828117715
0.03844030698286249
0.06795369807169661
0.27868577311302034
0.07146803546433385
0.060255241424643974
0.10871188240909238
0.08941533641859269
0.02206120792506397
0.09363703260273085
0.08307444491129476
0.08128160125397835
0.05853957313909143
0.09640639409676213
0.05665292417912805
0.09660936712322417
0.08101103242134884
0.2527498282921775
0.033678150644017135
0.060592687788753104
0.09628409714955269
0.41231321037435553
0.037179279212341654
0.10710657002951969
0.14221562699251264
0.14654335968633134
0.027528903152291402
0.06525102498794645
0.6613742748617859
0.0823080505008093
0.07999550040505606
0.003141040373787308
0.0984397957224802
0.09730803149053516
0.07986659007225215
0.28127590325239565
0.23401228145954275
0.2610504155051918
0.054117110296517335
0.10790104627355813
0.06709402817208338
0.0800963758377174
0.08774720228579129
0.057267222870737974
0.06058174719989556
0.04113704940018643
0.09534201609463613
0.05726243711149735
0.09667133255222189
0.07903731261461415
0.24904185132850393
0.1191321872217936
0.07647468138866231
0.08339525327564917
0.06716116569723954
0.03951310823195893
0.06414823404042025
0.10950685706447803
0.11426165390640396
0.08868355717148453
0.09821145591887825
0.2141947719923666
0.03031951181771309
0.527733910473878
0.07981207724009999
0.07422574448185312
0.061837198650771794
0.056102606237646575
0.03841841990500433
0.04537294883595689
0.01460614244830041
0.09981512356415145
0.11042925119282629
0.09171600009090883
0.14828366297004159
0.06653284798985014
0.07778730076230185
0.05948067928693212
0.05041240247784905
0.08475892133919932
0.049712175746752414
0.08818290375730427
0.07173226936588288
0.04238000786832175
0.3545668024011195
0.5060998400195049
0.04608389726783493
0.08692470966197957
0.019603513875322734
0.041880566950633295
0.05159969438715891
0.0397209405444112
0.06322405866062188
0.06449576021979198
0.023638754309612552
0.06876010497366544
0.054140280870460904
0.15356026416948543
0.1144627239114445
0.06681527076270562
0.08146630852506505
0.06155751154406824
0.1525049751596599
0.08815737818118981
0.004532053285965439
0.08810777657664491
0.018730084335659238
0.16554674309873738
0.3325537360477503
0.07229115898198245
0.08794493315247283
0.08748411427194894
0.09631049224418547
0.10182459189622013
0.10724051284446486
0.07580439553446737
0.05508251421373339
0.13315091535136211
0.0452491287829557
0.7424812758142901
0.11784270729533254
0.06769326970501277
0.0916323524518906
0.07538821505258335
0.07889879746440064
0.08343505626802501
0.07599031249390951
0.9508740092541619
0.0624815139232574
0.04863350330183026
0.07016184403677839
0.11910878598403415
0.0607600540127964
0.09650349440965139
0.07453551482343868
0.08675325012925596
0.09677008106755382
0.08835410959787918
0.005183516053494868
0.08795754566014764
0.12826965862157982
0.38257687986932226
0.0534985292123121
0.1078125930651282
0.26805516120832024
0.05232932536228261
0.16061369204945772
0.0630823370855677
0.9999998965916166
0.05014628711398997
0.08599713423034973
0.12729141209715508
0.10537481014739095
0.059873114882661546
0.07695594781481384
0.1405950719654716
0.08270823356930608
0.14156207204172588
0.07714604342478924
0.09359867103969731
0.06994079468963364
0.08266646809229172
0.44808733318508276
0.05261566229819664
0.08612333476317098
0.39079432797530866
0.45872047551673784
0.1725789155073694
0.062280105847306574
0.05520603346535818
0.10441739142012879
0.11985732517625113
0.0629725615507703
0.04385009451447729
0.09256564604155824
0.043562343703084046
0.06076221079518668
0.06908021039326344
0.08315200583659446
0.07898097622277737
0.0775442475640525
0.531171103906569
0.631777833452335
0.11914654711018133
0.06538290126560911
0.18182263353435588
0.17171068508756998
0.6501234480665387
0.603048445215895
0.10552454889799506
0.07654569260148049
0.8252365333570525
0.9916753810220994
0.0996265797298305
0.054924038485345446
0.05383419061222034
0.14747322541942712
0.11242721913087268
0.12444526111609783
0.11818484568026862
0.3534899233696169
0.24948013307212855
0.16954892099014518
0.32900537437117267
0.846599230919993
0.15166425096053723
0.06608173133694627
0.0014528135585345375
0.019787857520370447
0.0008605503776017944
0.05387547662538792
0.15206138442754788
0.27056631040728973
0.9290272801934822
0.8015256459334691
0.9433923036149829
0.10648204388321529
0.011461038185986075
0.08552422438393692
0.08449116384650565
0.1054032195514523
0.6633212497099514
0.0665366360077806
0.09103019451526093
0.10288156326551749
0.09096186734045429
0.07856891322097533
0.13400966364217973
0.04688530224128386
0.16944500532146378
0.03458034278717132
0.06035466940094836
0.12002353733669549
0.1612791943978016
0.0779706180441849
0.15206551078264866
0.21047925422246283
0.5515382035038966
0.388152186720364
0.023040395236018366
0.22578325278926661
0.12868753737192262
0.5401518557288982
0.0860619319479767
0.16872445918487222
0.11363077747130998
0.20875801899065932
0.13248177008534845
0.508880684119168
0.264357482822727
0.04257464128078339
0.19094686089072957
0.11097569397727942
0.1084989528258429
0.10261721590758591
0.08304023953557131
0.09875863653602174
0.1134549411133368
0.10416430079510942
0.02761217331018251
0.023423228535799215
0.00802483207714661
0.003630285359531717
0.3372084540565153
0.08891843375569916
0.5318043499307149
0.8629637145414742
0.2873195064730073
0.20906355081758343
0.10128589619080652
0.18560966935440526
0.8494695338067999
0.09761285314599699
0.1001049015754361
0.02647889944489231
0.9453946014708449
0.9001524886054894
0.16751769865452434
0.2559494890792994
0.06214476127457286
0.07337817213441461
0.009991095065216437
0.953086819565083
0.9999878730353529
0.9959945855187926
0.9403073226884271
0.10828572124895865
0.7828614678433395
0.015388909421675189
0.11458642489560744
0.08953104355735139
0.10897125408869002
0.09948524956698807
0.3897557841055825
0.2883494926281059
0.9021267500051033
0.14596865934186337
0.27987042915908167
0.9999944268198747
0.9764642056783768
0.9999999996300657
0.8573867302991209
0.07763793009656011
0.17438331484515485
0.07112745601577847
0.9999899509801905
0.9999999999993029
0.18174547980578667
0.9999986722440055
0.06659976678445984
0.06728084921750989
0.1358082085289544
0.22361374077657123
0.06575879754598535
0.04673075093448254
0.07013653146523009
0.09568538915365236
0.05918372153115055
0.10060939354272619
0.13668714077100327
0.11391491609809923
0.9473886613565184
0.4615316450720007
0.3938415712798011
0.07237736956187936
0.06418577285433032
0.07531506189154781
0.26000958567765886
0.024503683481359114
0.9792504059737775
0.7384819317497007
0.15923881898753645
0.8293929299282943
0.6389733637063526
0.3029298357099243
0.9556553227160536
0.27239397375599644
0.21791023518419006
0.14982716541766591
0.05138576570688372
0.8695449797283261
0.782153807691505
0.13304603771906973
0.062270785979934615
0.054635363420444796
0.12116144763884189
0.15057565482215562
0.1395772517040489
0.2551987738172549
0.3357289756068764
0.039397792849929815
0.048208566460654564
0.1791131919612755
0.3584617855919076
0.06163578555606404
0.12255384162525589
0.08949584606828231
0.05563497737211545
0.17595514827824035
0.11558597228029177
0.05710737365930041
0.09178845334430828
0.08234278046571139
0.11409757450012938
0.11439401551215499
0.21138458663488463
0.2760092311683039
0.06739656780627516
0.1237181270476628
0.06964481144778574
0.1375737964958245
0.12425086373290284
0.04782915976632088
0.08242042614826549
0.103277579272114
0.04371236287495042
0.0812660808529489
0.06136066744584771
0.05405831607455855
0.041141226847705104
0.3451817346705213
0.9999991875329199
0.026755037383423722
0.9999888914650146
0.24349317906516688
0.1192329589676551
0.07742931121674237
0.10221230521873306
0.04711208565440713
0.06113950953266597
0.026765731479597057
0.12374858487240768
0.0671514336485692
0.07166263273283095
0.07325766441530245
0.027814112141093097
0.08659605387404178
0.05958505957208037
0.8397667845369141
0.20957541537054628
0.07638859776413744
0.7887565876156271
0.06071052364847719
0.08327419342026296
0.12653390702345213
0.08095427990484982
0.10474850144498082
0.03904113872063763
0.13541349383135445
0.09815915185926608
0.09243050908599335
0.06465746646478639
0.02570115933724064
0.074108576870792
0.08225409927623618
0.05702410108179637
0.23430944221926486
0.0878102159504569
0.09471475748985199
0.09387817956730198
0.05503814085023584
0.0202622685112495
0.0829420126610372
0.07980181797710224
0.04999271573403512
0.054984707785627245
0.014347942598339299
0.03078694564545583
0.09361129436084589
0.11003099394217257
0.04887050277776148
0.08911415599367667
0.08938540067077975
0.0040345271601619345
0.001634303208111144
0.002565111606937019
0.0019420020948780299
0.002247123876041827
0.06731094843431588
0.15726070217866003
0.12963944706643085
0.15163975066647734
0.01527632506392642
0.003168415359666715
0.9999999916669826
0.8729886407189547
0.14781293152956596
0.10202947642318101
0.05206178273438446
0.1075686171812066
0.06541303867248721
0.02504762852170717
0.03821826344414794
0.08569075111488132
0.1018387053620131
0.16336140091715273
0.07581210083676083
0.05066765414448284
0.07896342490658362
0.0829360859968155
0.09010207325246061
0.04848370147924264
0.06277042050734093
0.09278725946740626
0.0418311590386372
0.09230088317315843
0.10467126257528657
0.9006007451793815
0.30362465437349506
0.02591785916489214
0.4507296105533706
0.17046332693460536
0.47047171314489333
0.08246310899215904
0.11476253226948274
0.0886702585652863
0.10734415521119212
0.4594812832444855
0.7213017631546309
0.0787759471480992
0.1626501270777356
0.12596231670555003
0.3297746875392631
0.18812809199377153
0.07856847427704597
0.13127309031465131
0.07044448193096568
0.25033745839396143
0.1128396364064437
0.10046875236685397
0.10845273801665876
0.10935279490292554
0.09604268977172643
0.13044466561109264
0.10562252495458659
0.08529788157435991
0.17323810187682032
0.09258005553748193
0.1095301091149193
0.09226045736439503
0.09831925184363842
0.10946453762105122
0.09141795244812144
0.060576710944632114
0.10716652365015132
0.1277032741147576
0.03265116179361159
0.37527413054832925
0.0791613005710705
0.26473950573155763
0.11198917736135493
0.07292623026358742
0.03523223599060153
0.12441133779758955
0.13978587584231322
0.9678907766539212
0.11723676163320755
0.08814546531714873
0.15837901094982618
0.1585012340303853
0.027131535338698744
0.07970915522188338
0.15198555667988314
0.11186853936627843
0.12440669905213703
0.04453739501678048
0.03492233475323388
0.06277841202614429
0.07803310629427751
0.046624832179694826
0.08010725476512258
0.10060196911194569
0.08051094456162307
0.0897838274771392
0.045834163876576774
0.10460263280611651
0.10030716397461832
0.15273686561036368
0.12512148906818402
0.0995243239439373
0.08762713479589693
0.11338578544471431
0.09749184230113246
0.06286383689879926
0.0822238724612429
0.09621860459594292
0.07412834647020208
0.11862334960552667
0.10790362550691403
0.08679530051312455
0.21786543107501236
0.3571447011459404
0.019356961339691607
0.21504227700699746
0.023102836824253146
0.44433508462690235
0.07032639164482661
0.11835618551090031
0.05907687066114639
0.09208161871425644
0.1340218837389278
0.10643820209676148
0.19288685166410216
0.13052708386543765
0.12486229937532524
0.09073043070890413
0.09176274167533247
0.16345595892145895
0.13641794354281958
0.1986524349196898
0.05534039021527984
0.0676858329766945
0.08422707195629436
0.06082323981580133
0.2638000788620728
0.08171421503612983
0.10733228174485969
0.08897254972110605
0.09832392391008464
0.1985728767785136
0.12849241906571737
0.09559955312917656
0.11563644974574423
0.20124555845705472
0.023221020755454038
0.08489779469913651
0.09291718191239229
0.07909509700881752
0.09576381343326877
0.15885110393503754
0.34549811011310644
0.09038065573915215
0.20868407283466323
0.1392569453004553
0.3191096019671878
0.22156425039321456
0.07311636543592938
0.06229059544919899
0.03996176211332689
0.14188869620048705
0.19329796306958813
0.07607385955812349
0.085999263205987
0.08294619102121735
0.13910612003422362
0.057198052855268695
0.08992797770047115
0.07238641529543596
0.061761157795462214
0.05865319950429406
0.06520009096411207
0.07429508802879121
0.06212943738794959
0.2738696742228642
0.0914995919789277
0.38573732462860755
0.06189835653700176
0.1694499450512231
0.0863661792004157
0.07306074650928225
0.08390177298736076
0.09036097971493827
0.11521615217691188
0.17747731597846
0.1277977061196993
0.0730241453586773
0.18877609874617776
0.09355701674101352
0.1570147605747216
0.644959312000003
0.08784559405988351
0.12171090823298812
0.11873873111480283
0.10159707702551612
0.05684385789682987
0.08107245870246142
0.20577500965944562
0.08859899836043501
0.12836824952332776
0.08156928154819243
0.0753007995451458
0.019440603492105555
0.08021976158283371
0.07486940214413844
0.06658429990891673
0.6302207053395001
0.15472603090724357
0.9921822203184834
0.07714438267534793
0.12963274657447807
0.10385229899838148
0.08771943219798227
0.09561209338877341
0.27840842873013477
0.09155774926120042
0.09042724205879252
0.09226066392029333
0.07577404715603722
0.11303876388261673
0.12803493302851573
0.0815235956316008
0.04993928478828985
0.05197454799877323
0.06186751411663747
0.05307488054855809
0.0732863198139124
0.10700041827980515
0.0749066504312238
0.09350607911756871
0.060735330759972034
0.06033521959463934
0.1170040719393712
0.037571802265654604
0.0551034710017775
0.15453483508346538
0.06559848153258069
0.08514630275343905
0.08590132932209317
0.057819761335127194
0.0630984909961989
0.007020497376627618
0.07919813843518664
0.10309953084520596
0.04413594095243858
0.15162095868079425
0.07152870608008974
0.10795326294364298
0.13076321685679423
0.9999999999998744
0.9999999999998427
0.9999999998938557
0.2777441890278806
0.7127742475747231
0.9999999988989902
0.9999999916823409
0.061172974263627077
0.060502301573042816
0.041760830810467844
0.10906324300314994
0.08238020819432826
0.06612509259575931
0.05794820801177759
0.04016669105566857
0.025128963866985772
0.05194549154651164
0.13742077889145218
0.05387071357293475
0.05543542158398091
0.11585859336488297
0.05994705903926136
0.12281630974363299
0.08626103161314909
0.06570235343675931
0.08002600474359231
0.13994976392058597
0.22850675913446647
0.1131106655383227
0.06821043057503842
0.102750513846598
0.5313735422323939
0.11130559045416594
0.10869563120428413
0.018642308051896917
0.050951090740431866
0.802345532406974
0.23576136613786736
0.08371614112954137
0.07062743131257934
0.16312046175424452
0.08852784690512516
0.07936778620870599
0.07619430723262413
0.10871113864235055
0.07776052514250868
0.04557126820271096
0.03521693575916763
0.12319215354472318
0.04332229811322845
0.18410196588034256
0.24309012943482028
0.14133414948294465
0.034625952666816
0.18323243143339898
0.10213750940826043
0.18368027820631258
0.07883446814398391
0.05653940802029677
0.059700465221135146
0.07219459433914499
0.11775846304131571
0.19382894213429694
0.10316915795076081
0.25642898372307527
0.11814043867534137
0.06670301532934694
0.16827311215682766
0.12632007986695312
0.1261442499637812
0.07127807054748084
0.11362953039806563
0.07938522813775303
0.13724252045803864
0.13228663957572412
0.33610492713786
0.2664849781612369
0.11986533524957095
0.06206886276389915
0.12515914292227684
0.06115486716173959
0.18260868783411366
0.19958790986064187
0.20774354898500108
0.9999996942899334
0.08881704339473867
0.29438452227908357
0.1614179980461311
0.7151911561017353
0.002067974489253158
0.2225333852678233
0.038637147511611465
0.006787123259070255
0.04672526187233783
0.003190484805106141
0.2822036220310986
0.04276277544320719
0.09194881469148336
0.20144264625993888
0.07992082721196861
0.5095995813499052
0.1033510051682921
0.07843551465620653
0.2945249737296096
0.04471047958086924
0.08517980713590396
0.03335752878091476
0.06463525397529751
0.0863451276352523
0.11176709420522497
0.05640766252914806
0.07259101007465697
0.10981332436866602
0.10445131512663054
0.30287677325859164
0.06799780603588086
0.11082168521515207
0.2506175115896117
0.12740380339673474
0.23504800615854346
0.10327004766127156
0.6603428486009055
0.08880634366115485
0.0870841289535175
0.0911757244985475
0.5388233743476832
0.07184958097747406
0.1240393973264971
0.12134772672517098
0.08331297717811295
0.1366805494393149
0.0662331683593904
0.16361599387406234
0.12079263481962714
0.22632464519353043
0.08120686357199206
0.1091164646119454
0.02853202414906093
0.02767627838972176
0.11428602903851234
0.007071510114164731
0.6598497655385517
0.09676994695869622
0.09039228932753306
0.1547037211165377
0.09289576275589691
0.27402266557348187
0.5677217003809216
0.6236263578629592
0.9703378434872749
0.14457451048239506
0.16070624188861457
0.1287742631617064
0.09944644411143672
0.04542346490850637
0.08307663082256479
0.9888849680436341
0.3361242649532458
0.541140758833012
0.0959369925441778
0.37599602218632244
0.815291269177874
0.14727332278713412
0.19880550664304197
0.12957484774644806
0.1903955427693671
0.3590551756937867
0.7930858706455072
0.11558774460757065
0.1551888204484983
0.9939702215713911
0.9917033820859242
0.06187377370206313
0.013292659286408486
0.10254183447015273
0.04928896508558026
0.05898141905328418
0.08380068750223485
0.06448926130006345
0.10209340616196089
0.9457792436582898
0.09745733922813715
0.038017491300124905
0.16119702294406946
0.08603089802165066
0.9858105934220953
0.02316169030390617
0.06282528630182671
0.24797781446081335
0.22939726679936567
0.10175866894202772
0.14128629815263916
0.017016323939456207
0.06521560852607183
0.09609134283140207
0.009442289592743609
0.42997024432179104
0.4063437539466729
0.17892384026139907
0.13429596191930945
0.20059235729909286
0.8767702316707494
0.028662617837987903
0.43178781786007975
0.9882135922793238
0.37598424603486785
0.08353961258561923
0.5125533112936222
0.23508033977636159
0.9792761631485152
0.39994627743691985
0.14945026188691798
0.06419221118545601
0.02912902931939614
0.48324908220905377
0.09721217914953148
0.11145005433791991
0.2697771212715116
0.08240913472343554
0.060023454587117726
0.07212034704642885
0.02217286781532735
0.0845831918456623
0.022402503738915017
0.04914344444656434
0.16798053328890583
0.0980515106859308
0.11269398122732517
0.0633212033051779
0.09186454994647328
0.06456531489186172
0.0058864277033335265
0.08883882675441294
0.06755430299305829
0.05187710769421665
0.08208662912836695
0.15510831564271044
0.1468301083233296
0.14801591889831628
0.1371579481156361
0.24962609708761005
0.2016082294898544
0.14280093633128632
0.05298779875662087
0.025198023379028312
0.037236940251879534
0.08461281818508772
0.03212170983763443
0.2903849700487456
0.09289250999550386
0.085282832832961
0.032161207102559534
0.045439724199750925
0.06593148395358625
0.07294223743643787
0.001873602928108006
0.0803735175709611
0.10813889181547595
0.08371198385526624
0.08335586899469137
0.11259925595571935
0.06398036723243825
0.10874396656549756
0.11263131470400856
0.07022319980221135
0.07497598121207766
0.10576462252167242
0.09952565094303542
0.09112700329633297
0.1307278001015498
0.1030485398520293
0.10560553827818442
0.0858359983486339
0.09132359922145424
0.026597414391160947
0.15244116710256622
0.10986048532158368
0.0909780429176534
0.16676687221309786
0.08849678946020671
0.14774669409165975
0.19838833248809307
0.10593588703437215
0.31269012084091347
0.19534409540907902
0.6617973726856696
0.37000662247662663
0.1403875759381934
0.9925845951186449
0.08472282577556599
0.6343320330838396
0.0995167618860858
0.08719773489640303
0.2713272897969308
0.30660720382799533
0.061107853878323536
0.320856794500687
0.044312680444871765
0.10430190896825131
0.09160499373951837
0.0626544785763642
0.050877231272530035
0.1067826706083603
0.14988972425004776
0.13614884605067512
0.19616937143321153
0.05546825263716954
0.6673093113238578
0.03353314119188766
0.056175207673716206
0.07032791850242294
0.17714229378410323
0.12049906153563296
0.09805003743450658
0.09018743461843022
0.1135759548529042
0.07932290717558961
0.07084831143774906
0.07707336016434277
0.12424840784505252
0.09681808930259242
0.14289278254124663
0.0546485589327744
0.11771330735943894
0.08990262016321347
0.09194580061993625
0.046488311147275675
0.06568425410868771
0.05268957514705825
0.05027792409905514
0.039374185454523807
0.0823550786452208
0.059505162011468556
0.08775160319853316
0.07365518040592188
0.1616173113716882
0.0748073268742454
0.09812957543987641
0.0959977885609511
0.08116808728038445
0.07236581364885838
0.0995794154728889
0.15030752440147208
0.09151821200511383
0.12703227787591348
0.2206678195536235
0.019999037610170394
0.11236718742644877
0.10357816209056428
0.10817030122333535
0.0957947543267328
0.1050247407056657
0.2091501673549635
0.1069435778878032
0.26314609598020783
0.1041829781790637
0.09319082104323254
0.4457817938780618
0.1453019009032464
0.19681176257272417
0.10833786305264226
0.23911022477788188
0.11600183524249857
0.402146824712535
0.07980434933818052
0.07998498242451318
0.0611409693148962
0.08397556445978795
0.09550992987622367
0.06460686687633754
0.06910680042323916
0.07266754816550362
0.07297326329170332
0.05057651929383765
0.06762475049257154
0.09700937469707016
0.16830567311519667
0.930645828853738
0.1412185334795505
0.07783902895211334
0.10094314596507548
0.10940855414827783
0.09776625034537972
0.18077728740410345
0.10234377127793799
0.961361745915451
0.11164762101014672
0.07546259514650529
0.06064247106039343
0.04540859831838605
0.06135587679732404
0.9427630272779968
0.06029306518128342
0.05407460801726704
0.0503999181643051
0.10207552412102222
0.07518408212214679
0.09428322819221822
0.09573945440994258
0.06085416840996304
0.04196045028630352
0.1367914372782757
0.09852748967952356
0.09650227178564588
0.09277486900669676
0.11133608340816718
0.0420951935533088
0.0643187163359573
0.16936941275458922
0.10333573988811252
0.06845632612924306
0.9317128806074028
0.12321769514247632
0.07526549366178698
0.12103966379684147
0.11240231954608731
0.38990821139960324
0.21948647704327257
0.12409665540852224
0.02867025929635704
0.04569544050666235
0.13923991272190808
0.04340016535512171
0.10717936473084629
0.1779962980004772
0.0725366839042894
0.31228172141994937
0.09726899248439651
0.18701507732185477
0.11307232012137743
0.13950206757376424
0.4887893625320168
0.09907694867681657
0.2063944839966174
0.08194248424695791
0.19702771726063278
0.18646896705396615
0.4537025412166984
0.04813316349949886
0.23106706318583056
0.11836549627615625
0.5667852796788039
0.02685591306843434
0.02043920673580173
0.5113733281643356
0.025676566821171705
0.06512235075837458
0.020135367279674906
0.07427525259748301
0.21882121986430586
0.23816901882008396
0.10891837024873728
0.0772084828352395
0.18504971907691217
0.20705440981134504
0.18815026036550664
0.9445798092489945
0.09517032793982765
0.3344927527531922
0.928650932278247
0.12863888017918207
0.16962615995082747
0.07007046857240716
0.06706423511935214
0.07364370154044124
0.07291922721274076
0.04625117349216105
0.0559671958332984
0.21225371675093346
0.1690949722660259
0.3207725833564317
0.7347476105580273
0.7083514598763043
0.06235061008668958
0.06496249429885531
0.06338054397074964
0.08455848828284994
0.06595892895105679
0.08354756360376826
0.8246892069386154
0.3689554271644563
0.1293822562352528
0.1957912808229184
0.7762667070114302
0.9833040565407796
0.11782580756675176
0.17613342303783616
0.1226189252919234
0.9159957280675866
0.13338527725693908
0.9999999999999699
0.7076909095858472
0.29915279488724805
0.08749441852207533
0.1341396424419322
0.07897417613259468
0.07913995061188524
0.10577207406108813
0.06412734989008775
0.17383263603581392
0.09908616368471317
0.08970753088452983
0.1540908720870971
0.1460230543764424
0.06449684309055322
0.10729429062963139
0.05643878340318229
0.21071903749947235
0.2588777356504808
0.051400434125389596
0.05816705915594638
0.3385145063306715
0.05306023841319623
0.08243929649284568
0.09922131188924502
0.2016670927331715
0.08749871504628223
0.11287907788379793
0.2609538469454249
0.12595409649905462
0.046055571441316015
0.11404241040352484
0.06642357572168331
0.12585962069007556
0.09294994104749112
0.19908504239660377
0.09808370588162618
0.16145646917236678
0.051419279126055636
0.057792147912498086
0.13082156544963533
0.04866620721296939
0.11136146123327087
0.028843776228778994
0.16580953813007762
0.8965114501935633
0.12322423464745023
0.08194903210626234
0.5803169898105808
0.1656588345899542
0.052931584217123344
0.08763873420175211
0.08502622872551556
0.0915230286261246
0.14765508697873755
0.13772234118326232
0.11080371297260298
0.09083479734212671
0.05360307828093314
0.015784772660431132
0.08100657108365854
0.4726308863214226
0.33177447636057106
0.0798281462016118
0.46961401392924146
0.1304100844335608
0.08248019605954411
0.11049409233445837
0.14510255256442997
0.19839258219433636
0.046602321588436024
0.0036704554449064034
0.17445242459851112
0.149887092588969
0.4136760148026406
0.09238490572925341
0.12923530488324428
0.07811340494534574
0.5796269696193922
0.21326274098096448
0.102339974685811
0.08857597351667604
0.021857688442536237
0.06075985646713084
0.06122764664911719
0.07002802104330758
0.08775599760486968
0.048570836330848126
0.04958718544663051
0.09689509517881648
0.5289175149189218
0.11036242681219197
0.10906356265300668
0.08183615477300925
0.21964379217839203
0.09949507282914727
0.08854420161739192
0.11744523212457958
0.044307261292880276
0.22836969524309625
0.10149888686835672
0.03568442000541054
0.015142209788424971
0.023256990117265647
0.02421740734377394
0.07968698455084713
0.06852966380144794
0.20734889894641928
0.07800321501505492
0.23734441562540448
0.18311187444600885
0.03960655370061928
0.26510014951490474
0.6653180954055035
0.07328575162049032
0.07986729689564923
0.03772955868499622
0.10774864258196576
0.08878404178093095
0.14551573367464285
0.08023540901567652
0.1962834503216637
0.13665254526393486
0.16310174015074794
0.05703143394302103
0.07579749184633891
0.06669695542675562
0.11878953122142492
0.04439694327277006
0.09845895413269336
0.09675834542473045
0.048999905984081375
0.05363141265462751
0.0006870690790155978
0.07242316999270279
0.01748794879522434
0.017510259047550464
0.0019669153485445436
0.015773752890775473
0.049010583281709326
0.03469493438065814
0.03372128753792123
0.06146032185338991
0.06839746319146615
0.06918868784626155
0.09991244876304207
0.3684223991687392
0.08408897198934304
0.08599146393303299
0.06897497952152032
0.40080122120242
0.2291910459323581
0.0802152215903347
0.6589496552923993
0.4246085236850378
0.1200361925064027
0.16898156598445938
0.17033918956424024
0.0964192584809325
0.06279985806643293
0.08819804615088506
0.09059242062689965
0.11753025373441942
0.1946027297164613
0.23434143617509212
0.1373912660642259
0.1564684083470937
0.9999875408141333
0.18704147263542512
0.08852897169619971
0.06924820624485808
0.17811435916095192
0.1688424263646791
0.03989998914532208
0.10085933016856245
0.042608903423578016
0.05396738628844529
0.961449866588952
0.07390071986681865
0.04409875958278046
0.03744685834979282
0.03454190101357635
0.02978476388777045
0.015909132800071106
0.06009582490457324
0.08860811281049154
0.08044178055687203
0.05523357008580234
0.08338990764557445
0.08404403024992146
0.07444279781430607
0.10094109314947039
0.13492046974505792
0.047733129701552225
0.18415006868202452
0.22512038955883384
0.05380676730807891
0.05808044015829351
0.13376756319862554
0.06865129928217964
0.026467651447332968
0.05104019358646193
0.06009406292172711
0.12414489238937733
0.10796118919675012
0.07258490105213097
0.026686449945529687
0.13168877864543413
0.17346178979588628
0.05208881389874715
0.05026336035957565
0.04418047256385674
0.13073730901900382
0.01850763278598021
0.14500124866916064
0.08302127469365697
0.07516653370800966
0.044343346729700216
0.02816818828294164
0.07601222853462176
0.06874726491429844
0.06614092311805261
0.02279330306581206
0.9213706270095935
0.12682377540928644
0.03620551590758505
0.05797618180622854
0.1241530033928841
0.28207119216987186
0.17730630246687887
0.15879825217033705
0.062158924415416525
0.16652661382690653
0.08757403058710844
0.034991662955002736
0.14411982727313621
0.1588863687402044
0.12297362945757728
0.13372064063455433
0.09478801579946658
0.08170096569497097
0.10108208843730274
0.2063207803021223
0.049731764081532445
0.24382500232663884
0.24417731720072003
0.18937457378927605
0.05791518909016635
0.527827670385029
0.1996027495386306
0.15018012318625984
0.06979138951850454
0.0873441198531236
0.054403430173595245
0.09059022956948024
0.06032795848329693
0.1552495674892383
0.14308540666702607
0.0792000567937506
0.1446817035265972
0.06850298765933785
0.13708400616255814
0.08687879547830624
0.1180369432666069
0.09461656059407297
0.1920565869190338
0.17329284488069321
0.058873370879654274
0.21162689256688705
0.0712366468390585
0.4874143284345479
0.028854351601809436
0.16877393511660016
0.17939962292807363
0.9472282809883356
0.1317347309062901
0.6266101246548333
0.44819587536788363
0.976450245604709
0.16061730544636194
0.06993243012468442
0.10000828977396273
0.05988343036429971
0.11771255167786308
0.08565262748898085
0.10045769104749172
0.12284425345073396
0.1146950413457996
0.1093632797354045
0.15999739310623337
0.13915711581200757
0.6750430925152469
0.053254707344071825
0.09955760277815133
0.0006159358460378267
0.08750501756451624
0.02166929199590825
0.001573962813421178
0.01336728586876351
0.09863162377612403
0.09850119608093671
0.11525334842039185
0.1598264953213294
0.09551657952131044
0.1316154729158095
0.256851577452742
0.06973411686091088
0.10265886624793595
0.1119131309365658
0.17634483065369094
0.4789541045501931
0.03205296796005255
0.07175324990197987
0.06166530953546465
0.07059058024016486
0.05041627349673026
0.068213421931032
0.04345649762939307
0.11707444311673051
0.018656393715614922
0.03639202901622958
0.05928641733725728
0.021985085661321683
0.10754623757451172
0.3859541847875173
0.12108843648205214
0.22770784021678836
0.00633522565561066
0.075528279982512
0.10064605629195042
0.0999620445687288
0.12391855100124577
0.06205499115019939
0.14460403063079988
0.05207288872478239
0.05311856943316925
0.011528778446115929
0.14646713834875416
0.05649253817056874
0.07756607556979311
0.18933478760393369
0.08350005004187512
0.3016028615021875
0.04539217129167434
0.04770575467423363
0.08473032547886569
0.22274946203558546
0.0695207204094932
0.13196917281752424
0.08910642860473902
0.11124981516457061
0.10181341227614539
0.1559791562346309
0.1943856825203271
0.12987330333432354
0.062475215167941495
0.15320652177234687
0.33275702358027004
0.8184157255327674
0.841085373873363
0.17707717492281358
0.39893541379023256
0.2570071638739941
0.24734672940574817
0.21964624383698778
0.08265588348843844
0.12887135950929576
0.32753637002988445
0.05790026579342653
0.06579569786195558
0.15531890907896806
0.058006746870818325
0.061194973185679756
0.06404770985624493
0.07623747183393381
0.03244169968870641
0.5379129284087957
0.12484466218804978
0.13426656922798297
0.22657378041398007
0.7696040037070375
0.13518113178114943
0.15796519614118487
0.08623314736570314
0.1189884877520994
0.15711278919148272
0.1467923336652224
0.07391001172860759
0.011485397310958826
0.0971464022229975
0.0363763584980968
0.1897046292517614
0.9999838345003834
0.14326374622569718
0.08618200155405183
0.045698002201136755
0.07304255443886622
0.20733880148721315
0.3200909830335995
0.2939465248607338
0.13408306171264753
0.21561615135147724
0.13005986512957501
0.05203351239324637
0.16267228339695045
0.08325453394567263
0.1725403825627006
0.12069920827143524
0.09137842696349814
0.1472088591120196
0.14512984832883918
0.10183984711920242
0.05242209355958528
0.11297707408661359
0.11109476257287083
0.23975018745000357
0.04333278698948797
0.06112757401255073
0.08315100705196453
0.0007002903306942482
0.0030127244950631247
0.0015945566532494446
0.0021683309477990988
0.030687786430503107
0.03695603640452375
0.09603176908029097
0.04459166927709617
0.11678098547070749
0.06013767685266197
0.029481914571237944
0.02002999404317902
0.02409839495830959
0.008615038129024952
0.6240692930201608
0.054268064540494466
0.175203954664943
0.34682586650644426
0.025452803718864242
0.06088501934098314
0.09196900652830878
0.2848859988394502
0.03685487127866846
0.022906327906902432
0.09966311741752315
0.06014160477980578
0.05550991982229374
0.06020938439487206
0.10911919338676414
0.10450044088935256
0.11248038659989502
0.1013252215994588
0.06367463994114361
0.5443351253626717
0.06149521538671014
0.08477626810738442
0.09051941121032847
0.0915153715653092
0.13043792176286015
0.11701453572238514
0.10243057471998353
0.11088662620116808
0.0989572696155806
0.08152480132746931
0.16232564675206368
0.09054422145906155
0.09738917105036121
0.08012669818743272
0.13500168370588733
0.24147604791259653
0.05295550969009317
0.06480619178658728
0.05081298891496237
0.053995879544904514
