0.22217856993162455
0.42152208166470634
0.2524985072093911
0.30125962604629397
0.2367791786014872
0.13644084495699343
0.261489538483058
0.2966355042995176
0.2101247618027326
0.1270797684388973
0.1096853929246034
0.333963245899464
0.22522626553177647
0.23128000909434182
0.13862612772063154
0.19780549257278326
0.24228043698920945
0.19709809038488593
0.17241656891449075
0.25813668632383574
0.1806813158554741
0.14445075742577465
0.12495306810993248
0.33415201435550457
0.3095407204388199
0.1424722996569935
0.21111016639502864
0.15284791405731607
0.35649601161184447
0.10673653090866171
0.3207115508812128
0.14329620672977758
0.21116430488233234
0.1573804223683831
0.3951975143120251
0.5451744349332244
0.39004035106973184
0.19484507420001404
0.13020507843652862
0.28452374141188075
0.2512325618289366
0.14667401916590805
0.2633222922241202
0.14334133529838705
0.3190338351658107
0.6569505586729764
0.10657432345766636
0.23878363588530654
0.2125108354512717
0.18897926336657558
0.20942567626712413
0.18111854288940793
0.13199078990071902
0.36861683624291647
0.11519730571823579
0.13860729830668111
0.3524425817171793
0.2740446086298188
0.2642674951039605
0.20333873884810472
0.21874513079125024
0.41491605661332415
0.15261887462825172
0.42439053086788003
0.2222880808392811
0.20286835001876474
0.17478967880893068
0.07905764647475663
0.10077476881026542
0.5901181500565333
0.668729093944207
0.2588511633576164
0.1129952770298998
0.3805143892749541
0.28020322561160405
0.18721888138320877
0.17124058280631996
0.3761645274737394
0.1409825624007624
0.11222796786492567
0.17829564600690442
0.11245671186669354
0.11915467350494566
0.14586294575605505
0.2233971308486905
0.18150608424755071
0.19887960316216396
0.2714680268061107
0.7471787658995264
0.1256202545477686
0.17202131676389384
0.2799839868447333
0.15841451268868148
0.3118330701007821
0.1601886822997112
0.3571271260485608
0.4448847215551268
0.2194545216414491
0.15643445145492402
0.3300381402690035
0.20034088045121126
0.3932736093612462
0.14259421493417332
0.2544461596910996
0.17705509823154153
0.19659125287897145
0.15682435042887685
0.14036448553983227
0.2499691291714835
0.3301026780653209
0.13794359335859185
0.21359984833394352
0.3687427391612077
0.3402170430669256
0.10814865060114373
0.18331133943747333
0.16007331151329823
0.26956856750617764
0.3038584275899377
0.5282184357282842
0.16720736497998426
0.14520858086316596
0.19399316633863042
0.15345616779868054
0.26929214552503467
0.19359404466003063
0.11180496289465837
0.1546259218440544
0.217822367024182
0.18786344194752946
0.2571571504121481
0.17824539942725592
0.22537098044518902
0.19742042135230925
0.26036732312827465
0.18704332565963883
0.17364229588465743
0.5962850245509169
0.19146943697275295
0.20178056050336668
0.23464826543373477
0.31471043096166307
0.24182298307810268
0.11715583095931915
0.2805387586963908
0.10786381032953889
0.20238854375595916
0.19049189494192673
0.22238192866294426
0.28171379544665676
0.15088852767624258
0.12764366399511476
0.23296584935462725
0.15555601410939718
0.1863845181291947
0.17850243894335152
0.2523996018253989
0.2136513758851333
0.1967619126671529
0.1549520886315126
0.27066157807225577
0.26235777495702417
0.16076321727946918
0.4680352996963345
0.23218910806543078
0.2897648114474874
0.20272950712785456
0.2279917017689221
0.374080474820015
0.5210677689170637
0.3759413212367372
0.27383749312119116
0.5862151660156886
0.12372998694067681
0.2167457569900478
0.22944392491099957
0.14919592030356735
0.33514725413123353
0.2885395732352499
0.15460567871177802
0.3740999767834333
0.4589318309729417
0.21789483536432194
0.40144541307579945
0.11152399350360909
0.2541180982230324
0.2568149881666249
0.1491894605741712
0.5688081444596144
0.1343279445434735
0.13124611530231606
0.11042168956986814
0.14776728337244352
0.30396989245872846
0.2050467703472798
0.14930496087656367
0.16219674224132077
0.14129537808693893
0.1497482768061287
0.3011427347897766
0.16013646846855428
0.12833569830675745
0.35143751476091994
0.1966678304129829
0.25718175023276
0.2455367013915255
0.15125974044044016
0.13619192965121982
0.6907408719328263
0.2817773683448926
0.1649328929648263
0.16841830941193914
0.09757866031049328
0.2200179211151103
0.3918865763325164
0.15352688465365907
0.11318170533312147
0.12169079302707694
0.37410995546587955
0.18055340361829225
0.5
0.15546001973544313
0.1241606622620248
0.25536438239658654
0.14027570497817454
0.20808655889056232
0.16911366445353385
0.13409967784043222
0.14066850870814046
0.5
0.1508385883345096
0.31918676127974316
0.1520994703348663
0.538115711048136
0.27630242138901706
0.40763811318163573
0.21100339478486624
0.22832157461557198
0.29243588979258645
0.2299763089317491
0.1503940621995414
0.35576814934944406
0.1914596831824963
0.3000440895992568
0.17406488013345844
0.1521626964231193
0.15974355950228802
0.5
0.3083807400173684
0.18439421397885683
0.20849285269884096
0.2330661555260193
0.29022385994662053
0.16122258630488187
0.18816875414942577
0.3072240079243136
0.14558467255910226
0.16550108249954906
0.21596750321940722
0.1416478256556905
0.12807487711284105
0.14160473998701678
0.15275086616714792
0.42756643540367295
0.1599608204524523
0.12735995938309752
0.7607536718450407
0.16097292217692555
0.13423467426635988
0.2758640055943349
0.2658002986125301
0.19732388226508019
0.1452249043225361
0.46976416340393395
0.603921673333731
0.30768373226110846
0.16372617925908342
0.14915309514538636
0.2262413299760953
0.2793384914429219
0.1607441895187109
0.17332200120366076
0.3400316783924278
0.12391622818604978
0.22540810112484688
0.5
0.19445465763035666
0.13637414394047292
0.11398086269077277
0.18579498887863635
0.13920509382673862
0.3091325155071614
0.36495886086288026
0.27094250901010564
0.14974063084241834
0.3088009712245963
0.6102195391861951
0.29505273905391605
0.15009678617955413
0.3737912956742119
0.14750865238718752
0.1888778913780738
0.2503910288888878
0.16254475704150892
0.3196554524161817
0.16545431053548768
0.16635030261364767
0.18242771399248522
0.3740021788275567
0.1965790588560658
0.14394119431114047
0.18642573525963463
0.5937445056692549
0.2991321526129916
0.6224985050188434
0.28158041603368417
0.3355154291897013
0.2891626002977749
0.3220225680283047
0.1874138948075212
0.2365358548285663
0.2121486943520973
0.27779436372121824
0.26599959661333106
0.1398231056873772
0.19422705664836587
0.14570986363457566
0.18799416736700006
0.16102151000048448
0.41225056877204935
0.4648901454681427
0.19396807111861697
0.10531461124556826
0.38090698003778856
0.1393944788967538
0.21603412924160187
0.12254848528138604
0.14355439065469985
0.14027034474599215
0.1396755332317835
0.14027034474599215
0.14145146680198575
0.14264893238587156
0.14089890130169078
0.14990793597206753
0.14070730532785783
0.1279356898769111
0.15982581720011796
0.14097299532990376
0.13883687267581482
0.14027034474599215
0.14231833424502058
0.13354148040056318
0.13032556731095274
0.1477711325854948
0.1186650471907386
0.14023556637426643
0.14973244121990198
0.22476504683269075
0.1247781948795094
0.14040927408407883
0.12661194815826632
0.07092957262313697
0.13097762780259062
0.14255877105645606
0.13257713905898874
0.12822375826266302
0.1269578690135868
0.1458465081257197
0.12067633200337743
0.06393507735727331
0.12945796334249063
0.14905771520350988
0.12160558488593805
0.114999750896167
0.18265548443665855
0.17609209103074294
0.46345820769884416
0.08084540790733992
0.1408790640182306
0.14065275905658883
0.14084441572834325
0.07221704540984215
0.15444414408427273
0.16701481636881357
0.1475985025724662
0.11793335670325063
0.1405361118721431
0.1309571135625641
0.13232880818439557
0.14234822912240092
0.14507849069292744
0.11775578599625779
0.22811529185869364
0.054845455999097986
0.12645626105732996
0.1543326999078058
0.14105624644970163
0.1384987901065571
0.11312946229108047
