0.25223511955728073
0.25122551698866125
0.24644890530482758
0.2755824688523867
0.36912587019649296
0.30897077405429785
0.3878544753988752
0.3288202279633489
0.3176933824839115
0.30800105850862036
0.23196633977631909
0.39123541750604995
0.22598731600181454
0.2580308595308925
0.28824825867119636
0.2563577535528653
0.3277853548914631
0.22444296994048477
0.38545968113499984
0.23442915384517443
0.2410837773637574
0.252731414357277
0.23991219852880144
0.2532414894531245
0.26311470947240995
0.2569686088378106
0.26949517944485213
0.2505961776617573
0.22841277131722715
0.22394810576076932
0.23162024374638784
0.25139723652483814
0.2386819554502391
0.28314171097872953
0.33673987597887317
0.22504750265346424
0.2991027263691959
0.24547899632799774
0.2071300605029162
0.3121744750681838
0.2365992753270016
0.24363803146994828
0.2447346045243387
0.27682935972333833
0.30295818964900506
0.30295818964900506
0.26059019280423856
0.24685283689105497
0.2915274534921498
0.22291366143359073
0.21703847362907627
0.3443740991764974
0.3865226407870094
0.2631541317834193
0.3809118048328938
0.2368221584831296
0.2155993378968788
0.24530084124309814
0.2407355513842247
0.23629841883747013
0.2651086419826575
0.22142295625653857
0.2540321757356153
0.2747710504979215
0.22277485891650328
0.27148927722348326
0.24807777175668777
0.21700034991033385
0.2283294747532622
0.3099279083485384
0.4517093649401369
0.22230590790135404
0.33900688851741173
0.2226193607676768
0.2806815429959223
0.21905308260230508
0.3749499103272042
0.3087142780250739
0.23843911326475764
0.32127797959721144
0.40873304816357275
0.264969981707652
0.44725653736880633
0.29844218075070045
0.27097978339245377
0.2544489768805936
0.2624276968756276
0.22495561106143458
0.22721395181922366
0.2530955433614601
0.23366368832439124
0.2741923195615512
0.23656200113560416
0.25264447510665095
0.30390746730035145
0.24227660068405799
0.2570942684596146
0.293964027771506
0.3857498251680847
0.23305917461527378
0.26417146286223975
0.2863707913195391
0.2288774496918404
0.22787895459378574
0.34316453665579916
0.2694210588689758
0.22349462927910993
0.22614909852130996
0.2594799699839401
0.35182891720486476
0.24076542276190607
0.2514159463131375
0.2725049229519018
0.2794809888552123
0.32363397377222375
0.20859298376764526
0.294294515414713
0.21135343581128482
0.3172273634808423
0.2831000757297149
0.22002267031045133
0.28302422984296416
0.22147406452507246
0.23774264373060358
0.26782239393117163
0.23686955809938956
0.24007338538180928
0.23988125125880475
0.20831601138600223
0.24343615275970854
0.3424016263604203
0.3059568816414599
0.34405123706842855
0.27803142402831926
0.2576045347481146
0.22476379504406527
0.2707776872747614
0.22320382878981712
0.336700291022794
0.4121190358989814
0.3102739869091579
0.29724945514762185
0.25715003531721375
0.2533750314232052
0.31308298328190803
0.3154909364979986
0.3481568310355244
0.3700788472360549
0.23343663410051074
0.24661448605799483
0.3018032009997898
0.3042866299195979
0.2234300733563459
0.38068251647927204
0.20601255244850125
0.2297589537515378
0.3517440522593397
0.2297589537515378
0.3030770671257277
0.224139921051139
0.21390125531232204
0.20606665520512565
0.28438242155844023
0.3162763002631109
0.2879448266621589
0.2979844377072523
0.3737681366691462
0.38754771678449645
0.29023661041749227
0.2445978832670429
0.2383903506546799
0.3009695207355533
0.22252779998482441
0.2471327822295902
0.3687879799667667
0.2861054684667343
0.26967121549611567
0.2860391090919177
0.2252905863514568
0.35616613387970286
0.34398548492338665
0.33396567081986317
0.33856183906268006
0.2794497243657271
0.21925040077360564
0.23844956843249207
0.36912587019649296
0.23909624741342853
0.22947114881563763
0.21212251387094777
0.25856290583100017
0.3124304011491363
0.276867085360344
0.22959257262884025
0.27274670254602024
0.36912587019649296
0.2380870769544305
0.3284874279435419
0.2820869372915982
0.2160527984849033
0.28947235221527645
0.2436043240763838
0.3494898058714368
0.29480072931919027
0.23603876592062104
0.22457832795636964
0.28216460238142294
0.29104178132153735
0.340960099729877
0.22622410322317776
0.2852279092809477
0.45997077384503904
0.3030686086999836
0.20157153749365
0.25756275508248555
0.3570983923134566
0.3845721203926178
0.383707412885638
0.22795151602036098
0.20815498167438118
0.26644648464810466
0.2670800691549818
0.2597660165983577
0.38798792179544095
0.2776742029480857
0.3215025637967425
0.2602956047152795
0.38981497268258536
0.24239591225005422
0.27594672169875534
0.20408801701862944
0.2831744891192816
0.3457705908884718
0.21235971888923205
0.27372240512744794
0.2391429817530663
0.24440605029200957
0.2918237365414264
0.2887896371411259
0.25677581969007796
0.25677581969007796
0.24675826492190736
0.302918321934206
0.21760133724945374
0.4326768073937652
0.29734810984490767
0.33823979982657404
0.31183708050008613
0.24325774227079067
0.3824799863501352
0.2606539078600084
0.22649394404012071
0.2640184081575837
0.2822205751849972
0.2910794186774268
0.34605456134239093
0.3522875843820276
0.37823826482573614
0.2851611879914848
0.3866657569717135
0.2931979922282383
0.2362167489091908
0.28455552478981233
0.2299002063745454
0.24807899715996723
0.3804319327491808
0.36887514320610376
0.22788882736836624
0.2332752238068514
0.29970243680002334
0.220483570647946
0.21440815572275282
0.2283468117088352
0.24851759289045663
0.38065652940801087
0.27323242478077
0.23726198927070766
0.23191207130752992
0.2527918910068264
0.24390853737284146
0.21951440303627853
0.27848470312440315
0.35833958591630677
0.24302681548716823
0.2572451669932439
0.23840109010439783
0.3020351252902373
0.34714142720244684
0.3323670566278398
0.39219842159810436
0.24504326492539014
0.2808626447894693
0.3400915700797944
0.27566366540778064
0.2337962487962011
0.3848333342341957
0.24625958272054124
0.353686804865719
0.36357288323860076
0.3276261818177603
0.29373773255522645
0.3403953501416805
0.38726400811117245
0.3129283300851701
0.231703509546832
0.3714568002680257
0.264967186729772
0.3927566775155992
0.37163628196771176
0.2438363616666133
0.2565055800793515
0.24103531063482073
0.21648891762302386
0.23360767166845695
0.26542170248336
0.2774226035798581
0.29815717534464
0.23929830091893597
0.2180237064503465
0.28676627646807934
0.30311871592737755
0.23815623763887836
0.23335196696558133
0.25925645081493986
0.34615524879384363
0.37545608659456564
0.41118263411315437
0.33477798403900344
0.2888585535962024
0.2441921396066081
0.36393956741702427
0.2377051833275827
0.2444421422510948
0.23606749366507074
0.2936830412331567
0.2707853633548234
0.38753992720368174
0.3816092155136288
0.26097489595340956
0.292920580887429
0.27665699413791645
0.2909126815170547
0.22826877682590166
0.2630420524081715
0.30494893504435544
0.2559858185489559
0.34328808663335053
0.27950576031330326
0.2530371373654391
0.3114722266394475
0.3199654904959645
0.3856857001301922
0.2618909221562586
0.23942671272542282
0.2218460240810486
0.3022097417515217
0.2553475312349212
0.27513110491094295
0.24720517316059817
0.33074894533001714
0.24325584750567425
0.22507966147398806
0.31665155613441603
0.3168229545154264
0.272590678767438
0.22540774645813064
0.38788522404994447
0.25798932503685174
0.3965241527917709
0.19795948648923825
0.2318336236328391
0.4334050101961037
0.27021891271800225
0.3019445477515491
0.25594236261173514
0.27126095458601973
0.23682634844738834
0.2863816764146586
0.24020249780276384
0.2839340171493046
0.25756503486035703
0.3576921182341695
0.29672725047236304
0.3112040980793495
0.29382559519378343
0.28192542706917467
0.23976193721116829
0.274005735278856
0.3378494600433364
0.2517545251233396
0.2696008911505605
0.2692201978273276
0.23384030880847373
0.3298436569559504
0.29870552267408196
0.2365298606404726
0.21607585739355928
0.32097973451490625
0.29599077651548034
0.32870852206798373
