0.916236942058947
0.09726672799388912
0.13501037004932012
0.4699677928681736
0.07008961428239888
0.18450111562653684
0.15989180160975766
0.29924038275818005
0.1796367957160508
0.1447524721922027
0.5492452970372972
0.035921006145431665
0.7917778220179779
0.28387398681074477
0.08394267405636051
0.15346926518506654
0.2958857487257982
0.029640828353445146
0.18594319106670867
0.3734612652328661
0.935087575349252
0.8606111992107677
0.6088864876772164
0.17768034774202018
0.3369086047490482
0.10661498680165238
0.08752764813006327
0.045305246978140847
0.06388781374180287
0.1201033184426629
0.36098846762664283
0.041070694957612924
0.10267779474505447
0.29526879445260235
0.0411727959700673
0.07790300677147735
0.9514210138464724
0.21261716631652797
0.21272105224511492
0.5545132143077518
0.0409704277093483
0.18215350813210696
0.08464674863847799
0.3168339837361716
0.1669097831247405
0.1669097831247405
0.08147463248038642
0.10940403468074929
0.20178637871380745
0.00961376185065834
0.04612515317340143
0.05265299957109331
0.15878603752582485
0.043002689960779016
0.159407736349864
0.06766583730332706
0.1763999110426274
0.2750282706242024
0.8115727817661491
0.7872628117272629
0.5471506884870592
0.22793821046925378
0.7628257586816765
0.04676480264499754
0.15998243908520704
0.0671599517266857
0.012987574558006485
0.045763712509095195
0.3595834262575651
0.13511356603126842
0.06130429038255207
0.11178248573519671
0.18101143051315013
0.7063571583940857
0.3007616874630832
0.06437111957525608
0.09812016094423458
0.03757804142952987
0.038560831810011784
0.3797848870801964
0.01909346400310557
0.170790394686846
0.017574631206307065
0.4739770872179233
0.5962819009654079
0.09148466208575093
0.323019930793575
0.06706768287851417
0.058013980543595724
0.11056296544260102
0.04914669321301886
0.2890899453793479
0.08181710949770667
0.7799191648255693
0.40827285948509445
0.2538578950080907
0.892633301960143
0.057657352991114685
0.19668577148850055
0.06003886339134699
0.17184235647349114
0.1152196987969464
0.24742796025855368
0.04164526693055464
0.09814602549359372
0.05507232561921213
0.16170385756640301
0.035269536895113744
0.27596335654847515
0.09737022677948097
0.09279086644295628
0.07603158859466957
0.053307921838103046
0.05675869126723985
0.09227048969328869
0.8577489412361863
0.4825260352173723
0.10226136917521443
0.08056404240958807
0.5110489921098987
0.034406730665517124
0.10003269821391446
0.48778938082016454
0.4633935660698038
0.05110528941372024
0.020902908112297842
0.46298648992562363
0.12886700732279244
0.051978235188669966
0.18419106624892945
0.10786340898578169
0.06023136796378
0.20143557995960623
0.07527539288843936
0.7965433579571182
0.03810408000126787
0.08324666651823477
0.014112258564058953
0.5777824478407197
0.6089240550888835
0.1563837607592643
0.08545688093188578
0.6566751929376261
0.32242287788264884
0.15381536823994904
0.3511956285867291
0.13424404391553207
0.05357699355023792
0.034479782829750436
0.207352921221193
0.29606993707721263
0.2161263763762964
0.5362816618573907
0.15445716656401767
0.19538473923165173
0.18056561612170663
0.31137542221125836
0.18056561612170663
0.06280045586441599
0.07695731056713699
0.22500981793584457
0.1186742576509857
0.7525033857717541
0.26681485222648477
0.5912022208450505
0.09514613659215611
0.11941501182883615
0.1597755249830274
0.1023997956383424
0.12442838682138616
0.23247773505938682
0.11187659375391902
0.6352783421945091
0.024686455719214694
0.17620474676245262
0.03698580026790402
0.33879951795013963
0.31668044785786714
0.33094823347830793
0.044191933798641655
0.07872795545203877
0.038715759113776255
0.2606209340003726
0.058128876747862636
0.2296607525089706
0.12481353847043149
0.07008961428239888
0.3526328820034332
0.22004726554035275
0.058164260703809444
0.056730336818867313
0.29830419809550296
0.4213108596133997
0.6474582983553169
0.5246384329747991
0.07008961428239888
0.44247944932393707
0.0671274835712508
0.6956434438791432
0.7521953653607805
0.4849963993080328
0.03473540598488732
0.9100858327261503
0.2820819616188197
0.22271236904486316
0.12308971741638357
0.1639850045048758
0.2576545799970436
0.2503972919067153
0.5736360842240424
0.15524243339719895
0.021678819983318526
0.3528929163786758
0.03631848737856691
0.02750210589326703
0.11913025912035455
0.15693879736247252
0.16505063953868138
0.06198242884856556
0.09623418105177389
0.23603622301459518
0.43045318648649433
0.021105453341086877
0.16022669981129112
0.26578496226081233
0.07920370938840626
0.07015672854254969
0.04885200127043789
0.6562220814878204
0.18376413816627396
0.3210169498104124
0.07899139182616832
0.03185640802458731
0.11947180286337432
0.339326189254478
0.3491973824810908
0.01517160089673823
0.17206217669439933
0.22059776764392441
0.06822564648952024
0.06822564648952024
0.00806678295718847
0.2990194355744909
0.09279889442942747
0.022111319368909442
0.16870090078288696
0.07993918747012857
0.05973035417703665
0.03718030089501125
0.05436443035643342
0.032905265320703474
0.5478055744902571
0.12396930213213153
0.3366613357866453
0.368482340622077
0.29705358067748067
0.064502885506113
0.15150770136906522
0.3713847706156639
0.16030268484177151
0.036957883390767915
0.6783541198158137
0.2187516554181749
0.20089858831619828
0.17890253313589757
0.17187472025953002
0.14950204716308385
0.11394611178894269
0.8692548823523978
0.040889770598577915
0.3025429611070044
0.12224645670048605
0.12106590800611668
0.01730384370803476
0.1509054908569666
0.8618859706192256
0.4237031340262599
0.31587977397350897
0.4069448427860571
0.16605704034724367
0.14816364713412322
0.6278273844094268
0.16926124921720676
0.6167957907073309
0.48842345132114057
0.2614356264807945
0.18799882591359243
0.03997936714487173
0.13201721852516443
0.05784862840574198
0.2119014320084685
0.11690094993447478
0.19668257726154628
0.06794214140560274
0.14283244877040632
0.16139203627235868
0.15216979064199418
0.16266338879819198
0.08750095287152199
0.3144534196665792
0.2581509063663152
0.07069839659869372
0.16161848096842507
0.6000044394259152
0.6858459101894373
0.012327730323522265
0.2387178383510656
0.16123952529428812
0.22453462030055785
0.5401552133608055
0.14822582037573642
0.4307964505032476
0.055470476284420665
0.21746751415377835
0.0854447189038306
0.038129745115471014
0.18874111187859152
0.112473158586907
0.08699948959913702
0.23929878714952033
0.037386675707871075
0.2905212952295827
0.7364939965443836
0.222168848865856
0.34781034529405597
0.06318773284053768
0.04369009554609001
0.13125080653043136
0.18779958106956543
0.15614478944592727
0.15314768041336846
0.06704434622192121
0.2835683858265406
0.7194071360231848
0.4290602846869535
0.8035244162727213
0.16185377395663927
0.16461498760609314
0.7899893200602568
0.7575481343341918
0.5584394663472857
0.5323069618862709
0.3685206241498102
0.13706700136198263
0.21805843306229733
0.7562529106677133
0.04570193451212708
0.1267936189865669
0.08409068361639555
0.18647889160568443
0.1408787109148365
0.15916538130816715
0.46542473184947786
0.030097357427014353
0.15286522085787682
0.25015656493178623
0.05510681479421699
0.1912581545318849
0.014856662257616957
0.06866576775775741
0.23280256101417038
0.2540942072576578
0.08429589015492231
0.5356924802494979
0.03672164857261942
0.03641567616567539
0.15990099324289125
0.965211500255546
0.12652540119791988
0.37195272205601326
0.14503263949262182
0.015066290438171998
0.13377236148040375
0.11488592738264375
0.3178847357544169
0.04207520440960398
0.09587927599838882
0.17134044771165857
0.1336523561137454
0.14609016993066443
0.28678520364808646
0.03176620958171383
0.17887833702278866
0.651647019566572
0.08135200437718146
0.3396865456675849
0.40460371343174517
0.4373894478509109
0.35580984348378153
0.16484656204897202
0.3746486366459492
0.8105360660299802
0.1705051719583845
0.07090979214624826
0.7430372414209744
0.05661391614851005
0.11391318513540988
0.07540280976903692
0.017019985683908827
0.1863535647613118
