0.33242454329030624
0.3821000825347425
0.36992968611445
0.3292362739158404
0.2812997566308701
0.34985035325655484
0.2587341669813836
0.37045560329264643
0.30185459508416507
0.2764356354098883
0.3735378477640665
0.29441816514632907
0.3064644427474378
0.36616198814917505
0.3807460043475191
0.3647354680518282
0.2901510872084688
0.361150382487034
0.26709319079002497
0.40965686382358807
0.30445982559895635
0.2891197598037745
0.31966049498538235
0.37076382419521936
0.32808853748058636
0.36799214241016154
0.3758558815627149
0.38107169270059077
0.3772449226632585
0.3735828202218062
0.3708441939281729
0.3931871747286104
0.3908084122916999
0.3754003584419891
0.30284320858652247
0.39582508390588395
0.31378040251003114
0.36453107030014514
0.35126228749297606
0.28722043380355794
0.42020508699835407
0.3060685661244791
0.3988608806180629
0.3350609968147125
0.30397455597260326
0.30397455597260326
0.34338901950559014
0.38086041867224896
0.3017357778004191
0.3914059255420185
0.3784942943302424
0.2847090617196174
0.31786662694873596
0.32931168172109343
0.36149840595802
0.35205289848868887
0.3764929984777718
0.3605024385363243
0.358208642800618
0.35854869857476757
0.34829697050406233
0.3669794175821715
0.29741828732058684
0.35368507473370453
0.35213872838909954
0.3820845013806914
0.3768284624117425
0.37653849556272606
0.347537266633599
0.36815362070865687
0.24011356956686694
0.37048423950016374
0.3018259242390007
0.29079478886837024
0.297931998218051
0.38992819827838454
0.3135487189082872
0.30287475748299786
0.3867682540388708
0.28709947397839347
0.24656371337551453
0.3447904335868633
0.274793897919998
0.3713934787176571
0.3164309510500227
0.41436952305077884
0.3358215699196372
0.38869617621166236
0.3525609067073935
0.3630024366634015
0.37297205685822493
0.36818343022304256
0.3820552714693376
0.34454539278228796
0.3358588992374954
0.383299734612989
0.3286246110647872
0.36951800433657034
0.33580881831349885
0.37451067142080047
0.4273664496769549
0.3821054057661095
0.37485094097932864
0.39879710767974746
0.3759049752349671
0.3883171139100773
0.4067658277018585
0.3938713665232613
0.37322345976741755
0.3069832957683964
0.3848493667492108
0.39583309000887645
0.38023524834642275
0.34529406538916807
0.33717395994140226
0.3628693579055046
0.3287952604950048
0.3668783598034547
0.3311423322112414
0.32299074662149874
0.34693139902393083
0.39006831630374633
0.3585197120977225
0.3568183926776743
0.3874207161355701
0.3838854595269207
0.36656044571755725
0.3709220284048855
0.3678234855405645
0.3749186276503305
0.34225689621498934
0.35350070733920735
0.3320303547479823
0.33710897504672993
0.31574517661646917
0.38523176777709606
0.33336365512984034
0.3795884569872929
0.3629910858123202
0.2998767787230294
0.4220100933347663
0.35917406551229625
0.3059781868928631
0.3631614843209324
0.36925203892347097
0.3288625822969495
0.3368429605181372
0.3346460974776692
0.39156061140183623
0.35998622643570194
0.32231682323682015
0.3330042348929728
0.32877433786388977
0.40532811840322924
0.3195957899686131
0.3568395783682983
0.2938176986178936
0.3568395783682983
0.3110769684525544
0.3879757561294873
0.3785659866637224
0.37759967417925216
0.3423314168109345
0.42824281819317456
0.33665754127340114
0.3078394771996796
0.28051585695597975
0.4820512348918403
0.3512953376815601
0.371119614936072
0.3944498493590304
0.38531689405684455
0.3277275048458361
0.3796818183782073
0.41245422359567885
0.333663009955713
0.3774651125642028
0.2785315082783731
0.3819450503041942
0.2674066162826813
0.35052846439637153
0.35156940900585343
0.33675817392793284
0.364098094720585
0.3879875123351592
0.36421342841840276
0.2812997566308701
0.39229992956899773
0.3738717714343509
0.34483619653654274
0.37194578803390227
0.36682074096438066
0.33868220015206074
0.3460632458193587
0.32957563872589957
0.2812997566308701
0.3312415269503574
0.3209482965556656
0.3373490528073804
0.3658565923564302
0.3458579194439326
0.35417879130597296
0.35433523814505796
0.3568829490499799
0.3666705784173119
0.3555176625119586
0.3596720999346508
0.2985132909201481
0.3425179628240364
0.3636723312300986
0.2912294856391427
0.27144642098620503
0.2924353898772141
0.3890448981958341
0.3949829821885082
0.34271439566850226
0.2953458895071271
0.2598139438376233
0.3876480346962197
0.37759533898419173
0.355105613483355
0.4152116898605378
0.38141645566797894
0.3140083053384415
0.3323151535207382
0.4022258352653416
0.31594597827268617
0.3174556298605664
0.3450675702673063
0.30782698478507375
0.3465487773836563
0.29743082175875946
0.4122478230041752
0.38256218519060686
0.3329798395010065
0.35953709415659496
0.39234310909165543
0.4018167358365303
0.3592989232602165
0.356840298628757
0.356840298628757
0.35751060258634554
0.34782961854735645
0.40494770700532484
0.2748717446148102
0.40018879597187046
0.261957304517263
0.33807446893405846
0.36517278744570625
0.35510831690689026
0.39525896580056497
0.3419728270354135
0.3683210253374565
0.3116809153471413
0.36775858048707627
0.30978382290845236
0.3623243398110414
0.26205399258845585
0.3215708514292627
0.29035589675973383
0.37216561998262077
0.3643412678087801
0.34896525705714027
0.3582363427884005
0.3958696892388863
0.26244271090570115
0.2768967367072715
0.3586045160359826
0.3372101028553443
0.2942726841457388
0.36847637560437607
0.36530611929359724
0.3625838548064852
0.37197595649547543
0.3335659733758357
0.31744855976779274
0.34782066533003875
0.35599538896954763
0.34880684996408484
0.354280906374041
0.36497292546043164
0.3210228092567923
0.2916296453445905
0.3506755655392135
0.37250337740166056
0.3774597217712616
0.28680484427140973
0.33331308597979925
0.37584105165890325
0.29378819928947536
0.36394873588342147
0.3356548280047684
0.28395781581656754
0.34814354174211837
0.3709083998193877
0.23129735885781566
0.3127774110902624
0.27660613543692636
0.32796976576785936
0.353321713233528
0.30483402410067617
0.3292606710909544
0.24166380409726015
0.33752338273307664
0.40303205528948116
0.245352213436908
0.3802294331187957
0.30694895966347696
0.32756835596378175
0.3329978167062225
0.3590072575399693
0.38396753825083624
0.385651953387304
0.370117052578787
0.3657180270041478
0.3859279898822275
0.37118967742187386
0.39420509909012347
0.36171928674184567
0.36828144222515147
0.3491836697466666
0.3463668010415166
0.33695204930531725
0.403302081716898
0.4107494072859468
0.30391745695635725
0.31950249558005955
0.31185344872568327
0.39632123151823223
0.343661371282634
0.34392999587757916
0.4089483035364787
0.36154798851943304
0.3453494437085616
0.35127336346268956
0.4025865872826777
0.3133504581798399
0.34804366301275597
0.3873418919672429
0.4123959091448183
0.4073958072660254
0.41084677340782605
0.37107611574905613
0.3819869409867054
0.3802138582889827
0.36750263161322416
0.3304951546839752
0.30324465119026034
0.3520913052703568
0.3345523273585236
0.35210100595443494
0.2250264562727715
0.35709737893763177
0.39192123710479665
0.3867784217039202
0.2793697240814603
0.34686394360088973
0.3820308386512395
0.40020436711941104
0.2979445500619398
0.37658919436639016
0.3845830694402394
0.374673382227056
0.3624720627936337
0.386129996698496
0.39179729562311416
0.3542650720425006
0.3530897742805185
0.3064143083905186
0.3772988346535264
0.31282058093558746
0.4067112988652281
0.3532647289946925
0.32248413736948645
0.3549520963231446
0.38695306488406056
0.37373476708336817
0.3039992858683618
0.36609017696969537
0.3822187599572402
0.35552772356031614
0.3291054887061115
0.3583567705004772
0.3139961184509944
0.32020751117179364
0.36648740160198795
0.3338945273843243
0.34925034161707885
0.3337763382127063
0.40093329128790967
0.3558569897032408
0.33457087623684867
0.3525693813157676
0.34722445168159294
0.3190816483236803
0.3971292209751444
0.3499489294198438
0.2816075985172891
0.3553442369853583
0.3516811924719673
