0.05366398950993968
0.06046613333892168
0.046123510785691366
0.9999986053405344
0.9999999999999699
0.3277427537065624
0.009710803927093904
0.22511169399416722
0.8924461091673113
0.05502203548882787
0.05107505769691455
0.9999991828929364
0.990368450146087
0.07406636764197568
0.001473723623038093
0.05989587876377999
0.04177000511468046
0.06404996185056332
0.04377916408601103
0.06940646904331423
0.036569963233219205
0.050360383972151194
0.09938920082146858
0.00853712468530554
0.03748752335748706
0.057242398152940445
0.1400621729232655
0.01641535134704911
0.019248249938223903
0.05505812384016573
0.014306871791861369
0.2031181217729163
0.05852647580558908
0.05581428908326772
0.05279786916073633
0.042906661260205356
0.07481249428494408
0.004283480294980732
0.04033801830219611
0.8416629735034912
0.06044349708497227
0.0601606111710315
0.01071193388232632
0.12367474765534692
0.00488163521305688
0.005344803306446093
0.00990676146734068
0.003232622778376421
0.059395202116762046
0.058940845951080394
0.12990701756245987
0.01344428612527172
0.043584827545521274
0.06768013263112187
0.008121750347382467
0.04514665185092937
0.05936036298778915
0.06802974301307353
0.05112367810660975
0.0511218822889165
0.06908315799486374
0.07233307866270416
0.07463221236007135
0.03782950478141534
0.025019321947015036
0.021942341470416852
0.05797291420911151
0.008939647652715842
0.04306582390218376
0.0872245309937152
0.027754081392151114
0.06571819323106697
0.1213890921261939
0.013328527562590916
0.016631930718632903
0.025970586065870296
0.07298785052280124
0.041240104006649805
0.05741580360720083
0.041996834221842645
0.06588347487434894
0.030245416263624994
0.10340783240227515
0.44863635312167827
0.17295078691055302
0.04241983238859122
0.0909938263615249
0.035136204398431396
0.10490286219999759
0.13764849097921428
0.041766072307424275
0.011690536566651748
0.02533114485693201
0.07924724037250229
0.0689772537387222
0.06522075861111297
0.0804836771811854
0.031667721587992546
0.03449483188485569
0.05502478762933215
0.1168412225219402
0.0895512958722151
0.061960257268932714
0.08934073905043194
0.06224861368087452
0.009256441515931866
0.06056377169474208
0.07559744179860056
0.07886240904242572
0.06528646481193492
0.03853005418484026
0.20203638353997996
0.026693463349504423
0.009358425837777169
0.08109248823299382
0.0056958753009235825
0.05346971526222869
0.056633824623990935
0.03753636836396557
0.061241212794333706
0.09115644886815306
0.07734678685274189
0.08901693379522953
0.0980309587130997
0.04243530687340884
0.05124025513461096
0.047292774330984375
0.06021851122638743
0.32801017760269374
0.24313208298983985
0.003244832472466607
0.05589895568753294
0.013843815762370395
0.0333307597829291
0.015806697566526137
0.05645358028472892
0.04430603308351968
0.06163428576032411
0.11376805307186855
0.03246824490949533
0.010310280248956695
0.005179243093446436
0.10058425349635637
0.058664115285550544
0.02668889732352518
0.11847102473896264
0.09250606489567864
0.04908727378666824
0.005261645270140024
0.01350308542132434
0.13762978943372306
0.005420149583685718
0.14118144563740415
0.051240059062524365
0.020018603997935834
0.1691447987642388
0.04864143038237144
0.18227107732574907
0.005032200698332887
0.022696192082690116
0.031081607892394815
0.05262910100071329
0.02916721339333684
0.0371264050751435
0.017791897537359574
0.003781936791621032
0.014407766749373626
0.0023166478327085495
0.020000853875270345
0.036342399878588554
0.052816927452399014
0.07625926373744132
0.1082165806438304
0.07671654609725419
0.010869376030374833
0.073693680642406
0.014786099702035415
0.006824741180655284
0.024895480325480043
0.05912338298546993
0.03258208572305328
0.014466090407692143
0.9999999999999699
0.05092810350824212
0.01508748177850905
0.2705216685134752
0.9999999999999699
0.025738697104449707
0.016509296993956195
0.1268066194845298
0.08010254227944355
0.005186554128158955
0.0848904737900925
0.08935623749074507
0.007396324477002889
0.9999999998925414
0.06926709002253174
0.00556849747516415
0.060902104045353955
0.06154795782081515
0.07272721936525543
0.07297632368977787
0.022959391089570423
0.07892952962455667
0.004595286239908869
0.11541530483224668
0.1440658791221145
0.011204484291785903
0.02952077136248312
0.010810647328143054
0.03488651678694514
0.07919832860536492
0.3192058405960623
0.020689723545691267
0.02402760858439662
0.06632809765469566
0.04710089698914033
0.06655046058932862
0.056863581932684884
0.04194414500979351
0.15002685985300976
0.1046995701484083
0.014371928508770672
0.07725415384410776
0.06817359110406082
0.02477330623854776
0.0613856838962363
0.08533289585244477
0.07102907779022134
0.05675949472720281
0.04424713493125181
0.03224859727270847
0.08500155209765294
0.007833454420347306
0.0665362005473515
0.10956064144665453
0.1779691528102056
0.04067942627806421
0.021875709004800594
0.14767762856454497
0.09582014436792198
0.1122111104172714
0.11562908888633551
0.07916247461007071
0.16403769569468327
0.3903710462645022
0.10266937673598363
0.04212255984701252
0.06789072598274595
0.2557317644877072
0.0715614737842703
0.016431486786882357
0.06713627257515478
0.06775792280066241
0.009920570029701299
0.09488574849702329
0.06724112701290859
0.07812495203644028
0.0647795799065471
0.03722602144328823
0.12074673661869915
0.034518176995582565
0.0011608226737333323
0.026930313836105377
0.004731326100139845
0.05227061345029333
0.09023764969667297
0.08032719058582852
0.020046288504559633
0.017346229735744956
0.03121720224184677
0.11530307492092651
0.06924822202590758
0.008559034852654966
0.10689830385886336
0.17020371427684447
0.11466784113701274
0.05990644893869152
0.1139941215812937
0.03844319189289195
0.06926620972112546
0.05419036434176346
0.06149977331914888
0.021075515203457896
0.05896796091954751
0.10179785071505311
0.048788915254654446
0.8120540174957652
0.05127453284186115
0.010656107750610946
0.009731996994569314
0.023099435249660988
0.02512875544978563
0.025453703721699368
0.08684458831071203
0.045634267242974216
0.020535755067137177
0.005694168494165857
0.3944232961892119
0.26098578028107283
0.08041828429314717
0.02219426588473595
0.08902612276843563
0.2568773796641689
0.10835250014935909
0.06739603832628073
0.013923534757928633
0.07609459111069476
0.518573152031123
0.04612907151956908
0.0615958785588576
0.051214658481205155
0.05863682157675199
0.03381980111267614
0.13510382540304836
0.16552252222439823
0.4009771198710851
0.25390755635365625
0.034601535731253345
0.09371045544157545
0.012177380373136296
0.04490603569913348
0.02219163141811445
0.009035369440342523
0.0933649737859351
0.04361049484978971
0.012232136041102955
0.09705438140883023
0.3539753133569086
0.06714622074490526
0.02838417636374882
0.02633975113305434
0.1030433855069691
0.0453645660102156
0.0489148373698557
0.1743350098337893
0.11243177795307333
0.2254727465902159
0.09366432038956803
0.08586453435745135
0.22570083294966145
0.08065429013013027
0.036867651676046956
0.053485503583854725
0.06098945617671365
0.022658918160109506
0.09295175731811887
0.04168658517213061
0.07420215293269965
0.07221007170415653
0.03270573796263511
0.12039215864392273
0.017494092050411948
0.057189753782044724
0.0681343545501224
0.08493004755981111
0.055029855980154675
0.058084875175919225
0.4367704836229561
0.379781524039805
0.06364182002050271
0.034619017984054826
0.08352975129025424
0.04166072542505213
0.10151922473413733
0.014873700691778303
0.04782115646248725
0.08085824025365022
0.03457651898643489
0.045883366875492416
0.00035868838403496086
0.01158778409768043
0.05121774029504121
0.04042703690701688
0.05924433080214671
0.007628293441413179
0.05469921993980889
0.11399900832289724
0.08180118157634023
0.043600015663255505
0.14138941295815602
0.09950028045697237
0.0040179475987420915
0.07181148676623127
0.08837908931447097
0.0260894258232989
0.03216739600131718
0.05257106788333916
0.33880285934985516
0.04406857885167977
0.06777024005715591
0.06097704071938303
0.06968838856717857
0.0026720424095971087
0.02191165745613435
0.0766844693301201
0.016240391195906582
0.10311274432802053
0.061413872945148204
0.04962238701447577
