0.9999830604726961
0.041784964686764084
0.014803220836056362
0.007382580294615997
0.0049637693942341295
0.04572081080753126
0.2850669046108301
0.08368343547321537
0.029914161079601407
0.06111793024420835
0.9895667857638346
0.04221732948008021
0.016895858596433628
0.06611922998960572
0.06316542305389188
0.14309446175215038
0.05597578336082161
0.03307291029949853
0.02222692737956062
0.3496500753648614
0.9999941929527046
0.9999994586741082
0.04579689636859221
0.0697731981327683
0.15843262651512652
0.16000031512999305
0.01640045676347602
0.03853402106011579
0.05375897324101351
0.009619741700318365
0.10556692445564383
0.011302344360958654
0.40315802300309267
0.020158363996967174
0.3824561637098125
0.00895011498589194
0.00501906712779606
0.049886531510102826
0.0031271089747532395
0.059596112346031044
0.03734691650903025
0.02836109760270222
0.05726048020990051
0.03564175564513632
0.03572475324233715
0.03982506212629328
0.03450452064768717
0.051354493634001824
0.09075261987564294
0.0023137199501626375
0.04662011744206244
0.07159418525051454
0.04682021173567596
0.0034384637071346127
0.021627990048834145
0.04388375721758168
0.06064649837654629
0.051552697277133554
0.9867377536479501
0.9876293420580553
0.060708399850472064
0.9867413105097479
0.9810305599777348
0.07709033824594498
0.01703058710666663
0.19538509150203398
0.014431504617634722
0.03078398207222239
0.027651094493313624
0.061739511480957604
0.041743805840303204
0.028737992565517994
0.03169283892827314
0.03971786753481133
0.024803554153771907
0.05582609818942329
0.026801447767881636
0.03132559104623416
0.046904519251715134
0.9059058464283962
0.44577866673172156
0.584437239940005
0.011842150692189845
0.02380561660955326
0.018443607456501577
0.056590463864870766
0.036225930267353226
0.030739163826940887
0.0733287469958263
0.026131234034437966
0.006474635398140338
0.9867434697049516
0.025315753742152648
0.9354937942416455
0.05755660936638667
0.9736391782355749
0.986754487626154
0.04323729693914402
0.0286581272935158
0.05975173921758673
0.10648473320267704
0.05864232990700618
0.04923569336260803
0.018456221659777925
0.021946586923074312
0.026912227613049563
0.09964715377810737
0.031410174740635274
0.021240086617777335
0.007654364298949363
0.010799421528997485
0.029419993161434392
0.0038457277600770965
0.019492397378264865
0.050413684361608806
0.04613037569448448
0.004656179904355207
0.010843020411206366
0.019478627422021482
0.020202195094929456
0.023436963474796707
0.14076185770559446
0.02102222923700359
0.045462068938335404
0.1668982594920346
0.03390901517876838
0.011046353313510913
0.3740336018519489
0.019340674865920456
0.16497768717104494
0.03453357879825722
0.06663821467363572
0.03315807074702562
0.024775696752684182
0.029566539184663482
0.00645258003493539
0.0032973497607024717
0.003518566072609679
0.029312178835016953
0.06233800534079382
0.03209467516173259
0.030184116210529206
0.12105340326169772
0.4468031664869535
0.018474334320388242
0.025158706563027784
0.03179256099771804
0.01092944226133416
0.026061587623258997
0.02320330919284343
0.014987045423204228
0.01750168154497488
0.006638595306918762
0.05274453783649918
0.019945953672046095
0.04220518093541912
0.20666512815666893
0.044536210438260594
0.05271878070457054
0.03904676835639653
0.04157434835945578
0.019958319782820123
0.028814919811670957
0.03416676088038549
0.029438871472442518
0.026246510155412368
0.020321030792418374
0.03773473171498146
0.0200586945938826
0.005036176655809011
0.015733860271365616
0.8978439535226823
0.04787599876543929
0.040185598890067786
0.029694274177355373
0.022789352598984607
0.03491254575286597
0.028688408329107976
0.026475462120577893
0.028251313556587578
0.026349168448774152
0.05338084014641986
0.020653286643255216
0.011479588995138375
0.01926486526596326
0.023226010333588086
0.0037577364484229674
0.02744201614568257
0.12117650132346647
0.005715470484906712
0.013529837213698387
0.026841668772195213
0.0301334506252883
0.023358028526788883
0.08346392523552858
0.004348919433484691
0.04493274298327667
0.03535139021578241
0.01068603524446326
0.0023932426966552433
0.002766789940746632
0.015767133057446096
0.3401585635744135
0.04037397008104201
0.0324725930383022
0.29850189844027825
0.044782552487727494
0.03131874760327518
0.073707016694376
0.040207751256497094
0.009780850177862533
0.047234533405901176
0.060532710673277354
0.057424062972392394
0.0895438736848679
0.04028782393598723
0.09853474462458328
0.05732658372463965
0.01009733892537311
0.023121825041677452
0.007868494217298806
0.02980901896855697
0.022374762477809545
0.015956091899942675
0.009242380399699962
0.030680811741308864
0.03912479002825919
0.024339683418930766
0.13410598142534222
0.024605557698701333
0.034874253732603895
0.02454766632327212
0.022327886165470604
0.01694968117173452
0.03773782840115869
0.029553383370556883
0.03782978500654129
0.011484766266239371
0.01682607943395594
0.03025704957596603
0.037740271087104475
0.020052754998772102
0.030812571785442555
0.6795077474994271
0.08442655622117107
0.031256278366569135
0.029191592889927554
0.02496873860599171
0.00708176932918506
0.04337121610595487
0.03796913096202328
0.023199815783866685
0.03801154843340972
0.035264547473770586
0.019386207962378117
0.11833376106139416
0.011069922474650115
0.01890933366113056
0.03873112524207877
0.06879672102855035
0.08454633315851025
0.054521332225844446
0.02622541545403566
0.02223259559427797
0.0371349912382925
0.04148359120092364
0.016787854107789227
0.13941777945884218
0.03015259554240532
0.05202605909021133
0.040177308554217556
0.031191851561799048
0.05369148919730418
0.025204549690672543
0.04256594386251474
0.04222196545120913
0.02888397550612365
0.02265349057633448
0.01940089554202861
0.2724742089605832
0.07221537264505173
0.015878635362169904
0.02447107472238322
0.03749587358027004
0.030071682905811543
0.03369249018503567
0.12375824332248613
0.04473762405260131
0.048409585945520896
0.016609932083369038
0.028435060336281515
0.026610453697528274
0.008849066080364145
0.05428727181657932
0.023088150119715958
0.08060015071995993
0.03870056893694818
0.030000811006663873
0.027130385518480887
0.14096509608547098
0.026799770119609226
0.019669410846382702
0.029210903890496624
0.02180355646042768
0.7044287047893667
0.007730206250089469
0.03505141684473146
0.015207113891993732
0.01773006653891581
0.02818082042174503
0.2256676502237924
0.009374060332540787
0.7916955952419612
0.09537217963428246
0.030996834743232633
0.030313654796267554
0.08041346690896983
0.019286587467449406
0.04802970795704563
0.019482978986361893
0.027432615779854463
0.03723625976762516
0.03840916604947372
0.03193960473697673
0.7993707953346337
0.028678910621331818
0.043638545012268715
0.045047506008670024
0.06475710918566366
0.045996128937731494
0.0044596429518418985
0.07371385632767635
0.07117287240984381
0.05440436505503633
0.01662050495429428
0.03264496516044209
0.02736635650733388
0.022975305340248203
0.032771357630238133
0.037532336350394026
0.02630408826201324
0.026658368629210005
0.030232056824686073
0.004993938366551242
0.05137474806912651
0.022331036588372735
0.030158373614355503
0.09008414698289224
0.023090780471209715
0.005235571322184184
0.04186382081019685
0.05781262912728557
0.05294641393085031
0.02977503403557368
0.020638128688806958
0.046603104149533725
0.024628986237371035
0.01399259457933117
0.04951003207922913
0.04004326870295124
0.7155119947011902
0.028871071292837433
0.03594126325888644
0.020505239032122386
0.02844529362926989
0.8061089982502908
0.05457381997410841
0.04829536885845223
0.017040343189991987
0.04581202353838751
0.01377170061727111
0.02925310138768976
0.026806068347052264
0.010120143574594842
0.023039229390558802
0.029531911388208883
0.19807868634536635
0.2973048617893727
0.07744290981471891
0.060547486622197305
0.5
0.02771183476010625
0.04195806272689917
0.005486081335061672
0.02853910859066382
0.034662576066798206
0.028230600687904586
0.011912044476809215
0.09058362869263817
0.3773322926426175
0.230002799771701
0.5
0.9813743725647452
0.023155566736471615
0.00969696948995485
0.000502503910899985
0.06901610240304923
0.0019500245886820942
0.019882549398707355
0.05946867638298106
