0.06916316765131714
0.06595894970867681
0.11250907933952742
0.07217645259778958
0.055467795569319266
0.0780155158379996
0.1526822581681772
0.06532810806468188
0.07856126825725489
0.07337851129768817
0.06869594793569174
0.0772212769727248
0.07692215958153416
0.09073040679458139
0.056584734339187995
0.0765548500432378
0.07642408193910384
0.10575024983325805
0.08138156543532511
0.07630941751527986
0.07854305523862212
0.06186285577643202
0.07250679515383351
0.1163047591231364
0.07327459578483955
0.05582139111488881
0.4764213602688677
0.09727740947233085
0.07001565534285374
0.10218341808284649
0.08686767605670542
0.034140568430588374
0.04062329977520307
0.0637280816795703
0.036367913540304116
0.059626179798537356
0.0909844547698143
0.09331660301445685
0.11493455441534912
0.05193138626934096
0.21664550598271703
0.06831737866931523
0.06974473760347966
0.1292951582997259
0.05636627317245583
0.054747335698928055
0.08648707535726693
0.1724548041671335
0.0588663411017511
0.13040876905071144
0.1501822779616339
0.06435957864075967
0.1123028606992902
0.09400238354495277
0.1303732890338898
0.17093664821561302
0.0764431938605847
0.29336152010725686
0.06407455763555349
0.059623404151177714
0.07949706770579258
0.06208609462643381
0.08697503204389243
0.29614125006545816
0.10716339768533208
0.11476015387919127
0.09486018742897728
0.3682617465327798
0.10730155362984393
0.07972511599773141
0.09381865984437195
0.6193622983579944
0.09778464562709065
0.03069176763635695
0.1741231262403899
0.2398546674400689
0.07406583014703604
0.04821695670102348
0.09514626389007745
0.10311000542940137
0.08491593392173469
0.07635763378834674
0.08040961616902471
0.07320841233084459
0.07939753282714958
0.1265136844333846
0.03119864915761597
0.8131741037149472
0.07701122407755792
0.19787735985606322
0.04727290289868829
0.07782714277715709
0.8934023327534469
0.07214700315992707
0.07104137935137678
0.06981969190086335
0.06810211955203781
0.10393162876394867
0.15767579921821726
0.0440220998156969
0.1023741210980905
0.16882053260447313
0.10309823970185239
0.1593051411396925
0.09864291173514209
0.1980488108776426
0.09332446769300141
0.09651839672271086
0.34859254777371895
0.10242410897219485
0.12384494300257494
0.11065423404851314
0.04188359136568257
0.11094841577916503
0.06126716804890685
0.04618571659806989
0.05136441335442826
0.08439837392327945
0.4298670205182174
0.10571878908547565
0.9861772831806782
0.07994174884366667
0.09206429631076829
0.1208806852805722
0.10140058088507636
0.14748189420707278
0.13363251292101225
0.10664348253576836
0.5
0.07720492958875025
0.9039281618682737
0.13317800280932973
0.5108383469212104
0.9133406867248992
0.9873919705207893
0.09863522322957355
0.06756318955934283
0.07633022841824243
0.51197998079002
0.0604703838809018
0.74564109499739
0.5752055923587738
0.05950689405866878
0.0744106589989365
0.28119353089451316
0.07095886417378228
0.20042339946141136
0.08370091447691756
0.060075059630538746
0.21279018197016422
0.02579156802353684
0.026431637295627634
0.10970994120462267
0.10628509713862751
0.36601877373920216
0.11621229840347619
0.04922607110301012
0.11365179678830173
0.15265136689509312
0.038157611692983685
0.6427790652582874
0.7209369852581308
0.9584058719984261
0.717532914538326
0.9686613454077699
0.9040506062911513
0.3965684099411533
0.22356032063281672
0.9909289545373317
0.1643815295886096
0.1535949346899197
0.07379996012800698
0.07115681638931336
0.1250520066526567
0.6241388519003835
0.33921597056500596
0.794359887261113
0.08617112851892506
0.16313364129162017
0.23890781973527508
0.7763530112407543
0.9859509109209516
0.02172179226995733
0.08465978638516077
0.1867682205135585
0.1662133000867637
0.0604460872841979
0.051442110731609016
0.059925721089958174
0.0878284149113411
0.11403386740764136
0.24870911434993576
0.10250105554359794
0.27233378029315025
0.16443910570667397
0.06782306865975458
0.34911781882096393
0.06165411087280602
0.12445700672447597
0.11854736113711271
0.09409846986713347
0.10436829173844696
0.07356461009349329
0.20144711600995469
0.3297262886761454
0.15021039839809386
0.09185432778468913
0.44822784610542205
0.12553850208603598
0.07782059121259234
0.03552138093619192
0.08390343367273409
0.08290862143880422
0.07225012427428712
0.09631439269416012
0.04106701498926206
0.07804397383741166
0.0520467201928421
0.16505098165646126
0.4028900290312883
0.11258623196120118
0.06073279129741534
0.06176722752697039
0.09223488744732324
0.07622273591856954
0.1560414431882742
0.09883286886409473
0.11494699776539671
0.08069777890384164
0.08315678444750645
0.08217639009914204
0.18740932811854255
0.2391469982256838
0.15760172713774973
0.12300768735598652
0.24149705377226463
0.20667050195595651
0.09348854435528332
0.06481450278115199
0.059777298198137145
0.060760398428172394
0.14014211916943564
0.03907865148490059
0.03459553805035329
0.07093067578325207
0.10775723544379329
0.25661308350460216
0.04034403913329394
0.08545600475347344
0.08211436025485995
0.09659712808739447
0.1973752765955506
0.09469453218828179
0.06212117244023431
0.3176208324885963
0.08899191164504977
0.06788407576224312
0.07906519733691175
0.05967687170052046
0.06500601221470946
0.1903450666377251
0.19026795808525335
0.13963239395839064
0.1865216598926244
0.2755338325810254
0.22475931201798457
0.09990192394760176
0.18165892288938626
0.09220470592739138
0.17699784225101212
0.0928797818965083
0.17617190842957833
0.14083283291251833
0.06788901317957968
0.12029811851142541
0.1426995219068539
0.13606205242963318
0.08549664591704093
0.017728235435218793
0.09604712828518995
0.08364435320619698
0.022839197759529674
0.1038596032774744
0.09888977236343396
0.18171341320786807
0.07208621091157254
0.09718543773934657
0.1383698293445599
0.09424277361667653
0.07400680802078986
0.0613827952543089
0.11154206572946142
0.04572224341309367
0.15998674309862493
0.08296254093158442
0.09592127542369724
0.0737282183857189
0.14194496280641616
0.08006660941755482
0.08563129463871298
0.06471740807157156
0.048352144166117765
0.08183237030326639
0.0783155750033545
0.02215458799961244
0.043019010605090786
0.09586310293042952
0.08761157417995445
0.09167482896839471
0.08203245234736857
0.09487066734891693
0.09762425810329836
0.3794280328344458
0.15099342906913749
0.17285986548535862
0.18957644073379523
0.06133334986566441
0.06099852350145005
0.09755722582978181
0.09379252670314957
0.09862085872048916
0.051412879533456156
0.03566792576519781
0.17446403315960188
0.03427908265095245
0.09501207194455301
0.16093733987804607
0.06033284418910199
0.1009138857272839
0.08468031356576447
0.04909624398153463
0.05340797067151836
0.06413459184761779
0.08479437913655281
0.07100368137034484
0.2381195722938253
0.22562689499424302
0.17559675810084222
0.1252243526312688
0.21909327747407767
0.16635232691515048
0.3305485893627126
0.18535531877653846
0.09133518495960116
0.11352178793670747
0.07983161670672186
0.07351390356873919
0.08608688045659171
0.1003619578178178
0.06401405388328534
0.06882533033383591
0.07739594302821784
0.23287296952768516
0.061508251994440544
0.0743572903695543
0.27799806722991643
0.08065816516627781
0.08856724218435458
0.12194577182675644
0.19593023819126618
0.04007303164783192
0.3187922643511065
0.5877236048283752
0.14132699364870277
0.08161794396367435
0.16994066915344164
0.2843962966809999
0.11519740797749767
0.06901639667946925
0.05980053280490123
0.1806953118876497
0.060796328767035626
0.066107068376408
0.10851139110516898
0.17786771098516344
0.15071046674279562
0.08033346543066278
0.07827198047107528
0.09677773043273008
0.10593392944338549
0.07045766422620948
0.22335036115080487
0.2023499263560751
0.07802426956297358
0.1671565974018899
0.10379370375101366
0.08405005192924185
0.49054425436596416
0.08331597314172878
0.060412660807565945
0.08454380440337082
0.060656961001323915
0.03765898229748501
0.10967807132635533
0.08470136661886223
0.0901510285287669
0.09312194523857524
0.07982300000631244
0.9934264204895725
0.09986426482745843
